#-----------------------------------------------------------
# Vivado v2019.1 (64-bit)
# SW Build 2552052 on Fri May 24 14:49:42 MDT 2019
# IP Build 2548770 on Fri May 24 18:01:18 MDT 2019
# Start of session at: Fri Oct 23 00:16:55 2020
# Process ID: 3796
# Current directory: C:/Users/Simon/Desktop/CSE100/sfcCSE100Lab2.xpr/sfcCSE100Lab2
# Command line: vivado.exe -gui_launcher_event rodinguilauncherevent9572 C:\Users\Simon\Desktop\CSE100\sfcCSE100Lab2.xpr\sfcCSE100Lab2\sfcCSE100Lab2.xpr
# Log file: C:/Users/Simon/Desktop/CSE100/sfcCSE100Lab2.xpr/sfcCSE100Lab2/vivado.log
# Journal file: C:/Users/Simon/Desktop/CSE100/sfcCSE100Lab2.xpr/sfcCSE100Lab2\vivado.jou
#-----------------------------------------------------------
start_gui
open_project C:/Users/Simon/Desktop/CSE100/sfcCSE100Lab2.xpr/sfcCSE100Lab2/sfcCSE100Lab2.xpr
INFO: [Project 1-313] Project file moved from 'C:/Users/Simon/Desktop/sfcCSE100Lab2.xpr/sfcCSE100Lab2' since last save.
Scanning sources...
Finished scanning sources
INFO: [IP_Flow 19-234] Refreshing IP repositories
INFO: [IP_Flow 19-1704] No user IP repositories specified
INFO: [IP_Flow 19-2313] Loaded Vivado IP repository 'C:/Xilinx/Vivado/2019.1/data/ip'.
open_project: Time (s): cpu = 00:00:19 ; elapsed = 00:00:11 . Memory (MB): peak = 747.039 ; gain = 159.484
update_compile_order -fileset sources_1
exit
INFO: [Common 17-206] Exiting Vivado at Fri Oct 23 01:08:42 2020...
