#-----------------------------------------------------------
# Vivado v2019.1 (64-bit)
# SW Build 2552052 on Fri May 24 14:49:42 MDT 2019
# IP Build 2548770 on Fri May 24 18:01:18 MDT 2019
# Start of session at: Fri Oct 23 01:40:22 2020
# Process ID: 14328
# Current directory: C:/Users/Simon/Desktop/CSE100/sfcCSE100Lab2.xpr/sfcCSE100Lab2
# Command line: vivado.exe -gui_launcher_event rodinguilauncherevent10000 C:\Users\Simon\Desktop\CSE100\sfcCSE100Lab2.xpr\sfcCSE100Lab2\sfcCSE100Lab2.xpr
# Log file: C:/Users/Simon/Desktop/CSE100/sfcCSE100Lab2.xpr/sfcCSE100Lab2/vivado.log
# Journal file: C:/Users/Simon/Desktop/CSE100/sfcCSE100Lab2.xpr/sfcCSE100Lab2\vivado.jou
#-----------------------------------------------------------
start_gui
open_project C:/Users/Simon/Desktop/CSE100/sfcCSE100Lab2.xpr/sfcCSE100Lab2/sfcCSE100Lab2.xpr
INFO: [Project 1-313] Project file moved from 'C:/Users/Simon/Desktop/sfcCSE100Lab2.xpr/sfcCSE100Lab2' since last save.
Scanning sources...
Finished scanning sources
INFO: [IP_Flow 19-234] Refreshing IP repositories
INFO: [IP_Flow 19-1704] No user IP repositories specified
INFO: [IP_Flow 19-2313] Loaded Vivado IP repository 'C:/Xilinx/Vivado/2019.1/data/ip'.
open_project: Time (s): cpu = 00:00:18 ; elapsed = 00:00:10 . Memory (MB): peak = 724.391 ; gain = 88.805
open_hw
connect_hw_server
INFO: [Labtools 27-2285] Connecting to hw_server url TCP:localhost:3121
INFO: [Labtools 27-2222] Launching hw_server...
INFO: [Labtools 27-2221] Launch Output:

****** Xilinx hw_server v2019.1
  **** Build date : May 24 2019 at 15:13:31
    ** Copyright 1986-2019 Xilinx, Inc. All Rights Reserved.


update_compile_order -fileset sources_1
disconnect_hw_server localhost:3121
connect_hw_server
INFO: [Labtools 27-2285] Connecting to hw_server url TCP:localhost:3121
disconnect_hw_server localhost:3121
connect_hw_server
INFO: [Labtools 27-2285] Connecting to hw_server url TCP:localhost:3121
exit
INFO: [Common 17-206] Exiting Vivado at Fri Oct 23 01:43:47 2020...
