#
# A fatal error has been detected by the Java Runtime Environment:
#
#  EXCEPTION_ACCESS_VIOLATION (0xc0000005) at pc=0x00007ffd1c1681df, pid=9192, tid=7556
#
# JRE version: Java(TM) SE Runtime Environment (9.0+11) (build 9.0.4+11)
# Java VM: Java HotSpot(TM) 64-Bit Server VM (9.0.4+11, mixed mode, tiered, compressed oops, g1 gc, windows-amd64)
# Problematic frame:
# C  0x00007ffd1c1681df
#
# No core dump will be written. Minidumps are not enabled by default on client versions of Windows
#
# If you would like to submit a bug report, please visit:
#   http://bugreport.java.com/bugreport/crash.jsp
# The crash happened outside the Java Virtual Machine in native code.
# See problematic frame for where to report the bug.
#

---------------  S U M M A R Y ------------

Command Line: -Dsun.java2d.pmoffscreen=false -Dsun.java2d.xrender=false -Dsun.java2d.d3d=false -Dsun.awt.nopixfmt=true -Dsun.java2d.dpiaware=true -Dsun.java2d.uiScale.enabled=false -Xverify:none -Dswing.aatext=true -XX:-UsePerfData -Djdk.map.althashing.threshold=512 -XX:StringTableSize=4072 --add-opens=java.base/java.nio=ALL-UNNAMED --add-opens=java.desktop/sun.swing=ALL-UNNAMED --add-opens=java.desktop/javax.swing=ALL-UNNAMED --add-opens=java.desktop/javax.swing.tree=ALL-UNNAMED --add-opens=java.desktop/javax.swing.plaf.basic=ALL-UNNAMED --add-opens=java.desktop/javax.swing.plaf.synth=ALL-UNNAMED --add-opens=java.desktop/com.sun.awt=ALL-UNNAMED -XX:NewSize=60m -XX:MaxNewSize=60m -Xms128m -Xmx3072m -Xss5m 

Host: Intel(R) Core(TM) i5-6267U CPU @ 2.90GHz, 4 cores, 7G,  Windows 10 , 64 bit Build 19041 (10.0.19041.546)
Time: Mon Nov 16 15:38:25 2020 Pacific Standard Time elapsed time: 62 seconds (0d 0h 1m 2s)

---------------  T H R E A D  ---------------

Current thread (0x0000019caaa8d000):  JavaThread "AWT-EventQueue-1" [_thread_in_native, id=7556, stack(0x000000572a900000,0x000000572ae00000)]

Stack: [0x000000572a900000,0x000000572ae00000],  sp=0x000000572adfa5d8,  free space=5097k
Native frames: (J=compiled Java code, j=interpreted, Vv=VM code, C=native code)
C  0x00007ffd1c1681df

Java frames: (J=compiled Java code, j=interpreted, Vv=VM code)
j  ui.views.waveform.waveformi.WVExecutive_getTooltipTextDelayed(J)Ljava/lang/String;+0
j  ui.views.waveform.executive.a.gFj()Ljava/lang/String;+4
j  ui.views.waveform.b.a.bG(Ljava/awt/event/MouseEvent;)V+85
j  ui.views.waveform.b.a.bF(Ljava/awt/event/MouseEvent;)V+24
j  ui.views.waveform.b.a.mouseMoved(Ljava/awt/event/MouseEvent;)V+28
J 12166 c1 java.awt.AWTEventMulticaster.mouseMoved(Ljava/awt/event/MouseEvent;)V java.desktop@9.0.4 (27 bytes) @ 0x0000019cbb197fc4 [0x0000019cbb197c00+0x00000000000003c4]
J 12166 c1 java.awt.AWTEventMulticaster.mouseMoved(Ljava/awt/event/MouseEvent;)V java.desktop@9.0.4 (27 bytes) @ 0x0000019cbb197e0c [0x0000019cbb197c00+0x000000000000020c]
J 12470 c1 java.awt.Component.processMouseMotionEvent(Ljava/awt/event/MouseEvent;)V java.desktop@9.0.4 (58 bytes) @ 0x0000019cbb2a5784 [0x0000019cbb2a54e0+0x00000000000002a4]
J 12521 c1 javax.swing.JComponent.processMouseMotionEvent(Ljava/awt/event/MouseEvent;)V java.desktop@9.0.4 (46 bytes) @ 0x0000019cbb2c587c [0x0000019cbb2c52c0+0x00000000000005bc]
j  ui.frmwork.c.i.processMouseMotionEvent(Ljava/awt/event/MouseEvent;)V+109
J 14303 c2 java.awt.Container.processEvent(Ljava/awt/AWTEvent;)V java.desktop@9.0.4 (22 bytes) @ 0x0000019cc14a6464 [0x0000019cc14a62c0+0x00000000000001a4]
J 13434 c1 java.awt.Component.dispatchEventImpl(Ljava/awt/AWTEvent;)V java.desktop@9.0.4 (739 bytes) @ 0x0000019cb9ba608c [0x0000019cb9ba2420+0x0000000000003c6c]
J 14112 c2 java.awt.Container.dispatchEventImpl(Ljava/awt/AWTEvent;)V java.desktop@9.0.4 (129 bytes) @ 0x0000019cc1482104 [0x0000019cc14820a0+0x0000000000000064]
J 12096 c1 java.awt.LightweightDispatcher.retargetMouseEvent(Ljava/awt/Component;ILjava/awt/event/MouseEvent;)V java.desktop@9.0.4 (350 bytes) @ 0x0000019cbb171364 [0x0000019cbb16f100+0x0000000000002264]
J 14112 c2 java.awt.Container.dispatchEventImpl(Ljava/awt/AWTEvent;)V java.desktop@9.0.4 (129 bytes) @ 0x0000019cc14825e8 [0x0000019cc14820a0+0x0000000000000548]
J 9005 c1 java.awt.Window.dispatchEventImpl(Ljava/awt/AWTEvent;)V java.desktop@9.0.4 (23 bytes) @ 0x0000019cba93b1f4 [0x0000019cba93ac20+0x00000000000005d4]
J 13215 c2 java.awt.EventQueue.dispatchEventImpl(Ljava/awt/AWTEvent;Ljava/lang/Object;)V java.desktop@9.0.4 (136 bytes) @ 0x0000019cc13b6c64 [0x0000019cc13b6b00+0x0000000000000164]
J 12964 c1 java.awt.EventQueue$3.run()Ljava/lang/Void; java.desktop@9.0.4 (60 bytes) @ 0x0000019cbb37a224 [0x0000019cbb37a020+0x0000000000000204]
J 12963 c1 java.awt.EventQueue$3.run()Ljava/lang/Object; java.desktop@9.0.4 (5 bytes) @ 0x0000019cbb379c44 [0x0000019cbb379bc0+0x0000000000000084]
v  ~StubRoutines::call_stub
J 4334  java.security.AccessController.doPrivileged(Ljava/security/PrivilegedAction;Ljava/security/AccessControlContext;)Ljava/lang/Object; java.base@9.0.4 (0 bytes) @ 0x0000019cc0b83f46 [0x0000019cc0b83ee0+0x0000000000000066]
J 8997 c1 java.awt.EventQueue$4.run()Ljava/lang/Object; java.desktop@9.0.4 (5 bytes) @ 0x0000019cba933d54 [0x0000019cba933960+0x00000000000003f4]
v  ~StubRoutines::call_stub
J 4334  java.security.AccessController.doPrivileged(Ljava/security/PrivilegedAction;Ljava/security/AccessControlContext;)Ljava/lang/Object; java.base@9.0.4 (0 bytes) @ 0x0000019cc0b83f46 [0x0000019cc0b83ee0+0x0000000000000066]
J 13211 c2 ui.frmwork.b.d.dispatchEvent(Ljava/awt/AWTEvent;)V (34 bytes) @ 0x0000019cc13b454c [0x0000019cc13b4100+0x000000000000044c]
J 13217 c2 java.awt.EventDispatchThread.pumpOneEventForFilters(I)V java.desktop@9.0.4 (218 bytes) @ 0x0000019cc13cf3b4 [0x0000019cc13cedc0+0x00000000000005f4]
j  java.awt.EventDispatchThread.pumpEventsForFilter(ILjava/awt/Conditional;Ljava/awt/EventFilter;)V+35 java.desktop@9.0.4
j  java.awt.EventDispatchThread.pumpEventsForHierarchy(ILjava/awt/Conditional;Ljava/awt/Component;)V+11 java.desktop@9.0.4
j  java.awt.EventDispatchThread.pumpEvents(ILjava/awt/Conditional;)V+4 java.desktop@9.0.4
j  java.awt.EventDispatchThread.pumpEvents(Ljava/awt/Conditional;)V+3 java.desktop@9.0.4
j  java.awt.EventDispatchThread.run()V+9 java.desktop@9.0.4
v  ~StubRoutines::call_stub

siginfo: EXCEPTION_ACCESS_VIOLATION (0xc0000005), reading address 0x0000000000000010


Register to memory mapping:

RIP=0x00007ffd1c1681df is an unknown value
RAX=0x0000000000000000 is an unknown value
RBX=0x000000572adfa8f8 is pointing into the stack for thread: 0x0000019caaa8d000
RCX=0x0000019cd43d9910 is an unknown value
RDX=0x0000000000000000 is an unknown value
RSP=0x000000572adfa5d8 is pointing into the stack for thread: 0x0000019caaa8d000
RBP=0x0000019cd43d9910 is an unknown value
RSI=0x0000019cd6427cd0 is an unknown value
RDI=0x000000572adfa8e0 is pointing into the stack for thread: 0x0000019caaa8d000
R8 =0x0000019ca3037500 is an unknown value
R9 =0x0000000000000001 is an unknown value
R10=0x0000000000008000 is an unknown value
R11=0x000000572adfa4f0 is pointing into the stack for thread: 0x0000019caaa8d000
R12=0x0000019cd44e1e10 is an unknown value
R13=0x000000572adfa7e0 is pointing into the stack for thread: 0x0000019caaa8d000
R14=0x0000000000000000 is an unknown value
R15=0x000000572adfa678 is pointing into the stack for thread: 0x0000019caaa8d000


Registers:
RAX=0x0000000000000000, RBX=0x000000572adfa8f8, RCX=0x0000019cd43d9910, RDX=0x0000000000000000
RSP=0x000000572adfa5d8, RBP=0x0000019cd43d9910, RSI=0x0000019cd6427cd0, RDI=0x000000572adfa8e0
R8 =0x0000019ca3037500, R9 =0x0000000000000001, R10=0x0000000000008000, R11=0x000000572adfa4f0
R12=0x0000019cd44e1e10, R13=0x000000572adfa7e0, R14=0x0000000000000000, R15=0x000000572adfa678
RIP=0x00007ffd1c1681df, EFLAGS=0x0000000000010246

Top of Stack: (sp=0x000000572adfa5d8)
0x000000572adfa5d8:   00007ffd1c1493ab 000000572adfa8f8
0x000000572adfa5e8:   000000572adfa690 0000019cd6427cd0
0x000000572adfa5f8:   00007ffd2235d078 00000000000006a8
0x000000572adfa608:   000000572adfa820 0000000000000009
0x000000572adfa618:   0000000000000001 0000000000000001
0x000000572adfa628:   00007ffd2236f33f 000000572adfa690
0x000000572adfa638:   0000019cd43d9910 00000000000006a9
0x000000572adfa648:   0000000000000001 00000000000006ad
0x000000572adfa658:   0000012b00000001 fffffffffffffffe
0x000000572adfa668:   00000000000006a8 00009b3300000008
0x000000572adfa678:   0000019cd6427cd0 0000019cd6427cf0
0x000000572adfa688:   0000019cd6427cf0 0000000000000001
0x000000572adfa698:   0000019cd44e1e00 0000000000000000
0x000000572adfa6a8:   0000000000000000 0000000000000010
0x000000572adfa6b8:   00007ffd2236efd4 0000019c00000200
0x000000572adfa6c8:   0000000000000006 0000019cd44e1e00 

Instructions: (pc=0x00007ffd1c1681df)
0x00007ffd1c1681bf:   00 00 74 06 83 79 30 00 75 1e 48 8b 81 68 48 00
0x00007ffd1c1681cf:   00 48 39 81 60 48 00 00 0f 94 c0 c3 48 8b 41 60
0x00007ffd1c1681df:   83 78 10 00 0f 94 c0 c3 32 c0 c3 b0 01 c3 cc cc
0x00007ffd1c1681ef:   cc 40 53 48 83 ec 20 48 8b d9 e8 d2 fd ff ff 48 



---------------  P R O C E S S  ---------------

Java Threads: ( => current thread )
  0x0000019cd2b0c800 JavaThread "Image Fetcher 0" daemon [_thread_blocked, id=11380, stack(0x000000572f400000,0x000000572f900000)]
  0x0000019cd2b0f000 JavaThread "SyntheticaAnimation 50" daemon [_thread_blocked, id=8564, stack(0x000000572f900000,0x000000572fe00000)]
  0x0000019cd2b08800 JavaThread "Monitor File Timestamp Swing Worker" [_thread_blocked, id=8548, stack(0x000000572ef00000,0x000000572f400000)]
  0x0000019cd2b0d800 JavaThread "Timer-0" [_thread_blocked, id=13336, stack(0x000000572ea00000,0x000000572ef00000)]
  0x0000019cd2b0c000 JavaThread "Image Animator 3" daemon [_thread_blocked, id=2532, stack(0x000000572e000000,0x000000572e500000)]
  0x0000019cd2b0b000 JavaThread "Image Fetcher 3" daemon [_thread_blocked, id=13252, stack(0x000000572db00000,0x000000572e000000)]
  0x0000019cd2b07000 JavaThread "Run Simulation" [_thread_blocked, id=5392, stack(0x000000572c700000,0x000000572cc00000)]
  0x0000019cd2b09800 JavaThread "Update Runs Swing Worker" [_thread_blocked, id=7044, stack(0x000000572e500000,0x000000572ea00000)]
  0x0000019cd2b0a800 JavaThread "hw_ila_monitor" [_thread_blocked, id=6784, stack(0x000000572d600000,0x000000572db00000)]
  0x0000019cada2c000 JavaThread "Refresh Filesets Swing Worker" [_thread_blocked, id=5912, stack(0x0000005729a00000,0x0000005729f00000)]
  0x0000019cada2b800 JavaThread "SyntheticaAnimation 70" daemon [_thread_blocked, id=5020, stack(0x000000572d100000,0x000000572d600000)]
  0x0000019cada29000 JavaThread "SyntheticaAnimation 25" daemon [_thread_blocked, id=13484, stack(0x000000572b800000,0x000000572bd00000)]
  0x0000019cada27800 JavaThread "SyntheticaAnimation 50" daemon [_thread_blocked, id=13512, stack(0x000000572c200000,0x000000572c700000)]
  0x0000019cada26000 JavaThread "Monitor HEventQueue" [_thread_blocked, id=1864, stack(0x000000572bd00000,0x000000572c200000)]
  0x0000019cada27000 JavaThread "SyntheticaCleanerThread" daemon [_thread_blocked, id=2432, stack(0x000000572b300000,0x000000572b800000)]
  0x0000019cada28800 JavaThread "Batik CleanerThread" daemon [_thread_blocked, id=2284, stack(0x0000005728b00000,0x0000005729000000)]
=>0x0000019caaa8d000 JavaThread "AWT-EventQueue-1" [_thread_in_native, id=7556, stack(0x000000572a900000,0x000000572ae00000)]
  0x0000019ccdb8e800 JavaThread "AWT-Shutdown" [_thread_blocked, id=9576, stack(0x000000572a400000,0x000000572a900000)]
  0x0000019ccdba5800 JavaThread "Process Messages" [_thread_blocked, id=11644, stack(0x0000005729f00000,0x000000572a400000)]
  0x0000019cd07a6800 JavaThread "Thread-1" [_thread_in_native, id=4848, stack(0x0000005723c00000,0x0000005725000000)]
  0x0000019ccdf9a800 JavaThread "TimerQueue" daemon [_thread_blocked, id=4560, stack(0x0000005729500000,0x0000005729a00000)]
  0x0000019ccdc95800 JavaThread "AWT-Windows" daemon [_thread_in_native, id=1412, stack(0x0000005729000000,0x0000005729500000)]
  0x0000019ccdb31800 JavaThread "Java2D Disposer" daemon [_thread_blocked, id=10628, stack(0x0000005728600000,0x0000005728b00000)]
  0x0000019caaa2b000 JavaThread "Service Thread" daemon [_thread_blocked, id=12612, stack(0x0000005728000000,0x0000005728500000)]
  0x0000019cb1886000 JavaThread "Common-Cleaner" daemon [_thread_blocked, id=7700, stack(0x0000005727b00000,0x0000005728000000)]
  0x0000019cada25800 JavaThread "Sweeper thread" daemon [_thread_blocked, id=13868, stack(0x0000005727600000,0x0000005727b00000)]
  0x0000019cb1881000 JavaThread "C1 CompilerThread2" daemon [_thread_blocked, id=6152, stack(0x0000005727500000,0x0000005727600000)]
  0x0000019ca4b7e800 JavaThread "C2 CompilerThread1" daemon [_thread_blocked, id=4476, stack(0x0000005727400000,0x0000005727500000)]
  0x0000019cb1e27000 JavaThread "C2 CompilerThread0" daemon [_thread_blocked, id=13232, stack(0x0000005727300000,0x0000005727400000)]
  0x0000019caa781800 JavaThread "Attach Listener" daemon [_thread_blocked, id=9420, stack(0x0000005726e00000,0x0000005727300000)]
  0x0000019ca4b7e000 JavaThread "Signal Dispatcher" daemon [_thread_blocked, id=7756, stack(0x0000005726900000,0x0000005726e00000)]
  0x0000019cadc2a000 JavaThread "Finalizer" daemon [_thread_blocked, id=7336, stack(0x0000005726400000,0x0000005726900000)]
  0x0000019cadc29800 JavaThread "Reference Handler" daemon [_thread_blocked, id=6752, stack(0x0000005725f00000,0x0000005726400000)]
  0x0000019cb1d6e800 JavaThread "main" [_thread_blocked, id=14216, stack(0x0000005723b00000,0x0000005723c00000)]

Other Threads:
  0x0000019cb1b78800 VMThread "VM Thread" [stack: 0x0000005725e00000,0x0000005725f00000] [id=13604]
  0x0000019caaa2b800 WatcherThread [stack: 0x0000005728500000,0x0000005728600000] [id=6384]
  0x0000019caa677800 GCTaskThread "GC Thread#0" [stack: 0x0000005725300000,0x0000005725400000] [id=14068]
  0x0000019caa675000 GCTaskThread "GC Thread#1" [stack: 0x0000005725400000,0x0000005725500000] [id=5228]
  0x0000019caa677000 GCTaskThread "GC Thread#2" [stack: 0x0000005725500000,0x0000005725600000] [id=9804]
  0x0000019caa672800 GCTaskThread "GC Thread#3" [stack: 0x0000005725600000,0x0000005725700000] [id=2352]
  0x0000019cadcd6800 ConcurrentGCThread "G1 Main Marker" [stack: 0x0000005725c00000,0x0000005725d00000] [id=4044]
  0x0000019caa671800 ConcurrentGCThread "G1 Marker#0" [stack: 0x0000005725d00000,0x0000005725e00000] [id=7064]
  0x0000019cb1c61000 ConcurrentGCThread "G1 Refine#0" [stack: 0x0000005725a00000,0x0000005725b00000] [id=6704]
  0x0000019cb1c46800 ConcurrentGCThread "G1 Refine#1" [stack: 0x0000005725900000,0x0000005725a00000] [id=6700]
  0x0000019cb1c45800 ConcurrentGCThread "G1 Refine#2" [stack: 0x0000005725800000,0x0000005725900000] [id=2720]
  0x0000019cb157c800 ConcurrentGCThread "G1 Refine#3" [stack: 0x0000005725700000,0x0000005725800000] [id=4136]
  0x0000019ca79e5000 ConcurrentGCThread "G1 Young RemSet Sampling" [stack: 0x0000005725b00000,0x0000005725c00000] [id=4736]

Threads with active compile tasks:

VM state:not at safepoint (normal execution)

VM Mutex/Monitor currently owned by a thread: None

Heap address: 0x0000000700000000, size: 3072 MB, Compressed Oops mode: Zero based, Oop shift amount: 3
Narrow klass base: 0x0000000000000000, Narrow klass shift: 3
Compressed class space size: 1073741824 Address: 0x00000007c0000000

Heap:
 garbage-first heap   total 217088K, used 70118K [0x0000000700000000, 0x00000007001006a0, 0x00000007c0000000)
  region size 1024K, 6 young (6144K), 0 survivors (0K)
 Metaspace       used 79446K, capacity 85047K, committed 85156K, reserved 1122304K
  class space    used 11144K, capacity 12140K, committed 12236K, reserved 1048576K
Heap Regions: E=young(eden), S=young(survivor), O=old, HS=humongous(starts), HC=humongous(continues), CS=collection set, F=free, A=archive, TS=gc time stamp, AC=allocation context, TAMS=top-at-mark-start (previous, next)
|   0|0x0000000700000000, 0x00000007000f55e8, 0x0000000700100000| 95%| O|  |TS  0|AC  0|TAMS 0x0000000700000000, 0x0000000700000000|
|   1|0x0000000700100000, 0x0000000700200000, 0x0000000700200000|100%|HS|  |TS  0|AC  0|TAMS 0x0000000700100000, 0x0000000700100000|
|   2|0x0000000700200000, 0x0000000700300000, 0x0000000700300000|100%|HC|  |TS  0|AC  0|TAMS 0x0000000700200000, 0x0000000700200000|
|   3|0x0000000700300000, 0x0000000700400000, 0x0000000700400000|100%|HS|  |TS  0|AC  0|TAMS 0x0000000700300000, 0x0000000700300000|
|   4|0x0000000700400000, 0x00000007004fffd0, 0x0000000700500000| 99%| O|  |TS  0|AC  0|TAMS 0x0000000700400000, 0x0000000700400000|
|   5|0x0000000700500000, 0x00000007005f2de0, 0x0000000700600000| 94%| O|  |TS  0|AC  0|TAMS 0x0000000700500000, 0x0000000700500000|
|   6|0x0000000700600000, 0x00000007006fff40, 0x0000000700700000| 99%| O|  |TS  0|AC  0|TAMS 0x0000000700600000, 0x0000000700600000|
|   7|0x0000000700700000, 0x00000007007ffff0, 0x0000000700800000| 99%| O|  |TS  0|AC  0|TAMS 0x0000000700700000, 0x0000000700700000|
|   8|0x0000000700800000, 0x00000007008fffe0, 0x0000000700900000| 99%| O|  |TS  0|AC  0|TAMS 0x0000000700800000, 0x0000000700800000|
|   9|0x0000000700900000, 0x00000007009ffff0, 0x0000000700a00000| 99%| O|  |TS  0|AC  0|TAMS 0x0000000700900000, 0x0000000700900000|
|  10|0x0000000700a00000, 0x0000000700afffd0, 0x0000000700b00000| 99%| O|  |TS  0|AC  0|TAMS 0x0000000700a00000, 0x0000000700a00000|
|  11|0x0000000700b00000, 0x0000000700bff430, 0x0000000700c00000| 99%| O|  |TS  0|AC  0|TAMS 0x0000000700b00000, 0x0000000700b00000|
|  12|0x0000000700c00000, 0x0000000700d00000, 0x0000000700d00000|100%| O|  |TS  0|AC  0|TAMS 0x0000000700c00000, 0x0000000700c00000|
|  13|0x0000000700d00000, 0x0000000700df8d28, 0x0000000700e00000| 97%| O|  |TS  0|AC  0|TAMS 0x0000000700d00000, 0x0000000700d00000|
|  14|0x0000000700e00000, 0x0000000700eff058, 0x0000000700f00000| 99%| O|  |TS  0|AC  0|TAMS 0x0000000700e00000, 0x0000000700e00000|
|  15|0x0000000700f00000, 0x0000000700fdc758, 0x0000000701000000| 86%| O|  |TS  0|AC  0|TAMS 0x0000000700f00000, 0x0000000700f00000|
|  16|0x0000000701000000, 0x00000007010ffff8, 0x0000000701100000| 99%| O|  |TS  0|AC  0|TAMS 0x0000000701000000, 0x0000000701000000|
|  17|0x0000000701100000, 0x00000007011fd9f0, 0x0000000701200000| 99%| O|  |TS  0|AC  0|TAMS 0x0000000701100000, 0x0000000701100000|
|  18|0x0000000701200000, 0x0000000701300000, 0x0000000701300000|100%| O|  |TS  0|AC  0|TAMS 0x0000000701200000, 0x0000000701200000|
|  19|0x0000000701300000, 0x00000007013fd7d0, 0x0000000701400000| 99%| O|  |TS  0|AC  0|TAMS 0x0000000701300000, 0x0000000701300000|
|  20|0x0000000701400000, 0x00000007014ffff8, 0x0000000701500000| 99%| O|  |TS  0|AC  0|TAMS 0x0000000701400000, 0x0000000701400000|
|  21|0x0000000701500000, 0x0000000701600000, 0x0000000701600000|100%| O|  |TS  0|AC  0|TAMS 0x0000000701500000, 0x0000000701500000|
|  22|0x0000000701600000, 0x00000007016ffff0, 0x0000000701700000| 99%| O|  |TS  0|AC  0|TAMS 0x0000000701600000, 0x0000000701600000|
|  23|0x0000000701700000, 0x00000007017fffd8, 0x0000000701800000| 99%| O|  |TS  0|AC  0|TAMS 0x0000000701700000, 0x0000000701700000|
|  24|0x0000000701800000, 0x00000007018feaf8, 0x0000000701900000| 99%| O|  |TS  0|AC  0|TAMS 0x0000000701800000, 0x0000000701800000|
|  25|0x0000000701900000, 0x00000007019fffe8, 0x0000000701a00000| 99%| O|  |TS  0|AC  0|TAMS 0x0000000701900000, 0x0000000701900000|
|  26|0x0000000701a00000, 0x0000000701afffe8, 0x0000000701b00000| 99%| O|  |TS  0|AC  0|TAMS 0x0000000701a00000, 0x0000000701a00000|
|  27|0x0000000701b00000, 0x0000000701c00000, 0x0000000701c00000|100%| O|  |TS  0|AC  0|TAMS 0x0000000701b00000, 0x0000000701b00000|
|  28|0x0000000701c00000, 0x0000000701cffe48, 0x0000000701d00000| 99%| O|  |TS  0|AC  0|TAMS 0x0000000701c00000, 0x0000000701c00000|
|  29|0x0000000701d00000, 0x0000000701e00000, 0x0000000701e00000|100%| O|  |TS  0|AC  0|TAMS 0x0000000701d00000, 0x0000000701d00000|
|  30|0x0000000701e00000, 0x0000000701efffe0, 0x0000000701f00000| 99%| O|  |TS  0|AC  0|TAMS 0x0000000701e00000, 0x0000000701e00000|
|  31|0x0000000701f00000, 0x0000000701fffff8, 0x0000000702000000| 99%| O|  |TS  0|AC  0|TAMS 0x0000000701f00000, 0x0000000701f00000|
|  32|0x0000000702000000, 0x0000000702100000, 0x0000000702100000|100%| O|  |TS  0|AC  0|TAMS 0x0000000702000000, 0x0000000702000000|
|  33|0x0000000702100000, 0x00000007021ffff8, 0x0000000702200000| 99%| O|  |TS  0|AC  0|TAMS 0x0000000702100000, 0x0000000702100000|
|  34|0x0000000702200000, 0x00000007022ff658, 0x0000000702300000| 99%| O|  |TS  0|AC  0|TAMS 0x0000000702200000, 0x0000000702200000|
|  35|0x0000000702300000, 0x00000007023ffff8, 0x0000000702400000| 99%| O|  |TS  0|AC  0|TAMS 0x0000000702300000, 0x0000000702300000|
|  36|0x0000000702400000, 0x00000007024ffff0, 0x0000000702500000| 99%| O|  |TS  0|AC  0|TAMS 0x0000000702400000, 0x0000000702400000|
|  37|0x0000000702500000, 0x00000007025fffc0, 0x0000000702600000| 99%| O|  |TS  0|AC  0|TAMS 0x0000000702500000, 0x0000000702500000|
|  38|0x0000000702600000, 0x00000007026fffe0, 0x0000000702700000| 99%| O|  |TS  0|AC  0|TAMS 0x0000000702600000, 0x0000000702600000|
|  39|0x0000000702700000, 0x00000007027ffff8, 0x0000000702800000| 99%| O|  |TS  0|AC  0|TAMS 0x0000000702700000, 0x0000000702700000|
|  40|0x0000000702800000, 0x0000000702900000, 0x0000000702900000|100%| O|  |TS  0|AC  0|TAMS 0x0000000702800000, 0x0000000702800000|
|  41|0x0000000702900000, 0x00000007029ffff8, 0x0000000702a00000| 99%| O|  |TS  0|AC  0|TAMS 0x0000000702900000, 0x0000000702900000|
|  42|0x0000000702a00000, 0x0000000702aff4b8, 0x0000000702b00000| 99%| O|  |TS  0|AC  0|TAMS 0x0000000702a00000, 0x0000000702a00000|
|  43|0x0000000702b00000, 0x0000000702bfff48, 0x0000000702c00000| 99%| O|  |TS  0|AC  0|TAMS 0x0000000702b00000, 0x0000000702b00000|
|  44|0x0000000702c00000, 0x0000000702cffff0, 0x0000000702d00000| 99%| O|  |TS  0|AC  0|TAMS 0x0000000702c00000, 0x0000000702c00000|
|  45|0x0000000702d00000, 0x0000000702dffff0, 0x0000000702e00000| 99%| O|  |TS  0|AC  0|TAMS 0x0000000702d00000, 0x0000000702d00000|
|  46|0x0000000702e00000, 0x0000000702effbe8, 0x0000000702f00000| 99%| O|  |TS  0|AC  0|TAMS 0x0000000702e00000, 0x0000000702e00000|
|  47|0x0000000702f00000, 0x0000000702ffff00, 0x0000000703000000| 99%| O|  |TS  0|AC  0|TAMS 0x0000000702f00000, 0x0000000702f00000|
|  48|0x0000000703000000, 0x0000000703100000, 0x0000000703100000|100%|HS|  |TS  0|AC  0|TAMS 0x0000000703000000, 0x0000000703000000|
|  49|0x0000000703100000, 0x0000000703200000, 0x0000000703200000|100%|HC|  |TS  0|AC  0|TAMS 0x0000000703100000, 0x0000000703100000|
|  50|0x0000000703200000, 0x0000000703300000, 0x0000000703300000|100%|HC|  |TS  0|AC  0|TAMS 0x0000000703200000, 0x0000000703200000|
|  51|0x0000000703300000, 0x0000000703400000, 0x0000000703400000|100%|HC|  |TS  0|AC  0|TAMS 0x0000000703300000, 0x0000000703300000|
|  52|0x0000000703400000, 0x0000000703500000, 0x0000000703500000|100%|HC|  |TS  0|AC  0|TAMS 0x0000000703400000, 0x0000000703400000|
|  53|0x0000000703500000, 0x0000000703600000, 0x0000000703600000|100%|HC|  |TS  0|AC  0|TAMS 0x0000000703500000, 0x0000000703500000|
|  54|0x0000000703600000, 0x0000000703700000, 0x0000000703700000|100%|HC|  |TS  0|AC  0|TAMS 0x0000000703600000, 0x0000000703600000|
|  55|0x0000000703700000, 0x0000000703800000, 0x0000000703800000|100%|HC|  |TS  0|AC  0|TAMS 0x0000000703700000, 0x0000000703700000|
|  56|0x0000000703800000, 0x00000007038fffe8, 0x0000000703900000| 99%| O|  |TS  0|AC  0|TAMS 0x0000000703800000, 0x0000000703800000|
|  57|0x0000000703900000, 0x0000000703a00000, 0x0000000703a00000|100%| O|  |TS  0|AC  0|TAMS 0x0000000703900000, 0x0000000703900000|
|  58|0x0000000703a00000, 0x0000000703afffe8, 0x0000000703b00000| 99%| O|  |TS  0|AC  0|TAMS 0x0000000703a00000, 0x0000000703a00000|
|  59|0x0000000703b00000, 0x0000000703bfffd0, 0x0000000703c00000| 99%| O|  |TS  0|AC  0|TAMS 0x0000000703b00000, 0x0000000703b00000|
|  60|0x0000000703c00000, 0x0000000703cfffe8, 0x0000000703d00000| 99%| O|  |TS  0|AC  0|TAMS 0x0000000703c00000, 0x0000000703c00000|
|  61|0x0000000703d00000, 0x0000000703dc5fb0, 0x0000000703e00000| 77%| O|  |TS  0|AC  0|TAMS 0x0000000703d00000, 0x0000000703d00000|
|  62|0x0000000703e00000, 0x0000000703e00000, 0x0000000703f00000|  0%| F|  |TS  0|AC  0|TAMS 0x0000000703e00000, 0x0000000703e00000|
|  63|0x0000000703f00000, 0x0000000703f00000, 0x0000000704000000|  0%| F|  |TS  0|AC  0|TAMS 0x0000000703f00000, 0x0000000703f00000|
|  64|0x0000000704000000, 0x0000000704000000, 0x0000000704100000|  0%| F|  |TS  0|AC  0|TAMS 0x0000000704000000, 0x0000000704000000|
|  65|0x0000000704100000, 0x0000000704200000, 0x0000000704200000|100%|HS|  |TS  0|AC  0|TAMS 0x0000000704100000, 0x0000000704100000|
|  66|0x0000000704200000, 0x0000000704300000, 0x0000000704300000|100%|HC|  |TS  0|AC  0|TAMS 0x0000000704200000, 0x0000000704200000|
|  67|0x0000000704300000, 0x0000000704300000, 0x0000000704400000|  0%| F|  |TS  0|AC  0|TAMS 0x0000000704300000, 0x0000000704300000|
|  68|0x0000000704400000, 0x0000000704400000, 0x0000000704500000|  0%| F|  |TS  0|AC  0|TAMS 0x0000000704400000, 0x0000000704400000|
|  69|0x0000000704500000, 0x0000000704500000, 0x0000000704600000|  0%| F|  |TS  0|AC  0|TAMS 0x0000000704500000, 0x0000000704500000|
|  70|0x0000000704600000, 0x0000000704600000, 0x0000000704700000|  0%| F|  |TS  0|AC  0|TAMS 0x0000000704600000, 0x0000000704600000|
|  71|0x0000000704700000, 0x0000000704700000, 0x0000000704800000|  0%| F|  |TS  0|AC  0|TAMS 0x0000000704700000, 0x0000000704700000|
|  72|0x0000000704800000, 0x0000000704800000, 0x0000000704900000|  0%| F|  |TS  0|AC  0|TAMS 0x0000000704800000, 0x0000000704800000|
|  73|0x0000000704900000, 0x0000000704900000, 0x0000000704a00000|  0%| F|  |TS  0|AC  0|TAMS 0x0000000704900000, 0x0000000704900000|
|  74|0x0000000704a00000, 0x0000000704a00000, 0x0000000704b00000|  0%| F|  |TS  0|AC  0|TAMS 0x0000000704a00000, 0x0000000704a00000|
|  75|0x0000000704b00000, 0x0000000704b00000, 0x0000000704c00000|  0%| F|  |TS  0|AC  0|TAMS 0x0000000704b00000, 0x0000000704b00000|
|  76|0x0000000704c00000, 0x0000000704c00000, 0x0000000704d00000|  0%| F|  |TS  0|AC  0|TAMS 0x0000000704c00000, 0x0000000704c00000|
|  77|0x0000000704d00000, 0x0000000704d00000, 0x0000000704e00000|  0%| F|  |TS  0|AC  0|TAMS 0x0000000704d00000, 0x0000000704d00000|
|  78|0x0000000704e00000, 0x0000000704e00000, 0x0000000704f00000|  0%| F|  |TS  0|AC  0|TAMS 0x0000000704e00000, 0x0000000704e00000|
|  79|0x0000000704f00000, 0x0000000704f00000, 0x0000000705000000|  0%| F|  |TS  0|AC  0|TAMS 0x0000000704f00000, 0x0000000704f00000|
|  80|0x0000000705000000, 0x0000000705000000, 0x0000000705100000|  0%| F|  |TS  0|AC  0|TAMS 0x0000000705000000, 0x0000000705000000|
|  81|0x0000000705100000, 0x0000000705100000, 0x0000000705200000|  0%| F|  |TS  0|AC  0|TAMS 0x0000000705100000, 0x0000000705100000|
|  82|0x0000000705200000, 0x0000000705200000, 0x0000000705300000|  0%| F|  |TS  0|AC  0|TAMS 0x0000000705200000, 0x0000000705200000|
|  83|0x0000000705300000, 0x0000000705300000, 0x0000000705400000|  0%| F|  |TS  0|AC  0|TAMS 0x0000000705300000, 0x0000000705300000|
|  84|0x0000000705400000, 0x0000000705400000, 0x0000000705500000|  0%| F|  |TS  0|AC  0|TAMS 0x0000000705400000, 0x0000000705400000|
|  85|0x0000000705500000, 0x0000000705500000, 0x0000000705600000|  0%| F|  |TS  0|AC  0|TAMS 0x0000000705500000, 0x0000000705500000|
|  86|0x0000000705600000, 0x0000000705600000, 0x0000000705700000|  0%| F|  |TS  0|AC  0|TAMS 0x0000000705600000, 0x0000000705600000|
|  87|0x0000000705700000, 0x0000000705700000, 0x0000000705800000|  0%| F|  |TS  0|AC  0|TAMS 0x0000000705700000, 0x0000000705700000|
|  88|0x0000000705800000, 0x0000000705800000, 0x0000000705900000|  0%| F|  |TS  0|AC  0|TAMS 0x0000000705800000, 0x0000000705800000|
|  89|0x0000000705900000, 0x0000000705900000, 0x0000000705a00000|  0%| F|  |TS  0|AC  0|TAMS 0x0000000705900000, 0x0000000705900000|
|  90|0x0000000705a00000, 0x0000000705a00000, 0x0000000705b00000|  0%| F|  |TS  0|AC  0|TAMS 0x0000000705a00000, 0x0000000705a00000|
|  91|0x0000000705b00000, 0x0000000705b00000, 0x0000000705c00000|  0%| F|  |TS  0|AC  0|TAMS 0x0000000705b00000, 0x0000000705b00000|
|  92|0x0000000705c00000, 0x0000000705c00000, 0x0000000705d00000|  0%| F|  |TS  0|AC  0|TAMS 0x0000000705c00000, 0x0000000705c00000|
|  93|0x0000000705d00000, 0x0000000705d00000, 0x0000000705e00000|  0%| F|  |TS  0|AC  0|TAMS 0x0000000705d00000, 0x0000000705d00000|
|  94|0x0000000705e00000, 0x0000000705e00000, 0x0000000705f00000|  0%| F|  |TS  0|AC  0|TAMS 0x0000000705e00000, 0x0000000705e00000|
|  95|0x0000000705f00000, 0x0000000705f00000, 0x0000000706000000|  0%| F|  |TS  0|AC  0|TAMS 0x0000000705f00000, 0x0000000705f00000|
|  96|0x0000000706000000, 0x0000000706000000, 0x0000000706100000|  0%| F|  |TS  0|AC  0|TAMS 0x0000000706000000, 0x0000000706000000|
|  97|0x0000000706100000, 0x0000000706100000, 0x0000000706200000|  0%| F|  |TS  0|AC  0|TAMS 0x0000000706100000, 0x0000000706100000|
|  98|0x0000000706200000, 0x0000000706200000, 0x0000000706300000|  0%| F|  |TS  0|AC  0|TAMS 0x0000000706200000, 0x0000000706200000|
|  99|0x0000000706300000, 0x0000000706300000, 0x0000000706400000|  0%| F|  |TS  0|AC  0|TAMS 0x0000000706300000, 0x0000000706300000|
| 100|0x0000000706400000, 0x0000000706400000, 0x0000000706500000|  0%| F|  |TS  0|AC  0|TAMS 0x0000000706400000, 0x0000000706400000|
| 101|0x0000000706500000, 0x0000000706500000, 0x0000000706600000|  0%| F|  |TS  0|AC  0|TAMS 0x0000000706500000, 0x0000000706500000|
| 102|0x0000000706600000, 0x0000000706600000, 0x0000000706700000|  0%| F|  |TS  0|AC  0|TAMS 0x0000000706600000, 0x0000000706600000|
| 103|0x0000000706700000, 0x0000000706700000, 0x0000000706800000|  0%| F|  |TS  0|AC  0|TAMS 0x0000000706700000, 0x0000000706700000|
| 104|0x0000000706800000, 0x0000000706800000, 0x0000000706900000|  0%| F|  |TS  0|AC  0|TAMS 0x0000000706800000, 0x0000000706800000|
| 105|0x0000000706900000, 0x0000000706900000, 0x0000000706a00000|  0%| F|  |TS  0|AC  0|TAMS 0x0000000706900000, 0x0000000706900000|
| 106|0x0000000706a00000, 0x0000000706a00000, 0x0000000706b00000|  0%| F|  |TS  0|AC  0|TAMS 0x0000000706a00000, 0x0000000706a00000|
| 107|0x0000000706b00000, 0x0000000706b00000, 0x0000000706c00000|  0%| F|  |TS  0|AC  0|TAMS 0x0000000706b00000, 0x0000000706b00000|
| 108|0x0000000706c00000, 0x0000000706c00000, 0x0000000706d00000|  0%| F|  |TS  0|AC  0|TAMS 0x0000000706c00000, 0x0000000706c00000|
| 109|0x0000000706d00000, 0x0000000706d00000, 0x0000000706e00000|  0%| F|  |TS  0|AC  0|TAMS 0x0000000706d00000, 0x0000000706d00000|
| 110|0x0000000706e00000, 0x0000000706e00000, 0x0000000706f00000|  0%| F|  |TS  0|AC  0|TAMS 0x0000000706e00000, 0x0000000706e00000|
| 111|0x0000000706f00000, 0x0000000706f00000, 0x0000000707000000|  0%| F|  |TS  0|AC  0|TAMS 0x0000000706f00000, 0x0000000706f00000|
| 112|0x0000000707000000, 0x0000000707000000, 0x0000000707100000|  0%| F|  |TS  0|AC  0|TAMS 0x0000000707000000, 0x0000000707000000|
| 113|0x0000000707100000, 0x0000000707100000, 0x0000000707200000|  0%| F|  |TS  0|AC  0|TAMS 0x0000000707100000, 0x0000000707100000|
| 114|0x0000000707200000, 0x0000000707200000, 0x0000000707300000|  0%| F|  |TS  0|AC  0|TAMS 0x0000000707200000, 0x0000000707200000|
| 115|0x0000000707300000, 0x0000000707300000, 0x0000000707400000|  0%| F|  |TS  0|AC  0|TAMS 0x0000000707300000, 0x0000000707300000|
| 116|0x0000000707400000, 0x0000000707400000, 0x0000000707500000|  0%| F|  |TS  0|AC  0|TAMS 0x0000000707400000, 0x0000000707400000|
| 117|0x0000000707500000, 0x0000000707500000, 0x0000000707600000|  0%| F|  |TS  0|AC  0|TAMS 0x0000000707500000, 0x0000000707500000|
| 118|0x0000000707600000, 0x0000000707600000, 0x0000000707700000|  0%| F|  |TS  0|AC  0|TAMS 0x0000000707600000, 0x0000000707600000|
| 119|0x0000000707700000, 0x0000000707700000, 0x0000000707800000|  0%| F|  |TS  0|AC  0|TAMS 0x0000000707700000, 0x0000000707700000|
| 120|0x0000000707800000, 0x0000000707800000, 0x0000000707900000|  0%| F|  |TS  0|AC  0|TAMS 0x0000000707800000, 0x0000000707800000|
| 121|0x0000000707900000, 0x0000000707900000, 0x0000000707a00000|  0%| F|  |TS  0|AC  0|TAMS 0x0000000707900000, 0x0000000707900000|
| 122|0x0000000707a00000, 0x0000000707a00000, 0x0000000707b00000|  0%| F|  |TS  0|AC  0|TAMS 0x0000000707a00000, 0x0000000707a00000|
| 123|0x0000000707b00000, 0x0000000707b00000, 0x0000000707c00000|  0%| F|  |TS  0|AC  0|TAMS 0x0000000707b00000, 0x0000000707b00000|
| 124|0x0000000707c00000, 0x0000000707c00000, 0x0000000707d00000|  0%| F|  |TS  0|AC  0|TAMS 0x0000000707c00000, 0x0000000707c00000|
| 125|0x0000000707d00000, 0x0000000707d00000, 0x0000000707e00000|  0%| F|  |TS  0|AC  0|TAMS 0x0000000707d00000, 0x0000000707d00000|
| 126|0x0000000707e00000, 0x0000000707e00000, 0x0000000707f00000|  0%| F|  |TS  0|AC  0|TAMS 0x0000000707e00000, 0x0000000707e00000|
| 127|0x0000000707f00000, 0x0000000707f00000, 0x0000000708000000|  0%| F|  |TS  0|AC  0|TAMS 0x0000000707f00000, 0x0000000707f00000|
| 128|0x0000000708000000, 0x0000000708000000, 0x0000000708100000|  0%| F|  |TS  0|AC  0|TAMS 0x0000000708000000, 0x0000000708000000|
| 129|0x0000000708100000, 0x0000000708100000, 0x0000000708200000|  0%| F|  |TS  0|AC  0|TAMS 0x0000000708100000, 0x0000000708100000|
| 130|0x0000000708200000, 0x0000000708200000, 0x0000000708300000|  0%| F|  |TS  0|AC  0|TAMS 0x0000000708200000, 0x0000000708200000|
| 131|0x0000000708300000, 0x0000000708300000, 0x0000000708400000|  0%| F|  |TS  0|AC  0|TAMS 0x0000000708300000, 0x0000000708300000|
| 132|0x0000000708400000, 0x0000000708400000, 0x0000000708500000|  0%| F|  |TS  0|AC  0|TAMS 0x0000000708400000, 0x0000000708400000|
| 133|0x0000000708500000, 0x0000000708500000, 0x0000000708600000|  0%| F|  |TS  0|AC  0|TAMS 0x0000000708500000, 0x0000000708500000|
| 134|0x0000000708600000, 0x0000000708600000, 0x0000000708700000|  0%| F|  |TS  0|AC  0|TAMS 0x0000000708600000, 0x0000000708600000|
| 135|0x0000000708700000, 0x0000000708700000, 0x0000000708800000|  0%| F|  |TS  0|AC  0|TAMS 0x0000000708700000, 0x0000000708700000|
| 136|0x0000000708800000, 0x0000000708800000, 0x0000000708900000|  0%| F|  |TS  0|AC  0|TAMS 0x0000000708800000, 0x0000000708800000|
| 137|0x0000000708900000, 0x0000000708900000, 0x0000000708a00000|  0%| F|  |TS  0|AC  0|TAMS 0x0000000708900000, 0x0000000708900000|
| 138|0x0000000708a00000, 0x0000000708a00000, 0x0000000708b00000|  0%| F|  |TS  0|AC  0|TAMS 0x0000000708a00000, 0x0000000708a00000|
| 139|0x0000000708b00000, 0x0000000708b00000, 0x0000000708c00000|  0%| F|  |TS  0|AC  0|TAMS 0x0000000708b00000, 0x0000000708b00000|
| 140|0x0000000708c00000, 0x0000000708c00000, 0x0000000708d00000|  0%| F|  |TS  0|AC  0|TAMS 0x0000000708c00000, 0x0000000708c00000|
| 141|0x0000000708d00000, 0x0000000708d00000, 0x0000000708e00000|  0%| F|  |TS  0|AC  0|TAMS 0x0000000708d00000, 0x0000000708d00000|
| 142|0x0000000708e00000, 0x0000000708e00000, 0x0000000708f00000|  0%| F|  |TS  0|AC  0|TAMS 0x0000000708e00000, 0x0000000708e00000|
| 143|0x0000000708f00000, 0x0000000708f00000, 0x0000000709000000|  0%| F|  |TS  0|AC  0|TAMS 0x0000000708f00000, 0x0000000708f00000|
| 144|0x0000000709000000, 0x0000000709000000, 0x0000000709100000|  0%| F|  |TS  0|AC  0|TAMS 0x0000000709000000, 0x0000000709000000|
| 145|0x0000000709100000, 0x0000000709100000, 0x0000000709200000|  0%| F|  |TS  0|AC  0|TAMS 0x0000000709100000, 0x0000000709100000|
| 146|0x0000000709200000, 0x0000000709200000, 0x0000000709300000|  0%| F|  |TS  0|AC  0|TAMS 0x0000000709200000, 0x0000000709200000|
| 147|0x0000000709300000, 0x0000000709300000, 0x0000000709400000|  0%| F|  |TS  0|AC  0|TAMS 0x0000000709300000, 0x0000000709300000|
| 148|0x0000000709400000, 0x0000000709400000, 0x0000000709500000|  0%| F|  |TS  0|AC  0|TAMS 0x0000000709400000, 0x0000000709400000|
| 149|0x0000000709500000, 0x0000000709500000, 0x0000000709600000|  0%| F|  |TS  0|AC  0|TAMS 0x0000000709500000, 0x0000000709500000|
| 150|0x0000000709600000, 0x0000000709600000, 0x0000000709700000|  0%| F|  |TS  0|AC  0|TAMS 0x0000000709600000, 0x0000000709600000|
| 151|0x0000000709700000, 0x0000000709700000, 0x0000000709800000|  0%| F|  |TS  0|AC  0|TAMS 0x0000000709700000, 0x0000000709700000|
| 152|0x0000000709800000, 0x0000000709800000, 0x0000000709900000|  0%| F|  |TS  0|AC  0|TAMS 0x0000000709800000, 0x0000000709800000|
| 153|0x0000000709900000, 0x0000000709900000, 0x0000000709a00000|  0%| F|  |TS  0|AC  0|TAMS 0x0000000709900000, 0x0000000709900000|
| 154|0x0000000709a00000, 0x0000000709a00000, 0x0000000709b00000|  0%| F|  |TS  0|AC  0|TAMS 0x0000000709a00000, 0x0000000709a00000|
| 155|0x0000000709b00000, 0x0000000709b00000, 0x0000000709c00000|  0%| F|  |TS  0|AC  0|TAMS 0x0000000709b00000, 0x0000000709b00000|
| 156|0x0000000709c00000, 0x0000000709c00000, 0x0000000709d00000|  0%| F|  |TS  0|AC  0|TAMS 0x0000000709c00000, 0x0000000709c00000|
| 157|0x0000000709d00000, 0x0000000709d00000, 0x0000000709e00000|  0%| F|  |TS  0|AC  0|TAMS 0x0000000709d00000, 0x0000000709d00000|
| 158|0x0000000709e00000, 0x0000000709e00000, 0x0000000709f00000|  0%| F|  |TS  0|AC  0|TAMS 0x0000000709e00000, 0x0000000709e00000|
| 159|0x0000000709f00000, 0x0000000709f00000, 0x000000070a000000|  0%| F|  |TS  0|AC  0|TAMS 0x0000000709f00000, 0x0000000709f00000|
| 160|0x000000070a000000, 0x000000070a000000, 0x000000070a100000|  0%| F|  |TS  0|AC  0|TAMS 0x000000070a000000, 0x000000070a000000|
| 161|0x000000070a100000, 0x000000070a100000, 0x000000070a200000|  0%| F|  |TS  0|AC  0|TAMS 0x000000070a100000, 0x000000070a100000|
| 162|0x000000070a200000, 0x000000070a200000, 0x000000070a300000|  0%| F|  |TS  0|AC  0|TAMS 0x000000070a200000, 0x000000070a200000|
| 163|0x000000070a300000, 0x000000070a300000, 0x000000070a400000|  0%| F|  |TS  0|AC  0|TAMS 0x000000070a300000, 0x000000070a300000|
| 164|0x000000070a400000, 0x000000070a400000, 0x000000070a500000|  0%| F|  |TS  0|AC  0|TAMS 0x000000070a400000, 0x000000070a400000|
| 165|0x000000070a500000, 0x000000070a500000, 0x000000070a600000|  0%| F|  |TS  0|AC  0|TAMS 0x000000070a500000, 0x000000070a500000|
| 166|0x000000070a600000, 0x000000070a600000, 0x000000070a700000|  0%| F|  |TS  0|AC  0|TAMS 0x000000070a600000, 0x000000070a600000|
| 167|0x000000070a700000, 0x000000070a700000, 0x000000070a800000|  0%| F|  |TS  0|AC  0|TAMS 0x000000070a700000, 0x000000070a700000|
| 168|0x000000070a800000, 0x000000070a800000, 0x000000070a900000|  0%| F|  |TS  0|AC  0|TAMS 0x000000070a800000, 0x000000070a800000|
| 169|0x000000070a900000, 0x000000070a900000, 0x000000070aa00000|  0%| F|  |TS  0|AC  0|TAMS 0x000000070a900000, 0x000000070a900000|
| 170|0x000000070aa00000, 0x000000070aa00000, 0x000000070ab00000|  0%| F|  |TS  0|AC  0|TAMS 0x000000070aa00000, 0x000000070aa00000|
| 171|0x000000070ab00000, 0x000000070ab00000, 0x000000070ac00000|  0%| F|  |TS  0|AC  0|TAMS 0x000000070ab00000, 0x000000070ab00000|
| 172|0x000000070ac00000, 0x000000070ac00000, 0x000000070ad00000|  0%| F|  |TS  0|AC  0|TAMS 0x000000070ac00000, 0x000000070ac00000|
| 173|0x000000070ad00000, 0x000000070ad00000, 0x000000070ae00000|  0%| F|  |TS  0|AC  0|TAMS 0x000000070ad00000, 0x000000070ad00000|
| 174|0x000000070ae00000, 0x000000070ae00000, 0x000000070af00000|  0%| F|  |TS  0|AC  0|TAMS 0x000000070ae00000, 0x000000070ae00000|
| 175|0x000000070af00000, 0x000000070af00000, 0x000000070b000000|  0%| F|  |TS  0|AC  0|TAMS 0x000000070af00000, 0x000000070af00000|
| 176|0x000000070b000000, 0x000000070b000000, 0x000000070b100000|  0%| F|  |TS  0|AC  0|TAMS 0x000000070b000000, 0x000000070b000000|
| 177|0x000000070b100000, 0x000000070b100000, 0x000000070b200000|  0%| F|  |TS  0|AC  0|TAMS 0x000000070b100000, 0x000000070b100000|
| 178|0x000000070b200000, 0x000000070b200000, 0x000000070b300000|  0%| F|  |TS  0|AC  0|TAMS 0x000000070b200000, 0x000000070b200000|
| 179|0x000000070b300000, 0x000000070b300000, 0x000000070b400000|  0%| F|  |TS  0|AC  0|TAMS 0x000000070b300000, 0x000000070b300000|
| 180|0x000000070b400000, 0x000000070b400000, 0x000000070b500000|  0%| F|  |TS  0|AC  0|TAMS 0x000000070b400000, 0x000000070b400000|
| 181|0x000000070b500000, 0x000000070b500000, 0x000000070b600000|  0%| F|  |TS  0|AC  0|TAMS 0x000000070b500000, 0x000000070b500000|
| 182|0x000000070b600000, 0x000000070b600000, 0x000000070b700000|  0%| F|  |TS  0|AC  0|TAMS 0x000000070b600000, 0x000000070b600000|
| 183|0x000000070b700000, 0x000000070b700000, 0x000000070b800000|  0%| F|  |TS  0|AC  0|TAMS 0x000000070b700000, 0x000000070b700000|
| 184|0x000000070b800000, 0x000000070b800000, 0x000000070b900000|  0%| F|  |TS  0|AC  0|TAMS 0x000000070b800000, 0x000000070b800000|
| 185|0x000000070b900000, 0x000000070b900000, 0x000000070ba00000|  0%| F|  |TS  0|AC  0|TAMS 0x000000070b900000, 0x000000070b900000|
| 186|0x000000070ba00000, 0x000000070ba00000, 0x000000070bb00000|  0%| F|  |TS  0|AC  0|TAMS 0x000000070ba00000, 0x000000070ba00000|
| 187|0x000000070bb00000, 0x000000070bb00000, 0x000000070bc00000|  0%| F|  |TS  0|AC  0|TAMS 0x000000070bb00000, 0x000000070bb00000|
| 188|0x000000070bc00000, 0x000000070bc00000, 0x000000070bd00000|  0%| F|  |TS  0|AC  0|TAMS 0x000000070bc00000, 0x000000070bc00000|
| 189|0x000000070bd00000, 0x000000070bd00000, 0x000000070be00000|  0%| F|  |TS  0|AC  0|TAMS 0x000000070bd00000, 0x000000070bd00000|
| 190|0x000000070be00000, 0x000000070be00000, 0x000000070bf00000|  0%| F|  |TS  0|AC  0|TAMS 0x000000070be00000, 0x000000070be00000|
| 191|0x000000070bf00000, 0x000000070bf00000, 0x000000070c000000|  0%| F|  |TS  0|AC  0|TAMS 0x000000070bf00000, 0x000000070bf00000|
| 192|0x000000070c000000, 0x000000070c000000, 0x000000070c100000|  0%| F|  |TS  0|AC  0|TAMS 0x000000070c000000, 0x000000070c000000|
| 193|0x000000070c100000, 0x000000070c100000, 0x000000070c200000|  0%| F|  |TS  0|AC  0|TAMS 0x000000070c100000, 0x000000070c100000|
| 194|0x000000070c200000, 0x000000070c200000, 0x000000070c300000|  0%| F|  |TS  0|AC  0|TAMS 0x000000070c200000, 0x000000070c200000|
| 195|0x000000070c300000, 0x000000070c300000, 0x000000070c400000|  0%| F|  |TS  0|AC  0|TAMS 0x000000070c300000, 0x000000070c300000|
| 196|0x000000070c400000, 0x000000070c400000, 0x000000070c500000|  0%| F|  |TS  0|AC  0|TAMS 0x000000070c400000, 0x000000070c400000|
| 197|0x000000070c500000, 0x000000070c500000, 0x000000070c600000|  0%| F|  |TS  0|AC  0|TAMS 0x000000070c500000, 0x000000070c500000|
| 198|0x000000070c600000, 0x000000070c600000, 0x000000070c700000|  0%| F|  |TS  0|AC  0|TAMS 0x000000070c600000, 0x000000070c600000|
| 199|0x000000070c700000, 0x000000070c700000, 0x000000070c800000|  0%| F|  |TS  0|AC  0|TAMS 0x000000070c700000, 0x000000070c700000|
| 200|0x000000070c800000, 0x000000070c800000, 0x000000070c900000|  0%| F|  |TS  0|AC  0|TAMS 0x000000070c800000, 0x000000070c800000|
| 201|0x000000070c900000, 0x000000070c900000, 0x000000070ca00000|  0%| F|  |TS  0|AC  0|TAMS 0x000000070c900000, 0x000000070c900000|
| 202|0x000000070ca00000, 0x000000070ca00000, 0x000000070cb00000|  0%| F|  |TS  0|AC  0|TAMS 0x000000070ca00000, 0x000000070ca00000|
| 203|0x000000070cb00000, 0x000000070cb00000, 0x000000070cc00000|  0%| F|  |TS  0|AC  0|TAMS 0x000000070cb00000, 0x000000070cb00000|
| 204|0x000000070cc00000, 0x000000070cc00000, 0x000000070cd00000|  0%| F|  |TS  0|AC  0|TAMS 0x000000070cc00000, 0x000000070cc00000|
| 205|0x000000070cd00000, 0x000000070cd00000, 0x000000070ce00000|  0%| F|  |TS  0|AC  0|TAMS 0x000000070cd00000, 0x000000070cd00000|
| 206|0x000000070ce00000, 0x000000070cebcee0, 0x000000070cf00000| 73%| E|  |TS  0|AC  0|TAMS 0x000000070ce00000, 0x000000070ce00000|
| 207|0x000000070cf00000, 0x000000070d000000, 0x000000070d000000|100%| E|CS|TS  0|AC  0|TAMS 0x000000070cf00000, 0x000000070cf00000|
| 208|0x000000070d000000, 0x000000070d100000, 0x000000070d100000|100%| E|CS|TS  0|AC  0|TAMS 0x000000070d000000, 0x000000070d000000|
| 209|0x000000070d100000, 0x000000070d200000, 0x000000070d200000|100%| E|CS|TS  0|AC  0|TAMS 0x000000070d100000, 0x000000070d100000|
| 210|0x000000070d200000, 0x000000070d300000, 0x000000070d300000|100%| E|CS|TS  0|AC  0|TAMS 0x000000070d200000, 0x000000070d200000|
| 211|0x000000070d300000, 0x000000070d400000, 0x000000070d400000|100%| E|CS|TS  0|AC  0|TAMS 0x000000070d300000, 0x000000070d300000|

Card table byte_map: [0x0000019cac150000,0x0000019cac750000] byte_map_base: 0x0000019ca8950000

Marking Bits (Prev, Next): (CMBitMap*) 0x0000019ca79e5770, (CMBitMap*) 0x0000019ca79e57a8
 Prev Bits: [0x0000019cae2e0000, 0x0000019cb12e0000)
 Next Bits: [0x0000019cc7ea0000, 0x0000019ccaea0000)

Polling page: 0x0000019ca3230000

CodeHeap 'non-profiled nmethods': size=120064Kb used=11991Kb max_used=12734Kb free=108073Kb
 bounds [0x0000019cc0960000, 0x0000019cc15d0000, 0x0000019cc7ea0000]
CodeHeap 'profiled nmethods': size=120000Kb used=35831Kb max_used=37762Kb free=84168Kb
 bounds [0x0000019cb9430000, 0x0000019cbb930000, 0x0000019cc0960000]
CodeHeap 'non-nmethods': size=5696Kb used=1770Kb max_used=1817Kb free=3925Kb
 bounds [0x0000019cb8ea0000, 0x0000019cb9110000, 0x0000019cb9430000]
 total_blobs=20988 nmethods=13356 adapters=1101
 compilation: enabled

Compilation events (10 events):
Event: 61.963 Thread 0x0000019cb1881000 nmethod 15393 0x0000019cb946db10 code [0x0000019cb946de60, 0x0000019cb946f2a0]
Event: 61.964 Thread 0x0000019cb1881000 15394       3       sun.java2d.SunGraphics2D::drawImage (15 bytes)
Event: 61.964 Thread 0x0000019cb1881000 nmethod 15394 0x0000019cb9432710 code [0x0000019cb94328c0, 0x0000019cb9432af0]
Event: 62.023 Thread 0x0000019cb1e27000 nmethod 15389 0x0000019cc0aeb510 code [0x0000019cc0aeb800, 0x0000019cc0aede80]
Event: 62.023 Thread 0x0000019cb1e27000 15388       4       sun.awt.image.BufImgSurfaceData::getBounds (22 bytes)
Event: 62.026 Thread 0x0000019cb1e27000 nmethod 15388 0x0000019cc09e9890 code [0x0000019cc09e9a20, 0x0000019cc09e9b18]
Event: 62.028 Thread 0x0000019cb1881000 15395       3       sun.awt.Win32GraphicsConfig::getBounds (12 bytes)
Event: 62.028 Thread 0x0000019cb1881000 nmethod 15395 0x0000019cb9432290 code [0x0000019cb9432440, 0x0000019cb9432610]
Event: 62.033 Thread 0x0000019cb1881000 15397       3       com.jidesoft.docking.DockingUtils::a (73 bytes)
Event: 62.034 Thread 0x0000019cb1881000 nmethod 15397 0x0000019cb943b690 code [0x0000019cb943b8a0, 0x0000019cb943c1b0]

GC Heap History (10 events):
Event: 59.142 GC heap before
{Heap before GC invocations=46 (full 2):
 garbage-first heap   total 183296K, used 119501K [0x0000000700000000, 0x0000000700100598, 0x00000007c0000000)
  region size 1024K, 60 young (61440K), 4 survivors (4096K)
 Metaspace       used 75992K, capacity 81361K, committed 81444K, reserved 1120256K
  class space    used 10610K, capacity 11557K, committed 11596K, reserved 1048576K
}
Event: 59.153 GC heap after
{Heap after GC invocations=47 (full 2):
 garbage-first heap   total 220160K, used 62695K [0x0000000700000000, 0x00000007001006b8, 0x00000007c0000000)
  region size 1024K, 4 young (4096K), 4 survivors (4096K)
 Metaspace       used 75992K, capacity 81361K, committed 81444K, reserved 1120256K
  class space    used 10610K, capacity 11557K, committed 11596K, reserved 1048576K
}
Event: 59.731 GC heap before
{Heap before GC invocations=47 (full 2):
 garbage-first heap   total 220160K, used 120039K [0x0000000700000000, 0x00000007001006b8, 0x00000007c0000000)
  region size 1024K, 60 young (61440K), 4 survivors (4096K)
 Metaspace       used 76102K, capacity 81513K, committed 81700K, reserved 1120256K
  class space    used 10612K, capacity 11559K, committed 11596K, reserved 1048576K
}
Event: 59.743 GC heap after
{Heap after GC invocations=48 (full 2):
 garbage-first heap   total 220160K, used 63434K [0x0000000700000000, 0x00000007001006b8, 0x00000007c0000000)
  region size 1024K, 5 young (5120K), 5 survivors (5120K)
 Metaspace       used 76102K, capacity 81513K, committed 81700K, reserved 1120256K
  class space    used 10612K, capacity 11559K, committed 11596K, reserved 1048576K
}
Event: 60.427 GC heap before
{Heap before GC invocations=48 (full 2):
 garbage-first heap   total 220160K, used 119754K [0x0000000700000000, 0x00000007001006b8, 0x00000007c0000000)
  region size 1024K, 60 young (61440K), 5 survivors (5120K)
 Metaspace       used 77378K, capacity 82887K, committed 83236K, reserved 1120256K
  class space    used 10788K, capacity 11756K, committed 11852K, reserved 1048576K
}
Event: 60.439 GC heap after
{Heap after GC invocations=49 (full 2):
 garbage-first heap   total 220160K, used 65184K [0x0000000700000000, 0x00000007001006b8, 0x00000007c0000000)
  region size 1024K, 6 young (6144K), 6 survivors (6144K)
 Metaspace       used 77378K, capacity 82887K, committed 83236K, reserved 1120256K
  class space    used 10788K, capacity 11756K, committed 11852K, reserved 1048576K
}
Event: 60.780 GC heap before
{Heap before GC invocations=49 (full 2):
 garbage-first heap   total 220160K, used 120480K [0x0000000700000000, 0x00000007001006b8, 0x00000007c0000000)
  region size 1024K, 60 young (61440K), 6 survivors (6144K)
 Metaspace       used 78491K, capacity 84055K, committed 84260K, reserved 1122304K
  class space    used 11047K, capacity 12044K, committed 12108K, reserved 1048576K
}
Event: 60.804 GC heap after
{Heap after GC invocations=50 (full 2):
 garbage-first heap   total 220160K, used 65798K [0x0000000700000000, 0x00000007001006b8, 0x00000007c0000000)
  region size 1024K, 5 young (5120K), 5 survivors (5120K)
 Metaspace       used 78491K, capacity 84055K, committed 84260K, reserved 1122304K
  class space    used 11047K, capacity 12044K, committed 12108K, reserved 1048576K
}
Event: 61.422 GC heap before
{Heap before GC invocations=50 (full 2):
 garbage-first heap   total 220160K, used 113926K [0x0000000700000000, 0x00000007001006b8, 0x00000007c0000000)
  region size 1024K, 47 young (48128K), 5 survivors (5120K)
 Metaspace       used 79368K, capacity 84951K, committed 85028K, reserved 1122304K
  class space    used 11139K, capacity 12108K, committed 12108K, reserved 1048576K
}
Event: 61.670 GC heap after
{Heap after GC invocations=51 (full 3):
 garbage-first heap   total 217088K, used 64998K [0x0000000700000000, 0x00000007001006a0, 0x00000007c0000000)
  region size 1024K, 0 young (0K), 0 survivors (0K)
 Metaspace       used 79368K, capacity 84951K, committed 85028K, reserved 1122304K
  class space    used 11139K, capacity 12108K, committed 12108K, reserved 1048576K
}

Deoptimization events (10 events):
Event: 60.884 Thread 0x0000019caaa8d000 Uncommon trap: reason=unstable_if action=reinterpret pc=0x0000019cc12933fc method=sun.java2d.SunGraphics2D.setRenderingHint(Ljava/awt/RenderingHints$Key;Ljava/lang/Object;)V @ 385 c2
Event: 60.888 Thread 0x0000019caaa8d000 Uncommon trap: reason=class_check action=maybe_recompile pc=0x0000019cc11577e4 method=sun.java2d.SunGraphics2D.validateCompClip()V @ 69 c2
Event: 60.899 Thread 0x0000019caaa8d000 Uncommon trap: reason=class_check action=maybe_recompile pc=0x0000019cc11577e4 method=sun.java2d.SunGraphics2D.validateCompClip()V @ 69 c2
Event: 61.056 Thread 0x0000019caaa8d000 Uncommon trap: reason=class_check action=maybe_recompile pc=0x0000019cc11577e4 method=sun.java2d.SunGraphics2D.validateCompClip()V @ 69 c2
Event: 61.065 Thread 0x0000019caaa8d000 Uncommon trap: reason=class_check action=maybe_recompile pc=0x0000019cc11577e4 method=sun.java2d.SunGraphics2D.validateCompClip()V @ 69 c2
Event: 61.122 Thread 0x0000019caaa8d000 Uncommon trap: reason=unstable_if action=reinterpret pc=0x0000019cc0d502c8 method=java.io.ByteArrayInputStream.read()I @ 8 c2
Event: 61.130 Thread 0x0000019caaa8d000 Uncommon trap: reason=unstable_if action=reinterpret pc=0x0000019cc1327048 method=javax.swing.plaf.synth.SynthGraphicsUtils.layoutText(Ljavax/swing/plaf/synth/SynthContext;Ljava/awt/FontMetrics;Ljava/lang/String;Ljavax/swing/Icon;IIIILjava/awt/Rectangle;L
Event: 61.152 Thread 0x0000019caaa8d000 Uncommon trap: reason=unstable_if action=reinterpret pc=0x0000019cc1039ef8 method=java.awt.Font.getStringBounds([CIILjava/awt/font/FontRenderContext;)Ljava/awt/geom/Rectangle2D; @ 63 c2
Event: 61.177 Thread 0x0000019caaa8d000 Uncommon trap: reason=unstable_if action=reinterpret pc=0x0000019cc136db5c method=com.jidesoft.editor.SyntaxDocument.getLineStartOffset(I)I @ 22 c2
Event: 61.177 Thread 0x0000019caaa8d000 Uncommon trap: reason=unstable_if action=reinterpret pc=0x0000019cc14458d0 method=com.jidesoft.editor.SyntaxDocument.getLineEndOffset(I)I @ 22 c2

Classes redefined (0 events):
No events

Internal exceptions (10 events):
Event: 60.507 Thread 0x0000019caaa8d000 Exception <a 'java/lang/ClassNotFoundException'{0x000000070d2958f8}: javax/swing/JComponentCustomizer> (0x000000070d2958f8) thrown at [t:/workspace/hotspot/src/share/vm/classfile/systemDictionary.cpp, line 218]
Event: 60.521 Thread 0x0000019caaa8d000 Exception <a 'java/lang/ClassNotFoundException'{0x000000070d13b0e8}: javax/swing/JPanelCustomizer> (0x000000070d13b0e8) thrown at [t:/workspace/hotspot/src/share/vm/classfile/systemDictionary.cpp, line 218]
Event: 60.523 Thread 0x0000019caaa8d000 Exception <a 'java/lang/ClassNotFoundException'{0x000000070d17b4d0}: org/jdesktop/swingx/JXPanelCustomizer> (0x000000070d17b4d0) thrown at [t:/workspace/hotspot/src/share/vm/classfile/systemDictionary.cpp, line 218]
Event: 60.525 Thread 0x0000019caaa8d000 Exception <a 'java/lang/ClassNotFoundException'{0x000000070d1c79f8}: org/jdesktop/swingx/JXTitledPanelCustomizer> (0x000000070d1c79f8) thrown at [t:/workspace/hotspot/src/share/vm/classfile/systemDictionary.cpp, line 218]
Event: 60.527 Thread 0x0000019caaa8d000 Exception <a 'java/lang/ClassNotFoundException'{0x000000070d009d08}: ui/utils/o/p/a/dCustomizer> (0x000000070d009d08) thrown at [t:/workspace/hotspot/src/share/vm/classfile/systemDictionary.cpp, line 218]
Event: 60.529 Thread 0x0000019caaa8d000 Exception <a 'java/lang/ClassNotFoundException'{0x000000070d04ba08}: ui/views/waveform/f/pCustomizer> (0x000000070d04ba08) thrown at [t:/workspace/hotspot/src/share/vm/classfile/systemDictionary.cpp, line 218]
Event: 60.534 Thread 0x0000019caaa8d000 Implicit null exception at 0x0000019cc119bf9a to 0x0000019cc119c919
Event: 60.618 Thread 0x0000019caaa8d000 Exception <a 'java/lang/NoSuchMethodError'{0x000000070ca5f140}: java.lang.invoke.DirectMethodHandle$Holder.invokeSpecial(Ljava/lang/Object;Ljava/lang/Object;IIIJJJ)Ljava/lang/Object;> (0x000000070ca5f140) thrown at [t:/workspace/hotspot/src/share/vm/inter
Event: 60.618 Thread 0x0000019caaa8d000 Exception <a 'java/lang/NoSuchMethodError'{0x000000070ca62518}: java.lang.invoke.DelegatingMethodHandle$Holder.reinvoke_L(Ljava/lang/Object;IIIJJJ)Ljava/lang/Object;> (0x000000070ca62518) thrown at [t:/workspace/hotspot/src/share/vm/interpreter/linkResolv
Event: 60.618 Thread 0x0000019caaa8d000 Exception <a 'java/lang/NoSuchMethodError'{0x000000070ca70ba0}: method resolution failed> (0x000000070ca70ba0) thrown at [t:/workspace/hotspot/src/share/vm/prims/methodHandles.cpp, line 1256]

Events (10 events):
Event: 61.936 Thread 0x0000019cada25800 flushing nmethod 0x0000019cbab6df90
Event: 61.936 Thread 0x0000019cada25800 flushing nmethod 0x0000019cbab6fb90
Event: 61.936 Thread 0x0000019cada25800 flushing nmethod 0x0000019cbab70e90
Event: 61.936 Thread 0x0000019cada25800 flushing nmethod 0x0000019cbab78810
Event: 61.936 Thread 0x0000019cada25800 flushing nmethod 0x0000019cbab7a910
Event: 61.936 Thread 0x0000019cada25800 flushing nmethod 0x0000019cbabe6210
Event: 61.936 Thread 0x0000019cada25800 flushing nmethod 0x0000019cbac45390
Event: 61.937 Thread 0x0000019cada25800 flushing nmethod 0x0000019cbad3e090
Event: 61.937 Thread 0x0000019cada25800 flushing nmethod 0x0000019cbad9b910
Event: 61.937 Thread 0x0000019cada25800 flushing nmethod 0x0000019cbaded090


Dynamic libraries:
0x00007ff60b4e0000 - 0x00007ff60b510000 	C:\Xilinx\Vivado\2019.1\bin\unwrapped\win64.o\vivado.exe
0x00007ffd9d110000 - 0x00007ffd9d306000 	C:\Windows\SYSTEM32\ntdll.dll
0x00007ffd9ce00000 - 0x00007ffd9cebd000 	C:\Windows\System32\KERNEL32.DLL
0x00007ffd9aea0000 - 0x00007ffd9b168000 	C:\Windows\System32\KERNELBASE.dll
0x00007ffd9ab40000 - 0x00007ffd9ac40000 	C:\Windows\System32\ucrtbase.dll
0x00007ffd94a70000 - 0x00007ffd94b09000 	C:\Windows\SYSTEM32\MSVCP140.dll
0x00007ffd8f9b0000 - 0x00007ffd8f9c4000 	C:\Xilinx\Vivado\2019.1\lib\win64.o\libboost_signals.dll
0x00007ffd96a00000 - 0x00007ffd96a14000 	C:\Xilinx\Vivado\2019.1\lib\win64.o\librdi_commonmain.dll
0x00007ffd94a50000 - 0x00007ffd94a67000 	C:\Windows\SYSTEM32\VCRUNTIME140.dll
0x00007ffd65060000 - 0x00007ffd65f42000 	C:\Xilinx\Vivado\2019.1\lib\win64.o\librdi_common.dll
0x00007ffd9b320000 - 0x00007ffd9b4c0000 	C:\Windows\System32\USER32.dll
0x00007ffd9ab10000 - 0x00007ffd9ab32000 	C:\Windows\System32\win32u.dll
0x00007ffd8f980000 - 0x00007ffd8f9a6000 	C:\Xilinx\Vivado\2019.1\lib\win64.o\libboost_filesystem.dll
0x00007ffd9b8c0000 - 0x00007ffd9b8ea000 	C:\Windows\System32\GDI32.dll
0x00007ffd9cc30000 - 0x00007ffd9ccdc000 	C:\Windows\System32\ADVAPI32.dll
0x00007ffd96c20000 - 0x00007ffd96c2a000 	C:\Xilinx\Vivado\2019.1\lib\win64.o\librdi_commonversion.dll
0x00007ffd9ad90000 - 0x00007ffd9ae99000 	C:\Windows\System32\gdi32full.dll
0x00007ffd9b8f0000 - 0x00007ffd9b98e000 	C:\Windows\System32\msvcrt.dll
0x00007ffd9ac40000 - 0x00007ffd9acdd000 	C:\Windows\System32\msvcp_win.dll
0x00007ffd9b4c0000 - 0x00007ffd9b55b000 	C:\Windows\System32\sechost.dll
0x00007ffd9cb00000 - 0x00007ffd9cc24000 	C:\Windows\System32\RPCRT4.dll
0x00007ffd9bd90000 - 0x00007ffd9c4d1000 	C:\Windows\System32\SHELL32.dll
0x00007ffd8f000000 - 0x00007ffd8f121000 	C:\Xilinx\Vivado\2019.1\lib\win64.o\librdi_commonxillic.dll
0x0000000070110000 - 0x000000007023b000 	C:\Xilinx\Vivado\2019.1\lib\win64.o\tcl85t.dll
0x00007ffd9c4e0000 - 0x00007ffd9c54b000 	C:\Windows\System32\WS2_32.dll
0x00007ffd8f960000 - 0x00007ffd8f974000 	C:\Xilinx\Vivado\2019.1\lib\win64.o\libboost_date_time.dll
0x00007ffd8f1e0000 - 0x00007ffd8f25f000 	C:\Xilinx\Vivado\2019.1\lib\win64.o\libboost_program_options.dll
0x00007ffd8ec90000 - 0x00007ffd8effe000 	C:\Xilinx\Vivado\2019.1\lib\win64.o\libCOIN-all.dll
0x00007ffd8e880000 - 0x00007ffd8e994000 	C:\Xilinx\Vivado\2019.1\lib\win64.o\libboost_regex.dll
0x00007ffd969f0000 - 0x00007ffd969fb000 	C:\Xilinx\Vivado\2019.1\lib\win64.o\libboost_system.dll
0x00007ffd8f7b0000 - 0x00007ffd8f7d1000 	C:\Xilinx\Vivado\2019.1\lib\win64.o\libboost_thread.dll
0x00007ffd969b0000 - 0x00007ffd969bf000 	C:\Xilinx\Vivado\2019.1\lib\win64.o\libboost_xilinx.dll
0x00007ffd8ec00000 - 0x00007ffd8ec82000 	C:\Xilinx\Vivado\2019.1\lib\win64.o\libhdlpsolve.dll
0x00007ffd644b0000 - 0x00007ffd6505f400 	C:\Xilinx\Vivado\2019.1\lib\win64.o\libisl_iostreams.dll
0x00007ffd8dae0000 - 0x00007ffd8db45000 	C:\Xilinx\Vivado\2019.1\lib\win64.o\liblmx6.0.dll
0x00007ffd8f940000 - 0x00007ffd8f95a000 	C:\Xilinx\Vivado\2019.1\lib\win64.o\pthreadVC2.dll
0x00007ffd8f780000 - 0x00007ffd8f7ae000 	C:\Xilinx\Vivado\2019.1\lib\win64.o\libisl_sysinfo.dll
0x00007ffd8f300000 - 0x00007ffd8f31c000 	C:\Xilinx\Vivado\2019.1\lib\win64.o\librdiconfig.dll
0x00007ffd8f2d0000 - 0x00007ffd8f2f1000 	C:\Xilinx\Vivado\2019.1\lib\win64.o\librdizlib.dll
0x00007ffd8c500000 - 0x00007ffd8c5a5000 	C:\Xilinx\Vivado\2019.1\lib\win64.o\libhdxml.dll
0x0000000012000000 - 0x0000000012270000 	C:\Xilinx\Vivado\2019.1\lib\win64.o\xerces-c_3_1.dll
0x00007ffd8da20000 - 0x00007ffd8da38000 	C:\Windows\SYSTEM32\NETAPI32.dll
0x00007ffd93870000 - 0x00007ffd93970000 	C:\Windows\SYSTEM32\WINHTTP.dll
0x00007ffd80ea0000 - 0x00007ffd8137a000 	C:\Windows\SYSTEM32\WININET.dll
0x00007ffd8ff90000 - 0x00007ffd9017d000 	C:\Windows\SYSTEM32\urlmon.dll
0x00007ffd94890000 - 0x00007ffd94899000 	C:\Windows\SYSTEM32\WSOCK32.dll
0x00007ffd8f1b0000 - 0x00007ffd8f1de000 	C:\Windows\SYSTEM32\VCOMP140.DLL
0x00007ffd5b340000 - 0x00007ffd5c1d1000 	C:\Xilinx\Vivado\2019.1\lib\win64.o\gurobi65.dll
0x00007ffd640b0000 - 0x00007ffd64388000 	C:\Xilinx\Vivado\2019.1\lib\win64.o\libXil_lmgr11.dll
0x00007ffd9b240000 - 0x00007ffd9b31a000 	C:\Windows\System32\COMDLG32.dll
0x00007ffd963e0000 - 0x00007ffd963ed000 	C:\Xilinx\Vivado\2019.1\lib\win64.o\libboost_chrono.dll
0x00007ffd9b560000 - 0x00007ffd9b8b5000 	C:\Windows\System32\combase.dll
0x00007ffd8f190000 - 0x00007ffd8f1ab000 	C:\Xilinx\Vivado\2019.1\lib\win64.o\libboost_iostreams.dll
0x00007ffd8e850000 - 0x00007ffd8e875000 	C:\Xilinx\Vivado\2019.1\lib\win64.o\libisl_iosutils.dll
0x00007ffd9b190000 - 0x00007ffd9b23e000 	C:\Windows\System32\shcore.dll
0x00007ffd9cff0000 - 0x00007ffd9d045000 	C:\Windows\System32\SHLWAPI.dll
0x00007ffd8fce0000 - 0x00007ffd8ff90000 	C:\Windows\SYSTEM32\iertutil.dll
0x00007ffd9bcb0000 - 0x00007ffd9bd7d000 	C:\Windows\System32\OLEAUT32.dll
0x00007ffd9cec0000 - 0x00007ffd9cfea000 	C:\Windows\System32\ole32.dll
0x00007ffd9a9b0000 - 0x00007ffd9aa10000 	C:\Windows\System32\WINTRUST.dll
0x00007ffd671c0000 - 0x00007ffd67270000 	C:\Windows\WinSxS\amd64_microsoft.windows.common-controls_6595b64144ccf1df_5.82.19041.488_none_4238de57f6b64d28\COMCTL32.dll
0x00007ffd9a850000 - 0x00007ffd9a9ad000 	C:\Windows\System32\CRYPT32.dll
0x00007ffd96920000 - 0x00007ffd9693d000 	C:\Windows\SYSTEM32\dhcpcsvc.DLL
0x00007ffd99750000 - 0x00007ffd9975c000 	C:\Windows\SYSTEM32\NETUTILS.DLL
0x00007ffd9c5b0000 - 0x00007ffd9c5e0000 	C:\Windows\System32\IMM32.DLL
0x00007ffd99d30000 - 0x00007ffd99d42000 	C:\Windows\SYSTEM32\MSASN1.dll
0x00007ffd979c0000 - 0x00007ffd979d2000 	C:\Windows\SYSTEM32\kernel.appcore.dll
0x00007ffd63b90000 - 0x00007ffd640a7000 	C:\Xilinx\Vivado\2019.1\lib\win64.o\librdi_commontasks.dll
0x00007ffd97650000 - 0x00007ffd9765a000 	C:\Windows\SYSTEM32\VERSION.dll
0x000000006f6e0000 - 0x0000000070105000 	C:\Xilinx\Vivado\2019.1\tps\win64\jre9.0.4\bin\server\jvm.dll
0x00007ffd9b170000 - 0x00007ffd9b178000 	C:\Windows\System32\PSAPI.DLL
0x00007ffd80300000 - 0x00007ffd80327000 	C:\Windows\SYSTEM32\WINMM.dll
0x00007ffd6c1b0000 - 0x00007ffd6c436000 	C:\Xilinx\Vivado\2019.1\lib\win64.o\librdi_sio.dll
0x00007ffd75690000 - 0x00007ffd7577f000 	C:\Windows\SYSTEM32\MSVCR120.dll
0x00007ffd99640000 - 0x00007ffd9967b000 	C:\Windows\SYSTEM32\IPHLPAPI.DLL
0x00007ffd99950000 - 0x00007ffd999ba000 	C:\Windows\SYSTEM32\MSWSOCK.DLL
0x00007ffd97bd0000 - 0x00007ffd98365000 	C:\Windows\SYSTEM32\windows.storage.dll
0x00007ffd99bb0000 - 0x00007ffd99bdc000 	C:\Windows\SYSTEM32\Wldp.dll
0x00007ffd47c20000 - 0x00007ffd4a0dc000 	C:\Xilinx\Vivado\2019.1\lib\win64.o\librdi_tcltasks.dll
0x00007ffd5af30000 - 0x00007ffd5b338000 	C:\Xilinx\Vivado\2019.1\lib\win64.o\librdi_bitstream.dll
0x00007ffd6b190000 - 0x00007ffd6b321000 	C:\Xilinx\Vivado\2019.1\lib\win64.o\librdi_board.dll
0x00007ffd8d040000 - 0x00007ffd8d0b8000 	C:\Xilinx\Vivado\2019.1\lib\win64.o\librdi_boarddep.dll
0x00007ffd667e0000 - 0x00007ffd668cb000 	C:\Xilinx\Vivado\2019.1\lib\win64.o\librdi_chipscope.dll
0x00007ffd5d2d0000 - 0x00007ffd5d48d000 	C:\Xilinx\Vivado\2019.1\lib\win64.o\librdi_chipscopeimpl.dll
0x00007ffd5d170000 - 0x00007ffd5d2c6000 	C:\Xilinx\Vivado\2019.1\lib\win64.o\librdi_containers.dll
0x00007ffd45d60000 - 0x00007ffd47c11000 	C:\Xilinx\Vivado\2019.1\lib\win64.o\librdi_coregen.dll
0x00007ffd45680000 - 0x00007ffd45d5a000 	C:\Xilinx\Vivado\2019.1\lib\win64.o\librdi_coregenipxact.dll
0x00007ffd59540000 - 0x00007ffd5af2a000 	C:\Xilinx\Vivado\2019.1\lib\win64.o\librdi_constraints.dll
0x00007ffd41630000 - 0x00007ffd45673000 	C:\Xilinx\Vivado\2019.1\lib\win64.o\librdi_designutils.dll
0x00007ffd59220000 - 0x00007ffd5953e000 	C:\Xilinx\Vivado\2019.1\lib\win64.o\librdi_dlyest.dll
0x00007ffd2ec60000 - 0x00007ffd2f1fa000 	C:\Xilinx\Vivado\2019.1\lib\win64.o\librdi_drc.dll
0x00007ffd84ad0000 - 0x00007ffd84b94000 	C:\Xilinx\Vivado\2019.1\lib\win64.o\librdi_dsp.dll
0x00007ffd2e610000 - 0x00007ffd2ec5d000 	C:\Xilinx\Vivado\2019.1\lib\win64.o\librdi_filemgmt.dll
0x00007ffd58f30000 - 0x00007ffd59213000 	C:\Xilinx\Vivado\2019.1\lib\win64.o\librdi_guitools.dll
0x00007ffd8ca80000 - 0x00007ffd8cae5000 	C:\Xilinx\Vivado\2019.1\lib\win64.o\librdi_hdf.dll
0x00007ffd2ca30000 - 0x00007ffd2d045000 	C:\Xilinx\Vivado\2019.1\lib\win64.o\librdi_memdata.dll
0x00007ffd2f200000 - 0x00007ffd4162c000 	C:\Xilinx\Vivado\2019.1\lib\win64.o\librdi_device.dll
0x00007ffd2d050000 - 0x00007ffd2e610000 	C:\Xilinx\Vivado\2019.1\lib\win64.o\librdi_implflow.dll
0x00007ffd7d730000 - 0x00007ffd7d7a3000 	C:\Xilinx\Vivado\2019.1\lib\win64.o\librdi_memoryarray.dll
0x00007ffd8dec0000 - 0x00007ffd8df0b000 	C:\Xilinx\Vivado\2019.1\lib\win64.o\librdi_pfi.dll
0x00007ffd29690000 - 0x00007ffd29d32000 	C:\Xilinx\Vivado\2019.1\lib\win64.o\librdi_netlist.dll
0x00007ffd26d00000 - 0x00007ffd2700f000 	C:\Xilinx\Vivado\2019.1\lib\win64.o\librdi_platform.dll
0x00007ffd265b0000 - 0x00007ffd26cfa000 	C:\Xilinx\Vivado\2019.1\lib\win64.o\librdi_power.dll
0x00007ffd26030000 - 0x00007ffd265af000 	C:\Xilinx\Vivado\2019.1\lib\win64.o\librdi_project.dll
0x00007ffd27010000 - 0x00007ffd29686000 	C:\Xilinx\Vivado\2019.1\lib\win64.o\librdi_place.dll
0x00007ffd25210000 - 0x00007ffd25916000 	C:\Xilinx\Vivado\2019.1\lib\win64.o\librdi_rsb.dll
0x00007ffd24e10000 - 0x00007ffd25201000 	C:\Xilinx\Vivado\2019.1\lib\win64.o\librdi_runs.dll
0x00007ffd29d40000 - 0x00007ffd2ca26000 	C:\Xilinx\Vivado\2019.1\lib\win64.o\librdi_mig.dll
0x00007ffd666e0000 - 0x00007ffd667da000 	C:\Xilinx\Vivado\2019.1\lib\win64.o\librdi_runsbase.dll
0x00007ffd54280000 - 0x00007ffd544d6000 	C:\Xilinx\Vivado\2019.1\lib\win64.o\librdi_simdata.dll
0x00007ffd23e70000 - 0x00007ffd23fe2000 	C:\Xilinx\Vivado\2019.1\lib\win64.o\librdi_advchipscopeimpl.dll
0x00007ffd23ff0000 - 0x00007ffd24e01000 	C:\Xilinx\Vivado\2019.1\lib\win64.o\librdi_timing.dll
0x00007ffd25920000 - 0x00007ffd26029000 	C:\Xilinx\Vivado\2019.1\lib\win64.o\librdi_psta.dll
0x00007ffd23cd0000 - 0x00007ffd23e6f000 	C:\Xilinx\Vivado\2019.1\lib\win64.o\librdi_hip_devdesign.dll
0x00007ffd7a320000 - 0x00007ffd7a363000 	C:\Xilinx\Vivado\2019.1\lib\win64.o\librdi_noc_frameworks.dll
0x00007ffd77210000 - 0x00007ffd7725c000 	C:\Xilinx\Vivado\2019.1\lib\win64.o\libboost_serialization.dll
0x00007ffd23180000 - 0x00007ffd23cc7000 	C:\Xilinx\Vivado\2019.1\lib\win64.o\libverific.dll
0x00007ffd22d90000 - 0x00007ffd23175000 	C:\Xilinx\Vivado\2019.1\lib\win64.o\librdi_hip_config.dll
0x00007ffd635f0000 - 0x00007ffd636b2000 	C:\Xilinx\Vivado\2019.1\lib\win64.o\librdi_ipconfig_readwrite.dll
0x00007ffd22840000 - 0x00007ffd22d8e000 	C:\Xilinx\Vivado\2019.1\lib\win64.o\librdi_xdm.dll
0x00007ffd755f0000 - 0x00007ffd7568e000 	C:\Xilinx\Vivado\2019.1\lib\win64.o\libise.dll
0x00007ffd8daa0000 - 0x00007ffd8dae0000 	C:\Xilinx\Vivado\2019.1\lib\win64.o\librdi_wavedata_SimpleApi.dll
0x00007ffd22240000 - 0x00007ffd2283c000 	C:\Xilinx\Vivado\2019.1\lib\win64.o\librdi_wavedata.dll
0x00007ffd8cfc0000 - 0x00007ffd8cfff000 	C:\Xilinx\Vivado\2019.1\lib\win64.o\librdi_schedmon.dll
0x00007ffd210b0000 - 0x00007ffd2223d000 	C:\Xilinx\Vivado\2019.1\lib\win64.o\librdi_route.dll
0x00007ffd1ee80000 - 0x00007ffd1f0d9000 	C:\Xilinx\Vivado\2019.1\lib\win64.o\librdi_hsm.dll
0x00007ffd670f0000 - 0x00007ffd67178000 	C:\Xilinx\Vivado\2019.1\lib\win64.o\librdi_meir_core.dll
0x00007ffd1e690000 - 0x00007ffd1ee76000 	C:\Xilinx\Vivado\2019.1\lib\win64.o\librdi_labtools.dll

VM Arguments:
jvm_args: -Dsun.java2d.pmoffscreen=false -Dsun.java2d.xrender=false -Dsun.java2d.d3d=false -Dsun.awt.nopixfmt=true -Dsun.java2d.dpiaware=true -Dsun.java2d.uiScale.enabled=false -Xverify:none -Dswing.aatext=true -XX:-UsePerfData -Djdk.map.althashing.threshold=512 -XX:StringTableSize=4072 --add-opens=java.base/java.nio=ALL-UNNAMED --add-opens=java.desktop/sun.swing=ALL-UNNAMED --add-opens=java.desktop/javax.swing=ALL-UNNAMED --add-opens=java.desktop/javax.swing.tree=ALL-UNNAMED --add-opens=java.desktop/javax.swing.plaf.basic=ALL-UNNAMED --add-opens=java.desktop/javax.swing.plaf.synth=ALL-UNNAMED --add-opens=java.desktop/com.sun.awt=ALL-UNNAMED -XX:NewSize=60m -XX:MaxNewSize=60m -Xms128m -Xmx3072m -Xss5m 
java_command: <unknown>
java_class_path (initial): C:/Xilinx/Vivado/2019.1\lib\classes\alloy.jar;C:/Xilinx/Vivado/2019.1\lib\classes\autopilot.scelaborator.jar;C:/Xilinx/Vivado/2019.1\lib\classes\autopilot.sourceprocessor.jar;C:/Xilinx/Vivado/2019.1\lib\classes\autopilot.tbprocessor.jar;C:/Xilinx/Vivado/2019.1\lib\classes\batik-anim.jar;C:/Xilinx/Vivado/2019.1\lib\classes\batik-awt-util.jar;C:/Xilinx/Vivado/2019.1\lib\classes\batik-bridge.jar;C:/Xilinx/Vivado/2019.1\lib\classes\batik-codec.jar;C:/Xilinx/Vivado/2019.1\lib\classes\batik-css.jar;C:/Xilinx/Vivado/2019.1\lib\classes\batik-dom.jar;C:/Xilinx/Vivado/2019.1\lib\classes\batik-ext.jar;C:/Xilinx/Vivado/2019.1\lib\classes\batik-gui-util.jar;C:/Xilinx/Vivado/2019.1\lib\classes\batik-gvt.jar;C:/Xilinx/Vivado/2019.1\lib\classes\batik-parser.jar;C:/Xilinx/Vivado/2019.1\lib\classes\batik-script.jar;C:/Xilinx/Vivado/2019.1\lib\classes\batik-svg-dom.jar;C:/Xilinx/Vivado/2019.1\lib\classes\batik-swing.jar;C:/Xilinx/Vivado/2019.1\lib\classes\batik-transcoder.jar;C:/Xilinx/Vivado/2019.1\lib\classes\batik-util.jar;C:/Xilinx/Vivado/2019.1\lib\classes\batik-xml.jar;C:/Xilinx/Vivado/2019.1\lib\classes\com.google.gson_2.7.0.v20170129-0911.jar;C:/Xilinx/Vivado/2019.1\lib\classes\com.google.guava_21.0.0.v20170206-1425.jar;C:/Xilinx/Vivado/2019.1\lib\classes\com.google.inject_3.0.0.v201605172100.jar;C:/Xilinx/Vivado/2019.1\lib\classes\com.ibm.icu_4.4.2.v20110208.jar;C:/Xilinx/Vivado/2019.1\lib\classes\com.sigasi.hdt.annotations.runtime_4.3.0.201903071210.jar;C:/Xilinx/Vivado/2019.1\lib\classes\com.sigasi.hdt.blockdiagram.model_4.3.0.201903071210.jar;C:/Xilinx/Vivado/2019.1\lib\classes\com.sigasi.hdt.connection_4.3.0.201903071210.jar;C:/Xilinx/Vivado/2019.1\lib\classes\com.sigasi.hdt.dependencies.model_4.3.0.201903071210.jar;C:/Xilinx/Vivado/2019.1\lib\classes\com.sigasi.hdt.epl_4.3.0.201903071210.jar;C:/Xilinx/Vivado/2019.1\lib\classes\com.sigasi.hdt.graphics.model_4.3.0.201903071210.jar;C:/Xilinx/Vivado/2019.1\lib\classes\com.sigasi.hdt.project_4.3.0
Launcher Type: generic

Logging:
Log output configuration:
#0: stdout all=warning uptime,level,tags
#1: stderr all=off uptime,level,tags

Environment Variables:
PATH=C:/Xilinx/Vivado/2019.1/bin;C:/Xilinx/Vivado/2019.1/lib/win64.o;C:/Xilinx/Vivado/2019.1/tps/win64/jre9.0.4/bin/server;C:/Xilinx/Vivado/2019.1/tps/win64/jre9.0.4/bin;C:/Xilinx/Vivado/2019.1/ids_lite/ISE/bin/nt64;C:/Xilinx/Vivado/2019.1/ids_lite/ISE/lib/nt64;C:\Program Files (x86)\Razer Chroma SDK\bin;C:\Program Files\Razer Chroma SDK\bin;C:\Program Files (x86)\Razer\ChromaBroadcast\bin;C:\Program Files\Razer\ChromaBroadcast\bin;C:\Program Files (x86)\Intel\iCLS Client\;C:\Program Files\Intel\iCLS Client\;C:\Windows\system32;C:\Windows;C:\Windows\System32\Wbem;C:\Windows\System32\WindowsPowerShell\v1.0\;C:\Windows\System32\OpenSSH\;C:\Windows\system32\config\systemprofile\AppData\Local\Microsoft\WindowsApps;C:\Users\Simon\AppData\Local\Microsoft\WindowsApps;;C:/Xilinx/Vivado/2019.1\tps\mingw\6.2.0\win64.o\nt\bin;C:/Xilinx/Vivado/2019.1\tps\mingw\6.2.0\win64.o\nt\libexec\gcc\x86_64-w64-mingw32\6.2.0;C:/Xilinx/Vivado/2019.1\tps\win64\python-2.7.5;C:/Xilinx/Vivado/2019.1\tps\win64\python-2.7.5\lib;C:/Xilinx/Vivado/2019.1\tps\win64\python-2.7.5\Lib\lib-tk;C:/Xilinx/Vivado/2019.1\tps\win64\python-2.7.5\lib\site-packages
USERNAME=Simon
OS=Windows_NT
PROCESSOR_IDENTIFIER=Intel64 Family 6 Model 78 Stepping 3, GenuineIntel



---------------  S Y S T E M  ---------------

OS: Windows 10 , 64 bit Build 19041 (10.0.19041.546)

CPU:total 4 (initial active 4) (2 cores per cpu, 2 threads per core) family 6 model 78 stepping 3, cmov, cx8, fxsr, mmx, sse, sse2, sse3, ssse3, sse4.1, sse4.2, popcnt, avx, avx2, aes, clmul, erms, 3dnowpref, lzcnt, ht, tsc, tscinvbit, bmi1, bmi2, adx, fma

Memory: 4k page, physical 8249976k(2439744k free), swap 16499952k(7997956k free)

vm_info: Java HotSpot(TM) 64-Bit Server VM (9.0.4+11) for windows-amd64 JRE (9.0.4+11), built on Dec 20 2017 02:18:54 by "mach5one" with MS VC++ 12.0 (VS2013)

END.
