
*** Running vivado
    with args -log Top_Level.vds -m64 -product Vivado -mode batch -messageDb vivado.pb -notrace -source Top_Level.tcl


****** Vivado v2019.1 (64-bit)
  **** SW Build 2552052 on Fri May 24 14:49:42 MDT 2019
  **** IP Build 2548770 on Fri May 24 18:01:18 MDT 2019
    ** Copyright 1986-2019 Xilinx, Inc. All Rights Reserved.

source Top_Level.tcl -notrace
Command: synth_design -top Top_Level -part xc7a35tcpg236-1
Starting synth_design
Attempting to get a license for feature 'Synthesis' and/or device 'xc7a35t'
INFO: [Common 17-349] Got license for feature 'Synthesis' and/or device 'xc7a35t'
INFO: [Device 21-403] Loading part xc7a35tcpg236-1
INFO: Launching helper process for spawning children vivado processes
INFO: Helper process launched with PID 5604 
---------------------------------------------------------------------------------
Starting RTL Elaboration : Time (s): cpu = 00:00:05 ; elapsed = 00:00:05 . Memory (MB): peak = 693.156 ; gain = 178.188
---------------------------------------------------------------------------------
INFO: [Synth 8-6157] synthesizing module 'Top_Level' [C:/Users/Simon/OneDrive/Desktop/CSE100/Lab5/sfcCSE100Lab5/sfcCSE100Lab5.srcs/sources_1/new/Top_Level.v:22]
INFO: [Synth 8-6157] synthesizing module 'Edge_Detector' [C:/Users/Simon/OneDrive/Desktop/CSE100/Lab5/sfcCSE100Lab5/sfcCSE100Lab5.srcs/sources_1/imports/new/Edge_Detector.v:23]
INFO: [Synth 8-6157] synthesizing module 'FDRE' [C:/Xilinx/Vivado/2019.1/scripts/rt/data/unisim_comp.v:13664]
	Parameter INIT bound to: 1'b0 
	Parameter IS_C_INVERTED bound to: 1'b0 
	Parameter IS_D_INVERTED bound to: 1'b0 
	Parameter IS_R_INVERTED bound to: 1'b0 
INFO: [Synth 8-6155] done synthesizing module 'FDRE' (1#1) [C:/Xilinx/Vivado/2019.1/scripts/rt/data/unisim_comp.v:13664]
INFO: [Synth 8-6155] done synthesizing module 'Edge_Detector' (2#1) [C:/Users/Simon/OneDrive/Desktop/CSE100/Lab5/sfcCSE100Lab5/sfcCSE100Lab5.srcs/sources_1/imports/new/Edge_Detector.v:23]
INFO: [Synth 8-6157] synthesizing module 'lab5_clks' [C:/Users/Simon/OneDrive/Desktop/CSE100/Lab5/sfcCSE100Lab5/sfcCSE100Lab5.srcs/sources_1/imports/Lab5/lab5_clks.v:24]
INFO: [Synth 8-6157] synthesizing module 'clk_wiz_0' [C:/Users/Simon/OneDrive/Desktop/CSE100/Lab5/sfcCSE100Lab5/sfcCSE100Lab5.srcs/sources_1/imports/Lab5/lab5_clks.v:58]
INFO: [Synth 8-6157] synthesizing module 'IBUF' [C:/Xilinx/Vivado/2019.1/scripts/rt/data/unisim_comp.v:32856]
	Parameter CAPACITANCE bound to: DONT_CARE - type: string 
	Parameter IBUF_DELAY_VALUE bound to: 0 - type: string 
	Parameter IBUF_LOW_PWR bound to: TRUE - type: string 
	Parameter IFD_DELAY_VALUE bound to: AUTO - type: string 
	Parameter IOSTANDARD bound to: DEFAULT - type: string 
INFO: [Synth 8-6155] done synthesizing module 'IBUF' (3#1) [C:/Xilinx/Vivado/2019.1/scripts/rt/data/unisim_comp.v:32856]
INFO: [Synth 8-6157] synthesizing module 'MMCME2_ADV' [C:/Xilinx/Vivado/2019.1/scripts/rt/data/unisim_comp.v:39813]
	Parameter BANDWIDTH bound to: OPTIMIZED - type: string 
	Parameter CLKFBOUT_MULT_F bound to: 9.125000 - type: float 
	Parameter CLKFBOUT_PHASE bound to: 0.000000 - type: float 
	Parameter CLKFBOUT_USE_FINE_PS bound to: FALSE - type: string 
	Parameter CLKIN1_PERIOD bound to: 10.000000 - type: float 
	Parameter CLKIN2_PERIOD bound to: 0.000000 - type: float 
	Parameter CLKOUT0_DIVIDE_F bound to: 36.500000 - type: float 
	Parameter CLKOUT0_DUTY_CYCLE bound to: 0.500000 - type: float 
	Parameter CLKOUT0_PHASE bound to: 0.000000 - type: float 
	Parameter CLKOUT0_USE_FINE_PS bound to: FALSE - type: string 
	Parameter CLKOUT1_DIVIDE bound to: 1 - type: integer 
	Parameter CLKOUT1_DUTY_CYCLE bound to: 0.500000 - type: float 
	Parameter CLKOUT1_PHASE bound to: 0.000000 - type: float 
	Parameter CLKOUT1_USE_FINE_PS bound to: FALSE - type: string 
	Parameter CLKOUT2_DIVIDE bound to: 1 - type: integer 
	Parameter CLKOUT2_DUTY_CYCLE bound to: 0.500000 - type: float 
	Parameter CLKOUT2_PHASE bound to: 0.000000 - type: float 
	Parameter CLKOUT2_USE_FINE_PS bound to: FALSE - type: string 
	Parameter CLKOUT3_DIVIDE bound to: 1 - type: integer 
	Parameter CLKOUT3_DUTY_CYCLE bound to: 0.500000 - type: float 
	Parameter CLKOUT3_PHASE bound to: 0.000000 - type: float 
	Parameter CLKOUT3_USE_FINE_PS bound to: FALSE - type: string 
	Parameter CLKOUT4_CASCADE bound to: FALSE - type: string 
	Parameter CLKOUT4_DIVIDE bound to: 1 - type: integer 
	Parameter CLKOUT4_DUTY_CYCLE bound to: 0.500000 - type: float 
	Parameter CLKOUT4_PHASE bound to: 0.000000 - type: float 
	Parameter CLKOUT4_USE_FINE_PS bound to: FALSE - type: string 
	Parameter CLKOUT5_DIVIDE bound to: 1 - type: integer 
	Parameter CLKOUT5_DUTY_CYCLE bound to: 0.500000 - type: float 
	Parameter CLKOUT5_PHASE bound to: 0.000000 - type: float 
	Parameter CLKOUT5_USE_FINE_PS bound to: FALSE - type: string 
	Parameter CLKOUT6_DIVIDE bound to: 1 - type: integer 
	Parameter CLKOUT6_DUTY_CYCLE bound to: 0.500000 - type: float 
	Parameter CLKOUT6_PHASE bound to: 0.000000 - type: float 
	Parameter CLKOUT6_USE_FINE_PS bound to: FALSE - type: string 
	Parameter COMPENSATION bound to: ZHOLD - type: string 
	Parameter DIVCLK_DIVIDE bound to: 1 - type: integer 
	Parameter IS_CLKINSEL_INVERTED bound to: 1'b0 
	Parameter IS_PSEN_INVERTED bound to: 1'b0 
	Parameter IS_PSINCDEC_INVERTED bound to: 1'b0 
	Parameter IS_PWRDWN_INVERTED bound to: 1'b0 
	Parameter IS_RST_INVERTED bound to: 1'b0 
	Parameter REF_JITTER1 bound to: 0.010000 - type: float 
	Parameter REF_JITTER2 bound to: 0.010000 - type: float 
	Parameter SS_EN bound to: FALSE - type: string 
	Parameter SS_MODE bound to: CENTER_HIGH - type: string 
	Parameter SS_MOD_PERIOD bound to: 10000 - type: integer 
	Parameter STARTUP_WAIT bound to: FALSE - type: string 
INFO: [Synth 8-6155] done synthesizing module 'MMCME2_ADV' (4#1) [C:/Xilinx/Vivado/2019.1/scripts/rt/data/unisim_comp.v:39813]
INFO: [Synth 8-6157] synthesizing module 'BUFG' [C:/Xilinx/Vivado/2019.1/scripts/rt/data/unisim_comp.v:1075]
INFO: [Synth 8-6155] done synthesizing module 'BUFG' (5#1) [C:/Xilinx/Vivado/2019.1/scripts/rt/data/unisim_comp.v:1075]
INFO: [Synth 8-6155] done synthesizing module 'clk_wiz_0' (6#1) [C:/Users/Simon/OneDrive/Desktop/CSE100/Lab5/sfcCSE100Lab5/sfcCSE100Lab5.srcs/sources_1/imports/Lab5/lab5_clks.v:58]
INFO: [Synth 8-6157] synthesizing module 'clkcntrl4' [C:/Users/Simon/OneDrive/Desktop/CSE100/Lab5/sfcCSE100Lab5/sfcCSE100Lab5.srcs/sources_1/imports/Lab5/lab5_clks.v:191]
INFO: [Synth 8-6157] synthesizing module 'GND' [C:/Xilinx/Vivado/2019.1/scripts/rt/data/unisim_comp.v:14643]
INFO: [Synth 8-6155] done synthesizing module 'GND' (7#1) [C:/Xilinx/Vivado/2019.1/scripts/rt/data/unisim_comp.v:14643]
INFO: [Synth 8-6157] synthesizing module 'CB4CE_MXILINX_clkcntrl4' [C:/Users/Simon/OneDrive/Desktop/CSE100/Lab5/sfcCSE100Lab5/sfcCSE100Lab5.srcs/sources_1/imports/Lab5/lab5_clks.v:329]
INFO: [Synth 8-6157] synthesizing module 'FTCE_MXILINX_clkcntrl4' [C:/Users/Simon/OneDrive/Desktop/CSE100/Lab5/sfcCSE100Lab5/sfcCSE100Lab5.srcs/sources_1/imports/Lab5/lab5_clks.v:299]
	Parameter INIT bound to: 1'b0 
INFO: [Synth 8-6157] synthesizing module 'XOR2' [C:/Xilinx/Vivado/2019.1/scripts/rt/data/unisim_comp.v:81988]
INFO: [Synth 8-6155] done synthesizing module 'XOR2' (8#1) [C:/Xilinx/Vivado/2019.1/scripts/rt/data/unisim_comp.v:81988]
INFO: [Synth 8-6157] synthesizing module 'FDCE' [C:/Xilinx/Vivado/2019.1/scripts/rt/data/unisim_comp.v:13448]
	Parameter INIT bound to: 1'b0 
	Parameter IS_CLR_INVERTED bound to: 1'b0 
	Parameter IS_C_INVERTED bound to: 1'b0 
	Parameter IS_D_INVERTED bound to: 1'b0 
INFO: [Synth 8-6155] done synthesizing module 'FDCE' (9#1) [C:/Xilinx/Vivado/2019.1/scripts/rt/data/unisim_comp.v:13448]
INFO: [Synth 8-6155] done synthesizing module 'FTCE_MXILINX_clkcntrl4' (10#1) [C:/Users/Simon/OneDrive/Desktop/CSE100/Lab5/sfcCSE100Lab5/sfcCSE100Lab5.srcs/sources_1/imports/Lab5/lab5_clks.v:299]
INFO: [Synth 8-6157] synthesizing module 'AND4' [C:/Xilinx/Vivado/2019.1/scripts/rt/data/unisim_comp.v:562]
INFO: [Synth 8-6155] done synthesizing module 'AND4' (11#1) [C:/Xilinx/Vivado/2019.1/scripts/rt/data/unisim_comp.v:562]
INFO: [Synth 8-6157] synthesizing module 'AND3' [C:/Xilinx/Vivado/2019.1/scripts/rt/data/unisim_comp.v:514]
INFO: [Synth 8-6155] done synthesizing module 'AND3' (12#1) [C:/Xilinx/Vivado/2019.1/scripts/rt/data/unisim_comp.v:514]
INFO: [Synth 8-6157] synthesizing module 'AND2' [C:/Xilinx/Vivado/2019.1/scripts/rt/data/unisim_comp.v:466]
INFO: [Synth 8-6155] done synthesizing module 'AND2' (13#1) [C:/Xilinx/Vivado/2019.1/scripts/rt/data/unisim_comp.v:466]
INFO: [Synth 8-6157] synthesizing module 'VCC' [C:/Xilinx/Vivado/2019.1/scripts/rt/data/unisim_comp.v:81391]
INFO: [Synth 8-6155] done synthesizing module 'VCC' (14#1) [C:/Xilinx/Vivado/2019.1/scripts/rt/data/unisim_comp.v:81391]
INFO: [Synth 8-6155] done synthesizing module 'CB4CE_MXILINX_clkcntrl4' (15#1) [C:/Users/Simon/OneDrive/Desktop/CSE100/Lab5/sfcCSE100Lab5/sfcCSE100Lab5.srcs/sources_1/imports/Lab5/lab5_clks.v:329]
INFO: [Synth 8-6157] synthesizing module 'BUF' [C:/Xilinx/Vivado/2019.1/scripts/rt/data/unisim_comp.v:1021]
INFO: [Synth 8-6155] done synthesizing module 'BUF' (16#1) [C:/Xilinx/Vivado/2019.1/scripts/rt/data/unisim_comp.v:1021]
INFO: [Synth 8-6155] done synthesizing module 'clkcntrl4' (17#1) [C:/Users/Simon/OneDrive/Desktop/CSE100/Lab5/sfcCSE100Lab5/sfcCSE100Lab5.srcs/sources_1/imports/Lab5/lab5_clks.v:191]
WARNING: [Synth 8-4446] all outputs are unconnected for this instance and logic may be removed [C:/Users/Simon/OneDrive/Desktop/CSE100/Lab5/sfcCSE100Lab5/sfcCSE100Lab5.srcs/sources_1/imports/Lab5/lab5_clks.v:41]
INFO: [Synth 8-6157] synthesizing module 'STARTUPE2' [C:/Xilinx/Vivado/2019.1/scripts/rt/data/unisim_comp.v:77870]
	Parameter PROG_USR bound to: FALSE - type: string 
	Parameter SIM_CCLK_FREQ bound to: 0.000000 - type: float 
INFO: [Synth 8-6155] done synthesizing module 'STARTUPE2' (18#1) [C:/Xilinx/Vivado/2019.1/scripts/rt/data/unisim_comp.v:77870]
INFO: [Synth 8-6155] done synthesizing module 'lab5_clks' (19#1) [C:/Users/Simon/OneDrive/Desktop/CSE100/Lab5/sfcCSE100Lab5/sfcCSE100Lab5.srcs/sources_1/imports/Lab5/lab5_clks.v:24]
WARNING: [Synth 8-7023] instance 'slowit' of module 'lab5_clks' has 6 connections declared, but only 5 given [C:/Users/Simon/OneDrive/Desktop/CSE100/Lab5/sfcCSE100Lab5/sfcCSE100Lab5.srcs/sources_1/new/Top_Level.v:64]
INFO: [Synth 8-6157] synthesizing module 'State_Machine' [C:/Users/Simon/OneDrive/Desktop/CSE100/Lab5/sfcCSE100Lab5/sfcCSE100Lab5.srcs/sources_1/new/State_Machine.v:23]
INFO: [Synth 8-6157] synthesizing module 'Control_Logic' [C:/Users/Simon/OneDrive/Desktop/CSE100/Lab5/sfcCSE100Lab5/sfcCSE100Lab5.srcs/sources_1/new/Control_Logic.v:23]
INFO: [Synth 8-6155] done synthesizing module 'Control_Logic' (20#1) [C:/Users/Simon/OneDrive/Desktop/CSE100/Lab5/sfcCSE100Lab5/sfcCSE100Lab5.srcs/sources_1/new/Control_Logic.v:23]
INFO: [Synth 8-6157] synthesizing module 'FDRE__parameterized0' [C:/Xilinx/Vivado/2019.1/scripts/rt/data/unisim_comp.v:13664]
	Parameter INIT bound to: 1'b1 
	Parameter IS_C_INVERTED bound to: 1'b0 
	Parameter IS_D_INVERTED bound to: 1'b0 
	Parameter IS_R_INVERTED bound to: 1'b0 
INFO: [Synth 8-6155] done synthesizing module 'FDRE__parameterized0' (20#1) [C:/Xilinx/Vivado/2019.1/scripts/rt/data/unisim_comp.v:13664]
WARNING: [Synth 8-7023] instance 'Q0_FF' of module 'FDRE' has 5 connections declared, but only 4 given [C:/Users/Simon/OneDrive/Desktop/CSE100/Lab5/sfcCSE100Lab5/sfcCSE100Lab5.srcs/sources_1/new/State_Machine.v:40]
WARNING: [Synth 8-7023] instance 'Q123_FF' of module 'FDRE' has 5 connections declared, but only 4 given [C:/Users/Simon/OneDrive/Desktop/CSE100/Lab5/sfcCSE100Lab5/sfcCSE100Lab5.srcs/sources_1/new/State_Machine.v:41]
INFO: [Synth 8-6155] done synthesizing module 'State_Machine' (21#1) [C:/Users/Simon/OneDrive/Desktop/CSE100/Lab5/sfcCSE100Lab5/sfcCSE100Lab5.srcs/sources_1/new/State_Machine.v:23]
INFO: [Synth 8-6157] synthesizing module 'Generator' [C:/Users/Simon/OneDrive/Desktop/CSE100/Lab5/sfcCSE100Lab5/sfcCSE100Lab5.srcs/sources_1/new/Generator.v:23]
INFO: [Synth 8-6155] done synthesizing module 'Generator' (22#1) [C:/Users/Simon/OneDrive/Desktop/CSE100/Lab5/sfcCSE100Lab5/sfcCSE100Lab5.srcs/sources_1/new/Generator.v:23]
INFO: [Synth 8-6157] synthesizing module 'counterUD16L' [C:/Users/Simon/OneDrive/Desktop/CSE100/Lab5/sfcCSE100Lab5/sfcCSE100Lab5.srcs/sources_1/imports/new/counterUD16L.v:23]
INFO: [Synth 8-6157] synthesizing module 'countUD4L' [C:/Users/Simon/OneDrive/Desktop/CSE100/Lab5/sfcCSE100Lab5/sfcCSE100Lab5.srcs/sources_1/imports/new/countUD4L.v:23]
INFO: [Synth 8-6155] done synthesizing module 'countUD4L' (23#1) [C:/Users/Simon/OneDrive/Desktop/CSE100/Lab5/sfcCSE100Lab5/sfcCSE100Lab5.srcs/sources_1/imports/new/countUD4L.v:23]
INFO: [Synth 8-6155] done synthesizing module 'counterUD16L' (24#1) [C:/Users/Simon/OneDrive/Desktop/CSE100/Lab5/sfcCSE100Lab5/sfcCSE100Lab5.srcs/sources_1/imports/new/counterUD16L.v:23]
WARNING: [Synth 8-7023] instance 'Game' of module 'counterUD16L' has 9 connections declared, but only 6 given [C:/Users/Simon/OneDrive/Desktop/CSE100/Lab5/sfcCSE100Lab5/sfcCSE100Lab5.srcs/sources_1/new/Top_Level.v:75]
WARNING: [Synth 8-7023] instance 'Time' of module 'counterUD16L' has 9 connections declared, but only 6 given [C:/Users/Simon/OneDrive/Desktop/CSE100/Lab5/sfcCSE100Lab5/sfcCSE100Lab5.srcs/sources_1/new/Top_Level.v:83]
INFO: [Synth 8-6157] synthesizing module 'LED_Shifter' [C:/Users/Simon/OneDrive/Desktop/CSE100/Lab5/sfcCSE100Lab5/sfcCSE100Lab5.srcs/sources_1/new/LED_Shifter.v:23]
INFO: [Synth 8-6155] done synthesizing module 'LED_Shifter' (25#1) [C:/Users/Simon/OneDrive/Desktop/CSE100/Lab5/sfcCSE100Lab5/sfcCSE100Lab5.srcs/sources_1/new/LED_Shifter.v:23]
INFO: [Synth 8-6157] synthesizing module 'Ring_Counter' [C:/Users/Simon/OneDrive/Desktop/CSE100/Lab5/sfcCSE100Lab5/sfcCSE100Lab5.srcs/sources_1/imports/CSE100/Lab4/sfcCSE100Lab4/sfcCSE100Lab4.srcs/sources_1/new/Ring_Counter.v:23]
INFO: [Synth 8-6155] done synthesizing module 'Ring_Counter' (26#1) [C:/Users/Simon/OneDrive/Desktop/CSE100/Lab5/sfcCSE100Lab5/sfcCSE100Lab5.srcs/sources_1/imports/CSE100/Lab4/sfcCSE100Lab4/sfcCSE100Lab4.srcs/sources_1/new/Ring_Counter.v:23]
INFO: [Synth 8-6157] synthesizing module 'Selector' [C:/Users/Simon/OneDrive/Desktop/CSE100/Lab5/sfcCSE100Lab5/sfcCSE100Lab5.srcs/sources_1/imports/CSE100/Lab4/sfcCSE100Lab4/sfcCSE100Lab4.srcs/sources_1/new/Selector.v:23]
INFO: [Synth 8-6155] done synthesizing module 'Selector' (27#1) [C:/Users/Simon/OneDrive/Desktop/CSE100/Lab5/sfcCSE100Lab5/sfcCSE100Lab5.srcs/sources_1/imports/CSE100/Lab4/sfcCSE100Lab4/sfcCSE100Lab4.srcs/sources_1/new/Selector.v:23]
INFO: [Synth 8-6157] synthesizing module 'Segment_Display' [C:/Users/Simon/OneDrive/Desktop/CSE100/Lab5/sfcCSE100Lab5/sfcCSE100Lab5.srcs/sources_1/imports/CSE100/Lab3/sfcCSE100Lab3/sfcCSE100Lab3.srcs/sources_1/new/Segment_Display.v:23]
INFO: [Synth 8-6157] synthesizing module 'MUX8_1' [C:/Users/Simon/OneDrive/Desktop/CSE100/Lab5/sfcCSE100Lab5/sfcCSE100Lab5.srcs/sources_1/imports/CSE100/Lab3/sfcCSE100Lab3/sfcCSE100Lab3.srcs/sources_1/new/MUX8_1.v:23]
INFO: [Synth 8-6155] done synthesizing module 'MUX8_1' (28#1) [C:/Users/Simon/OneDrive/Desktop/CSE100/Lab5/sfcCSE100Lab5/sfcCSE100Lab5.srcs/sources_1/imports/CSE100/Lab3/sfcCSE100Lab3/sfcCSE100Lab3.srcs/sources_1/new/MUX8_1.v:23]
INFO: [Synth 8-6155] done synthesizing module 'Segment_Display' (29#1) [C:/Users/Simon/OneDrive/Desktop/CSE100/Lab5/sfcCSE100Lab5/sfcCSE100Lab5.srcs/sources_1/imports/CSE100/Lab3/sfcCSE100Lab3/sfcCSE100Lab3.srcs/sources_1/new/Segment_Display.v:23]
INFO: [Synth 8-6155] done synthesizing module 'Top_Level' (30#1) [C:/Users/Simon/OneDrive/Desktop/CSE100/Lab5/sfcCSE100Lab5/sfcCSE100Lab5.srcs/sources_1/new/Top_Level.v:22]
WARNING: [Synth 8-3917] design Top_Level has port dp driven by constant 1
WARNING: [Synth 8-3331] design counterUD16L has unconnected port LD
---------------------------------------------------------------------------------
Finished RTL Elaboration : Time (s): cpu = 00:00:06 ; elapsed = 00:00:07 . Memory (MB): peak = 757.008 ; gain = 242.039
---------------------------------------------------------------------------------

Report Check Netlist: 
+------+------------------+-------+---------+-------+------------------+
|      |Item              |Errors |Warnings |Status |Description       |
+------+------------------+-------+---------+-------+------------------+
|1     |multi_driven_nets |      0|        0|Passed |Multi driven nets |
+------+------------------+-------+---------+-------+------------------+
---------------------------------------------------------------------------------
Start Handling Custom Attributes
---------------------------------------------------------------------------------
---------------------------------------------------------------------------------
Finished Handling Custom Attributes : Time (s): cpu = 00:00:07 ; elapsed = 00:00:07 . Memory (MB): peak = 757.008 ; gain = 242.039
---------------------------------------------------------------------------------
---------------------------------------------------------------------------------
Finished RTL Optimization Phase 1 : Time (s): cpu = 00:00:07 ; elapsed = 00:00:07 . Memory (MB): peak = 757.008 ; gain = 242.039
---------------------------------------------------------------------------------
INFO: [Netlist 29-17] Analyzing 54 Unisim elements for replacement
INFO: [Netlist 29-28] Unisim Transformation completed in 0 CPU seconds
INFO: [Project 1-570] Preparing netlist for logic optimization

Processing XDC Constraints
Initializing timing engine
Parsing XDC File [C:/Users/Simon/OneDrive/Desktop/CSE100/Lab5/sfcCSE100Lab5/sfcCSE100Lab5.srcs/constrs_1/imports/Lab5/Basys3_Master.xdc]
Finished Parsing XDC File [C:/Users/Simon/OneDrive/Desktop/CSE100/Lab5/sfcCSE100Lab5/sfcCSE100Lab5.srcs/constrs_1/imports/Lab5/Basys3_Master.xdc]
INFO: [Project 1-236] Implementation specific constraints were found while reading constraint file [C:/Users/Simon/OneDrive/Desktop/CSE100/Lab5/sfcCSE100Lab5/sfcCSE100Lab5.srcs/constrs_1/imports/Lab5/Basys3_Master.xdc]. These constraints will be ignored for synthesis but will be used in implementation. Impacted constraints are listed in the file [.Xil/Top_Level_propImpl.xdc].
Resolution: To avoid this warning, move constraints listed in [.Xil/Top_Level_propImpl.xdc] to another XDC file and exclude this new file from synthesis with the used_in_synthesis property (File Properties dialog in GUI) and re-run elaboration/synthesis.
INFO: [Timing 38-2] Deriving generated clocks
Completed Processing XDC Constraints

Netlist sorting complete. Time (s): cpu = 00:00:00 ; elapsed = 00:00:00.001 . Memory (MB): peak = 883.516 ; gain = 0.000
INFO: [Project 1-111] Unisim Transformation Summary:
  A total of 52 instances were transformed.
  AND2 => LUT2: 12 instances
  AND3 => LUT3: 7 instances
  AND4 => LUT4: 6 instances
  BUF => LUT1: 3 instances
  XOR2 => LUT2: 24 instances

Constraint Validation Runtime : Time (s): cpu = 00:00:00 ; elapsed = 00:00:00.008 . Memory (MB): peak = 883.516 ; gain = 0.000
---------------------------------------------------------------------------------
Finished Constraint Validation : Time (s): cpu = 00:00:14 ; elapsed = 00:00:16 . Memory (MB): peak = 883.516 ; gain = 368.547
---------------------------------------------------------------------------------
---------------------------------------------------------------------------------
Start Loading Part and Timing Information
---------------------------------------------------------------------------------
Loading part: xc7a35tcpg236-1
---------------------------------------------------------------------------------
Finished Loading Part and Timing Information : Time (s): cpu = 00:00:14 ; elapsed = 00:00:16 . Memory (MB): peak = 883.516 ; gain = 368.547
---------------------------------------------------------------------------------
---------------------------------------------------------------------------------
Start Applying 'set_property' XDC Constraints
---------------------------------------------------------------------------------
---------------------------------------------------------------------------------
Finished applying 'set_property' XDC Constraints : Time (s): cpu = 00:00:14 ; elapsed = 00:00:16 . Memory (MB): peak = 883.516 ; gain = 368.547
---------------------------------------------------------------------------------
---------------------------------------------------------------------------------
Finished RTL Optimization Phase 2 : Time (s): cpu = 00:00:15 ; elapsed = 00:00:16 . Memory (MB): peak = 883.516 ; gain = 368.547
---------------------------------------------------------------------------------

Report RTL Partitions: 
+-+--------------+------------+----------+
| |RTL Partition |Replication |Instances |
+-+--------------+------------+----------+
+-+--------------+------------+----------+
---------------------------------------------------------------------------------
Start RTL Component Statistics 
---------------------------------------------------------------------------------
Detailed RTL Component Info : 
+---XORs : 
	   4 Input      1 Bit         XORs := 1     
	   2 Input      1 Bit         XORs := 46    
---------------------------------------------------------------------------------
Finished RTL Component Statistics 
---------------------------------------------------------------------------------
---------------------------------------------------------------------------------
Start RTL Hierarchical Component Statistics 
---------------------------------------------------------------------------------
Hierarchical RTL Component report 
Module Top_Level 
Detailed RTL Component Info : 
+---XORs : 
	   2 Input      1 Bit         XORs := 6     
Module Generator 
Detailed RTL Component Info : 
+---XORs : 
	   4 Input      1 Bit         XORs := 1     
Module countUD4L 
Detailed RTL Component Info : 
+---XORs : 
	   2 Input      1 Bit         XORs := 5     
---------------------------------------------------------------------------------
Finished RTL Hierarchical Component Statistics
---------------------------------------------------------------------------------
---------------------------------------------------------------------------------
Start Part Resource Summary
---------------------------------------------------------------------------------
Part Resources:
DSPs: 90 (col length:60)
BRAMs: 100 (col length: RAMB18 60 RAMB36 30)
---------------------------------------------------------------------------------
Finished Part Resource Summary
---------------------------------------------------------------------------------
---------------------------------------------------------------------------------
Start Cross Boundary and Area Optimization
---------------------------------------------------------------------------------
Warning: Parallel synthesis criteria is not met 
WARNING: [Synth 8-3917] design Top_Level has port dp driven by constant 1
WARNING: [Synth 8-3332] Sequential element (slowit/slowclk/XLXI_44/I_Q2/I_36_35) is unused and will be removed from module Top_Level.
WARNING: [Synth 8-3332] Sequential element (slowit/slowclk/XLXI_44/I_Q3/I_36_35) is unused and will be removed from module Top_Level.
WARNING: [Synth 8-3332] Sequential element (Game/counter2/Q3_FF) is unused and will be removed from module Top_Level.
WARNING: [Synth 8-3332] Sequential element (Game/counter3/Q0_FF) is unused and will be removed from module Top_Level.
WARNING: [Synth 8-3332] Sequential element (Game/counter3/Q1_FF) is unused and will be removed from module Top_Level.
WARNING: [Synth 8-3332] Sequential element (Game/counter3/Q2_FF) is unused and will be removed from module Top_Level.
WARNING: [Synth 8-3332] Sequential element (Game/counter3/Q3_FF) is unused and will be removed from module Top_Level.
WARNING: [Synth 8-3332] Sequential element (Game/counter4/Q0_FF) is unused and will be removed from module Top_Level.
WARNING: [Synth 8-3332] Sequential element (Game/counter4/Q1_FF) is unused and will be removed from module Top_Level.
WARNING: [Synth 8-3332] Sequential element (Game/counter4/Q2_FF) is unused and will be removed from module Top_Level.
WARNING: [Synth 8-3332] Sequential element (Game/counter4/Q3_FF) is unused and will be removed from module Top_Level.
WARNING: [Synth 8-3332] Sequential element (Time/counter2/Q1_FF) is unused and will be removed from module Top_Level.
WARNING: [Synth 8-3332] Sequential element (Time/counter2/Q2_FF) is unused and will be removed from module Top_Level.
WARNING: [Synth 8-3332] Sequential element (Time/counter2/Q3_FF) is unused and will be removed from module Top_Level.
WARNING: [Synth 8-3332] Sequential element (Time/counter3/Q0_FF) is unused and will be removed from module Top_Level.
WARNING: [Synth 8-3332] Sequential element (Time/counter3/Q1_FF) is unused and will be removed from module Top_Level.
WARNING: [Synth 8-3332] Sequential element (Time/counter3/Q2_FF) is unused and will be removed from module Top_Level.
WARNING: [Synth 8-3332] Sequential element (Time/counter3/Q3_FF) is unused and will be removed from module Top_Level.
WARNING: [Synth 8-3332] Sequential element (Time/counter4/Q0_FF) is unused and will be removed from module Top_Level.
WARNING: [Synth 8-3332] Sequential element (Time/counter4/Q1_FF) is unused and will be removed from module Top_Level.
WARNING: [Synth 8-3332] Sequential element (Time/counter4/Q2_FF) is unused and will be removed from module Top_Level.
WARNING: [Synth 8-3332] Sequential element (Time/counter4/Q3_FF) is unused and will be removed from module Top_Level.
---------------------------------------------------------------------------------
Finished Cross Boundary and Area Optimization : Time (s): cpu = 00:00:17 ; elapsed = 00:00:19 . Memory (MB): peak = 883.516 ; gain = 368.547
---------------------------------------------------------------------------------

Report RTL Partitions: 
+-+--------------+------------+----------+
| |RTL Partition |Replication |Instances |
+-+--------------+------------+----------+
+-+--------------+------------+----------+
---------------------------------------------------------------------------------
Start Applying XDC Timing Constraints
---------------------------------------------------------------------------------
---------------------------------------------------------------------------------
Finished Applying XDC Timing Constraints : Time (s): cpu = 00:00:27 ; elapsed = 00:00:29 . Memory (MB): peak = 883.516 ; gain = 368.547
---------------------------------------------------------------------------------
---------------------------------------------------------------------------------
Start Timing Optimization
---------------------------------------------------------------------------------
---------------------------------------------------------------------------------
Finished Timing Optimization : Time (s): cpu = 00:00:27 ; elapsed = 00:00:29 . Memory (MB): peak = 883.516 ; gain = 368.547
---------------------------------------------------------------------------------

Report RTL Partitions: 
+-+--------------+------------+----------+
| |RTL Partition |Replication |Instances |
+-+--------------+------------+----------+
+-+--------------+------------+----------+
---------------------------------------------------------------------------------
Start Technology Mapping
---------------------------------------------------------------------------------
---------------------------------------------------------------------------------
Finished Technology Mapping : Time (s): cpu = 00:00:27 ; elapsed = 00:00:29 . Memory (MB): peak = 883.516 ; gain = 368.547
---------------------------------------------------------------------------------

Report RTL Partitions: 
+-+--------------+------------+----------+
| |RTL Partition |Replication |Instances |
+-+--------------+------------+----------+
+-+--------------+------------+----------+
---------------------------------------------------------------------------------
Start IO Insertion
---------------------------------------------------------------------------------
---------------------------------------------------------------------------------
Start Flattening Before IO Insertion
---------------------------------------------------------------------------------
---------------------------------------------------------------------------------
Finished Flattening Before IO Insertion
---------------------------------------------------------------------------------
---------------------------------------------------------------------------------
Start Final Netlist Cleanup
---------------------------------------------------------------------------------
---------------------------------------------------------------------------------
Finished Final Netlist Cleanup
---------------------------------------------------------------------------------
---------------------------------------------------------------------------------
Finished IO Insertion : Time (s): cpu = 00:00:29 ; elapsed = 00:00:32 . Memory (MB): peak = 883.516 ; gain = 368.547
---------------------------------------------------------------------------------

Report Check Netlist: 
+------+------------------+-------+---------+-------+------------------+
|      |Item              |Errors |Warnings |Status |Description       |
+------+------------------+-------+---------+-------+------------------+
|1     |multi_driven_nets |      0|        0|Passed |Multi driven nets |
+------+------------------+-------+---------+-------+------------------+
---------------------------------------------------------------------------------
Start Renaming Generated Instances
---------------------------------------------------------------------------------
---------------------------------------------------------------------------------
Finished Renaming Generated Instances : Time (s): cpu = 00:00:29 ; elapsed = 00:00:32 . Memory (MB): peak = 883.516 ; gain = 368.547
---------------------------------------------------------------------------------

Report RTL Partitions: 
+-+--------------+------------+----------+
| |RTL Partition |Replication |Instances |
+-+--------------+------------+----------+
+-+--------------+------------+----------+
---------------------------------------------------------------------------------
Start Rebuilding User Hierarchy
---------------------------------------------------------------------------------
---------------------------------------------------------------------------------
Finished Rebuilding User Hierarchy : Time (s): cpu = 00:00:29 ; elapsed = 00:00:32 . Memory (MB): peak = 883.516 ; gain = 368.547
---------------------------------------------------------------------------------
---------------------------------------------------------------------------------
Start Renaming Generated Ports
---------------------------------------------------------------------------------
---------------------------------------------------------------------------------
Finished Renaming Generated Ports : Time (s): cpu = 00:00:29 ; elapsed = 00:00:32 . Memory (MB): peak = 883.516 ; gain = 368.547
---------------------------------------------------------------------------------
---------------------------------------------------------------------------------
Start Handling Custom Attributes
---------------------------------------------------------------------------------
---------------------------------------------------------------------------------
Finished Handling Custom Attributes : Time (s): cpu = 00:00:29 ; elapsed = 00:00:32 . Memory (MB): peak = 883.516 ; gain = 368.547
---------------------------------------------------------------------------------
---------------------------------------------------------------------------------
Start Renaming Generated Nets
---------------------------------------------------------------------------------
---------------------------------------------------------------------------------
Finished Renaming Generated Nets : Time (s): cpu = 00:00:29 ; elapsed = 00:00:32 . Memory (MB): peak = 883.516 ; gain = 368.547
---------------------------------------------------------------------------------
---------------------------------------------------------------------------------
Start Writing Synthesis Report
---------------------------------------------------------------------------------

Report BlackBoxes: 
+-+--------------+----------+
| |BlackBox name |Instances |
+-+--------------+----------+
+-+--------------+----------+

Report Cell Usage: 
+------+-----------+------+
|      |Cell       |Count |
+------+-----------+------+
|1     |AND2       |     9|
|2     |AND3       |     6|
|3     |AND4       |     4|
|4     |BUF        |     3|
|5     |BUFG       |     3|
|6     |LUT2       |     6|
|7     |LUT3       |     4|
|8     |LUT4       |     7|
|9     |LUT5       |     5|
|10    |LUT6       |    25|
|11    |MMCME2_ADV |     1|
|12    |STARTUPE2  |     1|
|13    |XOR2       |    22|
|14    |FDCE       |    22|
|15    |FDRE       |    48|
|16    |IBUF       |     4|
|17    |OBUF       |    28|
+------+-----------+------+

Report Instance Areas: 
+------+----------------+--------------------------+------+
|      |Instance        |Module                    |Cells |
+------+----------------+--------------------------+------+
|1     |top             |                          |   198|
|2     |  FSM           |State_Machine             |    16|
|3     |  Game          |counterUD16L              |    14|
|4     |    counter1    |countUD4L_30              |     9|
|5     |    counter2    |countUD4L_31              |     5|
|6     |  Go_Edge       |Edge_Detector             |     2|
|7     |  LED           |Edge_Detector_0           |     2|
|8     |  LEDs          |LED_Shifter               |    16|
|9     |  LFSR          |Generator                 |    13|
|10    |  Ring          |Ring_Counter              |    17|
|11    |  Stop_Edge     |Edge_Detector_1           |     1|
|12    |  Time          |counterUD16L_2            |    11|
|13    |    counter1    |countUD4L                 |    10|
|14    |    counter2    |countUD4L_29              |     1|
|15    |  slowit        |lab5_clks                 |    75|
|16    |    my_clk_inst |clk_wiz_0                 |     4|
|17    |    slowclk     |clkcntrl4                 |    70|
|18    |      XLXI_37   |CB4CE_MXILINX_clkcntrl4   |    12|
|19    |        I_Q0    |FTCE_MXILINX_clkcntrl4_25 |     2|
|20    |        I_Q1    |FTCE_MXILINX_clkcntrl4_26 |     2|
|21    |        I_Q2    |FTCE_MXILINX_clkcntrl4_27 |     2|
|22    |        I_Q3    |FTCE_MXILINX_clkcntrl4_28 |     2|
|23    |      XLXI_38   |CB4CE_MXILINX_clkcntrl4_3 |    12|
|24    |        I_Q0    |FTCE_MXILINX_clkcntrl4_21 |     2|
|25    |        I_Q1    |FTCE_MXILINX_clkcntrl4_22 |     2|
|26    |        I_Q2    |FTCE_MXILINX_clkcntrl4_23 |     2|
|27    |        I_Q3    |FTCE_MXILINX_clkcntrl4_24 |     2|
|28    |      XLXI_39   |CB4CE_MXILINX_clkcntrl4_4 |    10|
|29    |        I_Q0    |FTCE_MXILINX_clkcntrl4_17 |     2|
|30    |        I_Q1    |FTCE_MXILINX_clkcntrl4_18 |     2|
|31    |        I_Q2    |FTCE_MXILINX_clkcntrl4_19 |     2|
|32    |        I_Q3    |FTCE_MXILINX_clkcntrl4_20 |     2|
|33    |      XLXI_40   |CB4CE_MXILINX_clkcntrl4_5 |    12|
|34    |        I_Q0    |FTCE_MXILINX_clkcntrl4_13 |     2|
|35    |        I_Q1    |FTCE_MXILINX_clkcntrl4_14 |     2|
|36    |        I_Q2    |FTCE_MXILINX_clkcntrl4_15 |     2|
|37    |        I_Q3    |FTCE_MXILINX_clkcntrl4_16 |     2|
|38    |      XLXI_44   |CB4CE_MXILINX_clkcntrl4_6 |     4|
|39    |        I_Q0    |FTCE_MXILINX_clkcntrl4_11 |     2|
|40    |        I_Q1    |FTCE_MXILINX_clkcntrl4_12 |     2|
|41    |      XLXI_45   |CB4CE_MXILINX_clkcntrl4_7 |    12|
|42    |        I_Q0    |FTCE_MXILINX_clkcntrl4    |     2|
|43    |        I_Q1    |FTCE_MXILINX_clkcntrl4_8  |     2|
|44    |        I_Q2    |FTCE_MXILINX_clkcntrl4_9  |     2|
|45    |        I_Q3    |FTCE_MXILINX_clkcntrl4_10 |     2|
+------+----------------+--------------------------+------+
---------------------------------------------------------------------------------
Finished Writing Synthesis Report : Time (s): cpu = 00:00:29 ; elapsed = 00:00:32 . Memory (MB): peak = 883.516 ; gain = 368.547
---------------------------------------------------------------------------------
Synthesis finished with 0 errors, 0 critical warnings and 23 warnings.
Synthesis Optimization Runtime : Time (s): cpu = 00:00:20 ; elapsed = 00:00:29 . Memory (MB): peak = 883.516 ; gain = 242.039
Synthesis Optimization Complete : Time (s): cpu = 00:00:30 ; elapsed = 00:00:32 . Memory (MB): peak = 883.516 ; gain = 368.547
INFO: [Project 1-571] Translating synthesized netlist
INFO: [Netlist 29-17] Analyzing 46 Unisim elements for replacement
INFO: [Netlist 29-28] Unisim Transformation completed in 0 CPU seconds
INFO: [Project 1-570] Preparing netlist for logic optimization
INFO: [Opt 31-138] Pushed 0 inverter(s) to 0 load pin(s).
Netlist sorting complete. Time (s): cpu = 00:00:00 ; elapsed = 00:00:00.001 . Memory (MB): peak = 896.465 ; gain = 0.000
INFO: [Project 1-111] Unisim Transformation Summary:
  A total of 44 instances were transformed.
  AND2 => LUT2: 9 instances
  AND3 => LUT3: 6 instances
  AND4 => LUT4: 4 instances
  BUF => LUT1: 3 instances
  XOR2 => LUT2: 22 instances

INFO: [Common 17-83] Releasing license: Synthesis
77 Infos, 31 Warnings, 0 Critical Warnings and 0 Errors encountered.
synth_design completed successfully
synth_design: Time (s): cpu = 00:00:36 ; elapsed = 00:00:40 . Memory (MB): peak = 896.465 ; gain = 604.703
Netlist sorting complete. Time (s): cpu = 00:00:00 ; elapsed = 00:00:00 . Memory (MB): peak = 896.465 ; gain = 0.000
WARNING: [Constraints 18-5210] No constraints selected for write.
Resolution: This message can indicate that there are no constraints for the design, or it can indicate that the used_in flags are set such that the constraints are ignored. This later case is used when running synth_design to not write synthesis constraints to the resulting checkpoint. Instead, project constraints are read when the synthesized design is opened.
INFO: [Common 17-1381] The checkpoint 'C:/Users/Simon/OneDrive/Desktop/CSE100/Lab5/sfcCSE100Lab5/sfcCSE100Lab5.runs/synth_1/Top_Level.dcp' has been generated.
INFO: [runtcl-4] Executing : report_utilization -file Top_Level_utilization_synth.rpt -pb Top_Level_utilization_synth.pb
INFO: [Common 17-206] Exiting Vivado at Tue Nov 17 00:34:50 2020...
