INFO: [VRFC 10-2263] Analyzing Verilog file "C:/Users/Simon/OneDrive/Desktop/CSE100/Lab7/sfcCSE100Lab7/sfcCSE100Lab7.srcs/sources_1/new/Comparator.v" into library xil_defaultlib
INFO: [VRFC 10-311] analyzing module Comparator
INFO: [VRFC 10-2263] Analyzing Verilog file "C:/Users/Simon/OneDrive/Desktop/CSE100/Lab7/sfcCSE100Lab7/sfcCSE100Lab7.srcs/sources_1/new/Compare.v" into library xil_defaultlib
INFO: [VRFC 10-311] analyzing module Compare
INFO: [VRFC 10-2263] Analyzing Verilog file "C:/Users/Simon/OneDrive/Desktop/CSE100/Lab7/sfcCSE100Lab7/sfcCSE100Lab7.srcs/sources_1/imports/CSE100/Lab6/sfcCSE100Lab6/sfcCSE100Lab6.srcs/sources_1/imports/new/Control_Logic.v" into library xil_defaultlib
INFO: [VRFC 10-311] analyzing module Control_Logic
INFO: [VRFC 10-2263] Analyzing Verilog file "C:/Users/Simon/OneDrive/Desktop/CSE100/Lab7/sfcCSE100Lab7/sfcCSE100Lab7.srcs/sources_1/new/Divider_ControlLogic.v" into library xil_defaultlib
INFO: [VRFC 10-311] analyzing module Divider_ControlLogic
INFO: [VRFC 10-2263] Analyzing Verilog file "C:/Users/Simon/OneDrive/Desktop/CSE100/Lab7/sfcCSE100Lab7/sfcCSE100Lab7.srcs/sources_1/new/Divider_StateMachine.v" into library xil_defaultlib
INFO: [VRFC 10-311] analyzing module Divider_StateMachine
INFO: [VRFC 10-2263] Analyzing Verilog file "C:/Users/Simon/OneDrive/Desktop/CSE100/Lab7/sfcCSE100Lab7/sfcCSE100Lab7.srcs/sources_1/new/Divisor.v" into library xil_defaultlib
INFO: [VRFC 10-311] analyzing module Divider
INFO: [VRFC 10-2263] Analyzing Verilog file "C:/Users/Simon/OneDrive/Desktop/CSE100/Lab7/sfcCSE100Lab7/sfcCSE100Lab7.srcs/sources_1/imports/CSE100/Lab4/sfcCSE100Lab4/sfcCSE100Lab4.srcs/sources_1/new/Edge_Detector.v" into library xil_defaultlib
INFO: [VRFC 10-311] analyzing module Edge_Detector
INFO: [VRFC 10-2263] Analyzing Verilog file "C:/Users/Simon/OneDrive/Desktop/CSE100/Lab7/sfcCSE100Lab7/sfcCSE100Lab7.srcs/sources_1/new/Full_Subtractor.v" into library xil_defaultlib
INFO: [VRFC 10-311] analyzing module Full_Subtractor
INFO: [VRFC 10-2263] Analyzing Verilog file "C:/Users/Simon/OneDrive/Desktop/CSE100/Lab7/sfcCSE100Lab7/sfcCSE100Lab7.srcs/sources_1/new/LED_Input_Control.v" into library xil_defaultlib
INFO: [VRFC 10-311] analyzing module LED_Input_Control
INFO: [VRFC 10-2263] Analyzing Verilog file "C:/Users/Simon/OneDrive/Desktop/CSE100/Lab7/sfcCSE100Lab7/sfcCSE100Lab7.srcs/sources_1/new/LED_Prime_Control.v" into library xil_defaultlib
INFO: [VRFC 10-311] analyzing module LED_Prime_Control
INFO: [VRFC 10-2263] Analyzing Verilog file "C:/Users/Simon/OneDrive/Desktop/CSE100/Lab7/sfcCSE100Lab7/sfcCSE100Lab7.srcs/sources_1/new/Led_Selector.v" into library xil_defaultlib
INFO: [VRFC 10-311] analyzing module Led_Selector
INFO: [VRFC 10-2263] Analyzing Verilog file "C:/Users/Simon/OneDrive/Desktop/CSE100/Lab7/sfcCSE100Lab7/sfcCSE100Lab7.srcs/sources_1/imports/new/MUX2_1x8.v" into library xil_defaultlib
INFO: [VRFC 10-311] analyzing module MUX2_1x16
INFO: [VRFC 10-2263] Analyzing Verilog file "C:/Users/Simon/OneDrive/Desktop/CSE100/Lab7/sfcCSE100Lab7/sfcCSE100Lab7.srcs/sources_1/imports/CSE100/Lab3/sfcCSE100Lab3/sfcCSE100Lab3.srcs/sources_1/new/MUX8_1.v" into library xil_defaultlib
INFO: [VRFC 10-311] analyzing module MUX8_1
INFO: [VRFC 10-2263] Analyzing Verilog file "C:/Users/Simon/OneDrive/Desktop/CSE100/Lab7/sfcCSE100Lab7/sfcCSE100Lab7.srcs/sources_1/new/Out_Selector.v" into library xil_defaultlib
INFO: [VRFC 10-311] analyzing module Out_Selector
INFO: [VRFC 10-2263] Analyzing Verilog file "C:/Users/Simon/OneDrive/Desktop/CSE100/Lab7/sfcCSE100Lab7/sfcCSE100Lab7.srcs/sources_1/imports/CSE100/Lab4/sfcCSE100Lab4/sfcCSE100Lab4.srcs/sources_1/new/Ring_Counter.v" into library xil_defaultlib
INFO: [VRFC 10-311] analyzing module Ring_Counter
INFO: [VRFC 10-2263] Analyzing Verilog file "C:/Users/Simon/OneDrive/Desktop/CSE100/Lab7/sfcCSE100Lab7/sfcCSE100Lab7.srcs/sources_1/imports/CSE100/Lab3/sfcCSE100Lab3/sfcCSE100Lab3.srcs/sources_1/new/Segment_Display.v" into library xil_defaultlib
INFO: [VRFC 10-311] analyzing module Segment_Display
INFO: [VRFC 10-2263] Analyzing Verilog file "C:/Users/Simon/OneDrive/Desktop/CSE100/Lab7/sfcCSE100Lab7/sfcCSE100Lab7.srcs/sources_1/imports/CSE100/Lab4/sfcCSE100Lab4/sfcCSE100Lab4.srcs/sources_1/new/Selector.v" into library xil_defaultlib
INFO: [VRFC 10-311] analyzing module Selector
INFO: [VRFC 10-2263] Analyzing Verilog file "C:/Users/Simon/OneDrive/Desktop/CSE100/Lab7/sfcCSE100Lab7/sfcCSE100Lab7.srcs/sources_1/new/Shift_Register.v" into library xil_defaultlib
INFO: [VRFC 10-311] analyzing module Shift_Register
INFO: [VRFC 10-2263] Analyzing Verilog file "C:/Users/Simon/OneDrive/Desktop/CSE100/Lab7/sfcCSE100Lab7/sfcCSE100Lab7.srcs/sources_1/imports/CSE100/Lab6/sfcCSE100Lab6/sfcCSE100Lab6.srcs/sources_1/imports/new/State_Machine.v" into library xil_defaultlib
INFO: [VRFC 10-311] analyzing module State_Machine
INFO: [VRFC 10-2263] Analyzing Verilog file "C:/Users/Simon/OneDrive/Desktop/CSE100/Lab7/sfcCSE100Lab7/sfcCSE100Lab7.srcs/sources_1/new/Subtractor16bit.v" into library xil_defaultlib
INFO: [VRFC 10-311] analyzing module Subtractor16bit
INFO: [VRFC 10-2263] Analyzing Verilog file "C:/Users/Simon/OneDrive/Desktop/CSE100/Lab7/sfcCSE100Lab7/sfcCSE100Lab7.srcs/sources_1/new/Top_Level.v" into library xil_defaultlib
INFO: [VRFC 10-311] analyzing module Top_Level
INFO: [VRFC 10-2263] Analyzing Verilog file "C:/Users/Simon/OneDrive/Desktop/CSE100/Lab7/sfcCSE100Lab7/sfcCSE100Lab7.srcs/sources_1/imports/new/countUD4L.v" into library xil_defaultlib
INFO: [VRFC 10-311] analyzing module countUD4L
INFO: [VRFC 10-2263] Analyzing Verilog file "C:/Users/Simon/OneDrive/Desktop/CSE100/Lab7/sfcCSE100Lab7/sfcCSE100Lab7.srcs/sources_1/imports/new/counterUD16L.v" into library xil_defaultlib
INFO: [VRFC 10-311] analyzing module counterUD16L
INFO: [VRFC 10-2263] Analyzing Verilog file "C:/Users/Simon/OneDrive/Desktop/CSE100/Lab7/sfcCSE100Lab7/sfcCSE100Lab7.srcs/sources_1/imports/Lab7/lab6_clks.v" into library xil_defaultlib
INFO: [VRFC 10-311] analyzing module lab6_clks
INFO: [VRFC 10-311] analyzing module clk_wiz_0
INFO: [VRFC 10-311] analyzing module clkcntrl4
INFO: [VRFC 10-2458] undeclared symbol XLXN_78, assumed default net type wire [C:/Users/Simon/OneDrive/Desktop/CSE100/Lab7/sfcCSE100Lab7/sfcCSE100Lab7.srcs/sources_1/imports/Lab7/lab6_clks.v:247]
INFO: [VRFC 10-2458] undeclared symbol qsec0, assumed default net type wire [C:/Users/Simon/OneDrive/Desktop/CSE100/Lab7/sfcCSE100Lab7/sfcCSE100Lab7.srcs/sources_1/imports/Lab7/lab6_clks.v:268]
INFO: [VRFC 10-2458] undeclared symbol qsec2, assumed default net type wire [C:/Users/Simon/OneDrive/Desktop/CSE100/Lab7/sfcCSE100Lab7/sfcCSE100Lab7.srcs/sources_1/imports/Lab7/lab6_clks.v:269]
INFO: [VRFC 10-2458] undeclared symbol qsec3, assumed default net type wire [C:/Users/Simon/OneDrive/Desktop/CSE100/Lab7/sfcCSE100Lab7/sfcCSE100Lab7.srcs/sources_1/imports/Lab7/lab6_clks.v:278]
INFO: [VRFC 10-311] analyzing module FTCE_MXILINX_clkcntrl4
INFO: [VRFC 10-311] analyzing module CB4CE_MXILINX_clkcntrl4
INFO: [VRFC 10-2263] Analyzing Verilog file "C:/Users/Simon/OneDrive/Desktop/CSE100/Lab7/sfcCSE100Lab7/sfcCSE100Lab7.srcs/sim_1/new/Test_Bench.v" into library xil_defaultlib
INFO: [VRFC 10-311] analyzing module Test_Bench
