#
# A fatal error has been detected by the Java Runtime Environment:
#
#  EXCEPTION_ACCESS_VIOLATION (0xc0000005) at pc=0x00007ff92979a1a5, pid=11508, tid=10544
#
# JRE version: Java(TM) SE Runtime Environment (9.0+11) (build 9.0.4+11)
# Java VM: Java HotSpot(TM) 64-Bit Server VM (9.0.4+11, mixed mode, tiered, compressed oops, g1 gc, windows-amd64)
# Problematic frame:
# C  [librdi_common.dll+0x17a1a5]
#
# No core dump will be written. Minidumps are not enabled by default on client versions of Windows
#
# If you would like to submit a bug report, please visit:
#   http://bugreport.java.com/bugreport/crash.jsp
# The crash happened outside the Java Virtual Machine in native code.
# See problematic frame for where to report the bug.
#

---------------  S U M M A R Y ------------

Command Line: -Dsun.java2d.pmoffscreen=false -Dsun.java2d.xrender=false -Dsun.java2d.d3d=false -Dsun.awt.nopixfmt=true -Dsun.java2d.dpiaware=true -Dsun.java2d.uiScale.enabled=false -Xverify:none -Dswing.aatext=true -XX:-UsePerfData -Djdk.map.althashing.threshold=512 -XX:StringTableSize=4072 --add-opens=java.base/java.nio=ALL-UNNAMED --add-opens=java.desktop/sun.swing=ALL-UNNAMED --add-opens=java.desktop/javax.swing=ALL-UNNAMED --add-opens=java.desktop/javax.swing.tree=ALL-UNNAMED --add-opens=java.desktop/javax.swing.plaf.basic=ALL-UNNAMED --add-opens=java.desktop/javax.swing.plaf.synth=ALL-UNNAMED --add-opens=java.desktop/com.sun.awt=ALL-UNNAMED -XX:NewSize=60m -XX:MaxNewSize=60m -Xms128m -Xmx3072m -Xss5m 

Host: Intel(R) Core(TM) i5-6267U CPU @ 2.90GHz, 4 cores, 7G,  Windows 10 , 64 bit Build 19041 (10.0.19041.546)
Time: Mon Dec 07 22:30:40 2020 Pacific Standard Time elapsed time: 16610 seconds (0d 4h 36m 50s)

---------------  T H R E A D  ---------------

Current thread (0x0000021c23c94800):  JavaThread "AWT-EventQueue-1" [_thread_in_native, id=10544, stack(0x000000aedd300000,0x000000aedd800000)]

Stack: [0x000000aedd300000,0x000000aedd800000],  sp=0x000000aedd7fac00,  free space=5099k
Native frames: (J=compiled Java code, j=interpreted, Vv=VM code, C=native code)
C  [librdi_common.dll+0x17a1a5]
C  [librdi_common.dll+0x16ee15]
C  [librdi_common.dll+0x1386da]
C  [librdi_wavedata.dll+0x1e1eff]
C  [librdi_wavedata.dll+0x2621df]
C  [librdi_wavedata.dll+0x269e19]
C  [librdi_wavedata.dll+0x23a4cb]
C  [librdi_wavedata.dll+0x276de7]
C  0x0000021c11dc643a

Java frames: (J=compiled Java code, j=interpreted, Vv=VM code)
J 16357  ui.views.waveform.waveformi.WVExecutive_getTooltipTextDelayed(J)Ljava/lang/String; (0 bytes) @ 0x0000021c11dc63a1 [0x0000021c11dc6360+0x0000000000000041]
J 23521 c2 ui.views.waveform.b.a.mouseMoved(Ljava/awt/event/MouseEvent;)V (32 bytes) @ 0x0000021c1265b4cc [0x0000021c1265b320+0x00000000000001ac]
J 16696 c2 java.awt.AWTEventMulticaster.mouseMoved(Ljava/awt/event/MouseEvent;)V java.desktop@9.0.4 (27 bytes) @ 0x0000021c1136dd74 [0x0000021c1136dcc0+0x00000000000000b4]
J 16696 c2 java.awt.AWTEventMulticaster.mouseMoved(Ljava/awt/event/MouseEvent;)V java.desktop@9.0.4 (27 bytes) @ 0x0000021c1136dd34 [0x0000021c1136dcc0+0x0000000000000074]
J 18915 c2 ui.frmwork.c.i.processMouseMotionEvent(Ljava/awt/event/MouseEvent;)V (131 bytes) @ 0x0000021c11c9bc94 [0x0000021c11c9b8a0+0x00000000000003f4]
J 25409 c2 java.awt.Container.processEvent(Ljava/awt/AWTEvent;)V java.desktop@9.0.4 (22 bytes) @ 0x0000021c12888da4 [0x0000021c12888c20+0x0000000000000184]
J 27551 c2 java.awt.Component.dispatchEventImpl(Ljava/awt/AWTEvent;)V java.desktop@9.0.4 (739 bytes) @ 0x0000021c12ecd478 [0x0000021c12eccb80+0x00000000000008f8]
J 24619 c2 java.awt.Container.dispatchEventImpl(Ljava/awt/AWTEvent;)V java.desktop@9.0.4 (129 bytes) @ 0x0000021c12829d5c [0x0000021c128299e0+0x000000000000037c]
J 15782 c2 java.awt.LightweightDispatcher.retargetMouseEvent(Ljava/awt/Component;ILjava/awt/event/MouseEvent;)V java.desktop@9.0.4 (350 bytes) @ 0x0000021c115dec70 [0x0000021c115de6a0+0x00000000000005d0]
J 16887 c2 java.awt.LightweightDispatcher.processMouseEvent(Ljava/awt/event/MouseEvent;)Z java.desktop@9.0.4 (265 bytes) @ 0x0000021c117a211c [0x0000021c117a1b60+0x00000000000005bc]
J 24619 c2 java.awt.Container.dispatchEventImpl(Ljava/awt/AWTEvent;)V java.desktop@9.0.4 (129 bytes) @ 0x0000021c12829fc0 [0x0000021c128299e0+0x00000000000005e0]
J 16702 c2 java.awt.Window.dispatchEventImpl(Ljava/awt/AWTEvent;)V java.desktop@9.0.4 (23 bytes) @ 0x0000021c114ae90c [0x0000021c114ae8c0+0x000000000000004c]
J 15954 c2 java.awt.EventQueue$3.run()Ljava/lang/Object; java.desktop@9.0.4 (5 bytes) @ 0x0000021c11d45744 [0x0000021c11d455e0+0x0000000000000164]
v  ~StubRoutines::call_stub
J 4333  java.security.AccessController.doPrivileged(Ljava/security/PrivilegedAction;Ljava/security/AccessControlContext;)Ljava/lang/Object; java.base@9.0.4 (0 bytes) @ 0x0000021c1107ed46 [0x0000021c1107ece0+0x0000000000000066]
J 16325 c2 java.awt.EventQueue$4.run()Ljava/lang/Object; java.desktop@9.0.4 (5 bytes) @ 0x0000021c11dc3340 [0x0000021c11dc30e0+0x0000000000000260]
v  ~StubRoutines::call_stub
J 4333  java.security.AccessController.doPrivileged(Ljava/security/PrivilegedAction;Ljava/security/AccessControlContext;)Ljava/lang/Object; java.base@9.0.4 (0 bytes) @ 0x0000021c1107ed46 [0x0000021c1107ece0+0x0000000000000066]
J 12819 c2 java.awt.EventQueue.dispatchEvent(Ljava/awt/AWTEvent;)V java.desktop@9.0.4 (80 bytes) @ 0x0000021c11a5e4c0 [0x0000021c11a5e140+0x0000000000000380]
J 28162 c2 ui.frmwork.b.d.dispatchEvent(Ljava/awt/AWTEvent;)V (34 bytes) @ 0x0000021c122b3b64 [0x0000021c122b3a60+0x0000000000000104]
J 27578 c2 java.awt.EventDispatchThread.pumpOneEventForFilters(I)V java.desktop@9.0.4 (218 bytes) @ 0x0000021c12ee24d8 [0x0000021c12ee2180+0x0000000000000358]
J 19742% c2 java.awt.EventDispatchThread.pumpEventsForFilter(ILjava/awt/Conditional;Ljava/awt/EventFilter;)V java.desktop@9.0.4 (47 bytes) @ 0x0000021c12210d58 [0x0000021c12210c40+0x0000000000000118]
j  java.awt.EventDispatchThread.pumpEventsForHierarchy(ILjava/awt/Conditional;Ljava/awt/Component;)V+11 java.desktop@9.0.4
j  java.awt.EventDispatchThread.pumpEvents(ILjava/awt/Conditional;)V+4 java.desktop@9.0.4
j  java.awt.EventDispatchThread.pumpEvents(Ljava/awt/Conditional;)V+3 java.desktop@9.0.4
j  java.awt.EventDispatchThread.run()V+9 java.desktop@9.0.4
v  ~StubRoutines::call_stub

siginfo: EXCEPTION_ACCESS_VIOLATION (0xc0000005), reading address 0xffffffffffffffff


Register to memory mapping:

RIP=0x00007ff92979a1a5 librdi_common.dll
RAX=0x0000021c76c25201 is an unknown value
RBX=0x900107008e28d7a6 is an unknown value
RCX=0x0000021c76c252a0 is an unknown value
RDX=0x900107008e28d7a6 is an unknown value
RSP=0x000000aedd7fac00 is pointing into the stack for thread: 0x0000021c23c94800
RBP=0x000000aedd7fad30 is pointing into the stack for thread: 0x0000021c23c94800
RSI=0x0000021c2d3f4aa0 is an unknown value
RDI=0x000000aedd7fae18 is pointing into the stack for thread: 0x0000021c23c94800
R8 =0x000000aedd7fae18 is pointing into the stack for thread: 0x0000021c23c94800
R9 =0x0000000000000000 is an unknown value
R10=0x0000021c26e687e8 is an unknown value
R11=0x0000021c3034eb18 is an unknown value
R12=0x000000aedd7fae18 is pointing into the stack for thread: 0x0000021c23c94800
R13=0x0000000000000000 is an unknown value
R14=0x0000021c75141e10 is an unknown value
R15=0x900107008e28d7a6 is an unknown value


Registers:
RAX=0x0000021c76c25201, RBX=0x900107008e28d7a6, RCX=0x0000021c76c252a0, RDX=0x900107008e28d7a6
RSP=0x000000aedd7fac00, RBP=0x000000aedd7fad30, RSI=0x0000021c2d3f4aa0, RDI=0x000000aedd7fae18
R8 =0x000000aedd7fae18, R9 =0x0000000000000000, R10=0x0000021c26e687e8, R11=0x0000021c3034eb18
R12=0x000000aedd7fae18, R13=0x0000000000000000, R14=0x0000021c75141e10, R15=0x900107008e28d7a6
RIP=0x00007ff92979a1a5, EFLAGS=0x0000000000010202

Top of Stack: (sp=0x000000aedd7fac00)
0x000000aedd7fac00:   000000aedd7fafb0 00007ff962c02677
0x000000aedd7fac10:   000000ae00000000 900107008e28d7a6
0x000000aedd7fac20:   900107008e28d7a6 00007ff92978ee15
0x000000aedd7fac30:   000000002c5da015 00007ff962c0290f
0x000000aedd7fac40:   00002da2d6dbee6d 0000000000000000
0x000000aedd7fac50:   0000021c328be220 0000021c3034eaf0
0x000000aedd7fac60:   0000000000000002 00007ff9297f8985
0x000000aedd7fac70:   0000021c23e6a7f0 0000021c3034eaf8
0x000000aedd7fac80:   0000021c3034eb38 0000021c3034eaf0
0x000000aedd7fac90:   fffffffffffffffe 00007ff929d66a6d
0x000000aedd7faca0:   fffffffffffffffe 00007ff92a453fe0
0x000000aedd7facb0:   0000021c3034eaf0 0000021c75186ad8
0x000000aedd7facc0:   000000aedd7fae18 00007ff9297f7c76
0x000000aedd7facd0:   0000021c3034eaf0 000000aedd7fae18
0x000000aedd7face0:   0000021c00000002 0000000000000000
0x000000aedd7facf0:   fffffffffffffffe 000000000000000f 

Instructions: (pc=0x00007ff92979a1a5)
0x00007ff92979a185:   20 48 8b d9 e8 22 c4 04 00 48 8b c8 48 8b d3 e8
0x00007ff92979a195:   27 0d 05 00 84 c0 75 08 33 c0 48 83 c4 20 5b c3
0x00007ff92979a1a5:   48 8b 4b 50 48 85 c9 74 0a 48 83 c4 20 5b e9 68
0x00007ff92979a1b5:   e2 04 00 48 8b d3 48 8d 0d 26 fc 73 00 e8 59 b7 



---------------  P R O C E S S  ---------------

Java Threads: ( => current thread )
  0x0000021c3061e800 JavaThread "Relaunch Simulation" [_thread_blocked, id=12804, stack(0x000000aee4600000,0x000000aee4b00000)]
  0x0000021c3061c800 JavaThread "Swing-Shell" daemon [_thread_blocked, id=10992, stack(0x000000aee5000000,0x000000aee5500000)]
  0x0000021c30615000 JavaThread "Monitor File Timestamp Swing Worker" [_thread_blocked, id=11520, stack(0x000000aee4100000,0x000000aee4600000)]
  0x0000021c30615800 JavaThread "Timer-8" [_thread_blocked, id=340, stack(0x000000aee3c00000,0x000000aee4100000)]
  0x0000021c30617000 JavaThread "Monitor File Timestamp Swing Worker" [_thread_blocked, id=10676, stack(0x000000aee1e00000,0x000000aee2300000)]
  0x0000021c30614000 JavaThread "Timer-7" [_thread_blocked, id=8748, stack(0x000000aee1100000,0x000000aee1600000)]
  0x0000021c30619800 JavaThread "Monitor File Timestamp Swing Worker" [_thread_blocked, id=6856, stack(0x000000aee2d00000,0x000000aee3200000)]
  0x0000021c3061b000 JavaThread "Timer-6" [_thread_blocked, id=11600, stack(0x000000aee2300000,0x000000aee2800000)]
  0x0000021c30616800 JavaThread "Monitor File Timestamp Swing Worker" [_thread_blocked, id=14872, stack(0x000000aee3700000,0x000000aee3c00000)]
  0x0000021c30613800 JavaThread "Timer-5" [_thread_blocked, id=2844, stack(0x000000aee3200000,0x000000aee3700000)]
  0x0000021c023f1800 JavaThread "SyntheticaAnimation 50" daemon [_thread_blocked, id=5160, stack(0x000000aee0c00000,0x000000aee1100000)]
  0x0000021c023f0800 JavaThread "Image Animator 0" daemon [_thread_blocked, id=7500, stack(0x000000aee2800000,0x000000aee2d00000)]
  0x0000021c28b22800 JavaThread "SyntheticaAnimation 50" daemon [_thread_blocked, id=4216, stack(0x000000aedfb00000,0x000000aee0000000)]
  0x0000021c28b21000 JavaThread "Update Runs Swing Worker" [_thread_blocked, id=11964, stack(0x000000aee1900000,0x000000aee1e00000)]
  0x0000021c28b1f800 JavaThread "hw_ila_monitor" [_thread_blocked, id=7356, stack(0x000000aedf100000,0x000000aedf600000)]
  0x0000021c28b22000 JavaThread "Refresh Filesets Swing Worker" [_thread_blocked, id=7804, stack(0x000000aee0500000,0x000000aee0a00000)]
  0x0000021c28b1f000 JavaThread "SyntheticaAnimation 70" daemon [_thread_blocked, id=7516, stack(0x000000aee0000000,0x000000aee0500000)]
  0x0000021c023f4800 JavaThread "SyntheticaAnimation 25" daemon [_thread_blocked, id=980, stack(0x000000aedf600000,0x000000aedfb00000)]
  0x0000021c023f3000 JavaThread "SyntheticaAnimation 50" daemon [_thread_blocked, id=11416, stack(0x000000aedec00000,0x000000aedf100000)]
  0x0000021c023f7800 JavaThread "Monitor HEventQueue" [_thread_blocked, id=2016, stack(0x000000aede700000,0x000000aedec00000)]
  0x0000021c023f6000 JavaThread "SyntheticaCleanerThread" daemon [_thread_blocked, id=14428, stack(0x000000aedd800000,0x000000aeddd00000)]
  0x0000021c023f6800 JavaThread "Batik CleanerThread" daemon [_thread_blocked, id=12356, stack(0x000000aede200000,0x000000aede700000)]
=>0x0000021c23c94800 JavaThread "AWT-EventQueue-1" [_thread_in_native, id=10544, stack(0x000000aedd300000,0x000000aedd800000)]
  0x0000021c235e6800 JavaThread "Process Messages" [_thread_blocked, id=15232, stack(0x000000aedce00000,0x000000aedd300000)]
  0x0000021c7c5c4800 JavaThread "Thread-1" [_thread_in_native, id=5428, stack(0x000000aed6f00000,0x000000aed8300000)]
  0x0000021c24257000 JavaThread "AWT-Shutdown" [_thread_blocked, id=6616, stack(0x000000aeddd00000,0x000000aede200000)]
  0x0000021c236c9800 JavaThread "TimerQueue" daemon [_thread_blocked, id=11884, stack(0x000000aedbf00000,0x000000aedc400000)]
  0x0000021c02229800 JavaThread "AWT-Windows" daemon [_thread_in_native, id=14456, stack(0x000000aedc400000,0x000000aedc900000)]
  0x0000021c01cec000 JavaThread "Java2D Disposer" daemon [_thread_blocked, id=12316, stack(0x000000aedba00000,0x000000aedbf00000)]
  0x0000021c0223e800 JavaThread "Service Thread" daemon [_thread_blocked, id=8496, stack(0x000000aedb400000,0x000000aedb900000)]
  0x0000021c02152000 JavaThread "Common-Cleaner" daemon [_thread_blocked, id=9956, stack(0x000000aedaf00000,0x000000aedb400000)]
  0x0000021c023f2000 JavaThread "Sweeper thread" daemon [_thread_blocked, id=3164, stack(0x000000aedaa00000,0x000000aedaf00000)]
  0x0000021c7b5fe000 JavaThread "C1 CompilerThread2" daemon [_thread_blocked, id=10884, stack(0x000000aeda900000,0x000000aedaa00000)]
  0x0000021c01f36000 JavaThread "C2 CompilerThread1" daemon [_thread_blocked, id=5576, stack(0x000000aeda800000,0x000000aeda900000)]
  0x0000021c7b5fd800 JavaThread "C2 CompilerThread0" daemon [_thread_blocked, id=14264, stack(0x000000aeda700000,0x000000aeda800000)]
  0x0000021c78823800 JavaThread "Attach Listener" daemon [_thread_blocked, id=14208, stack(0x000000aeda200000,0x000000aeda700000)]
  0x0000021c78822800 JavaThread "Signal Dispatcher" daemon [_thread_blocked, id=14168, stack(0x000000aed9d00000,0x000000aeda200000)]
  0x0000021c0240b800 JavaThread "Finalizer" daemon [_thread_blocked, id=2524, stack(0x000000aed9800000,0x000000aed9d00000)]
  0x0000021c0240a800 JavaThread "Reference Handler" daemon [_thread_blocked, id=10916, stack(0x000000aed9300000,0x000000aed9800000)]
  0x0000021c01e9f000 JavaThread "main" [_thread_blocked, id=2508, stack(0x000000aed8500000,0x000000aed8600000)]

Other Threads:
  0x0000021c01e77000 VMThread "VM Thread" [stack: 0x000000aed9200000,0x000000aed9300000] [id=10900]
  0x0000021c7dc5a800 WatcherThread [stack: 0x000000aedb900000,0x000000aedba00000] [id=14536]
  0x0000021c021c3800 GCTaskThread "GC Thread#0" [stack: 0x000000aed8700000,0x000000aed8800000] [id=9288]
  0x0000021c021c4800 GCTaskThread "GC Thread#1" [stack: 0x000000aed8800000,0x000000aed8900000] [id=7700]
  0x0000021c021c6000 GCTaskThread "GC Thread#2" [stack: 0x000000aed8900000,0x000000aed8a00000] [id=4900]
  0x0000021c021c1000 GCTaskThread "GC Thread#3" [stack: 0x000000aed8a00000,0x000000aed8b00000] [id=9268]
  0x0000021c01ec7800 ConcurrentGCThread "G1 Main Marker" [stack: 0x000000aed9000000,0x000000aed9100000] [id=10888]
  0x0000021c021c0800 ConcurrentGCThread "G1 Marker#0" [stack: 0x000000aed9100000,0x000000aed9200000] [id=10880]
  0x0000021c7b41f800 ConcurrentGCThread "G1 Refine#0" [stack: 0x000000aed8e00000,0x000000aed8f00000] [id=5748]
  0x0000021c02568800 ConcurrentGCThread "G1 Refine#1" [stack: 0x000000aed8d00000,0x000000aed8e00000] [id=9544]
  0x0000021c7e425800 ConcurrentGCThread "G1 Refine#2" [stack: 0x000000aed8c00000,0x000000aed8d00000] [id=3048]
  0x0000021c7e8c7800 ConcurrentGCThread "G1 Refine#3" [stack: 0x000000aed8b00000,0x000000aed8c00000] [id=3996]
  0x0000021c7c0ec000 ConcurrentGCThread "G1 Young RemSet Sampling" [stack: 0x000000aed8f00000,0x000000aed9000000] [id=3632]

Threads with active compile tasks:

VM state:not at safepoint (normal execution)

VM Mutex/Monitor currently owned by a thread: None

Heap address: 0x0000000700000000, size: 3072 MB, Compressed Oops mode: Zero based, Oop shift amount: 3
Narrow klass base: 0x0000000000000000, Narrow klass shift: 3
Compressed class space size: 1073741824 Address: 0x00000007c0000000

Heap:
 garbage-first heap   total 224256K, used 93108K [0x0000000700000000, 0x00000007001006d8, 0x00000007c0000000)
  region size 1024K, 21 young (21504K), 2 survivors (2048K)
 Metaspace       used 86540K, capacity 88635K, committed 96036K, reserved 1132544K
  class space    used 11200K, capacity 11666K, committed 13132K, reserved 1048576K
Heap Regions: E=young(eden), S=young(survivor), O=old, HS=humongous(starts), HC=humongous(continues), CS=collection set, F=free, A=archive, TS=gc time stamp, AC=allocation context, TAMS=top-at-mark-start (previous, next)
|   0|0x0000000700000000, 0x00000007000e1608, 0x0000000700100000| 88%| O|  |TS  0|AC  0|TAMS 0x0000000700000000, 0x0000000700000000|
|   1|0x0000000700100000, 0x0000000700200000, 0x0000000700200000|100%|HS|  |TS  0|AC  0|TAMS 0x0000000700100000, 0x0000000700100000|
|   2|0x0000000700200000, 0x0000000700300000, 0x0000000700300000|100%|HC|  |TS  0|AC  0|TAMS 0x0000000700200000, 0x0000000700200000|
|   3|0x0000000700300000, 0x0000000700400000, 0x0000000700400000|100%|HS|  |TS  0|AC  0|TAMS 0x0000000700300000, 0x0000000700300000|
|   4|0x0000000700400000, 0x00000007004fd908, 0x0000000700500000| 99%| O|  |TS  0|AC  0|TAMS 0x0000000700400000, 0x0000000700400000|
|   5|0x0000000700500000, 0x0000000700600000, 0x0000000700600000|100%| O|  |TS  0|AC  0|TAMS 0x0000000700500000, 0x0000000700500000|
|   6|0x0000000700600000, 0x0000000700700000, 0x0000000700700000|100%| O|  |TS  0|AC  0|TAMS 0x0000000700600000, 0x0000000700600000|
|   7|0x0000000700700000, 0x00000007007ffff0, 0x0000000700800000| 99%| O|  |TS  0|AC  0|TAMS 0x0000000700700000, 0x0000000700700000|
|   8|0x0000000700800000, 0x00000007008ffff0, 0x0000000700900000| 99%| O|  |TS  0|AC  0|TAMS 0x0000000700800000, 0x0000000700800000|
|   9|0x0000000700900000, 0x00000007009ffff0, 0x0000000700a00000| 99%| O|  |TS  0|AC  0|TAMS 0x0000000700900000, 0x0000000700900000|
|  10|0x0000000700a00000, 0x0000000700affff0, 0x0000000700b00000| 99%| O|  |TS  0|AC  0|TAMS 0x0000000700a00000, 0x0000000700a00000|
|  11|0x0000000700b00000, 0x0000000700bec958, 0x0000000700c00000| 92%| O|  |TS  0|AC  0|TAMS 0x0000000700b00000, 0x0000000700b00000|
|  12|0x0000000700c00000, 0x0000000700cce128, 0x0000000700d00000| 80%| O|  |TS  0|AC  0|TAMS 0x0000000700c00000, 0x0000000700c00000|
|  13|0x0000000700d00000, 0x0000000700df8bc8, 0x0000000700e00000| 97%| O|  |TS  0|AC  0|TAMS 0x0000000700d00000, 0x0000000700d00000|
|  14|0x0000000700e00000, 0x0000000700efff78, 0x0000000700f00000| 99%| O|  |TS  0|AC  0|TAMS 0x0000000700e00000, 0x0000000700e00000|
|  15|0x0000000700f00000, 0x0000000700ffffa0, 0x0000000701000000| 99%| O|  |TS  0|AC  0|TAMS 0x0000000700f00000, 0x0000000700f00000|
|  16|0x0000000701000000, 0x00000007010e0d70, 0x0000000701100000| 87%| O|  |TS  0|AC  0|TAMS 0x0000000701000000, 0x0000000701000000|
|  17|0x0000000701100000, 0x00000007011ffff0, 0x0000000701200000| 99%| O|  |TS  0|AC  0|TAMS 0x0000000701100000, 0x0000000701100000|
|  18|0x0000000701200000, 0x00000007012fffd8, 0x0000000701300000| 99%| O|  |TS  0|AC  0|TAMS 0x0000000701200000, 0x0000000701200000|
|  19|0x0000000701300000, 0x00000007013ffea8, 0x0000000701400000| 99%| O|  |TS  0|AC  0|TAMS 0x0000000701300000, 0x0000000701300000|
|  20|0x0000000701400000, 0x0000000701500000, 0x0000000701500000|100%| O|  |TS  0|AC  0|TAMS 0x0000000701400000, 0x0000000701400000|
|  21|0x0000000701500000, 0x00000007015ffff8, 0x0000000701600000| 99%| O|  |TS  0|AC  0|TAMS 0x0000000701500000, 0x0000000701500000|
|  22|0x0000000701600000, 0x00000007016ffe28, 0x0000000701700000| 99%| O|  |TS  0|AC  0|TAMS 0x0000000701600000, 0x0000000701600000|
|  23|0x0000000701700000, 0x0000000701800000, 0x0000000701800000|100%| O|  |TS  0|AC  0|TAMS 0x0000000701700000, 0x0000000701700000|
|  24|0x0000000701800000, 0x00000007018ffff8, 0x0000000701900000| 99%| O|  |TS  0|AC  0|TAMS 0x0000000701800000, 0x0000000701800000|
|  25|0x0000000701900000, 0x00000007019fff70, 0x0000000701a00000| 99%| O|  |TS  0|AC  0|TAMS 0x0000000701900000, 0x0000000701900000|
|  26|0x0000000701a00000, 0x0000000701afffd8, 0x0000000701b00000| 99%| O|  |TS  0|AC  0|TAMS 0x0000000701a00000, 0x0000000701a00000|
|  27|0x0000000701b00000, 0x0000000701bff4d0, 0x0000000701c00000| 99%| O|  |TS  0|AC  0|TAMS 0x0000000701b00000, 0x0000000701b00000|
|  28|0x0000000701c00000, 0x0000000701d00000, 0x0000000701d00000|100%| O|  |TS  0|AC  0|TAMS 0x0000000701c00000, 0x0000000701c00000|
|  29|0x0000000701d00000, 0x0000000701e00000, 0x0000000701e00000|100%| O|  |TS  0|AC  0|TAMS 0x0000000701d00000, 0x0000000701d00000|
|  30|0x0000000701e00000, 0x0000000701efffd0, 0x0000000701f00000| 99%| O|  |TS  0|AC  0|TAMS 0x0000000701e00000, 0x0000000701e00000|
|  31|0x0000000701f00000, 0x0000000701ffffe8, 0x0000000702000000| 99%| O|  |TS  0|AC  0|TAMS 0x0000000701f00000, 0x0000000701f00000|
|  32|0x0000000702000000, 0x0000000702100000, 0x0000000702100000|100%| O|  |TS  0|AC  0|TAMS 0x0000000702000000, 0x0000000702000000|
|  33|0x0000000702100000, 0x00000007021fffe8, 0x0000000702200000| 99%| O|  |TS  0|AC  0|TAMS 0x0000000702100000, 0x0000000702100000|
|  34|0x0000000702200000, 0x00000007022ffff8, 0x0000000702300000| 99%| O|  |TS  0|AC  0|TAMS 0x0000000702200000, 0x0000000702200000|
|  35|0x0000000702300000, 0x00000007023ffff8, 0x0000000702400000| 99%| O|  |TS  0|AC  0|TAMS 0x0000000702300000, 0x0000000702300000|
|  36|0x0000000702400000, 0x00000007024fa490, 0x0000000702500000| 97%| O|  |TS  0|AC  0|TAMS 0x0000000702400000, 0x0000000702400000|
|  37|0x0000000702500000, 0x0000000702600000, 0x0000000702600000|100%| O|  |TS  0|AC  0|TAMS 0x0000000702500000, 0x0000000702500000|
|  38|0x0000000702600000, 0x00000007026ffe40, 0x0000000702700000| 99%| O|  |TS  0|AC  0|TAMS 0x0000000702600000, 0x0000000702600000|
|  39|0x0000000702700000, 0x00000007027fffc8, 0x0000000702800000| 99%| O|  |TS  0|AC  0|TAMS 0x0000000702700000, 0x0000000702700000|
|  40|0x0000000702800000, 0x0000000702900000, 0x0000000702900000|100%| O|  |TS  0|AC  0|TAMS 0x0000000702800000, 0x0000000702800000|
|  41|0x0000000702900000, 0x00000007029ffff0, 0x0000000702a00000| 99%| O|  |TS  0|AC  0|TAMS 0x0000000702900000, 0x0000000702900000|
|  42|0x0000000702a00000, 0x0000000702aff6d8, 0x0000000702b00000| 99%| O|  |TS  0|AC  0|TAMS 0x0000000702a00000, 0x0000000702a00000|
|  43|0x0000000702b00000, 0x0000000702bfffa8, 0x0000000702c00000| 99%| O|  |TS  0|AC  0|TAMS 0x0000000702b00000, 0x0000000702b00000|
|  44|0x0000000702c00000, 0x0000000702cfff28, 0x0000000702d00000| 99%| O|  |TS  0|AC  0|TAMS 0x0000000702c00000, 0x0000000702c00000|
|  45|0x0000000702d00000, 0x0000000702dfe660, 0x0000000702e00000| 99%| O|  |TS  0|AC  0|TAMS 0x0000000702d00000, 0x0000000702d00000|
|  46|0x0000000702e00000, 0x0000000702effff0, 0x0000000702f00000| 99%| O|  |TS  0|AC  0|TAMS 0x0000000702e00000, 0x0000000702e00000|
|  47|0x0000000702f00000, 0x0000000702fffff8, 0x0000000703000000| 99%| O|  |TS  0|AC  0|TAMS 0x0000000702f00000, 0x0000000702f00000|
|  48|0x0000000703000000, 0x00000007030ffa80, 0x0000000703100000| 99%| O|  |TS  0|AC  0|TAMS 0x0000000703000000, 0x0000000703000000|
|  49|0x0000000703100000, 0x0000000703200000, 0x0000000703200000|100%| O|  |TS  0|AC  0|TAMS 0x0000000703100000, 0x0000000703100000|
|  50|0x0000000703200000, 0x00000007032febd0, 0x0000000703300000| 99%| O|  |TS  0|AC  0|TAMS 0x0000000703200000, 0x0000000703200000|
|  51|0x0000000703300000, 0x00000007033fffe8, 0x0000000703400000| 99%| O|  |TS  0|AC  0|TAMS 0x0000000703300000, 0x0000000703300000|
|  52|0x0000000703400000, 0x00000007034fffe8, 0x0000000703500000| 99%| O|  |TS  0|AC  0|TAMS 0x0000000703400000, 0x0000000703400000|
|  53|0x0000000703500000, 0x00000007035ffff8, 0x0000000703600000| 99%| O|  |TS  0|AC  0|TAMS 0x0000000703500000, 0x0000000703500000|
|  54|0x0000000703600000, 0x0000000703700000, 0x0000000703700000|100%| O|  |TS  0|AC  0|TAMS 0x0000000703600000, 0x0000000703600000|
|  55|0x0000000703700000, 0x00000007037ffff8, 0x0000000703800000| 99%| O|  |TS  0|AC  0|TAMS 0x0000000703700000, 0x0000000703700000|
|  56|0x0000000703800000, 0x00000007038cd0e0, 0x0000000703900000| 80%| O|  |TS  0|AC  0|TAMS 0x0000000703800000, 0x0000000703800000|
|  57|0x0000000703900000, 0x0000000703a00000, 0x0000000703a00000|100%|HS|  |TS  0|AC  0|TAMS 0x0000000703900000, 0x0000000703900000|
|  58|0x0000000703a00000, 0x0000000703b00000, 0x0000000703b00000|100%|HC|  |TS  0|AC  0|TAMS 0x0000000703a00000, 0x0000000703a00000|
|  59|0x0000000703b00000, 0x0000000703c00000, 0x0000000703c00000|100%|HC|  |TS  0|AC  0|TAMS 0x0000000703b00000, 0x0000000703b00000|
|  60|0x0000000703c00000, 0x0000000703c2aa00, 0x0000000703d00000| 16%| O|  |TS 39|AC  0|TAMS 0x0000000703c00000, 0x0000000703c00000|
|  61|0x0000000703d00000, 0x0000000703d00000, 0x0000000703e00000|  0%| F|  |TS  0|AC  0|TAMS 0x0000000703d00000, 0x0000000703d00000|
|  62|0x0000000703e00000, 0x0000000703f00000, 0x0000000703f00000|100%|HS|  |TS  0|AC  0|TAMS 0x0000000703e00000, 0x0000000703e00000|
|  63|0x0000000703f00000, 0x0000000704000000, 0x0000000704000000|100%|HC|  |TS  0|AC  0|TAMS 0x0000000703f00000, 0x0000000703f00000|
|  64|0x0000000704000000, 0x0000000704100000, 0x0000000704100000|100%|HS|  |TS  0|AC  0|TAMS 0x0000000704000000, 0x0000000704000000|
|  65|0x0000000704100000, 0x0000000704200000, 0x0000000704200000|100%|HC|  |TS  0|AC  0|TAMS 0x0000000704100000, 0x0000000704100000|
|  66|0x0000000704200000, 0x0000000704300000, 0x0000000704300000|100%|HC|  |TS  0|AC  0|TAMS 0x0000000704200000, 0x0000000704200000|
|  67|0x0000000704300000, 0x0000000704400000, 0x0000000704400000|100%|HC|  |TS  0|AC  0|TAMS 0x0000000704300000, 0x0000000704300000|
|  68|0x0000000704400000, 0x0000000704500000, 0x0000000704500000|100%|HC|  |TS  0|AC  0|TAMS 0x0000000704400000, 0x0000000704400000|
|  69|0x0000000704500000, 0x0000000704600000, 0x0000000704600000|100%|HC|  |TS  0|AC  0|TAMS 0x0000000704500000, 0x0000000704500000|
|  70|0x0000000704600000, 0x0000000704700000, 0x0000000704700000|100%|HC|  |TS  0|AC  0|TAMS 0x0000000704600000, 0x0000000704600000|
|  71|0x0000000704700000, 0x0000000704800000, 0x0000000704800000|100%|HC|  |TS  0|AC  0|TAMS 0x0000000704700000, 0x0000000704700000|
|  72|0x0000000704800000, 0x0000000704900000, 0x0000000704900000|100%|HS|  |TS  0|AC  0|TAMS 0x0000000704800000, 0x0000000704800000|
|  73|0x0000000704900000, 0x0000000704a00000, 0x0000000704a00000|100%|HC|  |TS  0|AC  0|TAMS 0x0000000704900000, 0x0000000704900000|
|  74|0x0000000704a00000, 0x0000000704a00000, 0x0000000704b00000|  0%| F|  |TS  0|AC  0|TAMS 0x0000000704a00000, 0x0000000704a00000|
|  75|0x0000000704b00000, 0x0000000704b00000, 0x0000000704c00000|  0%| F|  |TS  0|AC  0|TAMS 0x0000000704b00000, 0x0000000704b00000|
|  76|0x0000000704c00000, 0x0000000704c00000, 0x0000000704d00000|  0%| F|  |TS  0|AC  0|TAMS 0x0000000704c00000, 0x0000000704c00000|
|  77|0x0000000704d00000, 0x0000000704d00000, 0x0000000704e00000|  0%| F|  |TS  0|AC  0|TAMS 0x0000000704d00000, 0x0000000704d00000|
|  78|0x0000000704e00000, 0x0000000704e00000, 0x0000000704f00000|  0%| F|  |TS  0|AC  0|TAMS 0x0000000704e00000, 0x0000000704e00000|
|  79|0x0000000704f00000, 0x0000000704f00000, 0x0000000705000000|  0%| F|  |TS  0|AC  0|TAMS 0x0000000704f00000, 0x0000000704f00000|
|  80|0x0000000705000000, 0x0000000705000000, 0x0000000705100000|  0%| F|  |TS  0|AC  0|TAMS 0x0000000705000000, 0x0000000705000000|
|  81|0x0000000705100000, 0x0000000705100000, 0x0000000705200000|  0%| F|  |TS  0|AC  0|TAMS 0x0000000705100000, 0x0000000705100000|
|  82|0x0000000705200000, 0x0000000705200000, 0x0000000705300000|  0%| F|  |TS  0|AC  0|TAMS 0x0000000705200000, 0x0000000705200000|
|  83|0x0000000705300000, 0x0000000705300000, 0x0000000705400000|  0%| F|  |TS  0|AC  0|TAMS 0x0000000705300000, 0x0000000705300000|
|  84|0x0000000705400000, 0x0000000705400000, 0x0000000705500000|  0%| F|  |TS  0|AC  0|TAMS 0x0000000705400000, 0x0000000705400000|
|  85|0x0000000705500000, 0x0000000705500000, 0x0000000705600000|  0%| F|  |TS  0|AC  0|TAMS 0x0000000705500000, 0x0000000705500000|
|  86|0x0000000705600000, 0x0000000705600000, 0x0000000705700000|  0%| F|  |TS  0|AC  0|TAMS 0x0000000705600000, 0x0000000705600000|
|  87|0x0000000705700000, 0x0000000705700000, 0x0000000705800000|  0%| F|  |TS  0|AC  0|TAMS 0x0000000705700000, 0x0000000705700000|
|  88|0x0000000705800000, 0x0000000705800000, 0x0000000705900000|  0%| F|  |TS  0|AC  0|TAMS 0x0000000705800000, 0x0000000705800000|
|  89|0x0000000705900000, 0x0000000705900000, 0x0000000705a00000|  0%| F|  |TS  0|AC  0|TAMS 0x0000000705900000, 0x0000000705900000|
|  90|0x0000000705a00000, 0x0000000705a00000, 0x0000000705b00000|  0%| F|  |TS  0|AC  0|TAMS 0x0000000705a00000, 0x0000000705a00000|
|  91|0x0000000705b00000, 0x0000000705b00000, 0x0000000705c00000|  0%| F|  |TS  0|AC  0|TAMS 0x0000000705b00000, 0x0000000705b00000|
|  92|0x0000000705c00000, 0x0000000705c00000, 0x0000000705d00000|  0%| F|  |TS  0|AC  0|TAMS 0x0000000705c00000, 0x0000000705c00000|
|  93|0x0000000705d00000, 0x0000000705d00000, 0x0000000705e00000|  0%| F|  |TS  0|AC  0|TAMS 0x0000000705d00000, 0x0000000705d00000|
|  94|0x0000000705e00000, 0x0000000705e00000, 0x0000000705f00000|  0%| F|  |TS  0|AC  0|TAMS 0x0000000705e00000, 0x0000000705e00000|
|  95|0x0000000705f00000, 0x0000000705f00000, 0x0000000706000000|  0%| F|  |TS  0|AC  0|TAMS 0x0000000705f00000, 0x0000000705f00000|
|  96|0x0000000706000000, 0x0000000706000000, 0x0000000706100000|  0%| F|  |TS  0|AC  0|TAMS 0x0000000706000000, 0x0000000706000000|
|  97|0x0000000706100000, 0x0000000706100000, 0x0000000706200000|  0%| F|  |TS  0|AC  0|TAMS 0x0000000706100000, 0x0000000706100000|
|  98|0x0000000706200000, 0x0000000706200000, 0x0000000706300000|  0%| F|  |TS  0|AC  0|TAMS 0x0000000706200000, 0x0000000706200000|
|  99|0x0000000706300000, 0x0000000706300000, 0x0000000706400000|  0%| F|  |TS  0|AC  0|TAMS 0x0000000706300000, 0x0000000706300000|
| 100|0x0000000706400000, 0x0000000706400000, 0x0000000706500000|  0%| F|  |TS  0|AC  0|TAMS 0x0000000706400000, 0x0000000706400000|
| 101|0x0000000706500000, 0x0000000706500000, 0x0000000706600000|  0%| F|  |TS  0|AC  0|TAMS 0x0000000706500000, 0x0000000706500000|
| 102|0x0000000706600000, 0x0000000706600000, 0x0000000706700000|  0%| F|  |TS  0|AC  0|TAMS 0x0000000706600000, 0x0000000706600000|
| 103|0x0000000706700000, 0x0000000706700000, 0x0000000706800000|  0%| F|  |TS  0|AC  0|TAMS 0x0000000706700000, 0x0000000706700000|
| 104|0x0000000706800000, 0x0000000706800000, 0x0000000706900000|  0%| F|  |TS  0|AC  0|TAMS 0x0000000706800000, 0x0000000706800000|
| 105|0x0000000706900000, 0x0000000706900000, 0x0000000706a00000|  0%| F|  |TS  0|AC  0|TAMS 0x0000000706900000, 0x0000000706900000|
| 106|0x0000000706a00000, 0x0000000706a00000, 0x0000000706b00000|  0%| F|  |TS  0|AC  0|TAMS 0x0000000706a00000, 0x0000000706a00000|
| 107|0x0000000706b00000, 0x0000000706b00000, 0x0000000706c00000|  0%| F|  |TS  0|AC  0|TAMS 0x0000000706b00000, 0x0000000706b00000|
| 108|0x0000000706c00000, 0x0000000706c00000, 0x0000000706d00000|  0%| F|  |TS  0|AC  0|TAMS 0x0000000706c00000, 0x0000000706c00000|
| 109|0x0000000706d00000, 0x0000000706d00000, 0x0000000706e00000|  0%| F|  |TS  0|AC  0|TAMS 0x0000000706d00000, 0x0000000706d00000|
| 110|0x0000000706e00000, 0x0000000706e00000, 0x0000000706f00000|  0%| F|  |TS  0|AC  0|TAMS 0x0000000706e00000, 0x0000000706e00000|
| 111|0x0000000706f00000, 0x0000000706f00000, 0x0000000707000000|  0%| F|  |TS  0|AC  0|TAMS 0x0000000706f00000, 0x0000000706f00000|
| 112|0x0000000707000000, 0x0000000707000000, 0x0000000707100000|  0%| F|  |TS  0|AC  0|TAMS 0x0000000707000000, 0x0000000707000000|
| 113|0x0000000707100000, 0x0000000707100000, 0x0000000707200000|  0%| F|  |TS  0|AC  0|TAMS 0x0000000707100000, 0x0000000707100000|
| 114|0x0000000707200000, 0x0000000707200000, 0x0000000707300000|  0%| F|  |TS  0|AC  0|TAMS 0x0000000707200000, 0x0000000707200000|
| 115|0x0000000707300000, 0x0000000707300000, 0x0000000707400000|  0%| F|  |TS  0|AC  0|TAMS 0x0000000707300000, 0x0000000707300000|
| 116|0x0000000707400000, 0x0000000707400000, 0x0000000707500000|  0%| F|  |TS  0|AC  0|TAMS 0x0000000707400000, 0x0000000707400000|
| 117|0x0000000707500000, 0x0000000707500000, 0x0000000707600000|  0%| F|  |TS  0|AC  0|TAMS 0x0000000707500000, 0x0000000707500000|
| 118|0x0000000707600000, 0x0000000707600000, 0x0000000707700000|  0%| F|  |TS  0|AC  0|TAMS 0x0000000707600000, 0x0000000707600000|
| 119|0x0000000707700000, 0x0000000707700000, 0x0000000707800000|  0%| F|  |TS  0|AC  0|TAMS 0x0000000707700000, 0x0000000707700000|
| 120|0x0000000707800000, 0x0000000707800000, 0x0000000707900000|  0%| F|  |TS  0|AC  0|TAMS 0x0000000707800000, 0x0000000707800000|
| 121|0x0000000707900000, 0x0000000707900000, 0x0000000707a00000|  0%| F|  |TS  0|AC  0|TAMS 0x0000000707900000, 0x0000000707900000|
| 122|0x0000000707a00000, 0x0000000707a00000, 0x0000000707b00000|  0%| F|  |TS  0|AC  0|TAMS 0x0000000707a00000, 0x0000000707a00000|
| 123|0x0000000707b00000, 0x0000000707b00000, 0x0000000707c00000|  0%| F|  |TS  0|AC  0|TAMS 0x0000000707b00000, 0x0000000707b00000|
| 124|0x0000000707c00000, 0x0000000707c00000, 0x0000000707d00000|  0%| F|  |TS  0|AC  0|TAMS 0x0000000707c00000, 0x0000000707c00000|
| 125|0x0000000707d00000, 0x0000000707d00000, 0x0000000707e00000|  0%| F|  |TS  0|AC  0|TAMS 0x0000000707d00000, 0x0000000707d00000|
| 126|0x0000000707e00000, 0x0000000707e00000, 0x0000000707f00000|  0%| F|  |TS  0|AC  0|TAMS 0x0000000707e00000, 0x0000000707e00000|
| 127|0x0000000707f00000, 0x0000000707f00000, 0x0000000708000000|  0%| F|  |TS  0|AC  0|TAMS 0x0000000707f00000, 0x0000000707f00000|
| 128|0x0000000708000000, 0x0000000708000000, 0x0000000708100000|  0%| F|  |TS  0|AC  0|TAMS 0x0000000708000000, 0x0000000708000000|
| 129|0x0000000708100000, 0x0000000708100000, 0x0000000708200000|  0%| F|  |TS  0|AC  0|TAMS 0x0000000708100000, 0x0000000708100000|
| 130|0x0000000708200000, 0x0000000708200000, 0x0000000708300000|  0%| F|  |TS  0|AC  0|TAMS 0x0000000708200000, 0x0000000708200000|
| 131|0x0000000708300000, 0x0000000708300000, 0x0000000708400000|  0%| F|  |TS  0|AC  0|TAMS 0x0000000708300000, 0x0000000708300000|
| 132|0x0000000708400000, 0x0000000708400000, 0x0000000708500000|  0%| F|  |TS  0|AC  0|TAMS 0x0000000708400000, 0x0000000708400000|
| 133|0x0000000708500000, 0x0000000708500000, 0x0000000708600000|  0%| F|  |TS  0|AC  0|TAMS 0x0000000708500000, 0x0000000708500000|
| 134|0x0000000708600000, 0x0000000708600000, 0x0000000708700000|  0%| F|  |TS  0|AC  0|TAMS 0x0000000708600000, 0x0000000708600000|
| 135|0x0000000708700000, 0x0000000708700000, 0x0000000708800000|  0%| F|  |TS  0|AC  0|TAMS 0x0000000708700000, 0x0000000708700000|
| 136|0x0000000708800000, 0x0000000708800000, 0x0000000708900000|  0%| F|  |TS  0|AC  0|TAMS 0x0000000708800000, 0x0000000708800000|
| 137|0x0000000708900000, 0x0000000708900000, 0x0000000708a00000|  0%| F|  |TS  0|AC  0|TAMS 0x0000000708900000, 0x0000000708900000|
| 138|0x0000000708a00000, 0x0000000708a00000, 0x0000000708b00000|  0%| F|  |TS  0|AC  0|TAMS 0x0000000708a00000, 0x0000000708a00000|
| 139|0x0000000708b00000, 0x0000000708b00000, 0x0000000708c00000|  0%| F|  |TS  0|AC  0|TAMS 0x0000000708b00000, 0x0000000708b00000|
| 140|0x0000000708c00000, 0x0000000708c00000, 0x0000000708d00000|  0%| F|  |TS  0|AC  0|TAMS 0x0000000708c00000, 0x0000000708c00000|
| 141|0x0000000708d00000, 0x0000000708d00000, 0x0000000708e00000|  0%| F|  |TS  0|AC  0|TAMS 0x0000000708d00000, 0x0000000708d00000|
| 142|0x0000000708e00000, 0x0000000708e00000, 0x0000000708f00000|  0%| F|  |TS  0|AC  0|TAMS 0x0000000708e00000, 0x0000000708e00000|
| 143|0x0000000708f00000, 0x0000000708f00000, 0x0000000709000000|  0%| F|  |TS  0|AC  0|TAMS 0x0000000708f00000, 0x0000000708f00000|
| 144|0x0000000709000000, 0x0000000709000000, 0x0000000709100000|  0%| F|  |TS  0|AC  0|TAMS 0x0000000709000000, 0x0000000709000000|
| 145|0x0000000709100000, 0x0000000709100000, 0x0000000709200000|  0%| F|  |TS  0|AC  0|TAMS 0x0000000709100000, 0x0000000709100000|
| 146|0x0000000709200000, 0x0000000709200000, 0x0000000709300000|  0%| F|  |TS  0|AC  0|TAMS 0x0000000709200000, 0x0000000709200000|
| 147|0x0000000709300000, 0x0000000709300000, 0x0000000709400000|  0%| F|  |TS  0|AC  0|TAMS 0x0000000709300000, 0x0000000709300000|
| 148|0x0000000709400000, 0x0000000709400000, 0x0000000709500000|  0%| F|  |TS  0|AC  0|TAMS 0x0000000709400000, 0x0000000709400000|
| 149|0x0000000709500000, 0x0000000709500000, 0x0000000709600000|  0%| F|  |TS  0|AC  0|TAMS 0x0000000709500000, 0x0000000709500000|
| 150|0x0000000709600000, 0x0000000709600000, 0x0000000709700000|  0%| F|  |TS  0|AC  0|TAMS 0x0000000709600000, 0x0000000709600000|
| 151|0x0000000709700000, 0x0000000709700000, 0x0000000709800000|  0%| F|  |TS  0|AC  0|TAMS 0x0000000709700000, 0x0000000709700000|
| 152|0x0000000709800000, 0x0000000709800000, 0x0000000709900000|  0%| F|  |TS  0|AC  0|TAMS 0x0000000709800000, 0x0000000709800000|
| 153|0x0000000709900000, 0x0000000709900000, 0x0000000709a00000|  0%| F|  |TS  0|AC  0|TAMS 0x0000000709900000, 0x0000000709900000|
| 154|0x0000000709a00000, 0x0000000709a00000, 0x0000000709b00000|  0%| F|  |TS  0|AC  0|TAMS 0x0000000709a00000, 0x0000000709a00000|
| 155|0x0000000709b00000, 0x0000000709b00000, 0x0000000709c00000|  0%| F|  |TS  0|AC  0|TAMS 0x0000000709b00000, 0x0000000709b00000|
| 156|0x0000000709c00000, 0x0000000709c00000, 0x0000000709d00000|  0%| F|  |TS  0|AC  0|TAMS 0x0000000709c00000, 0x0000000709c00000|
| 157|0x0000000709d00000, 0x0000000709d8d080, 0x0000000709e00000| 55%| S|CS|TS 39|AC  0|TAMS 0x0000000709d00000, 0x0000000709d00000|
| 158|0x0000000709e00000, 0x0000000709e00000, 0x0000000709f00000|  0%| F|  |TS 39|AC  0|TAMS 0x0000000709e00000, 0x0000000709e00000|
| 159|0x0000000709f00000, 0x000000070a000000, 0x000000070a000000|100%| S|CS|TS 39|AC  0|TAMS 0x0000000709f00000, 0x0000000709f00000|
| 160|0x000000070a000000, 0x000000070a000000, 0x000000070a100000|  0%| F|  |TS 39|AC  0|TAMS 0x000000070a000000, 0x000000070a000000|
| 161|0x000000070a100000, 0x000000070a100000, 0x000000070a200000|  0%| F|  |TS 39|AC  0|TAMS 0x000000070a100000, 0x000000070a100000|
| 162|0x000000070a200000, 0x000000070a200000, 0x000000070a300000|  0%| F|  |TS 39|AC  0|TAMS 0x000000070a200000, 0x000000070a200000|
| 163|0x000000070a300000, 0x000000070a300000, 0x000000070a400000|  0%| F|  |TS 39|AC  0|TAMS 0x000000070a300000, 0x000000070a300000|
| 164|0x000000070a400000, 0x000000070a400000, 0x000000070a500000|  0%| F|  |TS 39|AC  0|TAMS 0x000000070a400000, 0x000000070a400000|
| 165|0x000000070a500000, 0x000000070a500000, 0x000000070a600000|  0%| F|  |TS 39|AC  0|TAMS 0x000000070a500000, 0x000000070a500000|
| 166|0x000000070a600000, 0x000000070a600000, 0x000000070a700000|  0%| F|  |TS 39|AC  0|TAMS 0x000000070a600000, 0x000000070a600000|
| 167|0x000000070a700000, 0x000000070a700000, 0x000000070a800000|  0%| F|  |TS 39|AC  0|TAMS 0x000000070a700000, 0x000000070a700000|
| 168|0x000000070a800000, 0x000000070a800000, 0x000000070a900000|  0%| F|  |TS 39|AC  0|TAMS 0x000000070a800000, 0x000000070a800000|
| 169|0x000000070a900000, 0x000000070a900000, 0x000000070aa00000|  0%| F|  |TS 39|AC  0|TAMS 0x000000070a900000, 0x000000070a900000|
| 170|0x000000070aa00000, 0x000000070aa00000, 0x000000070ab00000|  0%| F|  |TS 39|AC  0|TAMS 0x000000070aa00000, 0x000000070aa00000|
| 171|0x000000070ab00000, 0x000000070ab00000, 0x000000070ac00000|  0%| F|  |TS 39|AC  0|TAMS 0x000000070ab00000, 0x000000070ab00000|
| 172|0x000000070ac00000, 0x000000070ac00000, 0x000000070ad00000|  0%| F|  |TS 39|AC  0|TAMS 0x000000070ac00000, 0x000000070ac00000|
| 173|0x000000070ad00000, 0x000000070ad00000, 0x000000070ae00000|  0%| F|  |TS 39|AC  0|TAMS 0x000000070ad00000, 0x000000070ad00000|
| 174|0x000000070ae00000, 0x000000070ae00000, 0x000000070af00000|  0%| F|  |TS 39|AC  0|TAMS 0x000000070ae00000, 0x000000070ae00000|
| 175|0x000000070af00000, 0x000000070af00000, 0x000000070b000000|  0%| F|  |TS 39|AC  0|TAMS 0x000000070af00000, 0x000000070af00000|
| 176|0x000000070b000000, 0x000000070b000000, 0x000000070b100000|  0%| F|  |TS 39|AC  0|TAMS 0x000000070b000000, 0x000000070b000000|
| 177|0x000000070b100000, 0x000000070b100000, 0x000000070b200000|  0%| F|  |TS 39|AC  0|TAMS 0x000000070b100000, 0x000000070b100000|
| 178|0x000000070b200000, 0x000000070b200000, 0x000000070b300000|  0%| F|  |TS 39|AC  0|TAMS 0x000000070b200000, 0x000000070b200000|
| 179|0x000000070b300000, 0x000000070b300000, 0x000000070b400000|  0%| F|  |TS 39|AC  0|TAMS 0x000000070b300000, 0x000000070b300000|
| 180|0x000000070b400000, 0x000000070b400000, 0x000000070b500000|  0%| F|  |TS 39|AC  0|TAMS 0x000000070b400000, 0x000000070b400000|
| 181|0x000000070b500000, 0x000000070b500000, 0x000000070b600000|  0%| F|  |TS 39|AC  0|TAMS 0x000000070b500000, 0x000000070b500000|
| 182|0x000000070b600000, 0x000000070b600000, 0x000000070b700000|  0%| F|  |TS 39|AC  0|TAMS 0x000000070b600000, 0x000000070b600000|
| 183|0x000000070b700000, 0x000000070b700000, 0x000000070b800000|  0%| F|  |TS 39|AC  0|TAMS 0x000000070b700000, 0x000000070b700000|
| 184|0x000000070b800000, 0x000000070b800000, 0x000000070b900000|  0%| F|  |TS 39|AC  0|TAMS 0x000000070b800000, 0x000000070b800000|
| 185|0x000000070b900000, 0x000000070b900000, 0x000000070ba00000|  0%| F|  |TS 39|AC  0|TAMS 0x000000070b900000, 0x000000070b900000|
| 186|0x000000070ba00000, 0x000000070ba00000, 0x000000070bb00000|  0%| F|  |TS 39|AC  0|TAMS 0x000000070ba00000, 0x000000070ba00000|
| 187|0x000000070bb00000, 0x000000070bb00000, 0x000000070bc00000|  0%| F|  |TS 39|AC  0|TAMS 0x000000070bb00000, 0x000000070bb00000|
| 188|0x000000070bc00000, 0x000000070bc00000, 0x000000070bd00000|  0%| F|  |TS 39|AC  0|TAMS 0x000000070bc00000, 0x000000070bc00000|
| 189|0x000000070bd00000, 0x000000070bd00000, 0x000000070be00000|  0%| F|  |TS 39|AC  0|TAMS 0x000000070bd00000, 0x000000070bd00000|
| 190|0x000000070be00000, 0x000000070be00000, 0x000000070bf00000|  0%| F|  |TS 39|AC  0|TAMS 0x000000070be00000, 0x000000070be00000|
| 191|0x000000070bf00000, 0x000000070bf00000, 0x000000070c000000|  0%| F|  |TS 39|AC  0|TAMS 0x000000070bf00000, 0x000000070bf00000|
| 192|0x000000070c000000, 0x000000070c000000, 0x000000070c100000|  0%| F|  |TS 39|AC  0|TAMS 0x000000070c000000, 0x000000070c000000|
| 193|0x000000070c100000, 0x000000070c100000, 0x000000070c200000|  0%| F|  |TS 39|AC  0|TAMS 0x000000070c100000, 0x000000070c100000|
| 194|0x000000070c200000, 0x000000070c200000, 0x000000070c300000|  0%| F|  |TS 39|AC  0|TAMS 0x000000070c200000, 0x000000070c200000|
| 195|0x000000070c300000, 0x000000070c300000, 0x000000070c400000|  0%| F|  |TS 39|AC  0|TAMS 0x000000070c300000, 0x000000070c300000|
| 196|0x000000070c400000, 0x000000070c400000, 0x000000070c500000|  0%| F|  |TS 39|AC  0|TAMS 0x000000070c400000, 0x000000070c400000|
| 197|0x000000070c500000, 0x000000070c500000, 0x000000070c600000|  0%| F|  |TS 39|AC  0|TAMS 0x000000070c500000, 0x000000070c500000|
| 198|0x000000070c600000, 0x000000070c600000, 0x000000070c700000|  0%| F|  |TS 39|AC  0|TAMS 0x000000070c600000, 0x000000070c600000|
| 199|0x000000070c700000, 0x000000070c700000, 0x000000070c800000|  0%| F|  |TS 39|AC  0|TAMS 0x000000070c700000, 0x000000070c700000|
| 200|0x000000070c800000, 0x000000070c8d5dd0, 0x000000070c900000| 83%| E|  |TS 39|AC  0|TAMS 0x000000070c800000, 0x000000070c800000|
| 201|0x000000070c900000, 0x000000070ca00000, 0x000000070ca00000|100%| E|CS|TS 39|AC  0|TAMS 0x000000070c900000, 0x000000070c900000|
| 202|0x000000070ca00000, 0x000000070cb00000, 0x000000070cb00000|100%| E|CS|TS 39|AC  0|TAMS 0x000000070ca00000, 0x000000070ca00000|
| 203|0x000000070cb00000, 0x000000070cc00000, 0x000000070cc00000|100%| E|CS|TS 39|AC  0|TAMS 0x000000070cb00000, 0x000000070cb00000|
| 204|0x000000070cc00000, 0x000000070cd00000, 0x000000070cd00000|100%| E|CS|TS 39|AC  0|TAMS 0x000000070cc00000, 0x000000070cc00000|
| 205|0x000000070cd00000, 0x000000070ce00000, 0x000000070ce00000|100%| E|CS|TS 39|AC  0|TAMS 0x000000070cd00000, 0x000000070cd00000|
| 206|0x000000070ce00000, 0x000000070cf00000, 0x000000070cf00000|100%| E|CS|TS 39|AC  0|TAMS 0x000000070ce00000, 0x000000070ce00000|
| 207|0x000000070cf00000, 0x000000070d000000, 0x000000070d000000|100%| E|CS|TS 39|AC  0|TAMS 0x000000070cf00000, 0x000000070cf00000|
| 208|0x000000070d000000, 0x000000070d100000, 0x000000070d100000|100%| E|CS|TS 39|AC  0|TAMS 0x000000070d000000, 0x000000070d000000|
| 209|0x000000070d100000, 0x000000070d200000, 0x000000070d200000|100%| E|CS|TS 39|AC  0|TAMS 0x000000070d100000, 0x000000070d100000|
| 210|0x000000070d200000, 0x000000070d300000, 0x000000070d300000|100%| E|CS|TS 39|AC  0|TAMS 0x000000070d200000, 0x000000070d200000|
| 211|0x000000070d300000, 0x000000070d400000, 0x000000070d400000|100%| E|CS|TS 39|AC  0|TAMS 0x000000070d300000, 0x000000070d300000|
| 212|0x000000070d400000, 0x000000070d500000, 0x000000070d500000|100%| E|CS|TS 39|AC  0|TAMS 0x000000070d400000, 0x000000070d400000|
| 213|0x000000070d500000, 0x000000070d600000, 0x000000070d600000|100%| E|CS|TS 39|AC  0|TAMS 0x000000070d500000, 0x000000070d500000|
| 214|0x000000070d600000, 0x000000070d700000, 0x000000070d700000|100%| E|CS|TS 39|AC  0|TAMS 0x000000070d600000, 0x000000070d600000|
| 215|0x000000070d700000, 0x000000070d800000, 0x000000070d800000|100%| E|CS|TS 39|AC  0|TAMS 0x000000070d700000, 0x000000070d700000|
| 216|0x000000070d800000, 0x000000070d900000, 0x000000070d900000|100%| E|CS|TS 39|AC  0|TAMS 0x000000070d800000, 0x000000070d800000|
| 217|0x000000070d900000, 0x000000070da00000, 0x000000070da00000|100%| E|CS|TS 39|AC  0|TAMS 0x000000070d900000, 0x000000070d900000|
| 218|0x000000070da00000, 0x000000070db00000, 0x000000070db00000|100%| E|CS|TS 39|AC  0|TAMS 0x000000070da00000, 0x000000070da00000|

Card table byte_map: [0x0000021c19730000,0x0000021c19d30000] byte_map_base: 0x0000021c15f30000

Marking Bits (Prev, Next): (CMBitMap*) 0x0000021c01ec7018, (CMBitMap*) 0x0000021c01ec6fe0
 Prev Bits: [0x0000021c1d330000, 0x0000021c20330000)
 Next Bits: [0x0000021c1a330000, 0x0000021c1d330000)

Polling page: 0x0000021c029a0000

CodeHeap 'non-profiled nmethods': size=120064Kb used=31153Kb max_used=32707Kb free=88910Kb
 bounds [0x0000021c10fc0000, 0x0000021c12fc0000, 0x0000021c18500000]
CodeHeap 'profiled nmethods': size=120000Kb used=41997Kb max_used=46124Kb free=78002Kb
 bounds [0x0000021c09a90000, 0x0000021c0c810000, 0x0000021c10fc0000]
CodeHeap 'non-nmethods': size=5696Kb used=1812Kb max_used=1864Kb free=3883Kb
 bounds [0x0000021c09500000, 0x0000021c09770000, 0x0000021c09a90000]
 total_blobs=43734 nmethods=20370 adapters=1156
 compilation: enabled

Compilation events (10 events):
Event: 16606.084 Thread 0x0000021c01f36000 28722       4       com.jidesoft.plaf.basic.BasicStatusBarSeparatorUI::paint (34 bytes)
Event: 16606.085 Thread 0x0000021c7b5fd800 28723       4       com.jidesoft.plaf.synthetica.SyntheticaJidePainter::paintStatusBarSeparator (67 bytes)
Event: 16606.096 Thread 0x0000021c01f36000 nmethod 28722 0x0000021c125aa710 code [0x0000021c125aa900, 0x0000021c125ab148]
Event: 16606.099 Thread 0x0000021c7b5fd800 nmethod 28723 0x0000021c125f6110 code [0x0000021c125f6380, 0x0000021c125f6ea0]
Event: 16606.187 Thread 0x0000021c01f36000 28724       4       ui.frmwork.ba::S (36 bytes)
Event: 16606.189 Thread 0x0000021c7b5fe000 28725       3       com.sun.org.apache.xerces.internal.dom.DocumentImpl::getImplementation (4 bytes)
Event: 16606.189 Thread 0x0000021c7b5fe000 nmethod 28725 0x0000021c0a802690 code [0x0000021c0a802840, 0x0000021c0a8029f8]
Event: 16606.189 Thread 0x0000021c7b5fe000 28726       3       com.sun.org.apache.xerces.internal.dom.DOMImplementationImpl::getDOMImplementation (4 bytes)
Event: 16606.190 Thread 0x0000021c7b5fe000 nmethod 28726 0x0000021c0a385410 code [0x0000021c0a3855c0, 0x0000021c0a385718]
Event: 16606.195 Thread 0x0000021c01f36000 nmethod 28724 0x0000021c125d5110 code [0x0000021c125d52c0, 0x0000021c125d58e8]

GC Heap History (10 events):
Event: 16605.985 GC heap before
{Heap before GC invocations=2989 (full 1418):
 garbage-first heap   total 224256K, used 133665K [0x0000000700000000, 0x00000007001006d8, 0x00000007c0000000)
  region size 1024K, 60 young (61440K), 2 survivors (2048K)
 Metaspace       used 86539K, capacity 88635K, committed 96036K, reserved 1132544K
  class space    used 11200K, capacity 11666K, committed 13132K, reserved 1048576K
}
Event: 16605.989 GC heap after
{Heap after GC invocations=2990 (full 1418):
 garbage-first heap   total 224256K, used 74361K [0x0000000700000000, 0x00000007001006d8, 0x00000007c0000000)
  region size 1024K, 2 young (2048K), 2 survivors (2048K)
 Metaspace       used 86539K, capacity 88635K, committed 96036K, reserved 1132544K
  class space    used 11200K, capacity 11666K, committed 13132K, reserved 1048576K
}
Event: 16606.253 GC heap before
{Heap before GC invocations=2990 (full 1418):
 garbage-first heap   total 224256K, used 133753K [0x0000000700000000, 0x00000007001006d8, 0x00000007c0000000)
  region size 1024K, 60 young (61440K), 2 survivors (2048K)
 Metaspace       used 86540K, capacity 88635K, committed 96036K, reserved 1132544K
  class space    used 11200K, capacity 11666K, committed 13132K, reserved 1048576K
}
Event: 16606.258 GC heap after
{Heap after GC invocations=2991 (full 1418):
 garbage-first heap   total 224256K, used 74411K [0x0000000700000000, 0x00000007001006d8, 0x00000007c0000000)
  region size 1024K, 2 young (2048K), 2 survivors (2048K)
 Metaspace       used 86540K, capacity 88635K, committed 96036K, reserved 1132544K
  class space    used 11200K, capacity 11666K, committed 13132K, reserved 1048576K
}
Event: 16606.522 GC heap before
{Heap before GC invocations=2991 (full 1418):
 garbage-first heap   total 224256K, used 133803K [0x0000000700000000, 0x00000007001006d8, 0x00000007c0000000)
  region size 1024K, 60 young (61440K), 2 survivors (2048K)
 Metaspace       used 86540K, capacity 88635K, committed 96036K, reserved 1132544K
  class space    used 11200K, capacity 11666K, committed 13132K, reserved 1048576K
}
Event: 16606.527 GC heap after
{Heap after GC invocations=2992 (full 1418):
 garbage-first heap   total 224256K, used 74461K [0x0000000700000000, 0x00000007001006d8, 0x00000007c0000000)
  region size 1024K, 2 young (2048K), 2 survivors (2048K)
 Metaspace       used 86540K, capacity 88635K, committed 96036K, reserved 1132544K
  class space    used 11200K, capacity 11666K, committed 13132K, reserved 1048576K
}
Event: 16608.787 GC heap before
{Heap before GC invocations=2992 (full 1418):
 garbage-first heap   total 224256K, used 133853K [0x0000000700000000, 0x00000007001006d8, 0x00000007c0000000)
  region size 1024K, 60 young (61440K), 2 survivors (2048K)
 Metaspace       used 86540K, capacity 88635K, committed 96036K, reserved 1132544K
  class space    used 11200K, capacity 11666K, committed 13132K, reserved 1048576K
}
Event: 16608.793 GC heap after
{Heap after GC invocations=2993 (full 1418):
 garbage-first heap   total 224256K, used 74646K [0x0000000700000000, 0x00000007001006d8, 0x00000007c0000000)
  region size 1024K, 2 young (2048K), 2 survivors (2048K)
 Metaspace       used 86540K, capacity 88635K, committed 96036K, reserved 1132544K
  class space    used 11200K, capacity 11666K, committed 13132K, reserved 1048576K
}
Event: 16610.155 GC heap before
{Heap before GC invocations=2993 (full 1418):
 garbage-first heap   total 224256K, used 134038K [0x0000000700000000, 0x00000007001006d8, 0x00000007c0000000)
  region size 1024K, 60 young (61440K), 2 survivors (2048K)
 Metaspace       used 86540K, capacity 88635K, committed 96036K, reserved 1132544K
  class space    used 11200K, capacity 11666K, committed 13132K, reserved 1048576K
}
Event: 16610.161 GC heap after
{Heap after GC invocations=2994 (full 1418):
 garbage-first heap   total 224256K, used 74676K [0x0000000700000000, 0x00000007001006d8, 0x00000007c0000000)
  region size 1024K, 2 young (2048K), 2 survivors (2048K)
 Metaspace       used 86540K, capacity 88635K, committed 96036K, reserved 1132544K
  class space    used 11200K, capacity 11666K, committed 13132K, reserved 1048576K
}

Deoptimization events (10 events):
Event: 16208.071 Thread 0x0000021c23c94800 Uncommon trap: reason=unstable_if action=reinterpret pc=0x0000021c1222ae68 method=ui.utils.o.g.f.b(Ljava/lang/String;III)I @ 116 c2
Event: 16323.860 Thread 0x0000021c23c94800 Uncommon trap: reason=class_check action=maybe_recompile pc=0x0000021c1265e924 method=ui.views.waveform.f.w.aX(Ljava/util/List;)[Ljava/lang/String; @ 12 c2
Event: 16573.076 Thread 0x0000021c23c94800 Uncommon trap: reason=unstable_if action=reinterpret pc=0x0000021c12b0546c method=com.jidesoft.swing.GradientCache.retrieve(Lcom/jidesoft/swing/GradientInfo;)Ljava/awt/image/BufferedImage; @ 26 c2
Event: 16594.246 Thread 0x0000021c3061b800 Uncommon trap: reason=unstable_if action=reinterpret pc=0x0000021c1117eeb8 method=ui.data.design.g.ahd()Lui/data/design/Y; @ 11 c2
Event: 16594.246 Thread 0x0000021c3061b800 Uncommon trap: reason=unstable_if action=reinterpret pc=0x0000021c1281fe6c method=ui.views.p.c.a(Lui/data/design/c;Lui/data/design/g;Lui/views/p/a/j;Lui/views/p/a/j;)V @ 48 c2
Event: 16594.255 Thread 0x0000021c23c94800 Uncommon trap: reason=unstable_if action=reinterpret pc=0x0000021c12dba180 method=ui.data.design.g.ck(Z)Ljava/lang/String; @ 129 c2
Event: 16594.255 Thread 0x0000021c23c94800 Uncommon trap: reason=unstable_if action=reinterpret pc=0x0000021c11ab11f4 method=ui.data.design.g.agR()Lui/data/design/d; @ 11 c2
Event: 16594.256 Thread 0x0000021c23c94800 Uncommon trap: reason=unstable_if action=reinterpret pc=0x0000021c12289664 method=ui.views.p.a.getTreeCellRendererComponent(Ljavax/swing/JTree;Ljava/lang/Object;ZZZIZ)Ljava/awt/Component; @ 809 c2
Event: 16594.256 Thread 0x0000021c23c94800 Uncommon trap: reason=unstable_if action=reinterpret pc=0x0000021c11c44358 method=ui.data.design.g.agR()Lui/data/design/d; @ 11 c2
Event: 16599.546 Thread 0x0000021c23c94800 Uncommon trap: reason=unstable_if action=reinterpret pc=0x0000021c12bf1730 method=ui.views.V.a.ck.markTokensImpl(BLjavax/swing/text/Segment;I)B @ 624 c2

Classes redefined (0 events):
No events

Internal exceptions (10 events):
Event: 15342.209 Thread 0x0000021c23c94800 Exception <a 'sun/nio/fs/WindowsException'{0x000000070da01548}> (0x000000070da01548) thrown at [t:/workspace/hotspot/src/share/vm/prims/jni.cpp, line 604]
Event: 15342.209 Thread 0x0000021c23c94800 Exception <a 'sun/nio/fs/WindowsException'{0x000000070da01878}> (0x000000070da01878) thrown at [t:/workspace/hotspot/src/share/vm/prims/jni.cpp, line 604]
Event: 15342.356 Thread 0x0000021c23c94800 Exception <a 'sun/nio/fs/WindowsException'{0x000000070c8cb120}> (0x000000070c8cb120) thrown at [t:/workspace/hotspot/src/share/vm/prims/jni.cpp, line 604]
Event: 15342.356 Thread 0x0000021c23c94800 Exception <a 'sun/nio/fs/WindowsException'{0x000000070c8cb450}> (0x000000070c8cb450) thrown at [t:/workspace/hotspot/src/share/vm/prims/jni.cpp, line 604]
Event: 15376.655 Thread 0x0000021c23c94800 Exception <a 'sun/nio/fs/WindowsException'{0x000000070b870e10}> (0x000000070b870e10) thrown at [t:/workspace/hotspot/src/share/vm/prims/jni.cpp, line 604]
Event: 15376.655 Thread 0x0000021c23c94800 Exception <a 'sun/nio/fs/WindowsException'{0x000000070b871140}> (0x000000070b871140) thrown at [t:/workspace/hotspot/src/share/vm/prims/jni.cpp, line 604]
Event: 15380.234 Thread 0x0000021c23c94800 Exception <a 'sun/nio/fs/WindowsException'{0x000000070ce78058}> (0x000000070ce78058) thrown at [t:/workspace/hotspot/src/share/vm/prims/jni.cpp, line 604]
Event: 15380.234 Thread 0x0000021c23c94800 Exception <a 'sun/nio/fs/WindowsException'{0x000000070ce78388}> (0x000000070ce78388) thrown at [t:/workspace/hotspot/src/share/vm/prims/jni.cpp, line 604]
Event: 16573.076 Thread 0x0000021c23c94800 Implicit null exception at 0x0000021c12b04295 to 0x0000021c12b0542d
Event: 16594.255 Thread 0x0000021c23c94800 Implicit null exception at 0x0000021c12db8c70 to 0x0000021c12dba171

Events (10 events):
Event: 16608.762 Executing VM operation: RevokeBias
Event: 16608.762 Executing VM operation: RevokeBias done
Event: 16608.786 Executing VM operation: G1IncCollectionPause
Event: 16608.793 Executing VM operation: G1IncCollectionPause done
Event: 16609.042 Thread 0x0000021c3061f800 Thread added: 0x0000021c3061f800
Event: 16609.049 Thread 0x0000021c3061f800 Thread exited: 0x0000021c3061f800
Event: 16610.125 Thread 0x0000021c3061f800 Thread added: 0x0000021c3061f800
Event: 16610.132 Thread 0x0000021c3061f800 Thread exited: 0x0000021c3061f800
Event: 16610.155 Executing VM operation: G1IncCollectionPause
Event: 16610.161 Executing VM operation: G1IncCollectionPause done


Dynamic libraries:
0x00007ff686600000 - 0x00007ff686630000 	C:\Xilinx\Vivado\2019.1\bin\unwrapped\win64.o\vivado.exe
0x00007ff97d010000 - 0x00007ff97d206000 	C:\Windows\SYSTEM32\ntdll.dll
0x00007ff97c190000 - 0x00007ff97c24d000 	C:\Windows\System32\KERNEL32.DLL
0x00007ff97ac20000 - 0x00007ff97aee8000 	C:\Windows\System32\KERNELBASE.dll
0x00007ff97af70000 - 0x00007ff97b070000 	C:\Windows\System32\ucrtbase.dll
0x00007ff929620000 - 0x00007ff92a502000 	C:\Xilinx\Vivado\2019.1\lib\win64.o\librdi_common.dll
0x00007ff97bd80000 - 0x00007ff97bf20000 	C:\Windows\System32\USER32.dll
0x00007ff97af40000 - 0x00007ff97af62000 	C:\Windows\System32\win32u.dll
0x00007ff97bc70000 - 0x00007ff97bc9a000 	C:\Windows\System32\GDI32.dll
0x00007ff97a7b0000 - 0x00007ff97a8b9000 	C:\Windows\System32\gdi32full.dll
0x00007ff97ab00000 - 0x00007ff97ab9d000 	C:\Windows\System32\msvcp_win.dll
0x00007ff97c6a0000 - 0x00007ff97c74c000 	C:\Windows\System32\ADVAPI32.dll
0x00007ff97c0f0000 - 0x00007ff97c18e000 	C:\Windows\System32\msvcrt.dll
0x00007ff97c600000 - 0x00007ff97c69b000 	C:\Windows\System32\sechost.dll
0x00007ff97c750000 - 0x00007ff97c874000 	C:\Windows\System32\RPCRT4.dll
0x00007ff97c880000 - 0x00007ff97cfc1000 	C:\Windows\System32\SHELL32.dll
0x00007ff962bf0000 - 0x00007ff962c89000 	C:\Windows\SYSTEM32\MSVCP140.dll
0x00007ff963f60000 - 0x00007ff963f77000 	C:\Windows\SYSTEM32\VCRUNTIME140.dll
0x00007ff9292b0000 - 0x00007ff92961e000 	C:\Xilinx\Vivado\2019.1\lib\win64.o\libCOIN-all.dll
0x00007ff934140000 - 0x00007ff934154000 	C:\Xilinx\Vivado\2019.1\lib\win64.o\libboost_signals.dll
0x00007ff929230000 - 0x00007ff9292af000 	C:\Xilinx\Vivado\2019.1\lib\win64.o\libboost_program_options.dll
0x00007ff929110000 - 0x00007ff929224000 	C:\Xilinx\Vivado\2019.1\lib\win64.o\libboost_regex.dll
0x00007ff9510a0000 - 0x00007ff9510ab000 	C:\Xilinx\Vivado\2019.1\lib\win64.o\libboost_system.dll
0x00007ff9290e0000 - 0x00007ff929101000 	C:\Xilinx\Vivado\2019.1\lib\win64.o\libboost_thread.dll
0x00007ff92ae10000 - 0x00007ff92ae24000 	C:\Xilinx\Vivado\2019.1\lib\win64.o\libboost_date_time.dll
0x00007ff929050000 - 0x00007ff9290d2000 	C:\Xilinx\Vivado\2019.1\lib\win64.o\libhdlpsolve.dll
0x00007ff929030000 - 0x00007ff929044000 	C:\Xilinx\Vivado\2019.1\lib\win64.o\librdi_commonmain.dll
0x00007ff928480000 - 0x00007ff92902f400 	C:\Xilinx\Vivado\2019.1\lib\win64.o\libisl_iostreams.dll
0x00007ff928450000 - 0x00007ff928476000 	C:\Xilinx\Vivado\2019.1\lib\win64.o\libboost_filesystem.dll
0x00007ff950f20000 - 0x00007ff950f2f000 	C:\Xilinx\Vivado\2019.1\lib\win64.o\libboost_xilinx.dll
0x00007ff9283a0000 - 0x00007ff928445000 	C:\Xilinx\Vivado\2019.1\lib\win64.o\libhdxml.dll
0x00007ff928270000 - 0x00007ff928391000 	C:\Xilinx\Vivado\2019.1\lib\win64.o\librdi_commonxillic.dll
0x00007ff928240000 - 0x00007ff92826e000 	C:\Xilinx\Vivado\2019.1\lib\win64.o\libisl_sysinfo.dll
0x00007ff97bf20000 - 0x00007ff97bf8b000 	C:\Windows\System32\WS2_32.dll
0x00007ff928220000 - 0x00007ff92823a000 	C:\Xilinx\Vivado\2019.1\lib\win64.o\pthreadVC2.dll
0x000000006f560000 - 0x000000006f68b000 	C:\Xilinx\Vivado\2019.1\lib\win64.o\tcl85t.dll
0x0000000012000000 - 0x0000000012270000 	C:\Xilinx\Vivado\2019.1\lib\win64.o\xerces-c_3_1.dll
0x00007ff9281b0000 - 0x00007ff928215000 	C:\Xilinx\Vivado\2019.1\lib\win64.o\liblmx6.0.dll
0x00007ff960220000 - 0x00007ff960238000 	C:\Windows\SYSTEM32\NETAPI32.dll
0x00007ff96d5f0000 - 0x00007ff96d6f0000 	C:\Windows\SYSTEM32\WINHTTP.dll
0x00007ff96d200000 - 0x00007ff96d3ed000 	C:\Windows\SYSTEM32\urlmon.dll
0x00007ff927310000 - 0x00007ff9281a1000 	C:\Xilinx\Vivado\2019.1\lib\win64.o\gurobi65.dll
0x00007ff969e00000 - 0x00007ff969e09000 	C:\Windows\SYSTEM32\WSOCK32.dll
0x00007ff9272e0000 - 0x00007ff92730e000 	C:\Windows\SYSTEM32\VCOMP140.DLL
0x00007ff938d60000 - 0x00007ff938d6d000 	C:\Xilinx\Vivado\2019.1\lib\win64.o\libboost_chrono.dll
0x00007ff9272d0000 - 0x00007ff9272da000 	C:\Xilinx\Vivado\2019.1\lib\win64.o\librdi_commonversion.dll
0x00007ff9272b0000 - 0x00007ff9272cb000 	C:\Xilinx\Vivado\2019.1\lib\win64.o\libboost_iostreams.dll
0x00007ff927280000 - 0x00007ff9272a5000 	C:\Xilinx\Vivado\2019.1\lib\win64.o\libisl_iosutils.dll
0x00007ff926fa0000 - 0x00007ff927278000 	C:\Xilinx\Vivado\2019.1\lib\win64.o\libXil_lmgr11.dll
0x00007ff97bca0000 - 0x00007ff97bd7a000 	C:\Windows\System32\COMDLG32.dll
0x00007ff97b440000 - 0x00007ff97b795000 	C:\Windows\System32\combase.dll
0x00007ff97b390000 - 0x00007ff97b43e000 	C:\Windows\System32\shcore.dll
0x00007ff97c250000 - 0x00007ff97c2a5000 	C:\Windows\System32\SHLWAPI.dll
0x00007ff97c330000 - 0x00007ff97c3fd000 	C:\Windows\System32\OLEAUT32.dll
0x00007ff97b070000 - 0x00007ff97b19a000 	C:\Windows\System32\ole32.dll
0x00007ff97a750000 - 0x00007ff97a7b0000 	C:\Windows\System32\WINTRUST.dll
0x00007ff97a8c0000 - 0x00007ff97aa1d000 	C:\Windows\System32\CRYPT32.dll
0x00007ff96cf00000 - 0x00007ff96d1b0000 	C:\Windows\SYSTEM32\iertutil.dll
0x00007ff965cd0000 - 0x00007ff9661aa000 	C:\Windows\SYSTEM32\WININET.dll
0x00007ff948d00000 - 0x00007ff948db0000 	C:\Windows\WinSxS\amd64_microsoft.windows.common-controls_6595b64144ccf1df_5.82.19041.488_none_4238de57f6b64d28\COMCTL32.dll
0x00007ff926f80000 - 0x00007ff926f9c000 	C:\Xilinx\Vivado\2019.1\lib\win64.o\librdiconfig.dll
0x00007ff972f30000 - 0x00007ff972f4d000 	C:\Windows\SYSTEM32\dhcpcsvc.DLL
0x00007ff926f50000 - 0x00007ff926f71000 	C:\Xilinx\Vivado\2019.1\lib\win64.o\librdizlib.dll
0x00007ff979c20000 - 0x00007ff979c2c000 	C:\Windows\SYSTEM32\NETUTILS.DLL
0x00007ff97b1b0000 - 0x00007ff97b1e0000 	C:\Windows\System32\IMM32.DLL
0x00007ff97a340000 - 0x00007ff97a352000 	C:\Windows\SYSTEM32\MSASN1.dll
0x00007ff979030000 - 0x00007ff979042000 	C:\Windows\SYSTEM32\kernel.appcore.dll
0x00007ff926620000 - 0x00007ff926b37000 	C:\Xilinx\Vivado\2019.1\lib\win64.o\librdi_commontasks.dll
0x00007ff9742e0000 - 0x00007ff9742ea000 	C:\Windows\SYSTEM32\VERSION.dll
0x00007ff926390000 - 0x00007ff926616000 	C:\Xilinx\Vivado\2019.1\lib\win64.o\librdi_sio.dll
0x00007ff979be0000 - 0x00007ff979c1b000 	C:\Windows\SYSTEM32\IPHLPAPI.DLL
0x000000006eb30000 - 0x000000006f555000 	C:\Xilinx\Vivado\2019.1\tps\win64\jre9.0.4\bin\server\jvm.dll
0x00007ff97b1a0000 - 0x00007ff97b1a8000 	C:\Windows\System32\PSAPI.DLL
0x00007ff9653e0000 - 0x00007ff965407000 	C:\Windows\SYSTEM32\WINMM.dll
0x00007ff9262a0000 - 0x00007ff92638f000 	C:\Windows\SYSTEM32\MSVCR120.dll
0x00007ff979f40000 - 0x00007ff979faa000 	C:\Windows\SYSTEM32\MSWSOCK.DLL
0x00007ff978880000 - 0x00007ff979015000 	C:\Windows\SYSTEM32\windows.storage.dll
0x00007ff97a1c0000 - 0x00007ff97a1ec000 	C:\Windows\SYSTEM32\Wldp.dll
0x00007ff923770000 - 0x00007ff925c2c000 	C:\Xilinx\Vivado\2019.1\lib\win64.o\librdi_tcltasks.dll
0x00007ff923360000 - 0x00007ff923768000 	C:\Xilinx\Vivado\2019.1\lib\win64.o\librdi_bitstream.dll
0x00007ff9232e0000 - 0x00007ff923358000 	C:\Xilinx\Vivado\2019.1\lib\win64.o\librdi_boarddep.dll
0x00007ff923140000 - 0x00007ff9232d1000 	C:\Xilinx\Vivado\2019.1\lib\win64.o\librdi_board.dll
0x00007ff923050000 - 0x00007ff92313b000 	C:\Xilinx\Vivado\2019.1\lib\win64.o\librdi_chipscope.dll
0x00007ff922e90000 - 0x00007ff92304d000 	C:\Xilinx\Vivado\2019.1\lib\win64.o\librdi_chipscopeimpl.dll
0x00007ff922d30000 - 0x00007ff922e86000 	C:\Xilinx\Vivado\2019.1\lib\win64.o\librdi_containers.dll
0x00007ff921340000 - 0x00007ff922d2a000 	C:\Xilinx\Vivado\2019.1\lib\win64.o\librdi_constraints.dll
0x00007ff91f480000 - 0x00007ff921331000 	C:\Xilinx\Vivado\2019.1\lib\win64.o\librdi_coregen.dll
0x00007ff90d050000 - 0x00007ff91f47c000 	C:\Xilinx\Vivado\2019.1\lib\win64.o\librdi_device.dll
0x00007ff90c970000 - 0x00007ff90d04a000 	C:\Xilinx\Vivado\2019.1\lib\win64.o\librdi_coregenipxact.dll
0x00007ff908920000 - 0x00007ff90c963000 	C:\Xilinx\Vivado\2019.1\lib\win64.o\librdi_designutils.dll
0x00007ff908600000 - 0x00007ff90891e000 	C:\Xilinx\Vivado\2019.1\lib\win64.o\librdi_dlyest.dll
0x00007ff907f90000 - 0x00007ff908054000 	C:\Xilinx\Vivado\2019.1\lib\win64.o\librdi_dsp.dll
0x00007ff908060000 - 0x00007ff9085fa000 	C:\Xilinx\Vivado\2019.1\lib\win64.o\librdi_drc.dll
0x00007ff907940000 - 0x00007ff907f8d000 	C:\Xilinx\Vivado\2019.1\lib\win64.o\librdi_filemgmt.dll
0x00007ff907650000 - 0x00007ff907933000 	C:\Xilinx\Vivado\2019.1\lib\win64.o\librdi_guitools.dll
0x00007ff9075e0000 - 0x00007ff907645000 	C:\Xilinx\Vivado\2019.1\lib\win64.o\librdi_hdf.dll
0x00007ff906fc0000 - 0x00007ff9075d5000 	C:\Xilinx\Vivado\2019.1\lib\win64.o\librdi_memdata.dll
0x00007ff905a00000 - 0x00007ff906fc0000 	C:\Xilinx\Vivado\2019.1\lib\win64.o\librdi_implflow.dll
0x00007ff905980000 - 0x00007ff9059f3000 	C:\Xilinx\Vivado\2019.1\lib\win64.o\librdi_memoryarray.dll
0x00007ff905930000 - 0x00007ff90597b000 	C:\Xilinx\Vivado\2019.1\lib\win64.o\librdi_pfi.dll
0x00007ff902c40000 - 0x00007ff905926000 	C:\Xilinx\Vivado\2019.1\lib\win64.o\librdi_mig.dll
0x00007ff902590000 - 0x00007ff902c32000 	C:\Xilinx\Vivado\2019.1\lib\win64.o\librdi_netlist.dll
0x00007ff8ffc00000 - 0x00007ff8fff0f000 	C:\Xilinx\Vivado\2019.1\lib\win64.o\librdi_platform.dll
0x00007ff8fff10000 - 0x00007ff902586000 	C:\Xilinx\Vivado\2019.1\lib\win64.o\librdi_place.dll
0x00007ff8ff4b0000 - 0x00007ff8ffbfa000 	C:\Xilinx\Vivado\2019.1\lib\win64.o\librdi_power.dll
0x00007ff8fed50000 - 0x00007ff8ff456000 	C:\Xilinx\Vivado\2019.1\lib\win64.o\librdi_rsb.dll
0x00007ff8fe640000 - 0x00007ff8fed49000 	C:\Xilinx\Vivado\2019.1\lib\win64.o\librdi_psta.dll
0x00007ff8fe240000 - 0x00007ff8fe631000 	C:\Xilinx\Vivado\2019.1\lib\win64.o\librdi_runs.dll
0x00007ff8fdcc0000 - 0x00007ff8fe23f000 	C:\Xilinx\Vivado\2019.1\lib\win64.o\librdi_project.dll
0x00007ff8fdbc0000 - 0x00007ff8fdcba000 	C:\Xilinx\Vivado\2019.1\lib\win64.o\librdi_runsbase.dll
0x00007ff8fda40000 - 0x00007ff8fdbb2000 	C:\Xilinx\Vivado\2019.1\lib\win64.o\librdi_advchipscopeimpl.dll
0x00007ff8fd7e0000 - 0x00007ff8fda36000 	C:\Xilinx\Vivado\2019.1\lib\win64.o\librdi_simdata.dll
0x00007ff8fc9c0000 - 0x00007ff8fd7d1000 	C:\Xilinx\Vivado\2019.1\lib\win64.o\librdi_timing.dll
0x00007ff8fc970000 - 0x00007ff8fc9bc000 	C:\Xilinx\Vivado\2019.1\lib\win64.o\libboost_serialization.dll
0x00007ff8fc7d0000 - 0x00007ff8fc96f000 	C:\Xilinx\Vivado\2019.1\lib\win64.o\librdi_hip_devdesign.dll
0x00007ff8fc6b0000 - 0x00007ff8fc6f3000 	C:\Xilinx\Vivado\2019.1\lib\win64.o\librdi_noc_frameworks.dll
0x00007ff8fc700000 - 0x00007ff8fc7c2000 	C:\Xilinx\Vivado\2019.1\lib\win64.o\librdi_ipconfig_readwrite.dll
0x00007ff8fc160000 - 0x00007ff8fc6ae000 	C:\Xilinx\Vivado\2019.1\lib\win64.o\librdi_xdm.dll
0x00007ff8fbd70000 - 0x00007ff8fc155000 	C:\Xilinx\Vivado\2019.1\lib\win64.o\librdi_hip_config.dll
0x00007ff8fb220000 - 0x00007ff8fbd67000 	C:\Xilinx\Vivado\2019.1\lib\win64.o\libverific.dll
0x00007ff8fb1e0000 - 0x00007ff8fb220000 	C:\Xilinx\Vivado\2019.1\lib\win64.o\librdi_wavedata_SimpleApi.dll
0x00007ff8fa010000 - 0x00007ff8fa04f000 	C:\Xilinx\Vivado\2019.1\lib\win64.o\librdi_schedmon.dll
0x00007ff8fa050000 - 0x00007ff8fb1dd000 	C:\Xilinx\Vivado\2019.1\lib\win64.o\librdi_route.dll
0x00007ff8f9f70000 - 0x00007ff8fa00e000 	C:\Xilinx\Vivado\2019.1\lib\win64.o\libise.dll
0x00007ff8f9970000 - 0x00007ff8f9f6c000 	C:\Xilinx\Vivado\2019.1\lib\win64.o\librdi_wavedata.dll
0x00007ff8f9710000 - 0x00007ff8f9969000 	C:\Xilinx\Vivado\2019.1\lib\win64.o\librdi_hsm.dll
0x00007ff8f9680000 - 0x00007ff8f9708000 	C:\Xilinx\Vivado\2019.1\lib\win64.o\librdi_meir_core.dll
0x00007ff8f76b0000 - 0x00007ff8f967d000 	C:\Xilinx\Vivado\2019.1\lib\win64.o\librdi_synth.dll

VM Arguments:
jvm_args: -Dsun.java2d.pmoffscreen=false -Dsun.java2d.xrender=false -Dsun.java2d.d3d=false -Dsun.awt.nopixfmt=true -Dsun.java2d.dpiaware=true -Dsun.java2d.uiScale.enabled=false -Xverify:none -Dswing.aatext=true -XX:-UsePerfData -Djdk.map.althashing.threshold=512 -XX:StringTableSize=4072 --add-opens=java.base/java.nio=ALL-UNNAMED --add-opens=java.desktop/sun.swing=ALL-UNNAMED --add-opens=java.desktop/javax.swing=ALL-UNNAMED --add-opens=java.desktop/javax.swing.tree=ALL-UNNAMED --add-opens=java.desktop/javax.swing.plaf.basic=ALL-UNNAMED --add-opens=java.desktop/javax.swing.plaf.synth=ALL-UNNAMED --add-opens=java.desktop/com.sun.awt=ALL-UNNAMED -XX:NewSize=60m -XX:MaxNewSize=60m -Xms128m -Xmx3072m -Xss5m 
java_command: <unknown>
java_class_path (initial): C:/Xilinx/Vivado/2019.1\lib\classes\alloy.jar;C:/Xilinx/Vivado/2019.1\lib\classes\autopilot.scelaborator.jar;C:/Xilinx/Vivado/2019.1\lib\classes\autopilot.sourceprocessor.jar;C:/Xilinx/Vivado/2019.1\lib\classes\autopilot.tbprocessor.jar;C:/Xilinx/Vivado/2019.1\lib\classes\batik-anim.jar;C:/Xilinx/Vivado/2019.1\lib\classes\batik-awt-util.jar;C:/Xilinx/Vivado/2019.1\lib\classes\batik-bridge.jar;C:/Xilinx/Vivado/2019.1\lib\classes\batik-codec.jar;C:/Xilinx/Vivado/2019.1\lib\classes\batik-css.jar;C:/Xilinx/Vivado/2019.1\lib\classes\batik-dom.jar;C:/Xilinx/Vivado/2019.1\lib\classes\batik-ext.jar;C:/Xilinx/Vivado/2019.1\lib\classes\batik-gui-util.jar;C:/Xilinx/Vivado/2019.1\lib\classes\batik-gvt.jar;C:/Xilinx/Vivado/2019.1\lib\classes\batik-parser.jar;C:/Xilinx/Vivado/2019.1\lib\classes\batik-script.jar;C:/Xilinx/Vivado/2019.1\lib\classes\batik-svg-dom.jar;C:/Xilinx/Vivado/2019.1\lib\classes\batik-swing.jar;C:/Xilinx/Vivado/2019.1\lib\classes\batik-transcoder.jar;C:/Xilinx/Vivado/2019.1\lib\classes\batik-util.jar;C:/Xilinx/Vivado/2019.1\lib\classes\batik-xml.jar;C:/Xilinx/Vivado/2019.1\lib\classes\com.google.gson_2.7.0.v20170129-0911.jar;C:/Xilinx/Vivado/2019.1\lib\classes\com.google.guava_21.0.0.v20170206-1425.jar;C:/Xilinx/Vivado/2019.1\lib\classes\com.google.inject_3.0.0.v201605172100.jar;C:/Xilinx/Vivado/2019.1\lib\classes\com.ibm.icu_4.4.2.v20110208.jar;C:/Xilinx/Vivado/2019.1\lib\classes\com.sigasi.hdt.annotations.runtime_4.3.0.201903071210.jar;C:/Xilinx/Vivado/2019.1\lib\classes\com.sigasi.hdt.blockdiagram.model_4.3.0.201903071210.jar;C:/Xilinx/Vivado/2019.1\lib\classes\com.sigasi.hdt.connection_4.3.0.201903071210.jar;C:/Xilinx/Vivado/2019.1\lib\classes\com.sigasi.hdt.dependencies.model_4.3.0.201903071210.jar;C:/Xilinx/Vivado/2019.1\lib\classes\com.sigasi.hdt.epl_4.3.0.201903071210.jar;C:/Xilinx/Vivado/2019.1\lib\classes\com.sigasi.hdt.graphics.model_4.3.0.201903071210.jar;C:/Xilinx/Vivado/2019.1\lib\classes\com.sigasi.hdt.project_4.3.0
Launcher Type: generic

Logging:
Log output configuration:
#0: stdout all=warning uptime,level,tags
#1: stderr all=off uptime,level,tags

Environment Variables:
PATH=C:/Xilinx/Vivado/2019.1/bin;C:/Xilinx/Vivado/2019.1/lib/win64.o;C:/Xilinx/Vivado/2019.1/tps/win64/jre9.0.4/bin/server;C:/Xilinx/Vivado/2019.1/tps/win64/jre9.0.4/bin;C:/Xilinx/Vivado/2019.1/ids_lite/ISE/bin/nt64;C:/Xilinx/Vivado/2019.1/ids_lite/ISE/lib/nt64;C:\Program Files (x86)\Razer Chroma SDK\bin;C:\Program Files\Razer Chroma SDK\bin;C:\Program Files (x86)\Razer\ChromaBroadcast\bin;C:\Program Files\Razer\ChromaBroadcast\bin;C:\Program Files (x86)\Intel\iCLS Client\;C:\Program Files\Intel\iCLS Client\;C:\Windows\system32;C:\Windows;C:\Windows\System32\Wbem;C:\Windows\System32\WindowsPowerShell\v1.0\;C:\Windows\System32\OpenSSH\;C:\Windows\system32\config\systemprofile\AppData\Local\Microsoft\WindowsApps;C:\Users\Simon\AppData\Local\Microsoft\WindowsApps;;C:/Xilinx/Vivado/2019.1\tps\mingw\6.2.0\win64.o\nt\bin;C:/Xilinx/Vivado/2019.1\tps\mingw\6.2.0\win64.o\nt\libexec\gcc\x86_64-w64-mingw32\6.2.0;C:/Xilinx/Vivado/2019.1\tps\win64\python-2.7.5;C:/Xilinx/Vivado/2019.1\tps\win64\python-2.7.5\lib;C:/Xilinx/Vivado/2019.1\tps\win64\python-2.7.5\Lib\lib-tk;C:/Xilinx/Vivado/2019.1\tps\win64\python-2.7.5\lib\site-packages
USERNAME=Simon
OS=Windows_NT
PROCESSOR_IDENTIFIER=Intel64 Family 6 Model 78 Stepping 3, GenuineIntel



---------------  S Y S T E M  ---------------

OS: Windows 10 , 64 bit Build 19041 (10.0.19041.546)

CPU:total 4 (initial active 4) (2 cores per cpu, 2 threads per core) family 6 model 78 stepping 3, cmov, cx8, fxsr, mmx, sse, sse2, sse3, ssse3, sse4.1, sse4.2, popcnt, avx, avx2, aes, clmul, erms, 3dnowpref, lzcnt, ht, tsc, tscinvbit, bmi1, bmi2, adx, fma

Memory: 4k page, physical 8249976k(1511008k free), swap 16499952k(6068476k free)

vm_info: Java HotSpot(TM) 64-Bit Server VM (9.0.4+11) for windows-amd64 JRE (9.0.4+11), built on Dec 20 2017 02:18:54 by "mach5one" with MS VC++ 12.0 (VS2013)

END.
