#
# A fatal error has been detected by the Java Runtime Environment:
#
#  EXCEPTION_ACCESS_VIOLATION (0xc0000005) at pc=0x00007ffdbd51a1a5, pid=14348, tid=10996
#
# JRE version: Java(TM) SE Runtime Environment (9.0+11) (build 9.0.4+11)
# Java VM: Java HotSpot(TM) 64-Bit Server VM (9.0.4+11, mixed mode, tiered, compressed oops, g1 gc, windows-amd64)
# Problematic frame:
# C  [librdi_common.dll+0x17a1a5]
#
# No core dump will be written. Minidumps are not enabled by default on client versions of Windows
#
# If you would like to submit a bug report, please visit:
#   http://bugreport.java.com/bugreport/crash.jsp
# The crash happened outside the Java Virtual Machine in native code.
# See problematic frame for where to report the bug.
#

---------------  S U M M A R Y ------------

Command Line: -Dsun.java2d.pmoffscreen=false -Dsun.java2d.xrender=false -Dsun.java2d.d3d=false -Dsun.awt.nopixfmt=true -Dsun.java2d.dpiaware=true -Dsun.java2d.uiScale.enabled=false -Xverify:none -Dswing.aatext=true -XX:-UsePerfData -Djdk.map.althashing.threshold=512 -XX:StringTableSize=4072 --add-opens=java.base/java.nio=ALL-UNNAMED --add-opens=java.desktop/sun.swing=ALL-UNNAMED --add-opens=java.desktop/javax.swing=ALL-UNNAMED --add-opens=java.desktop/javax.swing.tree=ALL-UNNAMED --add-opens=java.desktop/javax.swing.plaf.basic=ALL-UNNAMED --add-opens=java.desktop/javax.swing.plaf.synth=ALL-UNNAMED --add-opens=java.desktop/com.sun.awt=ALL-UNNAMED -XX:NewSize=60m -XX:MaxNewSize=60m -Xms128m -Xmx3072m -Xss5m 

Host: Intel(R) Core(TM) i5-6267U CPU @ 2.90GHz, 4 cores, 7G,  Windows 10 , 64 bit Build 19041 (10.0.19041.546)
Time: Tue Dec 08 10:57:57 2020 Pacific Standard Time elapsed time: 3655 seconds (0d 1h 0m 55s)

---------------  T H R E A D  ---------------

Current thread (0x000001aabb091000):  JavaThread "AWT-EventQueue-1" [_thread_in_native, id=10996, stack(0x0000003b3a300000,0x0000003b3a800000)]

Stack: [0x0000003b3a300000,0x0000003b3a800000],  sp=0x0000003b3a7fadd0,  free space=5099k
Native frames: (J=compiled Java code, j=interpreted, Vv=VM code, C=native code)
C  [librdi_common.dll+0x17a1a5]
C  [librdi_common.dll+0x16ee15]
C  [librdi_common.dll+0x1386da]
C  [librdi_wavedata.dll+0x1e1eff]
C  [librdi_wavedata.dll+0x2621df]
C  [librdi_wavedata.dll+0x269e19]
C  [librdi_wavedata.dll+0x23a4cb]
C  [librdi_wavedata.dll+0x276de7]
C  0x000001aacca2a03a

Java frames: (J=compiled Java code, j=interpreted, Vv=VM code)
J 18362  ui.views.waveform.waveformi.WVExecutive_getTooltipTextDelayed(J)Ljava/lang/String; (0 bytes) @ 0x000001aacca29fa1 [0x000001aacca29f60+0x0000000000000041]
J 21931 c2 ui.views.waveform.b.a.mouseMoved(Ljava/awt/event/MouseEvent;)V (32 bytes) @ 0x000001aacc6a4bcc [0x000001aacc6a4a20+0x00000000000001ac]
J 16892 c2 java.awt.AWTEventMulticaster.mouseMoved(Ljava/awt/event/MouseEvent;)V java.desktop@9.0.4 (27 bytes) @ 0x000001aacc81d674 [0x000001aacc81d5c0+0x00000000000000b4]
J 16892 c2 java.awt.AWTEventMulticaster.mouseMoved(Ljava/awt/event/MouseEvent;)V java.desktop@9.0.4 (27 bytes) @ 0x000001aacc81d634 [0x000001aacc81d5c0+0x0000000000000074]
J 22438 c2 ui.frmwork.c.i.processMouseMotionEvent(Ljava/awt/event/MouseEvent;)V (131 bytes) @ 0x000001aacc3ce218 [0x000001aacc3cde20+0x00000000000003f8]
J 13057 c2 java.awt.Container.processEvent(Ljava/awt/AWTEvent;)V java.desktop@9.0.4 (22 bytes) @ 0x000001aacc2fa298 [0x000001aacc2fa120+0x0000000000000178]
J 22953 c2 java.awt.Component.dispatchEventImpl(Ljava/awt/AWTEvent;)V java.desktop@9.0.4 (739 bytes) @ 0x000001aaccea6900 [0x000001aaccea5b80+0x0000000000000d80]
J 22948 c1 java.awt.Container.dispatchEventImpl(Ljava/awt/AWTEvent;)V java.desktop@9.0.4 (129 bytes) @ 0x000001aac572a40c [0x000001aac572a2e0+0x000000000000012c]
J 16783 c2 java.awt.LightweightDispatcher.retargetMouseEvent(Ljava/awt/Component;ILjava/awt/event/MouseEvent;)V java.desktop@9.0.4 (350 bytes) @ 0x000001aacc7f1bd4 [0x000001aacc7f1620+0x00000000000005b4]
J 19069 c2 java.awt.LightweightDispatcher.processMouseEvent(Ljava/awt/event/MouseEvent;)Z java.desktop@9.0.4 (265 bytes) @ 0x000001aaccaca280 [0x000001aaccac9d60+0x0000000000000520]
J 9062 c1 java.awt.LightweightDispatcher.dispatchEvent(Ljava/awt/AWTEvent;)Z java.desktop@9.0.4 (73 bytes) @ 0x000001aac576f1cc [0x000001aac576eda0+0x000000000000042c]
J 22948 c1 java.awt.Container.dispatchEventImpl(Ljava/awt/AWTEvent;)V java.desktop@9.0.4 (129 bytes) @ 0x000001aac572a3ac [0x000001aac572a2e0+0x00000000000000cc]
J 19476 c2 java.awt.Window.dispatchEventImpl(Ljava/awt/AWTEvent;)V java.desktop@9.0.4 (23 bytes) @ 0x000001aacbb64f8c [0x000001aacbb64f40+0x000000000000004c]
J 15488 c2 java.awt.EventQueue.dispatchEventImpl(Ljava/awt/AWTEvent;Ljava/lang/Object;)V java.desktop@9.0.4 (136 bytes) @ 0x000001aacc5ae318 [0x000001aacc5adde0+0x0000000000000538]
J 16114 c2 java.awt.EventQueue$3.run()Ljava/lang/Object; java.desktop@9.0.4 (5 bytes) @ 0x000001aacc6b82ac [0x000001aacc6b8240+0x000000000000006c]
v  ~StubRoutines::call_stub
J 4272  java.security.AccessController.doPrivileged(Ljava/security/PrivilegedAction;Ljava/security/AccessControlContext;)Ljava/lang/Object; java.base@9.0.4 (0 bytes) @ 0x000001aacbbbdbc6 [0x000001aacbbbdb60+0x0000000000000066]
J 16715 c2 java.awt.EventQueue$4.run()Ljava/lang/Object; java.desktop@9.0.4 (5 bytes) @ 0x000001aacc7d5058 [0x000001aacc7d4fe0+0x0000000000000078]
v  ~StubRoutines::call_stub
J 4272  java.security.AccessController.doPrivileged(Ljava/security/PrivilegedAction;Ljava/security/AccessControlContext;)Ljava/lang/Object; java.base@9.0.4 (0 bytes) @ 0x000001aacbbbdbc6 [0x000001aacbbbdb60+0x0000000000000066]
J 12719 c2 ui.frmwork.b.d.dispatchEvent(Ljava/awt/AWTEvent;)V (34 bytes) @ 0x000001aacc25a098 [0x000001aacc259de0+0x00000000000002b8]
J 17021 c2 java.awt.EventDispatchThread.pumpOneEventForFilters(I)V java.desktop@9.0.4 (218 bytes) @ 0x000001aacc856754 [0x000001aacc856480+0x00000000000002d4]
J 20231% c2 java.awt.EventDispatchThread.pumpEventsForFilter(ILjava/awt/Conditional;Ljava/awt/EventFilter;)V java.desktop@9.0.4 (47 bytes) @ 0x000001aacc6552d8 [0x000001aacc6551c0+0x0000000000000118]
j  java.awt.EventDispatchThread.pumpEventsForHierarchy(ILjava/awt/Conditional;Ljava/awt/Component;)V+11 java.desktop@9.0.4
j  java.awt.EventDispatchThread.pumpEvents(ILjava/awt/Conditional;)V+4 java.desktop@9.0.4
j  java.awt.EventDispatchThread.pumpEvents(Ljava/awt/Conditional;)V+3 java.desktop@9.0.4
j  java.awt.EventDispatchThread.run()V+9 java.desktop@9.0.4
v  ~StubRoutines::call_stub

siginfo: EXCEPTION_ACCESS_VIOLATION (0xc0000005), reading address 0xffffffffffffffff


Register to memory mapping:

RIP=0x00007ffdbd51a1a5 librdi_common.dll
RAX=0x000001aaafb3e601 is an unknown value
RBX=0x90063100d0dab36f is an unknown value
RCX=0x000001aaafb3e650 is an unknown value
RDX=0x90063100d0dab36f is an unknown value
RSP=0x0000003b3a7fadd0 is pointing into the stack for thread: 0x000001aabb091000
RBP=0x0000003b3a7faf00 is pointing into the stack for thread: 0x000001aabb091000
RSI=0x000001aae37ab900 is an unknown value
RDI=0x0000003b3a7fafe8 is pointing into the stack for thread: 0x000001aabb091000
R8 =0x0000003b3a7fafe8 is pointing into the stack for thread: 0x000001aabb091000
R9 =0x0000000000000000 is an unknown value
R10=0x000001aadbfeb1f8 is an unknown value
R11=0x000001aab6048708 is an unknown value
R12=0x0000003b3a7fafe8 is pointing into the stack for thread: 0x000001aabb091000
R13=0x0000000000000000 is an unknown value
R14=0x000001aaae021770 is an unknown value
R15=0x90063100d0dab36f is an unknown value


Registers:
RAX=0x000001aaafb3e601, RBX=0x90063100d0dab36f, RCX=0x000001aaafb3e650, RDX=0x90063100d0dab36f
RSP=0x0000003b3a7fadd0, RBP=0x0000003b3a7faf00, RSI=0x000001aae37ab900, RDI=0x0000003b3a7fafe8
R8 =0x0000003b3a7fafe8, R9 =0x0000000000000000, R10=0x000001aadbfeb1f8, R11=0x000001aab6048708
R12=0x0000003b3a7fafe8, R13=0x0000000000000000, R14=0x000001aaae021770, R15=0x90063100d0dab36f
RIP=0x00007ffdbd51a1a5, EFLAGS=0x0000000000010202

Top of Stack: (sp=0x0000003b3a7fadd0)
0x0000003b3a7fadd0:   0000003b3a7fb180 00007ffdf4322677
0x0000003b3a7fade0:   0000003b00000000 90063100d0dab36f
0x0000003b3a7fadf0:   90063100d0dab36f 00007ffdbd50ee15
0x0000003b3a7fae00:   0000000089aa4f40 00007ffdf432290f
0x0000003b3a7fae10:   00001b8bc4ddd3fc 0000000000000000
0x0000003b3a7fae20:   000001aabcf95770 000001aab60486e0
0x0000003b3a7fae30:   0000000000000002 00007ffdbd578985
0x0000003b3a7fae40:   000001aadd993d70 000001aab60486e8
0x0000003b3a7fae50:   000001aab6048728 000001aab60486e0
0x0000003b3a7fae60:   fffffffffffffffe 00007ffdbdae6a6d
0x0000003b3a7fae70:   fffffffffffffffe 00007ffdbe1d3fe0
0x0000003b3a7fae80:   000001aab60486e0 000001aaae067b58
0x0000003b3a7fae90:   0000003b3a7fafe8 00007ffdbd577c76
0x0000003b3a7faea0:   000001aab60486e0 0000003b3a7fafe8
0x0000003b3a7faeb0:   000001aa00000002 0000000000000000
0x0000003b3a7faec0:   fffffffffffffffe 000000000000000f 

Instructions: (pc=0x00007ffdbd51a1a5)
0x00007ffdbd51a185:   20 48 8b d9 e8 22 c4 04 00 48 8b c8 48 8b d3 e8
0x00007ffdbd51a195:   27 0d 05 00 84 c0 75 08 33 c0 48 83 c4 20 5b c3
0x00007ffdbd51a1a5:   48 8b 4b 50 48 85 c9 74 0a 48 83 c4 20 5b e9 68
0x00007ffdbd51a1b5:   e2 04 00 48 8b d3 48 8d 0d 26 fc 73 00 e8 59 b7 



---------------  P R O C E S S  ---------------

Java Threads: ( => current thread )
  0x000001aabafa8800 JavaThread "Relaunch Simulation" [_thread_blocked, id=9716, stack(0x0000003b40a00000,0x0000003b40f00000)]
  0x000001aabafa1000 JavaThread "Monitor File Timestamp Swing Worker" [_thread_blocked, id=11084, stack(0x0000003b40500000,0x0000003b40a00000)]
  0x000001aabafa7000 JavaThread "Timer-5" [_thread_blocked, id=8844, stack(0x0000003b3e200000,0x0000003b3e700000)]
  0x000001aabafac000 JavaThread "Monitor File Timestamp Swing Worker" [_thread_blocked, id=15128, stack(0x0000003b40000000,0x0000003b40500000)]
  0x000001aabafa3000 JavaThread "Timer-3" [_thread_blocked, id=12996, stack(0x0000003b3fb00000,0x0000003b40000000)]
  0x000001aabafa7800 JavaThread "Monitor File Timestamp Swing Worker" [_thread_blocked, id=12504, stack(0x0000003b3f600000,0x0000003b3fb00000)]
  0x000001aabafaa000 JavaThread "Timer-2" [_thread_blocked, id=7532, stack(0x0000003b3f100000,0x0000003b3f600000)]
  0x000001aabafad000 JavaThread "Image Animator 0" daemon [_thread_blocked, id=10200, stack(0x0000003b3e700000,0x0000003b3ec00000)]
  0x000001aabafa6000 JavaThread "SyntheticaAnimation 50" daemon [_thread_blocked, id=7840, stack(0x0000003b3d800000,0x0000003b3dd00000)]
  0x000001aabafa5800 JavaThread "Monitor File Timestamp Swing Worker" [_thread_blocked, id=10344, stack(0x0000003b3a800000,0x0000003b3ad00000)]
  0x000001aabafa2800 JavaThread "Timer-0" [_thread_blocked, id=5084, stack(0x0000003b39400000,0x0000003b39900000)]
  0x000001aabaf9f800 JavaThread "Update Runs Swing Worker" [_thread_blocked, id=6908, stack(0x0000003b3dd00000,0x0000003b3e200000)]
  0x000001aabafa4000 JavaThread "hw_ila_monitor" [_thread_blocked, id=9412, stack(0x0000003b3ce00000,0x0000003b3d300000)]
  0x000001aabafa0000 JavaThread "Refresh Filesets Swing Worker" [_thread_blocked, id=13248, stack(0x0000003b3c900000,0x0000003b3ce00000)]
  0x000001aabafa1800 JavaThread "SyntheticaAnimation 70" daemon [_thread_blocked, id=13712, stack(0x0000003b3b200000,0x0000003b3b700000)]
  0x000001aabb08e800 JavaThread "SyntheticaAnimation 25" daemon [_thread_blocked, id=11756, stack(0x0000003b3c400000,0x0000003b3c900000)]
  0x000001aabb08d800 JavaThread "SyntheticaAnimation 50" daemon [_thread_blocked, id=1576, stack(0x0000003b3bf00000,0x0000003b3c400000)]
  0x000001aabb093000 JavaThread "Monitor HEventQueue" [_thread_blocked, id=8556, stack(0x0000003b3ba00000,0x0000003b3bf00000)]
  0x000001aabb091800 JavaThread "SyntheticaCleanerThread" daemon [_thread_blocked, id=11600, stack(0x0000003b3ad00000,0x0000003b3b200000)]
  0x000001aabb090000 JavaThread "Batik CleanerThread" daemon [_thread_blocked, id=9652, stack(0x0000003b39900000,0x0000003b39e00000)]
=>0x000001aabb091000 JavaThread "AWT-EventQueue-1" [_thread_in_native, id=10996, stack(0x0000003b3a300000,0x0000003b3a800000)]
  0x000001aabb094800 JavaThread "AWT-Shutdown" [_thread_blocked, id=13396, stack(0x0000003b39e00000,0x0000003b3a300000)]
  0x000001aabb094000 JavaThread "Process Messages" [_thread_blocked, id=9140, stack(0x0000003b38500000,0x0000003b38a00000)]
  0x000001aadd1b6800 JavaThread "Thread-1" [_thread_in_native, id=8676, stack(0x0000003b33600000,0x0000003b34a00000)]
  0x000001aabaaa5800 JavaThread "TimerQueue" daemon [_thread_blocked, id=6748, stack(0x0000003b38f00000,0x0000003b39400000)]
  0x000001aab5ff9800 JavaThread "AWT-Windows" daemon [_thread_in_native, id=14896, stack(0x0000003b38a00000,0x0000003b38f00000)]
  0x000001aabaa70800 JavaThread "Java2D Disposer" daemon [_thread_blocked, id=6424, stack(0x0000003b38000000,0x0000003b38500000)]
  0x000001aab4d4c800 JavaThread "Service Thread" daemon [_thread_blocked, id=9612, stack(0x0000003b37a00000,0x0000003b37f00000)]
  0x000001aaba103800 JavaThread "Common-Cleaner" daemon [_thread_blocked, id=14804, stack(0x0000003b37500000,0x0000003b37a00000)]
  0x000001aaba0f2800 JavaThread "Sweeper thread" daemon [_thread_blocked, id=2052, stack(0x0000003b37000000,0x0000003b37500000)]
  0x000001aaba0f2000 JavaThread "C1 CompilerThread2" daemon [_thread_blocked, id=8660, stack(0x0000003b36f00000,0x0000003b37000000)]
  0x000001aaba0f1000 JavaThread "C2 CompilerThread1" daemon [_thread_blocked, id=6028, stack(0x0000003b36e00000,0x0000003b36f00000)]
  0x000001aaba0ee800 JavaThread "C2 CompilerThread0" daemon [_thread_blocked, id=5296, stack(0x0000003b36d00000,0x0000003b36e00000)]
  0x000001aaba0eb800 JavaThread "Attach Listener" daemon [_thread_blocked, id=4160, stack(0x0000003b36800000,0x0000003b36d00000)]
  0x000001aaba0eb000 JavaThread "Signal Dispatcher" daemon [_thread_blocked, id=14464, stack(0x0000003b36300000,0x0000003b36800000)]
  0x000001aaba0e0800 JavaThread "Finalizer" daemon [_thread_blocked, id=3780, stack(0x0000003b35e00000,0x0000003b36300000)]
  0x000001aaba0df800 JavaThread "Reference Handler" daemon [_thread_blocked, id=8796, stack(0x0000003b35900000,0x0000003b35e00000)]
  0x000001aab506f800 JavaThread "main" [_thread_blocked, id=7768, stack(0x0000003b33500000,0x0000003b33600000)]

Other Threads:
  0x000001aaba0d3800 VMThread "VM Thread" [stack: 0x0000003b35800000,0x0000003b35900000] [id=7364]
  0x000001aabc97b800 WatcherThread [stack: 0x0000003b37f00000,0x0000003b38000000] [id=5072]
  0x000001aaba23c800 GCTaskThread "GC Thread#0" [stack: 0x0000003b34d00000,0x0000003b34e00000] [id=7232]
  0x000001aaba305800 GCTaskThread "GC Thread#1" [stack: 0x0000003b34e00000,0x0000003b34f00000] [id=12360]
  0x000001aaba301000 GCTaskThread "GC Thread#2" [stack: 0x0000003b34f00000,0x0000003b35000000] [id=6776]
  0x000001aaba304000 GCTaskThread "GC Thread#3" [stack: 0x0000003b35000000,0x0000003b35100000] [id=3516]
  0x000001aaba140000 ConcurrentGCThread "G1 Main Marker" [stack: 0x0000003b35600000,0x0000003b35700000] [id=7552]
  0x000001aaba306000 ConcurrentGCThread "G1 Marker#0" [stack: 0x0000003b35700000,0x0000003b35800000] [id=11032]
  0x000001aaba30a000 ConcurrentGCThread "G1 Refine#0" [stack: 0x0000003b35400000,0x0000003b35500000] [id=11976]
  0x000001aaba308800 ConcurrentGCThread "G1 Refine#1" [stack: 0x0000003b35300000,0x0000003b35400000] [id=6060]
  0x000001aaba307000 ConcurrentGCThread "G1 Refine#2" [stack: 0x0000003b35200000,0x0000003b35300000] [id=10648]
  0x000001aab9961000 ConcurrentGCThread "G1 Refine#3" [stack: 0x0000003b35100000,0x0000003b35200000] [id=5880]
  0x000001aab4c93000 ConcurrentGCThread "G1 Young RemSet Sampling" [stack: 0x0000003b35500000,0x0000003b35600000] [id=13112]

Threads with active compile tasks:

VM state:not at safepoint (normal execution)

VM Mutex/Monitor currently owned by a thread: None

Heap address: 0x0000000700000000, size: 3072 MB, Compressed Oops mode: Zero based, Oop shift amount: 3
Narrow klass base: 0x0000000000000000, Narrow klass shift: 3
Compressed class space size: 1073741824 Address: 0x00000007c0000000

Heap:
 garbage-first heap   total 163840K, used 127019K [0x0000000700000000, 0x0000000700100500, 0x00000007c0000000)
  region size 1024K, 57 young (58368K), 0 survivors (0K)
 Metaspace       used 82814K, capacity 87673K, committed 89980K, reserved 1126400K
  class space    used 11004K, capacity 11879K, committed 12412K, reserved 1048576K
Heap Regions: E=young(eden), S=young(survivor), O=old, HS=humongous(starts), HC=humongous(continues), CS=collection set, F=free, A=archive, TS=gc time stamp, AC=allocation context, TAMS=top-at-mark-start (previous, next)
|   0|0x0000000700000000, 0x00000007000f5f30, 0x0000000700100000| 96%| O|  |TS  0|AC  0|TAMS 0x0000000700000000, 0x0000000700000000|
|   1|0x0000000700100000, 0x0000000700200000, 0x0000000700200000|100%|HS|  |TS  0|AC  0|TAMS 0x0000000700100000, 0x0000000700100000|
|   2|0x0000000700200000, 0x0000000700300000, 0x0000000700300000|100%|HC|  |TS  0|AC  0|TAMS 0x0000000700200000, 0x0000000700200000|
|   3|0x0000000700300000, 0x0000000700400000, 0x0000000700400000|100%|HS|  |TS  0|AC  0|TAMS 0x0000000700300000, 0x0000000700300000|
|   4|0x0000000700400000, 0x00000007004fb0a0, 0x0000000700500000| 98%| O|  |TS  0|AC  0|TAMS 0x0000000700400000, 0x0000000700400000|
|   5|0x0000000700500000, 0x00000007005fffd8, 0x0000000700600000| 99%| O|  |TS  0|AC  0|TAMS 0x0000000700500000, 0x0000000700500000|
|   6|0x0000000700600000, 0x00000007006ffe60, 0x0000000700700000| 99%| O|  |TS  0|AC  0|TAMS 0x0000000700600000, 0x0000000700600000|
|   7|0x0000000700700000, 0x00000007007fffe8, 0x0000000700800000| 99%| O|  |TS  0|AC  0|TAMS 0x0000000700700000, 0x0000000700700000|
|   8|0x0000000700800000, 0x00000007008f3548, 0x0000000700900000| 95%| O|  |TS  0|AC  0|TAMS 0x0000000700800000, 0x0000000700800000|
|   9|0x0000000700900000, 0x00000007009fffc8, 0x0000000700a00000| 99%| O|  |TS  0|AC  0|TAMS 0x0000000700900000, 0x0000000700900000|
|  10|0x0000000700a00000, 0x0000000700aee5a0, 0x0000000700b00000| 93%| O|  |TS  0|AC  0|TAMS 0x0000000700a00000, 0x0000000700a00000|
|  11|0x0000000700b00000, 0x0000000700bf3018, 0x0000000700c00000| 94%| O|  |TS  0|AC  0|TAMS 0x0000000700b00000, 0x0000000700b00000|
|  12|0x0000000700c00000, 0x0000000700cfffe8, 0x0000000700d00000| 99%| O|  |TS  0|AC  0|TAMS 0x0000000700c00000, 0x0000000700c00000|
|  13|0x0000000700d00000, 0x0000000700ddf740, 0x0000000700e00000| 87%| O|  |TS  0|AC  0|TAMS 0x0000000700d00000, 0x0000000700d00000|
|  14|0x0000000700e00000, 0x0000000700efe140, 0x0000000700f00000| 99%| O|  |TS  0|AC  0|TAMS 0x0000000700e00000, 0x0000000700e00000|
|  15|0x0000000700f00000, 0x0000000700ffffe8, 0x0000000701000000| 99%| O|  |TS  0|AC  0|TAMS 0x0000000700f00000, 0x0000000700f00000|
|  16|0x0000000701000000, 0x00000007010f56c0, 0x0000000701100000| 95%| O|  |TS  0|AC  0|TAMS 0x0000000701000000, 0x0000000701000000|
|  17|0x0000000701100000, 0x00000007011ffff0, 0x0000000701200000| 99%| O|  |TS  0|AC  0|TAMS 0x0000000701100000, 0x0000000701100000|
|  18|0x0000000701200000, 0x00000007012ffff0, 0x0000000701300000| 99%| O|  |TS  0|AC  0|TAMS 0x0000000701200000, 0x0000000701200000|
|  19|0x0000000701300000, 0x00000007013ffff0, 0x0000000701400000| 99%| O|  |TS  0|AC  0|TAMS 0x0000000701300000, 0x0000000701300000|
|  20|0x0000000701400000, 0x00000007014ffff0, 0x0000000701500000| 99%| O|  |TS  0|AC  0|TAMS 0x0000000701400000, 0x0000000701400000|
|  21|0x0000000701500000, 0x00000007015ffff8, 0x0000000701600000| 99%| O|  |TS  0|AC  0|TAMS 0x0000000701500000, 0x0000000701500000|
|  22|0x0000000701600000, 0x0000000701700000, 0x0000000701700000|100%| O|  |TS  0|AC  0|TAMS 0x0000000701600000, 0x0000000701600000|
|  23|0x0000000701700000, 0x00000007017ffff0, 0x0000000701800000| 99%| O|  |TS  0|AC  0|TAMS 0x0000000701700000, 0x0000000701700000|
|  24|0x0000000701800000, 0x00000007018fff68, 0x0000000701900000| 99%| O|  |TS  0|AC  0|TAMS 0x0000000701800000, 0x0000000701800000|
|  25|0x0000000701900000, 0x00000007019fffd8, 0x0000000701a00000| 99%| O|  |TS  0|AC  0|TAMS 0x0000000701900000, 0x0000000701900000|
|  26|0x0000000701a00000, 0x0000000701afe930, 0x0000000701b00000| 99%| O|  |TS  0|AC  0|TAMS 0x0000000701a00000, 0x0000000701a00000|
|  27|0x0000000701b00000, 0x0000000701bffff8, 0x0000000701c00000| 99%| O|  |TS  0|AC  0|TAMS 0x0000000701b00000, 0x0000000701b00000|
|  28|0x0000000701c00000, 0x0000000701cffe58, 0x0000000701d00000| 99%| O|  |TS  0|AC  0|TAMS 0x0000000701c00000, 0x0000000701c00000|
|  29|0x0000000701d00000, 0x0000000701dffff8, 0x0000000701e00000| 99%| O|  |TS  0|AC  0|TAMS 0x0000000701d00000, 0x0000000701d00000|
|  30|0x0000000701e00000, 0x0000000701efffc0, 0x0000000701f00000| 99%| O|  |TS  0|AC  0|TAMS 0x0000000701e00000, 0x0000000701e00000|
|  31|0x0000000701f00000, 0x0000000702000000, 0x0000000702000000|100%| O|  |TS  0|AC  0|TAMS 0x0000000701f00000, 0x0000000701f00000|
|  32|0x0000000702000000, 0x00000007020fffe0, 0x0000000702100000| 99%| O|  |TS  0|AC  0|TAMS 0x0000000702000000, 0x0000000702000000|
|  33|0x0000000702100000, 0x00000007021cb070, 0x0000000702200000| 79%| O|  |TS  0|AC  0|TAMS 0x0000000702100000, 0x0000000702100000|
|  34|0x0000000702200000, 0x0000000702300000, 0x0000000702300000|100%| O|  |TS  0|AC  0|TAMS 0x0000000702200000, 0x0000000702200000|
|  35|0x0000000702300000, 0x00000007023ffff0, 0x0000000702400000| 99%| O|  |TS  0|AC  0|TAMS 0x0000000702300000, 0x0000000702300000|
|  36|0x0000000702400000, 0x00000007024fffc8, 0x0000000702500000| 99%| O|  |TS  0|AC  0|TAMS 0x0000000702400000, 0x0000000702400000|
|  37|0x0000000702500000, 0x0000000702600000, 0x0000000702600000|100%| O|  |TS  0|AC  0|TAMS 0x0000000702500000, 0x0000000702500000|
|  38|0x0000000702600000, 0x00000007026ffff8, 0x0000000702700000| 99%| O|  |TS  0|AC  0|TAMS 0x0000000702600000, 0x0000000702600000|
|  39|0x0000000702700000, 0x00000007027ffff0, 0x0000000702800000| 99%| O|  |TS  0|AC  0|TAMS 0x0000000702700000, 0x0000000702700000|
|  40|0x0000000702800000, 0x00000007028fffe0, 0x0000000702900000| 99%| O|  |TS  0|AC  0|TAMS 0x0000000702800000, 0x0000000702800000|
|  41|0x0000000702900000, 0x00000007029ffff0, 0x0000000702a00000| 99%| O|  |TS  0|AC  0|TAMS 0x0000000702900000, 0x0000000702900000|
|  42|0x0000000702a00000, 0x0000000702affc48, 0x0000000702b00000| 99%| O|  |TS  0|AC  0|TAMS 0x0000000702a00000, 0x0000000702a00000|
|  43|0x0000000702b00000, 0x0000000702bfffe8, 0x0000000702c00000| 99%| O|  |TS  0|AC  0|TAMS 0x0000000702b00000, 0x0000000702b00000|
|  44|0x0000000702c00000, 0x0000000702cfffc0, 0x0000000702d00000| 99%| O|  |TS  0|AC  0|TAMS 0x0000000702c00000, 0x0000000702c00000|
|  45|0x0000000702d00000, 0x0000000702dffff8, 0x0000000702e00000| 99%| O|  |TS  0|AC  0|TAMS 0x0000000702d00000, 0x0000000702d00000|
|  46|0x0000000702e00000, 0x0000000702effff8, 0x0000000702f00000| 99%| O|  |TS  0|AC  0|TAMS 0x0000000702e00000, 0x0000000702e00000|
|  47|0x0000000702f00000, 0x0000000703000000, 0x0000000703000000|100%|HS|  |TS  0|AC  0|TAMS 0x0000000702f00000, 0x0000000702f00000|
|  48|0x0000000703000000, 0x0000000703100000, 0x0000000703100000|100%|HC|  |TS  0|AC  0|TAMS 0x0000000703000000, 0x0000000703000000|
|  49|0x0000000703100000, 0x0000000703200000, 0x0000000703200000|100%|HC|  |TS  0|AC  0|TAMS 0x0000000703100000, 0x0000000703100000|
|  50|0x0000000703200000, 0x0000000703300000, 0x0000000703300000|100%|HC|  |TS  0|AC  0|TAMS 0x0000000703200000, 0x0000000703200000|
|  51|0x0000000703300000, 0x0000000703400000, 0x0000000703400000|100%|HC|  |TS  0|AC  0|TAMS 0x0000000703300000, 0x0000000703300000|
|  52|0x0000000703400000, 0x0000000703500000, 0x0000000703500000|100%|HC|  |TS  0|AC  0|TAMS 0x0000000703400000, 0x0000000703400000|
|  53|0x0000000703500000, 0x0000000703600000, 0x0000000703600000|100%|HC|  |TS  0|AC  0|TAMS 0x0000000703500000, 0x0000000703500000|
|  54|0x0000000703600000, 0x0000000703700000, 0x0000000703700000|100%|HC|  |TS  0|AC  0|TAMS 0x0000000703600000, 0x0000000703600000|
|  55|0x0000000703700000, 0x00000007037ffff0, 0x0000000703800000| 99%| O|  |TS  0|AC  0|TAMS 0x0000000703700000, 0x0000000703700000|
|  56|0x0000000703800000, 0x00000007038ffff8, 0x0000000703900000| 99%| O|  |TS  0|AC  0|TAMS 0x0000000703800000, 0x0000000703800000|
|  57|0x0000000703900000, 0x00000007039fffe8, 0x0000000703a00000| 99%| O|  |TS  0|AC  0|TAMS 0x0000000703900000, 0x0000000703900000|
|  58|0x0000000703a00000, 0x0000000703affd88, 0x0000000703b00000| 99%| O|  |TS  0|AC  0|TAMS 0x0000000703a00000, 0x0000000703a00000|
|  59|0x0000000703b00000, 0x0000000703bffff8, 0x0000000703c00000| 99%| O|  |TS  0|AC  0|TAMS 0x0000000703b00000, 0x0000000703b00000|
|  60|0x0000000703c00000, 0x0000000703cfff30, 0x0000000703d00000| 99%| O|  |TS  0|AC  0|TAMS 0x0000000703c00000, 0x0000000703c00000|
|  61|0x0000000703d00000, 0x0000000703dffff8, 0x0000000703e00000| 99%| O|  |TS  0|AC  0|TAMS 0x0000000703d00000, 0x0000000703d00000|
|  62|0x0000000703e00000, 0x0000000703effff0, 0x0000000703f00000| 99%| O|  |TS  0|AC  0|TAMS 0x0000000703e00000, 0x0000000703e00000|
|  63|0x0000000703f00000, 0x0000000703fa9908, 0x0000000704000000| 66%| O|  |TS  0|AC  0|TAMS 0x0000000703f00000, 0x0000000703f00000|
|  64|0x0000000704000000, 0x0000000704000000, 0x0000000704100000|  0%| F|  |TS  0|AC  0|TAMS 0x0000000704000000, 0x0000000704000000|
|  65|0x0000000704100000, 0x0000000704100000, 0x0000000704200000|  0%| F|  |TS  0|AC  0|TAMS 0x0000000704100000, 0x0000000704100000|
|  66|0x0000000704200000, 0x0000000704200000, 0x0000000704300000|  0%| F|  |TS  0|AC  0|TAMS 0x0000000704200000, 0x0000000704200000|
|  67|0x0000000704300000, 0x0000000704400000, 0x0000000704400000|100%|HS|  |TS  0|AC  0|TAMS 0x0000000704300000, 0x0000000704300000|
|  68|0x0000000704400000, 0x0000000704500000, 0x0000000704500000|100%|HC|  |TS  0|AC  0|TAMS 0x0000000704400000, 0x0000000704400000|
|  69|0x0000000704500000, 0x0000000704600000, 0x0000000704600000|100%|HS|  |TS  0|AC  0|TAMS 0x0000000704500000, 0x0000000704500000|
|  70|0x0000000704600000, 0x0000000704700000, 0x0000000704700000|100%|HC|  |TS  0|AC  0|TAMS 0x0000000704600000, 0x0000000704600000|
|  71|0x0000000704700000, 0x0000000704800000, 0x0000000704800000|100%|HC|  |TS  0|AC  0|TAMS 0x0000000704700000, 0x0000000704700000|
|  72|0x0000000704800000, 0x0000000704800000, 0x0000000704900000|  0%| F|  |TS  0|AC  0|TAMS 0x0000000704800000, 0x0000000704800000|
|  73|0x0000000704900000, 0x0000000704900000, 0x0000000704a00000|  0%| F|  |TS  0|AC  0|TAMS 0x0000000704900000, 0x0000000704900000|
|  74|0x0000000704a00000, 0x0000000704a00000, 0x0000000704b00000|  0%| F|  |TS  0|AC  0|TAMS 0x0000000704a00000, 0x0000000704a00000|
|  75|0x0000000704b00000, 0x0000000704b00000, 0x0000000704c00000|  0%| F|  |TS  0|AC  0|TAMS 0x0000000704b00000, 0x0000000704b00000|
|  76|0x0000000704c00000, 0x0000000704c00000, 0x0000000704d00000|  0%| F|  |TS  0|AC  0|TAMS 0x0000000704c00000, 0x0000000704c00000|
|  77|0x0000000704d00000, 0x0000000704d00000, 0x0000000704e00000|  0%| F|  |TS  0|AC  0|TAMS 0x0000000704d00000, 0x0000000704d00000|
|  78|0x0000000704e00000, 0x0000000704e00000, 0x0000000704f00000|  0%| F|  |TS  0|AC  0|TAMS 0x0000000704e00000, 0x0000000704e00000|
|  79|0x0000000704f00000, 0x0000000704f00000, 0x0000000705000000|  0%| F|  |TS  0|AC  0|TAMS 0x0000000704f00000, 0x0000000704f00000|
|  80|0x0000000705000000, 0x0000000705000000, 0x0000000705100000|  0%| F|  |TS  0|AC  0|TAMS 0x0000000705000000, 0x0000000705000000|
|  81|0x0000000705100000, 0x0000000705100000, 0x0000000705200000|  0%| F|  |TS  0|AC  0|TAMS 0x0000000705100000, 0x0000000705100000|
|  82|0x0000000705200000, 0x0000000705200000, 0x0000000705300000|  0%| F|  |TS  0|AC  0|TAMS 0x0000000705200000, 0x0000000705200000|
|  83|0x0000000705300000, 0x0000000705300000, 0x0000000705400000|  0%| F|  |TS  0|AC  0|TAMS 0x0000000705300000, 0x0000000705300000|
|  84|0x0000000705400000, 0x0000000705400000, 0x0000000705500000|  0%| F|  |TS  0|AC  0|TAMS 0x0000000705400000, 0x0000000705400000|
|  85|0x0000000705500000, 0x0000000705500000, 0x0000000705600000|  0%| F|  |TS  0|AC  0|TAMS 0x0000000705500000, 0x0000000705500000|
|  86|0x0000000705600000, 0x0000000705600000, 0x0000000705700000|  0%| F|  |TS  0|AC  0|TAMS 0x0000000705600000, 0x0000000705600000|
|  87|0x0000000705700000, 0x0000000705700000, 0x0000000705800000|  0%| F|  |TS  0|AC  0|TAMS 0x0000000705700000, 0x0000000705700000|
|  88|0x0000000705800000, 0x0000000705800000, 0x0000000705900000|  0%| F|  |TS  0|AC  0|TAMS 0x0000000705800000, 0x0000000705800000|
|  89|0x0000000705900000, 0x0000000705900000, 0x0000000705a00000|  0%| F|  |TS  0|AC  0|TAMS 0x0000000705900000, 0x0000000705900000|
|  90|0x0000000705a00000, 0x0000000705a00000, 0x0000000705b00000|  0%| F|  |TS  0|AC  0|TAMS 0x0000000705a00000, 0x0000000705a00000|
|  91|0x0000000705b00000, 0x0000000705b00000, 0x0000000705c00000|  0%| F|  |TS  0|AC  0|TAMS 0x0000000705b00000, 0x0000000705b00000|
|  92|0x0000000705c00000, 0x0000000705c00000, 0x0000000705d00000|  0%| F|  |TS  0|AC  0|TAMS 0x0000000705c00000, 0x0000000705c00000|
|  93|0x0000000705d00000, 0x0000000705d00000, 0x0000000705e00000|  0%| F|  |TS  0|AC  0|TAMS 0x0000000705d00000, 0x0000000705d00000|
|  94|0x0000000705e00000, 0x0000000705e00000, 0x0000000705f00000|  0%| F|  |TS  0|AC  0|TAMS 0x0000000705e00000, 0x0000000705e00000|
|  95|0x0000000705f00000, 0x0000000705f00000, 0x0000000706000000|  0%| F|  |TS  0|AC  0|TAMS 0x0000000705f00000, 0x0000000705f00000|
|  96|0x0000000706000000, 0x0000000706000000, 0x0000000706100000|  0%| F|  |TS  0|AC  0|TAMS 0x0000000706000000, 0x0000000706000000|
|  97|0x0000000706100000, 0x0000000706100000, 0x0000000706200000|  0%| F|  |TS  0|AC  0|TAMS 0x0000000706100000, 0x0000000706100000|
|  98|0x0000000706200000, 0x0000000706200000, 0x0000000706300000|  0%| F|  |TS  0|AC  0|TAMS 0x0000000706200000, 0x0000000706200000|
|  99|0x0000000706300000, 0x0000000706300000, 0x0000000706400000|  0%| F|  |TS  0|AC  0|TAMS 0x0000000706300000, 0x0000000706300000|
| 100|0x0000000706400000, 0x0000000706400000, 0x0000000706500000|  0%| F|  |TS  0|AC  0|TAMS 0x0000000706400000, 0x0000000706400000|
| 101|0x0000000706500000, 0x0000000706500000, 0x0000000706600000|  0%| F|  |TS  0|AC  0|TAMS 0x0000000706500000, 0x0000000706500000|
| 102|0x0000000706600000, 0x0000000706600000, 0x0000000706700000|  0%| F|  |TS  0|AC  0|TAMS 0x0000000706600000, 0x0000000706600000|
| 103|0x0000000706700000, 0x0000000706736888, 0x0000000706800000| 21%| E|  |TS  0|AC  0|TAMS 0x0000000706700000, 0x0000000706700000|
| 104|0x0000000706800000, 0x0000000706900000, 0x0000000706900000|100%| E|CS|TS  0|AC  0|TAMS 0x0000000706800000, 0x0000000706800000|
| 105|0x0000000706900000, 0x0000000706a00000, 0x0000000706a00000|100%| E|CS|TS  0|AC  0|TAMS 0x0000000706900000, 0x0000000706900000|
| 106|0x0000000706a00000, 0x0000000706b00000, 0x0000000706b00000|100%| E|CS|TS  0|AC  0|TAMS 0x0000000706a00000, 0x0000000706a00000|
| 107|0x0000000706b00000, 0x0000000706c00000, 0x0000000706c00000|100%| E|CS|TS  0|AC  0|TAMS 0x0000000706b00000, 0x0000000706b00000|
| 108|0x0000000706c00000, 0x0000000706d00000, 0x0000000706d00000|100%| E|CS|TS  0|AC  0|TAMS 0x0000000706c00000, 0x0000000706c00000|
| 109|0x0000000706d00000, 0x0000000706e00000, 0x0000000706e00000|100%| E|CS|TS  0|AC  0|TAMS 0x0000000706d00000, 0x0000000706d00000|
| 110|0x0000000706e00000, 0x0000000706f00000, 0x0000000706f00000|100%| E|CS|TS  0|AC  0|TAMS 0x0000000706e00000, 0x0000000706e00000|
| 111|0x0000000706f00000, 0x0000000707000000, 0x0000000707000000|100%| E|CS|TS  0|AC  0|TAMS 0x0000000706f00000, 0x0000000706f00000|
| 112|0x0000000707000000, 0x0000000707100000, 0x0000000707100000|100%| E|CS|TS  0|AC  0|TAMS 0x0000000707000000, 0x0000000707000000|
| 113|0x0000000707100000, 0x0000000707200000, 0x0000000707200000|100%| E|CS|TS  0|AC  0|TAMS 0x0000000707100000, 0x0000000707100000|
| 114|0x0000000707200000, 0x0000000707300000, 0x0000000707300000|100%| E|CS|TS  0|AC  0|TAMS 0x0000000707200000, 0x0000000707200000|
| 115|0x0000000707300000, 0x0000000707400000, 0x0000000707400000|100%| E|CS|TS  0|AC  0|TAMS 0x0000000707300000, 0x0000000707300000|
| 116|0x0000000707400000, 0x0000000707500000, 0x0000000707500000|100%| E|CS|TS  0|AC  0|TAMS 0x0000000707400000, 0x0000000707400000|
| 117|0x0000000707500000, 0x0000000707600000, 0x0000000707600000|100%| E|CS|TS  0|AC  0|TAMS 0x0000000707500000, 0x0000000707500000|
| 118|0x0000000707600000, 0x0000000707700000, 0x0000000707700000|100%| E|CS|TS  0|AC  0|TAMS 0x0000000707600000, 0x0000000707600000|
| 119|0x0000000707700000, 0x0000000707800000, 0x0000000707800000|100%| E|CS|TS  0|AC  0|TAMS 0x0000000707700000, 0x0000000707700000|
| 120|0x0000000707800000, 0x0000000707900000, 0x0000000707900000|100%| E|CS|TS  0|AC  0|TAMS 0x0000000707800000, 0x0000000707800000|
| 121|0x0000000707900000, 0x0000000707a00000, 0x0000000707a00000|100%| E|CS|TS  0|AC  0|TAMS 0x0000000707900000, 0x0000000707900000|
| 122|0x0000000707a00000, 0x0000000707b00000, 0x0000000707b00000|100%| E|CS|TS  0|AC  0|TAMS 0x0000000707a00000, 0x0000000707a00000|
| 123|0x0000000707b00000, 0x0000000707c00000, 0x0000000707c00000|100%| E|CS|TS  0|AC  0|TAMS 0x0000000707b00000, 0x0000000707b00000|
| 124|0x0000000707c00000, 0x0000000707d00000, 0x0000000707d00000|100%| E|CS|TS  0|AC  0|TAMS 0x0000000707c00000, 0x0000000707c00000|
| 125|0x0000000707d00000, 0x0000000707e00000, 0x0000000707e00000|100%| E|CS|TS  0|AC  0|TAMS 0x0000000707d00000, 0x0000000707d00000|
| 126|0x0000000707e00000, 0x0000000707f00000, 0x0000000707f00000|100%| E|CS|TS  0|AC  0|TAMS 0x0000000707e00000, 0x0000000707e00000|
| 127|0x0000000707f00000, 0x0000000708000000, 0x0000000708000000|100%| E|CS|TS  0|AC  0|TAMS 0x0000000707f00000, 0x0000000707f00000|
| 128|0x0000000708000000, 0x0000000708100000, 0x0000000708100000|100%| E|CS|TS  0|AC  0|TAMS 0x0000000708000000, 0x0000000708000000|
| 129|0x0000000708100000, 0x0000000708200000, 0x0000000708200000|100%| E|CS|TS  0|AC  0|TAMS 0x0000000708100000, 0x0000000708100000|
| 130|0x0000000708200000, 0x0000000708300000, 0x0000000708300000|100%| E|CS|TS  0|AC  0|TAMS 0x0000000708200000, 0x0000000708200000|
| 131|0x0000000708300000, 0x0000000708400000, 0x0000000708400000|100%| E|CS|TS  0|AC  0|TAMS 0x0000000708300000, 0x0000000708300000|
| 132|0x0000000708400000, 0x0000000708500000, 0x0000000708500000|100%| E|CS|TS  0|AC  0|TAMS 0x0000000708400000, 0x0000000708400000|
| 133|0x0000000708500000, 0x0000000708600000, 0x0000000708600000|100%| E|CS|TS  0|AC  0|TAMS 0x0000000708500000, 0x0000000708500000|
| 134|0x0000000708600000, 0x0000000708700000, 0x0000000708700000|100%| E|CS|TS  0|AC  0|TAMS 0x0000000708600000, 0x0000000708600000|
| 135|0x0000000708700000, 0x0000000708800000, 0x0000000708800000|100%| E|CS|TS  0|AC  0|TAMS 0x0000000708700000, 0x0000000708700000|
| 136|0x0000000708800000, 0x0000000708900000, 0x0000000708900000|100%| E|CS|TS  0|AC  0|TAMS 0x0000000708800000, 0x0000000708800000|
| 137|0x0000000708900000, 0x0000000708a00000, 0x0000000708a00000|100%| E|CS|TS  0|AC  0|TAMS 0x0000000708900000, 0x0000000708900000|
| 138|0x0000000708a00000, 0x0000000708b00000, 0x0000000708b00000|100%| E|CS|TS  0|AC  0|TAMS 0x0000000708a00000, 0x0000000708a00000|
| 139|0x0000000708b00000, 0x0000000708c00000, 0x0000000708c00000|100%| E|CS|TS  0|AC  0|TAMS 0x0000000708b00000, 0x0000000708b00000|
| 140|0x0000000708c00000, 0x0000000708d00000, 0x0000000708d00000|100%| E|CS|TS  0|AC  0|TAMS 0x0000000708c00000, 0x0000000708c00000|
| 141|0x0000000708d00000, 0x0000000708e00000, 0x0000000708e00000|100%| E|CS|TS  0|AC  0|TAMS 0x0000000708d00000, 0x0000000708d00000|
| 142|0x0000000708e00000, 0x0000000708f00000, 0x0000000708f00000|100%| E|CS|TS  0|AC  0|TAMS 0x0000000708e00000, 0x0000000708e00000|
| 143|0x0000000708f00000, 0x0000000709000000, 0x0000000709000000|100%| E|CS|TS  0|AC  0|TAMS 0x0000000708f00000, 0x0000000708f00000|
| 144|0x0000000709000000, 0x0000000709100000, 0x0000000709100000|100%| E|CS|TS  0|AC  0|TAMS 0x0000000709000000, 0x0000000709000000|
| 145|0x0000000709100000, 0x0000000709200000, 0x0000000709200000|100%| E|CS|TS  0|AC  0|TAMS 0x0000000709100000, 0x0000000709100000|
| 146|0x0000000709200000, 0x0000000709300000, 0x0000000709300000|100%| E|CS|TS  0|AC  0|TAMS 0x0000000709200000, 0x0000000709200000|
| 147|0x0000000709300000, 0x0000000709400000, 0x0000000709400000|100%| E|CS|TS  0|AC  0|TAMS 0x0000000709300000, 0x0000000709300000|
| 148|0x0000000709400000, 0x0000000709500000, 0x0000000709500000|100%| E|CS|TS  0|AC  0|TAMS 0x0000000709400000, 0x0000000709400000|
| 149|0x0000000709500000, 0x0000000709600000, 0x0000000709600000|100%| E|CS|TS  0|AC  0|TAMS 0x0000000709500000, 0x0000000709500000|
| 150|0x0000000709600000, 0x0000000709700000, 0x0000000709700000|100%| E|CS|TS  0|AC  0|TAMS 0x0000000709600000, 0x0000000709600000|
| 151|0x0000000709700000, 0x0000000709800000, 0x0000000709800000|100%| E|CS|TS  0|AC  0|TAMS 0x0000000709700000, 0x0000000709700000|
| 152|0x0000000709800000, 0x0000000709900000, 0x0000000709900000|100%| E|CS|TS  0|AC  0|TAMS 0x0000000709800000, 0x0000000709800000|
| 153|0x0000000709900000, 0x0000000709a00000, 0x0000000709a00000|100%| E|CS|TS  0|AC  0|TAMS 0x0000000709900000, 0x0000000709900000|
| 154|0x0000000709a00000, 0x0000000709b00000, 0x0000000709b00000|100%| E|CS|TS  0|AC  0|TAMS 0x0000000709a00000, 0x0000000709a00000|
| 155|0x0000000709b00000, 0x0000000709c00000, 0x0000000709c00000|100%| E|CS|TS  0|AC  0|TAMS 0x0000000709b00000, 0x0000000709b00000|
| 156|0x0000000709c00000, 0x0000000709d00000, 0x0000000709d00000|100%| E|CS|TS  0|AC  0|TAMS 0x0000000709c00000, 0x0000000709c00000|
| 157|0x0000000709d00000, 0x0000000709e00000, 0x0000000709e00000|100%| E|CS|TS  0|AC  0|TAMS 0x0000000709d00000, 0x0000000709d00000|
| 158|0x0000000709e00000, 0x0000000709f00000, 0x0000000709f00000|100%| E|CS|TS  0|AC  0|TAMS 0x0000000709e00000, 0x0000000709e00000|
| 159|0x0000000709f00000, 0x000000070a000000, 0x000000070a000000|100%| E|CS|TS  0|AC  0|TAMS 0x0000000709f00000, 0x0000000709f00000|

Card table byte_map: [0x000001aab6ea0000,0x000001aab74a0000] byte_map_base: 0x000001aab36a0000

Marking Bits (Prev, Next): (CMBitMap*) 0x000001aaba13f9a8, (CMBitMap*) 0x000001aaba13f970
 Prev Bits: [0x000001aad5ec0000, 0x000001aad8ec0000)
 Next Bits: [0x000001aad2ec0000, 0x000001aad5ec0000)

Polling page: 0x000001aaae2d0000

CodeHeap 'non-profiled nmethods': size=120064Kb used=21704Kb max_used=21704Kb free=98359Kb
 bounds [0x000001aacb980000, 0x000001aaccec0000, 0x000001aad2ec0000]
CodeHeap 'profiled nmethods': size=120000Kb used=40739Kb max_used=45145Kb free=79260Kb
 bounds [0x000001aac4450000, 0x000001aac70e0000, 0x000001aacb980000]
CodeHeap 'non-nmethods': size=5696Kb used=1765Kb max_used=1833Kb free=3931Kb
 bounds [0x000001aac3ec0000, 0x000001aac4130000, 0x000001aac4450000]
 total_blobs=33344 nmethods=17376 adapters=1092
 compilation: enabled

Compilation events (10 events):
Event: 3655.101 Thread 0x000001aaba0ee800 22959       4       com.jidesoft.docking.DockableFrame$2::propertyChange (143 bytes)
Event: 3655.107 Thread 0x000001aaba0f1000 22960   !   4       java.awt.Component::enable (88 bytes)
Event: 3655.110 Thread 0x000001aaba0f2000 22961   !   3       java.awt.Component::removeNotify (338 bytes)
Event: 3655.119 Thread 0x000001aaba0f2000 nmethod 22961 0x000001aac5df7d10 code [0x000001aac5df8260, 0x000001aac5dfb650]
Event: 3655.144 Thread 0x000001aaba0f1000 nmethod 22960 0x000001aacceafa10 code [0x000001aacceafc60, 0x000001aacceb0b68]
Event: 3655.174 Thread 0x000001aaba0ee800 nmethod 22959 0x000001aacceb1290 code [0x000001aacceb15e0, 0x000001aacceb3880]
Event: 3655.267 Thread 0x000001aaba0f1000 22962       4       javax.swing.JComponent::getComponentGraphics (63 bytes)
Event: 3655.273 Thread 0x000001aaba0f1000 nmethod 22962 0x000001aacceb4810 code [0x000001aacceb49e0, 0x000001aacceb4dd8]
Event: 3655.322 Thread 0x000001aaba0f2000 22963       3       javax.swing.JComponent::removeNotify (55 bytes)
Event: 3655.324 Thread 0x000001aaba0f2000 nmethod 22963 0x000001aac57fd790 code [0x000001aac57fda00, 0x000001aac57fe460]

GC Heap History (10 events):
Event: 3640.688 GC heap before
{Heap before GC invocations=429 (full 149):
 garbage-first heap   total 163840K, used 130524K [0x0000000700000000, 0x0000000700100500, 0x00000007c0000000)
  region size 1024K, 60 young (61440K), 1 survivors (1024K)
 Metaspace       used 82726K, capacity 87507K, committed 89596K, reserved 1126400K
  class space    used 10995K, capacity 11846K, committed 12284K, reserved 1048576K
}
Event: 3640.691 GC heap after
{Heap after GC invocations=430 (full 149):
 garbage-first heap   total 163840K, used 70062K [0x0000000700000000, 0x0000000700100500, 0x00000007c0000000)
  region size 1024K, 1 young (1024K), 1 survivors (1024K)
 Metaspace       used 82726K, capacity 87507K, committed 89596K, reserved 1126400K
  class space    used 10995K, capacity 11846K, committed 12284K, reserved 1048576K
}
Event: 3641.411 GC heap before
{Heap before GC invocations=430 (full 149):
 garbage-first heap   total 163840K, used 130478K [0x0000000700000000, 0x0000000700100500, 0x00000007c0000000)
  region size 1024K, 60 young (61440K), 1 survivors (1024K)
 Metaspace       used 82726K, capacity 87507K, committed 89596K, reserved 1126400K
  class space    used 10995K, capacity 11846K, committed 12284K, reserved 1048576K
}
Event: 3641.414 GC heap after
{Heap after GC invocations=431 (full 149):
 garbage-first heap   total 163840K, used 70094K [0x0000000700000000, 0x0000000700100500, 0x00000007c0000000)
  region size 1024K, 1 young (1024K), 1 survivors (1024K)
 Metaspace       used 82726K, capacity 87507K, committed 89596K, reserved 1126400K
  class space    used 10995K, capacity 11846K, committed 12284K, reserved 1048576K
}
Event: 3648.749 GC heap before
{Heap before GC invocations=431 (full 149):
 garbage-first heap   total 163840K, used 130510K [0x0000000700000000, 0x0000000700100500, 0x00000007c0000000)
  region size 1024K, 60 young (61440K), 1 survivors (1024K)
 Metaspace       used 82755K, capacity 87571K, committed 89852K, reserved 1126400K
  class space    used 10995K, capacity 11846K, committed 12284K, reserved 1048576K
}
Event: 3648.754 GC heap after
{Heap after GC invocations=432 (full 149):
 garbage-first heap   total 163840K, used 70446K [0x0000000700000000, 0x0000000700100500, 0x00000007c0000000)
  region size 1024K, 1 young (1024K), 1 survivors (1024K)
 Metaspace       used 82755K, capacity 87571K, committed 89852K, reserved 1126400K
  class space    used 10995K, capacity 11846K, committed 12284K, reserved 1048576K
}
Event: 3651.384 GC heap before
{Heap before GC invocations=432 (full 149):
 garbage-first heap   total 163840K, used 130862K [0x0000000700000000, 0x0000000700100500, 0x00000007c0000000)
  region size 1024K, 60 young (61440K), 1 survivors (1024K)
 Metaspace       used 82757K, capacity 87571K, committed 89852K, reserved 1126400K
  class space    used 10996K, capacity 11846K, committed 12284K, reserved 1048576K
}
Event: 3651.389 GC heap after
{Heap after GC invocations=433 (full 149):
 garbage-first heap   total 163840K, used 70827K [0x0000000700000000, 0x0000000700100500, 0x00000007c0000000)
  region size 1024K, 2 young (2048K), 2 survivors (2048K)
 Metaspace       used 82757K, capacity 87571K, committed 89852K, reserved 1126400K
  class space    used 10996K, capacity 11846K, committed 12284K, reserved 1048576K
}
Event: 3651.413 GC heap before
{Heap before GC invocations=433 (full 149):
 garbage-first heap   total 163840K, used 72875K [0x0000000700000000, 0x0000000700100500, 0x00000007c0000000)
  region size 1024K, 5 young (5120K), 2 survivors (2048K)
 Metaspace       used 82757K, capacity 87571K, committed 89852K, reserved 1126400K
  class space    used 10996K, capacity 11846K, committed 12284K, reserved 1048576K
}
Event: 3651.652 GC heap after
{Heap after GC invocations=434 (full 150):
 garbage-first heap   total 163840K, used 69675K [0x0000000700000000, 0x0000000700100500, 0x00000007c0000000)
  region size 1024K, 0 young (0K), 0 survivors (0K)
 Metaspace       used 82757K, capacity 87571K, committed 89852K, reserved 1126400K
  class space    used 10996K, capacity 11846K, committed 12284K, reserved 1048576K
}

Deoptimization events (10 events):
Event: 3653.392 Thread 0x000001aabb091000 Uncommon trap: reason=unstable_if action=reinterpret pc=0x000001aacc62a1f4 method=java.awt.DefaultKeyboardFocusManager.discardKeyEvents(Ljava/awt/Component;)V @ 50 c2
Event: 3653.392 Thread 0x000001aabb091000 Uncommon trap: reason=unstable_if action=reinterpret pc=0x000001aacc43080c method=java.awt.DefaultKeyboardFocusManager.purgeStampedEvents(JJ)V @ 3 c2
Event: 3653.393 Thread 0x000001aabb091000 Uncommon trap: reason=unstable_if action=reinterpret pc=0x000001aacc15ff50 method=java.awt.Container.removeNotify()V @ 65 c2
Event: 3653.393 Thread 0x000001aabb091000 Uncommon trap: reason=unstable_if action=reinterpret pc=0x000001aacc15ff50 method=java.awt.Container.removeNotify()V @ 65 c2
Event: 3653.393 Thread 0x000001aabb091000 Uncommon trap: reason=unstable_if action=reinterpret pc=0x000001aacc15ff50 method=java.awt.Container.removeNotify()V @ 65 c2
Event: 3653.394 Thread 0x000001aabb091000 Uncommon trap: reason=unstable_if action=reinterpret pc=0x000001aacc15ff50 method=java.awt.Container.removeNotify()V @ 65 c2
Event: 3653.394 Thread 0x000001aabb091000 Uncommon trap: reason=unstable_if action=reinterpret pc=0x000001aacc15ff50 method=java.awt.Container.removeNotify()V @ 65 c2
Event: 3653.394 Thread 0x000001aabb091000 Uncommon trap: reason=unstable_if action=reinterpret pc=0x000001aacc15ff50 method=java.awt.Container.removeNotify()V @ 65 c2
Event: 3653.394 Thread 0x000001aabb091000 Uncommon trap: reason=unstable_if action=reinterpret pc=0x000001aaccaf925c method=java.awt.Container.dispatchEventImpl(Ljava/awt/AWTEvent;)V @ 26 c2
Event: 3653.471 Thread 0x000001aabb091000 Uncommon trap: reason=null_check action=make_not_entrant pc=0x000001aaccc1b2c0 method=java.awt.Component.getNativeContainer()Ljava/awt/Container; @ 13 c2

Classes redefined (0 events):
No events

Internal exceptions (10 events):
Event: 1988.335 Thread 0x000001aabb091000 Exception <a 'java/lang/NoSuchMethodError'{0x000000070861d370}: method resolution failed> (0x000000070861d370) thrown at [t:/workspace/hotspot/src/share/vm/prims/methodHandles.cpp, line 1256]
Event: 2024.333 Thread 0x000001aabb091000 Exception <a 'java/lang/NoSuchMethodError'{0x0000000706c3f9f8}: java.lang.invoke.DirectMethodHandle$Holder.invokeSpecial(Ljava/lang/Object;Ljava/lang/Object;IILjava/lang/Object;Ljava/lang/Object;I)Ljava/lang/Object;> (0x0000000706c3f9f8) thrown at [t:/wor
Event: 2024.333 Thread 0x000001aabb091000 Exception <a 'java/lang/NoSuchMethodError'{0x0000000706c43010}: java.lang.invoke.DelegatingMethodHandle$Holder.reinvoke_L(Ljava/lang/Object;IILjava/lang/Object;Ljava/lang/Object;I)Ljava/lang/Object;> (0x0000000706c43010) thrown at [t:/workspace/hotspot/sr
Event: 2093.891 Thread 0x000001aabafa9000 Exception <a 'java/lang/InterruptedException'{0x00000007094be1f0}: sleep interrupted> (0x00000007094be1f0) thrown at [t:/workspace/hotspot/src/share/vm/prims/jvm.cpp, line 3023]
Event: 2111.219 Thread 0x000001aabb091000 Implicit null exception at 0x000001aacbd0cb9b to 0x000001aacbd0ec41
Event: 2254.571 Thread 0x000001aabafa1000 Exception <a 'java/lang/InterruptedException'{0x0000000707c1bf08}: sleep interrupted> (0x0000000707c1bf08) thrown at [t:/workspace/hotspot/src/share/vm/prims/jvm.cpp, line 3023]
Event: 2389.911 Thread 0x000001aabb091000 Implicit null exception at 0x000001aacc4aa77b to 0x000001aacc4ad33d
Event: 3652.502 Thread 0x000001aabb091000 Implicit null exception at 0x000001aaccb98bf6 to 0x000001aaccb9c0e1
Event: 3652.502 Thread 0x000001aabb091000 Implicit null exception at 0x000001aacbe19c77 to 0x000001aacbe1af55
Event: 3653.471 Thread 0x000001aabb091000 Implicit null exception at 0x000001aaccc1982b to 0x000001aaccc1b2a1

Events (10 events):
Event: 3653.545 Executing VM operation: BulkRevokeBias done
Event: 3653.710 Thread 0x000001aabb091000 DEOPT PACKING pc=0x000001aac5f7baa8 sp=0x0000003b3a7f6810
Event: 3653.710 Thread 0x000001aabb091000 DEOPT UNPACKING pc=0x000001aac3f0dd3f sp=0x0000003b3a7f5d48 mode 0
Event: 3653.765 Thread 0x000001aabafab800 Thread exited: 0x000001aabafab800
Event: 3654.203 Thread 0x000001aabafa9000 Thread added: 0x000001aabafa9000
Event: 3654.209 Thread 0x000001aabafa9000 Thread exited: 0x000001aabafa9000
Event: 3655.371 Thread 0x000001aabafab800 Thread added: 0x000001aabafab800
Event: 3655.371 Executing VM operation: BulkRevokeBias
Event: 3655.378 Executing VM operation: BulkRevokeBias done
Event: 3655.378 Thread 0x000001aabafab800 Thread exited: 0x000001aabafab800


Dynamic libraries:
0x00007ff61e0f0000 - 0x00007ff61e120000 	C:\Xilinx\Vivado\2019.1\bin\unwrapped\win64.o\vivado.exe
0x00007ffe06770000 - 0x00007ffe06966000 	C:\Windows\SYSTEM32\ntdll.dll
0x00007ffe05110000 - 0x00007ffe051cd000 	C:\Windows\System32\KERNEL32.DLL
0x00007ffe04340000 - 0x00007ffe04608000 	C:\Windows\System32\KERNELBASE.dll
0x00007ffe04240000 - 0x00007ffe04340000 	C:\Windows\System32\ucrtbase.dll
0x00007ffdf4310000 - 0x00007ffdf43a9000 	C:\Windows\SYSTEM32\MSVCP140.dll
0x00007ffdc1e20000 - 0x00007ffdc1e34000 	C:\Xilinx\Vivado\2019.1\lib\win64.o\librdi_commonmain.dll
0x00007ffdf3a90000 - 0x00007ffdf3aa4000 	C:\Xilinx\Vivado\2019.1\lib\win64.o\libboost_signals.dll
0x00007ffdf4850000 - 0x00007ffdf4867000 	C:\Windows\SYSTEM32\VCRUNTIME140.dll
0x00007ffdbd3a0000 - 0x00007ffdbe282000 	C:\Xilinx\Vivado\2019.1\lib\win64.o\librdi_common.dll
0x00007ffe062a0000 - 0x00007ffe06440000 	C:\Windows\System32\USER32.dll
0x00007ffe04690000 - 0x00007ffe046b2000 	C:\Windows\System32\win32u.dll
0x00007ffe06670000 - 0x00007ffe0669a000 	C:\Windows\System32\GDI32.dll
0x00007ffdbbfe0000 - 0x00007ffdbc34e000 	C:\Xilinx\Vivado\2019.1\lib\win64.o\libCOIN-all.dll
0x00007ffe04130000 - 0x00007ffe04239000 	C:\Windows\System32\gdi32full.dll
0x00007ffe04090000 - 0x00007ffe0412d000 	C:\Windows\System32\msvcp_win.dll
0x00007ffe06190000 - 0x00007ffe0623c000 	C:\Windows\System32\ADVAPI32.dll
0x00007ffdbeee0000 - 0x00007ffdbeef4000 	C:\Xilinx\Vivado\2019.1\lib\win64.o\libboost_date_time.dll
0x00007ffe065c0000 - 0x00007ffe0665e000 	C:\Windows\System32\msvcrt.dll
0x00007ffdbeeb0000 - 0x00007ffdbeed6000 	C:\Xilinx\Vivado\2019.1\lib\win64.o\libboost_filesystem.dll
0x00007ffe05330000 - 0x00007ffe053cb000 	C:\Windows\System32\sechost.dll
0x00007ffe051d0000 - 0x00007ffe052f4000 	C:\Windows\System32\RPCRT4.dll
0x00007ffe053d0000 - 0x00007ffe05b11000 	C:\Windows\System32\SHELL32.dll
0x00007ffdbee30000 - 0x00007ffdbeeaf000 	C:\Xilinx\Vivado\2019.1\lib\win64.o\libboost_program_options.dll
0x00007ffdbe9c0000 - 0x00007ffdbead4000 	C:\Xilinx\Vivado\2019.1\lib\win64.o\libboost_regex.dll
0x00007ffdf4250000 - 0x00007ffdf425b000 	C:\Xilinx\Vivado\2019.1\lib\win64.o\libboost_system.dll
0x00007ffdbee00000 - 0x00007ffdbee21000 	C:\Xilinx\Vivado\2019.1\lib\win64.o\libboost_thread.dll
0x00007ffdf3a80000 - 0x00007ffdf3a8f000 	C:\Xilinx\Vivado\2019.1\lib\win64.o\libboost_xilinx.dll
0x00007ffdbe930000 - 0x00007ffdbe9b2000 	C:\Xilinx\Vivado\2019.1\lib\win64.o\libhdlpsolve.dll
0x00007ffdbd2f0000 - 0x00007ffdbd395000 	C:\Xilinx\Vivado\2019.1\lib\win64.o\libhdxml.dll
0x00007ffdbb430000 - 0x00007ffdbbfdf400 	C:\Xilinx\Vivado\2019.1\lib\win64.o\libisl_iostreams.dll
0x00007ffdbedd0000 - 0x00007ffdbedfe000 	C:\Xilinx\Vivado\2019.1\lib\win64.o\libisl_sysinfo.dll
0x00007ffe064f0000 - 0x00007ffe0655b000 	C:\Windows\System32\WS2_32.dll
0x00007ffdbd280000 - 0x00007ffdbd2e5000 	C:\Xilinx\Vivado\2019.1\lib\win64.o\liblmx6.0.dll
0x00007ffdbe910000 - 0x00007ffdbe92a000 	C:\Xilinx\Vivado\2019.1\lib\win64.o\pthreadVC2.dll
0x00007ffdbc750000 - 0x00007ffdbc871000 	C:\Xilinx\Vivado\2019.1\lib\win64.o\librdi_commonxillic.dll
0x00007ffdbe620000 - 0x00007ffdbe63c000 	C:\Xilinx\Vivado\2019.1\lib\win64.o\librdiconfig.dll
0x00007ffdbe8e0000 - 0x00007ffdbe901000 	C:\Xilinx\Vivado\2019.1\lib\win64.o\librdizlib.dll
0x0000000012000000 - 0x0000000012270000 	C:\Xilinx\Vivado\2019.1\lib\win64.o\xerces-c_3_1.dll
0x000000006fff0000 - 0x000000007011b000 	C:\Xilinx\Vivado\2019.1\lib\win64.o\tcl85t.dll
0x00007ffde47c0000 - 0x00007ffde47ca000 	C:\Xilinx\Vivado\2019.1\lib\win64.o\librdi_commonversion.dll
0x00007ffde8c30000 - 0x00007ffde8c48000 	C:\Windows\SYSTEM32\NETAPI32.dll
0x00007ffdebf10000 - 0x00007ffdec3ea000 	C:\Windows\SYSTEM32\WININET.dll
0x00007ffdf7520000 - 0x00007ffdf7620000 	C:\Windows\SYSTEM32\WINHTTP.dll
0x00007ffdf4ac0000 - 0x00007ffdf4cad000 	C:\Windows\SYSTEM32\urlmon.dll
0x00007ffdf3b20000 - 0x00007ffdf3b29000 	C:\Windows\SYSTEM32\WSOCK32.dll
0x00007ffdbd250000 - 0x00007ffdbd27e000 	C:\Windows\SYSTEM32\VCOMP140.DLL
0x00007ffdba590000 - 0x00007ffdbb421000 	C:\Xilinx\Vivado\2019.1\lib\win64.o\gurobi65.dll
0x00007ffde3040000 - 0x00007ffde304d000 	C:\Xilinx\Vivado\2019.1\lib\win64.o\libboost_chrono.dll
0x00007ffdbd230000 - 0x00007ffdbd24b000 	C:\Xilinx\Vivado\2019.1\lib\win64.o\libboost_iostreams.dll
0x00007ffdbccd0000 - 0x00007ffdbccf5000 	C:\Xilinx\Vivado\2019.1\lib\win64.o\libisl_iosutils.dll
0x00007ffdba2b0000 - 0x00007ffdba588000 	C:\Xilinx\Vivado\2019.1\lib\win64.o\libXil_lmgr11.dll
0x00007ffdf4590000 - 0x00007ffdf4840000 	C:\Windows\SYSTEM32\iertutil.dll
0x00007ffe047d0000 - 0x00007ffe048aa000 	C:\Windows\System32\COMDLG32.dll
0x00007ffe05b20000 - 0x00007ffe05e75000 	C:\Windows\System32\combase.dll
0x00007ffe05060000 - 0x00007ffe0510e000 	C:\Windows\System32\shcore.dll
0x00007ffe06240000 - 0x00007ffe06295000 	C:\Windows\System32\SHLWAPI.dll
0x00007ffe06060000 - 0x00007ffe0612d000 	C:\Windows\System32\OLEAUT32.dll
0x00007ffe05f20000 - 0x00007ffe0604a000 	C:\Windows\System32\ole32.dll
0x00007ffe04770000 - 0x00007ffe047d0000 	C:\Windows\System32\WINTRUST.dll
0x00007ffe03450000 - 0x00007ffe0345c000 	C:\Windows\SYSTEM32\NETUTILS.DLL
0x00007ffe03eb0000 - 0x00007ffe0400d000 	C:\Windows\System32\CRYPT32.dll
0x00007ffddef70000 - 0x00007ffddf020000 	C:\Windows\WinSxS\amd64_microsoft.windows.common-controls_6595b64144ccf1df_5.82.19041.488_none_4238de57f6b64d28\COMCTL32.dll
0x00007ffdfcd20000 - 0x00007ffdfcd3d000 	C:\Windows\SYSTEM32\dhcpcsvc.DLL
0x00007ffe05300000 - 0x00007ffe05330000 	C:\Windows\System32\IMM32.DLL
0x00007ffe03aa0000 - 0x00007ffe03ab2000 	C:\Windows\SYSTEM32\MSASN1.dll
0x00007ffe01e00000 - 0x00007ffe01e12000 	C:\Windows\SYSTEM32\kernel.appcore.dll
0x00007ffdb9d90000 - 0x00007ffdba2a7000 	C:\Xilinx\Vivado\2019.1\lib\win64.o\librdi_commontasks.dll
0x00007ffdb9b00000 - 0x00007ffdb9d86000 	C:\Xilinx\Vivado\2019.1\lib\win64.o\librdi_sio.dll
0x00007ffdfd020000 - 0x00007ffdfd02a000 	C:\Windows\SYSTEM32\VERSION.dll
0x00007ffe03340000 - 0x00007ffe0337b000 	C:\Windows\SYSTEM32\IPHLPAPI.DLL
0x000000006f5c0000 - 0x000000006ffe5000 	C:\Xilinx\Vivado\2019.1\tps\win64\jre9.0.4\bin\server\jvm.dll
0x00007ffe04910000 - 0x00007ffe04918000 	C:\Windows\System32\PSAPI.DLL
0x00007ffdf1770000 - 0x00007ffdf1797000 	C:\Windows\SYSTEM32\WINMM.dll
0x00007ffdbc660000 - 0x00007ffdbc74f000 	C:\Windows\SYSTEM32\MSVCR120.dll
0x00007ffe036a0000 - 0x00007ffe0370a000 	C:\Windows\SYSTEM32\MSWSOCK.DLL
0x00007ffe02000000 - 0x00007ffe02795000 	C:\Windows\SYSTEM32\windows.storage.dll
0x00007ffe03920000 - 0x00007ffe0394c000 	C:\Windows\SYSTEM32\Wldp.dll
0x00007ffdb7640000 - 0x00007ffdb9afc000 	C:\Xilinx\Vivado\2019.1\lib\win64.o\librdi_tcltasks.dll
0x00007ffdbc5e0000 - 0x00007ffdbc658000 	C:\Xilinx\Vivado\2019.1\lib\win64.o\librdi_boarddep.dll
0x00007ffdb7230000 - 0x00007ffdb7638000 	C:\Xilinx\Vivado\2019.1\lib\win64.o\librdi_bitstream.dll
0x00007ffdb7090000 - 0x00007ffdb7221000 	C:\Xilinx\Vivado\2019.1\lib\win64.o\librdi_board.dll
0x00007ffdb6fa0000 - 0x00007ffdb708b000 	C:\Xilinx\Vivado\2019.1\lib\win64.o\librdi_chipscope.dll
0x00007ffdb6de0000 - 0x00007ffdb6f9d000 	C:\Xilinx\Vivado\2019.1\lib\win64.o\librdi_chipscopeimpl.dll
0x00007ffdb39d0000 - 0x00007ffdb53ba000 	C:\Xilinx\Vivado\2019.1\lib\win64.o\librdi_constraints.dll
0x00007ffdb6c80000 - 0x00007ffdb6dd6000 	C:\Xilinx\Vivado\2019.1\lib\win64.o\librdi_containers.dll
0x00007ffda5c10000 - 0x00007ffda7ac1000 	C:\Xilinx\Vivado\2019.1\lib\win64.o\librdi_coregen.dll
0x00007ffdb65a0000 - 0x00007ffdb6c7a000 	C:\Xilinx\Vivado\2019.1\lib\win64.o\librdi_coregenipxact.dll
0x00007ffda1bc0000 - 0x00007ffda5c03000 	C:\Xilinx\Vivado\2019.1\lib\win64.o\librdi_designutils.dll
0x00007ffdb5d00000 - 0x00007ffdb601e000 	C:\Xilinx\Vivado\2019.1\lib\win64.o\librdi_dlyest.dll
0x00007ffdb3430000 - 0x00007ffdb39ca000 	C:\Xilinx\Vivado\2019.1\lib\win64.o\librdi_drc.dll
0x00007ffd8f790000 - 0x00007ffda1bbc000 	C:\Xilinx\Vivado\2019.1\lib\win64.o\librdi_device.dll
0x00007ffdb5c30000 - 0x00007ffdb5cf4000 	C:\Xilinx\Vivado\2019.1\lib\win64.o\librdi_dsp.dll
0x00007ffdb1400000 - 0x00007ffdb1a4d000 	C:\Xilinx\Vivado\2019.1\lib\win64.o\librdi_filemgmt.dll
0x00007ffd8f4a0000 - 0x00007ffd8f783000 	C:\Xilinx\Vivado\2019.1\lib\win64.o\librdi_guitools.dll
0x00007ffdbcc60000 - 0x00007ffdbccc5000 	C:\Xilinx\Vivado\2019.1\lib\win64.o\librdi_hdf.dll
0x00007ffd8ee80000 - 0x00007ffd8f495000 	C:\Xilinx\Vivado\2019.1\lib\win64.o\librdi_memdata.dll
0x00007ffd8d8c0000 - 0x00007ffd8ee80000 	C:\Xilinx\Vivado\2019.1\lib\win64.o\librdi_implflow.dll
0x00007ffdbc560000 - 0x00007ffdbc5d3000 	C:\Xilinx\Vivado\2019.1\lib\win64.o\librdi_memoryarray.dll
0x00007ffd8abd0000 - 0x00007ffd8d8b6000 	C:\Xilinx\Vivado\2019.1\lib\win64.o\librdi_mig.dll
0x00007ffd8a520000 - 0x00007ffd8abc2000 	C:\Xilinx\Vivado\2019.1\lib\win64.o\librdi_netlist.dll
0x00007ffdb6550000 - 0x00007ffdb659b000 	C:\Xilinx\Vivado\2019.1\lib\win64.o\librdi_pfi.dll
0x00007ffd87b90000 - 0x00007ffd87e9f000 	C:\Xilinx\Vivado\2019.1\lib\win64.o\librdi_platform.dll
0x00007ffd87ea0000 - 0x00007ffd8a516000 	C:\Xilinx\Vivado\2019.1\lib\win64.o\librdi_place.dll
0x00007ffd87440000 - 0x00007ffd87b8a000 	C:\Xilinx\Vivado\2019.1\lib\win64.o\librdi_power.dll
0x00007ffd86ec0000 - 0x00007ffd8743f000 	C:\Xilinx\Vivado\2019.1\lib\win64.o\librdi_project.dll
0x00007ffd867b0000 - 0x00007ffd86eb9000 	C:\Xilinx\Vivado\2019.1\lib\win64.o\librdi_psta.dll
0x00007ffd860a0000 - 0x00007ffd867a6000 	C:\Xilinx\Vivado\2019.1\lib\win64.o\librdi_rsb.dll
0x00007ffd85ca0000 - 0x00007ffd86091000 	C:\Xilinx\Vivado\2019.1\lib\win64.o\librdi_runs.dll
0x00007ffdb3330000 - 0x00007ffdb342a000 	C:\Xilinx\Vivado\2019.1\lib\win64.o\librdi_runsbase.dll
0x00007ffdb11a0000 - 0x00007ffdb13f6000 	C:\Xilinx\Vivado\2019.1\lib\win64.o\librdi_simdata.dll
0x00007ffdb31b0000 - 0x00007ffdb3322000 	C:\Xilinx\Vivado\2019.1\lib\win64.o\librdi_advchipscopeimpl.dll
0x00007ffd84e80000 - 0x00007ffd85c91000 	C:\Xilinx\Vivado\2019.1\lib\win64.o\librdi_timing.dll
0x00007ffdb60e0000 - 0x00007ffdb612c000 	C:\Xilinx\Vivado\2019.1\lib\win64.o\libboost_serialization.dll
0x00007ffd84ce0000 - 0x00007ffd84e7f000 	C:\Xilinx\Vivado\2019.1\lib\win64.o\librdi_hip_devdesign.dll
0x00007ffdb5b60000 - 0x00007ffdb5c22000 	C:\Xilinx\Vivado\2019.1\lib\win64.o\librdi_ipconfig_readwrite.dll
0x00007ffdb3160000 - 0x00007ffdb31a3000 	C:\Xilinx\Vivado\2019.1\lib\win64.o\librdi_noc_frameworks.dll
0x00007ffd84190000 - 0x00007ffd84cd7000 	C:\Xilinx\Vivado\2019.1\lib\win64.o\libverific.dll
0x00007ffd840f0000 - 0x00007ffd8418e000 	C:\Xilinx\Vivado\2019.1\lib\win64.o\libise.dll
0x00007ffd83d00000 - 0x00007ffd840e5000 	C:\Xilinx\Vivado\2019.1\lib\win64.o\librdi_hip_config.dll
0x00007ffd837b0000 - 0x00007ffd83cfe000 	C:\Xilinx\Vivado\2019.1\lib\win64.o\librdi_xdm.dll
0x00007ffd831b0000 - 0x00007ffd837ac000 	C:\Xilinx\Vivado\2019.1\lib\win64.o\librdi_wavedata.dll
0x00007ffdb1160000 - 0x00007ffdb11a0000 	C:\Xilinx\Vivado\2019.1\lib\win64.o\librdi_wavedata_SimpleApi.dll
0x00007ffd82f50000 - 0x00007ffd831a9000 	C:\Xilinx\Vivado\2019.1\lib\win64.o\librdi_hsm.dll
0x00007ffd81dc0000 - 0x00007ffd82f4d000 	C:\Xilinx\Vivado\2019.1\lib\win64.o\librdi_route.dll
0x00007ffd81d80000 - 0x00007ffd81dbf000 	C:\Xilinx\Vivado\2019.1\lib\win64.o\librdi_schedmon.dll
0x00007ffd7fdb0000 - 0x00007ffd81d7d000 	C:\Xilinx\Vivado\2019.1\lib\win64.o\librdi_synth.dll
0x00007ffd7fd20000 - 0x00007ffd7fda8000 	C:\Xilinx\Vivado\2019.1\lib\win64.o\librdi_meir_core.dll

VM Arguments:
jvm_args: -Dsun.java2d.pmoffscreen=false -Dsun.java2d.xrender=false -Dsun.java2d.d3d=false -Dsun.awt.nopixfmt=true -Dsun.java2d.dpiaware=true -Dsun.java2d.uiScale.enabled=false -Xverify:none -Dswing.aatext=true -XX:-UsePerfData -Djdk.map.althashing.threshold=512 -XX:StringTableSize=4072 --add-opens=java.base/java.nio=ALL-UNNAMED --add-opens=java.desktop/sun.swing=ALL-UNNAMED --add-opens=java.desktop/javax.swing=ALL-UNNAMED --add-opens=java.desktop/javax.swing.tree=ALL-UNNAMED --add-opens=java.desktop/javax.swing.plaf.basic=ALL-UNNAMED --add-opens=java.desktop/javax.swing.plaf.synth=ALL-UNNAMED --add-opens=java.desktop/com.sun.awt=ALL-UNNAMED -XX:NewSize=60m -XX:MaxNewSize=60m -Xms128m -Xmx3072m -Xss5m 
java_command: <unknown>
java_class_path (initial): C:/Xilinx/Vivado/2019.1\lib\classes\alloy.jar;C:/Xilinx/Vivado/2019.1\lib\classes\autopilot.scelaborator.jar;C:/Xilinx/Vivado/2019.1\lib\classes\autopilot.sourceprocessor.jar;C:/Xilinx/Vivado/2019.1\lib\classes\autopilot.tbprocessor.jar;C:/Xilinx/Vivado/2019.1\lib\classes\batik-anim.jar;C:/Xilinx/Vivado/2019.1\lib\classes\batik-awt-util.jar;C:/Xilinx/Vivado/2019.1\lib\classes\batik-bridge.jar;C:/Xilinx/Vivado/2019.1\lib\classes\batik-codec.jar;C:/Xilinx/Vivado/2019.1\lib\classes\batik-css.jar;C:/Xilinx/Vivado/2019.1\lib\classes\batik-dom.jar;C:/Xilinx/Vivado/2019.1\lib\classes\batik-ext.jar;C:/Xilinx/Vivado/2019.1\lib\classes\batik-gui-util.jar;C:/Xilinx/Vivado/2019.1\lib\classes\batik-gvt.jar;C:/Xilinx/Vivado/2019.1\lib\classes\batik-parser.jar;C:/Xilinx/Vivado/2019.1\lib\classes\batik-script.jar;C:/Xilinx/Vivado/2019.1\lib\classes\batik-svg-dom.jar;C:/Xilinx/Vivado/2019.1\lib\classes\batik-swing.jar;C:/Xilinx/Vivado/2019.1\lib\classes\batik-transcoder.jar;C:/Xilinx/Vivado/2019.1\lib\classes\batik-util.jar;C:/Xilinx/Vivado/2019.1\lib\classes\batik-xml.jar;C:/Xilinx/Vivado/2019.1\lib\classes\com.google.gson_2.7.0.v20170129-0911.jar;C:/Xilinx/Vivado/2019.1\lib\classes\com.google.guava_21.0.0.v20170206-1425.jar;C:/Xilinx/Vivado/2019.1\lib\classes\com.google.inject_3.0.0.v201605172100.jar;C:/Xilinx/Vivado/2019.1\lib\classes\com.ibm.icu_4.4.2.v20110208.jar;C:/Xilinx/Vivado/2019.1\lib\classes\com.sigasi.hdt.annotations.runtime_4.3.0.201903071210.jar;C:/Xilinx/Vivado/2019.1\lib\classes\com.sigasi.hdt.blockdiagram.model_4.3.0.201903071210.jar;C:/Xilinx/Vivado/2019.1\lib\classes\com.sigasi.hdt.connection_4.3.0.201903071210.jar;C:/Xilinx/Vivado/2019.1\lib\classes\com.sigasi.hdt.dependencies.model_4.3.0.201903071210.jar;C:/Xilinx/Vivado/2019.1\lib\classes\com.sigasi.hdt.epl_4.3.0.201903071210.jar;C:/Xilinx/Vivado/2019.1\lib\classes\com.sigasi.hdt.graphics.model_4.3.0.201903071210.jar;C:/Xilinx/Vivado/2019.1\lib\classes\com.sigasi.hdt.project_4.3.0
Launcher Type: generic

Logging:
Log output configuration:
#0: stdout all=warning uptime,level,tags
#1: stderr all=off uptime,level,tags

Environment Variables:
PATH=C:/Xilinx/Vivado/2019.1/bin;C:/Xilinx/Vivado/2019.1/lib/win64.o;C:/Xilinx/Vivado/2019.1/tps/win64/jre9.0.4/bin/server;C:/Xilinx/Vivado/2019.1/tps/win64/jre9.0.4/bin;C:/Xilinx/Vivado/2019.1/ids_lite/ISE/bin/nt64;C:/Xilinx/Vivado/2019.1/ids_lite/ISE/lib/nt64;C:\Program Files (x86)\Razer Chroma SDK\bin;C:\Program Files\Razer Chroma SDK\bin;C:\Program Files (x86)\Razer\ChromaBroadcast\bin;C:\Program Files\Razer\ChromaBroadcast\bin;C:\Program Files (x86)\Intel\iCLS Client\;C:\Program Files\Intel\iCLS Client\;C:\Windows\system32;C:\Windows;C:\Windows\System32\Wbem;C:\Windows\System32\WindowsPowerShell\v1.0\;C:\Windows\System32\OpenSSH\;C:\Windows\system32\config\systemprofile\AppData\Local\Microsoft\WindowsApps;C:\Users\Simon\AppData\Local\Microsoft\WindowsApps;;C:/Xilinx/Vivado/2019.1\tps\mingw\6.2.0\win64.o\nt\bin;C:/Xilinx/Vivado/2019.1\tps\mingw\6.2.0\win64.o\nt\libexec\gcc\x86_64-w64-mingw32\6.2.0;C:/Xilinx/Vivado/2019.1\tps\win64\python-2.7.5;C:/Xilinx/Vivado/2019.1\tps\win64\python-2.7.5\lib;C:/Xilinx/Vivado/2019.1\tps\win64\python-2.7.5\Lib\lib-tk;C:/Xilinx/Vivado/2019.1\tps\win64\python-2.7.5\lib\site-packages
USERNAME=Simon
OS=Windows_NT
PROCESSOR_IDENTIFIER=Intel64 Family 6 Model 78 Stepping 3, GenuineIntel



---------------  S Y S T E M  ---------------

OS: Windows 10 , 64 bit Build 19041 (10.0.19041.546)

CPU:total 4 (initial active 4) (2 cores per cpu, 2 threads per core) family 6 model 78 stepping 3, cmov, cx8, fxsr, mmx, sse, sse2, sse3, ssse3, sse4.1, sse4.2, popcnt, avx, avx2, aes, clmul, erms, 3dnowpref, lzcnt, ht, tsc, tscinvbit, bmi1, bmi2, adx, fma

Memory: 4k page, physical 8249976k(1693464k free), swap 16499952k(6879308k free)

vm_info: Java HotSpot(TM) 64-Bit Server VM (9.0.4+11) for windows-amd64 JRE (9.0.4+11), built on Dec 20 2017 02:18:54 by "mach5one" with MS VC++ 12.0 (VS2013)

END.
