#
# A fatal error has been detected by the Java Runtime Environment:
#
#  EXCEPTION_ACCESS_VIOLATION (0xc0000005) at pc=0x00007ffa8187a1a5, pid=13068, tid=5540
#
# JRE version: Java(TM) SE Runtime Environment (9.0+11) (build 9.0.4+11)
# Java VM: Java HotSpot(TM) 64-Bit Server VM (9.0.4+11, mixed mode, tiered, compressed oops, g1 gc, windows-amd64)
# Problematic frame:
# C  [librdi_common.dll+0x17a1a5]
#
# No core dump will be written. Minidumps are not enabled by default on client versions of Windows
#
# If you would like to submit a bug report, please visit:
#   http://bugreport.java.com/bugreport/crash.jsp
# The crash happened outside the Java Virtual Machine in native code.
# See problematic frame for where to report the bug.
#

---------------  S U M M A R Y ------------

Command Line: -Dsun.java2d.pmoffscreen=false -Dsun.java2d.xrender=false -Dsun.java2d.d3d=false -Dsun.awt.nopixfmt=true -Dsun.java2d.dpiaware=true -Dsun.java2d.uiScale.enabled=false -Xverify:none -Dswing.aatext=true -XX:-UsePerfData -Djdk.map.althashing.threshold=512 -XX:StringTableSize=4072 --add-opens=java.base/java.nio=ALL-UNNAMED --add-opens=java.desktop/sun.swing=ALL-UNNAMED --add-opens=java.desktop/javax.swing=ALL-UNNAMED --add-opens=java.desktop/javax.swing.tree=ALL-UNNAMED --add-opens=java.desktop/javax.swing.plaf.basic=ALL-UNNAMED --add-opens=java.desktop/javax.swing.plaf.synth=ALL-UNNAMED --add-opens=java.desktop/com.sun.awt=ALL-UNNAMED -XX:NewSize=60m -XX:MaxNewSize=60m -Xms128m -Xmx3072m -Xss5m 

Host: Intel(R) Core(TM) i5-6267U CPU @ 2.90GHz, 4 cores, 7G,  Windows 10 , 64 bit Build 19041 (10.0.19041.546)
Time: Mon Dec 07 22:38:59 2020 Pacific Standard Time elapsed time: 282 seconds (0d 0h 4m 42s)

---------------  T H R E A D  ---------------

Current thread (0x000001f25608c000):  JavaThread "AWT-EventQueue-1" [_thread_in_native, id=5540, stack(0x0000006739000000,0x0000006739500000)]

Stack: [0x0000006739000000,0x0000006739500000],  sp=0x00000067394fb150,  free space=5100k
Native frames: (J=compiled Java code, j=interpreted, Vv=VM code, C=native code)
C  [librdi_common.dll+0x17a1a5]
C  [librdi_common.dll+0x16ee15]
C  [librdi_common.dll+0x1386da]
C  [librdi_wavedata.dll+0x1e1eff]
C  [librdi_wavedata.dll+0x2621df]
C  [librdi_wavedata.dll+0x269e19]
C  [librdi_wavedata.dll+0x23a4cb]
C  [librdi_wavedata.dll+0x276de7]
C  0x000001f245ce203a

Java frames: (J=compiled Java code, j=interpreted, Vv=VM code)
J 16818  ui.views.waveform.waveformi.WVExecutive_getTooltipTextDelayed(J)Ljava/lang/String; (0 bytes) @ 0x000001f245ce1fa1 [0x000001f245ce1f60+0x0000000000000041]
J 16812 c1 ui.views.waveform.b.a.bG(Ljava/awt/event/MouseEvent;)V (135 bytes) @ 0x000001f23f0124a4 [0x000001f23f011e00+0x00000000000006a4]
J 17164 c1 ui.views.waveform.b.a.mouseMoved(Ljava/awt/event/MouseEvent;)V (32 bytes) @ 0x000001f23f7fc3cc [0x000001f23f7fbea0+0x000000000000052c]
J 14368 c2 java.awt.AWTEventMulticaster.mouseMoved(Ljava/awt/event/MouseEvent;)V java.desktop@9.0.4 (27 bytes) @ 0x000001f2453080f4 [0x000001f245308040+0x00000000000000b4]
J 18459 c2 javax.swing.JComponent.processMouseMotionEvent(Ljava/awt/event/MouseEvent;)V java.desktop@9.0.4 (46 bytes) @ 0x000001f246165a88 [0x000001f246165980+0x0000000000000108]
J 16796 c1 ui.frmwork.c.i.processMouseMotionEvent(Ljava/awt/event/MouseEvent;)V (131 bytes) @ 0x000001f23efa21c4 [0x000001f23efa1300+0x0000000000000ec4]
J 16578 c2 java.awt.Container.processEvent(Ljava/awt/AWTEvent;)V java.desktop@9.0.4 (22 bytes) @ 0x000001f245aa7b24 [0x000001f245aa79a0+0x0000000000000184]
J 18451 c2 java.awt.Component.dispatchEventImpl(Ljava/awt/AWTEvent;)V java.desktop@9.0.4 (739 bytes) @ 0x000001f2461618f0 [0x000001f246160b80+0x0000000000000d70]
J 18326 c2 java.awt.Container.dispatchEventImpl(Ljava/awt/AWTEvent;)V java.desktop@9.0.4 (129 bytes) @ 0x000001f246140bcc [0x000001f2461409c0+0x000000000000020c]
J 18215 c2 java.awt.LightweightDispatcher.retargetMouseEvent(Ljava/awt/Component;ILjava/awt/event/MouseEvent;)V java.desktop@9.0.4 (350 bytes) @ 0x000001f246116ffc [0x000001f246116a60+0x000000000000059c]
J 18326 c2 java.awt.Container.dispatchEventImpl(Ljava/awt/AWTEvent;)V java.desktop@9.0.4 (129 bytes) @ 0x000001f246141410 [0x000001f2461409c0+0x0000000000000a50]
J 15083 c2 java.awt.Window.dispatchEventImpl(Ljava/awt/AWTEvent;)V java.desktop@9.0.4 (23 bytes) @ 0x000001f24585600c [0x000001f245855fc0+0x000000000000004c]
J 13205 c2 java.awt.EventQueue$3.run()Ljava/lang/Object; java.desktop@9.0.4 (5 bytes) @ 0x000001f245b6fe74 [0x000001f245b6f880+0x00000000000005f4]
v  ~StubRoutines::call_stub
J 4296  java.security.AccessController.doPrivileged(Ljava/security/PrivilegedAction;Ljava/security/AccessControlContext;)Ljava/lang/Object; java.base@9.0.4 (0 bytes) @ 0x000001f245367ec6 [0x000001f245367e60+0x0000000000000066]
J 14631 c2 java.awt.EventQueue$4.run()Ljava/lang/Object; java.desktop@9.0.4 (5 bytes) @ 0x000001f2454dec34 [0x000001f2454de9e0+0x0000000000000254]
v  ~StubRoutines::call_stub
J 4296  java.security.AccessController.doPrivileged(Ljava/security/PrivilegedAction;Ljava/security/AccessControlContext;)Ljava/lang/Object; java.base@9.0.4 (0 bytes) @ 0x000001f245367ec6 [0x000001f245367e60+0x0000000000000066]
J 13204 c2 ui.frmwork.b.d.dispatchEvent(Ljava/awt/AWTEvent;)V (34 bytes) @ 0x000001f245b5eb94 [0x000001f245b5e760+0x0000000000000434]
J 18310 c2 java.awt.EventDispatchThread.pumpOneEventForFilters(I)V java.desktop@9.0.4 (218 bytes) @ 0x000001f2461311d4 [0x000001f246130e80+0x0000000000000354]
J 18585% c1 java.awt.EventDispatchThread.pumpEventsForFilter(ILjava/awt/Conditional;Ljava/awt/EventFilter;)V java.desktop@9.0.4 (47 bytes) @ 0x000001f2401d7964 [0x000001f2401d7620+0x0000000000000344]
j  java.awt.EventDispatchThread.pumpEventsForHierarchy(ILjava/awt/Conditional;Ljava/awt/Component;)V+11 java.desktop@9.0.4
j  java.awt.EventDispatchThread.pumpEvents(ILjava/awt/Conditional;)V+4 java.desktop@9.0.4
j  java.awt.EventDispatchThread.pumpEvents(Ljava/awt/Conditional;)V+3 java.desktop@9.0.4
j  java.awt.EventDispatchThread.run()V+9 java.desktop@9.0.4
v  ~StubRoutines::call_stub

siginfo: EXCEPTION_ACCESS_VIOLATION (0xc0000005), reading address 0xffffffffffffffff


Register to memory mapping:

RIP=0x00007ffa8187a1a5 librdi_common.dll
RAX=0x000001f22b1d1901 is an unknown value
RBX=0x900761f2d777a969 is an unknown value
RCX=0x000001f22b1d19e0 is an unknown value
RDX=0x900761f2d777a969 is an unknown value
RSP=0x00000067394fb150 is pointing into the stack for thread: 0x000001f25608c000
RBP=0x00000067394fb280 is pointing into the stack for thread: 0x000001f25608c000
RSI=0x000001f25f7f4020 is an unknown value
RDI=0x00000067394fb368 is pointing into the stack for thread: 0x000001f25608c000
R8 =0x00000067394fb368 is pointing into the stack for thread: 0x000001f25608c000
R9 =0x0000000000000000 is an unknown value
R10=0x000001f2597fb998 is an unknown value
R11=0x000001f25806fef8 is an unknown value
R12=0x00000067394fb368 is pointing into the stack for thread: 0x000001f25608c000
R13=0x0000000000000000 is an unknown value
R14=0x000001f2289d3500 is an unknown value
R15=0x900761f2d777a969 is an unknown value


Registers:
RAX=0x000001f22b1d1901, RBX=0x900761f2d777a969, RCX=0x000001f22b1d19e0, RDX=0x900761f2d777a969
RSP=0x00000067394fb150, RBP=0x00000067394fb280, RSI=0x000001f25f7f4020, RDI=0x00000067394fb368
R8 =0x00000067394fb368, R9 =0x0000000000000000, R10=0x000001f2597fb998, R11=0x000001f25806fef8
R12=0x00000067394fb368, R13=0x0000000000000000, R14=0x000001f2289d3500, R15=0x900761f2d777a969
RIP=0x00007ffa8187a1a5, EFLAGS=0x0000000000010202

Top of Stack: (sp=0x00000067394fb150)
0x00000067394fb150:   00000067394fb500 00007ffab8f32677
0x00000067394fb160:   0000006700000000 900761f2d777a969
0x00000067394fb170:   900761f2d777a969 00007ffa8186ee15
0x00000067394fb180:   000000001c1e7c80 00007ffab8f3290f
0x00000067394fb190:   0000d5c01cf5f1e3 0000000000000000
0x00000067394fb1a0:   000001f25f484e90 000001f25806fed0
0x00000067394fb1b0:   0000000000000002 00007ffa818d8985
0x00000067394fb1c0:   000001f258760960 000001f25806fed8
0x00000067394fb1d0:   000001f25806ff18 000001f25806fed0
0x00000067394fb1e0:   fffffffffffffffe 00007ffa81e46a6d
0x00000067394fb1f0:   fffffffffffffffe 00007ffa82533fe0
0x00000067394fb200:   000001f25806fed0 000001f228a18e38
0x00000067394fb210:   00000067394fb368 00007ffa818d7c76
0x00000067394fb220:   000001f25806fed0 00000067394fb368
0x00000067394fb230:   000001f200000002 0000000000000000
0x00000067394fb240:   fffffffffffffffe 000000000000000f 

Instructions: (pc=0x00007ffa8187a1a5)
0x00007ffa8187a185:   20 48 8b d9 e8 22 c4 04 00 48 8b c8 48 8b d3 e8
0x00007ffa8187a195:   27 0d 05 00 84 c0 75 08 33 c0 48 83 c4 20 5b c3
0x00007ffa8187a1a5:   48 8b 4b 50 48 85 c9 74 0a 48 83 c4 20 5b e9 68
0x00007ffa8187a1b5:   e2 04 00 48 8b d3 48 8d 0d 26 fc 73 00 e8 59 b7 



---------------  P R O C E S S  ---------------

Java Threads: ( => current thread )
  0x000001f2584cd800 JavaThread "Relaunch Simulation" [_thread_blocked, id=2300, stack(0x000000673c000000,0x000000673c500000)]
  0x000001f2584cf000 JavaThread "SyntheticaAnimation 50" daemon [_thread_blocked, id=7080, stack(0x000000673d600000,0x000000673db00000)]
  0x000001f2584d5000 JavaThread "Image Animator 3" daemon [_thread_blocked, id=7672, stack(0x000000673c700000,0x000000673cc00000)]
  0x000001f2584cf800 JavaThread "Update Runs Swing Worker" [_thread_blocked, id=10428, stack(0x000000673cc00000,0x000000673d100000)]
  0x000001f2584cc800 JavaThread "hw_ila_monitor" [_thread_blocked, id=10448, stack(0x0000006739500000,0x0000006739a00000)]
  0x000001f236653800 JavaThread "Refresh Filesets Swing Worker" [_thread_blocked, id=10044, stack(0x000000673b800000,0x000000673bd00000)]
  0x000001f236656800 JavaThread "SyntheticaAnimation 70" daemon [_thread_blocked, id=13108, stack(0x000000673b300000,0x000000673b800000)]
  0x000001f23665a000 JavaThread "SyntheticaAnimation 25" daemon [_thread_blocked, id=852, stack(0x000000673ae00000,0x000000673b300000)]
  0x000001f236655800 JavaThread "SyntheticaAnimation 50" daemon [_thread_blocked, id=12432, stack(0x000000673a900000,0x000000673ae00000)]
  0x000001f236657000 JavaThread "Monitor HEventQueue" [_thread_blocked, id=7552, stack(0x000000673a400000,0x000000673a900000)]
  0x000001f236659800 JavaThread "SyntheticaCleanerThread" daemon [_thread_blocked, id=10444, stack(0x0000006739f00000,0x000000673a400000)]
  0x000001f253849800 JavaThread "Batik CleanerThread" daemon [_thread_blocked, id=10400, stack(0x0000006737200000,0x0000006737700000)]
=>0x000001f25608c000 JavaThread "AWT-EventQueue-1" [_thread_in_native, id=5540, stack(0x0000006739000000,0x0000006739500000)]
  0x000001f25608b800 JavaThread "AWT-Shutdown" [_thread_blocked, id=11228, stack(0x0000006738b00000,0x0000006739000000)]
  0x000001f25378d000 JavaThread "Process Messages" [_thread_in_native_trans, id=9724, stack(0x0000006738600000,0x0000006738b00000)]
  0x000001f25320e800 JavaThread "Thread-1" [_thread_in_native, id=10732, stack(0x0000006732200000,0x0000006733600000)]
  0x000001f25356d000 JavaThread "TimerQueue" daemon [_thread_blocked, id=12388, stack(0x0000006737c00000,0x0000006738100000)]
  0x000001f2304dd800 JavaThread "AWT-Windows" daemon [_thread_in_native, id=11404, stack(0x0000006737700000,0x0000006737c00000)]
  0x000001f25321f800 JavaThread "Java2D Disposer" daemon [_thread_blocked, id=9744, stack(0x0000006736d00000,0x0000006737200000)]
  0x000001f23603a800 JavaThread "Service Thread" daemon [_thread_blocked, id=12020, stack(0x0000006736700000,0x0000006736c00000)]
  0x000001f22ff24800 JavaThread "Common-Cleaner" daemon [_thread_blocked, id=13268, stack(0x0000006736200000,0x0000006736700000)]
  0x000001f236654000 JavaThread "Sweeper thread" daemon [_thread_blocked, id=13264, stack(0x0000006735d00000,0x0000006736200000)]
  0x000001f2363f2000 JavaThread "C1 CompilerThread2" daemon [_thread_blocked, id=9964, stack(0x0000006735c00000,0x0000006735d00000)]
  0x000001f2363f1800 JavaThread "C2 CompilerThread1" daemon [_thread_blocked, id=11972, stack(0x0000006735b00000,0x0000006735c00000)]
  0x000001f22efdb000 JavaThread "C2 CompilerThread0" daemon [_thread_blocked, id=13288, stack(0x0000006735a00000,0x0000006735b00000)]
  0x000001f22efda800 JavaThread "Attach Listener" daemon [_thread_blocked, id=12096, stack(0x0000006735500000,0x0000006735a00000)]
  0x000001f2366f5800 JavaThread "Signal Dispatcher" daemon [_thread_blocked, id=5404, stack(0x0000006735000000,0x0000006735500000)]
  0x000001f236279800 JavaThread "Finalizer" daemon [_thread_blocked, id=3668, stack(0x0000006734b00000,0x0000006735000000)]
  0x000001f232f82000 JavaThread "Reference Handler" daemon [_thread_blocked, id=996, stack(0x0000006734600000,0x0000006734b00000)]
  0x000001f236325000 JavaThread "main" [_thread_blocked, id=11884, stack(0x0000006733900000,0x0000006733a00000)]

Other Threads:
  0x000001f236782000 VMThread "VM Thread" [stack: 0x0000006734500000,0x0000006734600000] [id=912]
  0x000001f22fee2000 WatcherThread [stack: 0x0000006736c00000,0x0000006736d00000] [id=12028]
  0x000001f23630b000 GCTaskThread "GC Thread#0" [stack: 0x0000006733a00000,0x0000006733b00000] [id=11956]
  0x000001f22ed2b000 GCTaskThread "GC Thread#1" [stack: 0x0000006733b00000,0x0000006733c00000] [id=4308]
  0x000001f22ed27000 GCTaskThread "GC Thread#2" [stack: 0x0000006733c00000,0x0000006733d00000] [id=11944]
  0x000001f22ed26800 GCTaskThread "GC Thread#3" [stack: 0x0000006733d00000,0x0000006733e00000] [id=10472]
  0x000001f22fe87000 ConcurrentGCThread "G1 Main Marker" [stack: 0x0000006734300000,0x0000006734400000] [id=12548]
  0x000001f22ed25800 ConcurrentGCThread "G1 Marker#0" [stack: 0x0000006734400000,0x0000006734500000] [id=3632]
  0x000001f236b23000 ConcurrentGCThread "G1 Refine#0" [stack: 0x0000006734100000,0x0000006734200000] [id=9908]
  0x000001f2362f9800 ConcurrentGCThread "G1 Refine#1" [stack: 0x0000006734000000,0x0000006734100000] [id=9904]
  0x000001f2362f9000 ConcurrentGCThread "G1 Refine#2" [stack: 0x0000006733f00000,0x0000006734000000] [id=9912]
  0x000001f23630b800 ConcurrentGCThread "G1 Refine#3" [stack: 0x0000006733e00000,0x0000006733f00000] [id=10484]
  0x000001f232e1b800 ConcurrentGCThread "G1 Young RemSet Sampling" [stack: 0x0000006734200000,0x0000006734300000] [id=10676]

Threads with active compile tasks:

VM state:not at safepoint (normal execution)

VM Mutex/Monitor currently owned by a thread: None

Heap address: 0x0000000700000000, size: 3072 MB, Compressed Oops mode: Zero based, Oop shift amount: 3
Narrow klass base: 0x0000000000000000, Narrow klass shift: 3
Compressed class space size: 1073741824 Address: 0x00000007c0000000

Heap:
 garbage-first heap   total 214016K, used 108311K [0x0000000700000000, 0x0000000700100688, 0x00000007c0000000)
  region size 1024K, 44 young (45056K), 1 survivors (1024K)
 Metaspace       used 81128K, capacity 87103K, committed 87292K, reserved 1124352K
  class space    used 11195K, capacity 12256K, committed 12284K, reserved 1048576K
Heap Regions: E=young(eden), S=young(survivor), O=old, HS=humongous(starts), HC=humongous(continues), CS=collection set, F=free, A=archive, TS=gc time stamp, AC=allocation context, TAMS=top-at-mark-start (previous, next)
|   0|0x0000000700000000, 0x00000007000fed08, 0x0000000700100000| 99%| O|  |TS  0|AC  0|TAMS 0x0000000700000000, 0x0000000700000000|
|   1|0x0000000700100000, 0x0000000700200000, 0x0000000700200000|100%|HS|  |TS  0|AC  0|TAMS 0x0000000700100000, 0x0000000700100000|
|   2|0x0000000700200000, 0x0000000700300000, 0x0000000700300000|100%|HC|  |TS  0|AC  0|TAMS 0x0000000700200000, 0x0000000700200000|
|   3|0x0000000700300000, 0x0000000700400000, 0x0000000700400000|100%|HS|  |TS  0|AC  0|TAMS 0x0000000700300000, 0x0000000700300000|
|   4|0x0000000700400000, 0x00000007004fcfc0, 0x0000000700500000| 98%| O|  |TS  0|AC  0|TAMS 0x0000000700400000, 0x0000000700400000|
|   5|0x0000000700500000, 0x00000007005ff410, 0x0000000700600000| 99%| O|  |TS  0|AC  0|TAMS 0x0000000700500000, 0x0000000700500000|
|   6|0x0000000700600000, 0x00000007006fffe8, 0x0000000700700000| 99%| O|  |TS  0|AC  0|TAMS 0x0000000700600000, 0x0000000700600000|
|   7|0x0000000700700000, 0x00000007007fffe0, 0x0000000700800000| 99%| O|  |TS  0|AC  0|TAMS 0x0000000700700000, 0x0000000700700000|
|   8|0x0000000700800000, 0x0000000700900000, 0x0000000700900000|100%| O|  |TS  0|AC  0|TAMS 0x0000000700800000, 0x0000000700800000|
|   9|0x0000000700900000, 0x00000007009fffe8, 0x0000000700a00000| 99%| O|  |TS  0|AC  0|TAMS 0x0000000700900000, 0x0000000700900000|
|  10|0x0000000700a00000, 0x0000000700afe8d8, 0x0000000700b00000| 99%| O|  |TS  0|AC  0|TAMS 0x0000000700a00000, 0x0000000700a00000|
|  11|0x0000000700b00000, 0x0000000700bff720, 0x0000000700c00000| 99%| O|  |TS  0|AC  0|TAMS 0x0000000700b00000, 0x0000000700b00000|
|  12|0x0000000700c00000, 0x0000000700cf74f8, 0x0000000700d00000| 96%| O|  |TS  0|AC  0|TAMS 0x0000000700c00000, 0x0000000700c00000|
|  13|0x0000000700d00000, 0x0000000700df6a90, 0x0000000700e00000| 96%| O|  |TS  0|AC  0|TAMS 0x0000000700d00000, 0x0000000700d00000|
|  14|0x0000000700e00000, 0x0000000700ef4380, 0x0000000700f00000| 95%| O|  |TS  0|AC  0|TAMS 0x0000000700e00000, 0x0000000700e00000|
|  15|0x0000000700f00000, 0x0000000700ffe638, 0x0000000701000000| 99%| O|  |TS  0|AC  0|TAMS 0x0000000700f00000, 0x0000000700f00000|
|  16|0x0000000701000000, 0x0000000701100000, 0x0000000701100000|100%| O|  |TS  0|AC  0|TAMS 0x0000000701000000, 0x0000000701000000|
|  17|0x0000000701100000, 0x0000000701200000, 0x0000000701200000|100%| O|  |TS  0|AC  0|TAMS 0x0000000701100000, 0x0000000701100000|
|  18|0x0000000701200000, 0x0000000701300000, 0x0000000701300000|100%| O|  |TS  0|AC  0|TAMS 0x0000000701200000, 0x0000000701200000|
|  19|0x0000000701300000, 0x00000007013bf2d8, 0x0000000701400000| 74%| O|  |TS  0|AC  0|TAMS 0x0000000701300000, 0x0000000701300000|
|  20|0x0000000701400000, 0x00000007014ffff8, 0x0000000701500000| 99%| O|  |TS  0|AC  0|TAMS 0x0000000701400000, 0x0000000701400000|
|  21|0x0000000701500000, 0x00000007015fee90, 0x0000000701600000| 99%| O|  |TS  0|AC  0|TAMS 0x0000000701500000, 0x0000000701500000|
|  22|0x0000000701600000, 0x00000007016ffff8, 0x0000000701700000| 99%| O|  |TS  0|AC  0|TAMS 0x0000000701600000, 0x0000000701600000|
|  23|0x0000000701700000, 0x00000007017fffc8, 0x0000000701800000| 99%| O|  |TS  0|AC  0|TAMS 0x0000000701700000, 0x0000000701700000|
|  24|0x0000000701800000, 0x00000007018ffff8, 0x0000000701900000| 99%| O|  |TS  0|AC  0|TAMS 0x0000000701800000, 0x0000000701800000|
|  25|0x0000000701900000, 0x00000007019ffff8, 0x0000000701a00000| 99%| O|  |TS  0|AC  0|TAMS 0x0000000701900000, 0x0000000701900000|
|  26|0x0000000701a00000, 0x0000000701affff0, 0x0000000701b00000| 99%| O|  |TS  0|AC  0|TAMS 0x0000000701a00000, 0x0000000701a00000|
|  27|0x0000000701b00000, 0x0000000701c00000, 0x0000000701c00000|100%| O|  |TS  0|AC  0|TAMS 0x0000000701b00000, 0x0000000701b00000|
|  28|0x0000000701c00000, 0x0000000701cfffd0, 0x0000000701d00000| 99%| O|  |TS  0|AC  0|TAMS 0x0000000701c00000, 0x0000000701c00000|
|  29|0x0000000701d00000, 0x0000000701e00000, 0x0000000701e00000|100%| O|  |TS  0|AC  0|TAMS 0x0000000701d00000, 0x0000000701d00000|
|  30|0x0000000701e00000, 0x0000000701effff0, 0x0000000701f00000| 99%| O|  |TS  0|AC  0|TAMS 0x0000000701e00000, 0x0000000701e00000|
|  31|0x0000000701f00000, 0x0000000701fffff0, 0x0000000702000000| 99%| O|  |TS  0|AC  0|TAMS 0x0000000701f00000, 0x0000000701f00000|
|  32|0x0000000702000000, 0x0000000702100000, 0x0000000702100000|100%| O|  |TS  0|AC  0|TAMS 0x0000000702000000, 0x0000000702000000|
|  33|0x0000000702100000, 0x0000000702200000, 0x0000000702200000|100%| O|  |TS  0|AC  0|TAMS 0x0000000702100000, 0x0000000702100000|
|  34|0x0000000702200000, 0x00000007022fffc8, 0x0000000702300000| 99%| O|  |TS  0|AC  0|TAMS 0x0000000702200000, 0x0000000702200000|
|  35|0x0000000702300000, 0x00000007023c8248, 0x0000000702400000| 78%| O|  |TS  0|AC  0|TAMS 0x0000000702300000, 0x0000000702300000|
|  36|0x0000000702400000, 0x00000007024fffb0, 0x0000000702500000| 99%| O|  |TS  0|AC  0|TAMS 0x0000000702400000, 0x0000000702400000|
|  37|0x0000000702500000, 0x00000007025ffff8, 0x0000000702600000| 99%| O|  |TS  0|AC  0|TAMS 0x0000000702500000, 0x0000000702500000|
|  38|0x0000000702600000, 0x00000007026ffbe8, 0x0000000702700000| 99%| O|  |TS  0|AC  0|TAMS 0x0000000702600000, 0x0000000702600000|
|  39|0x0000000702700000, 0x00000007027ffff8, 0x0000000702800000| 99%| O|  |TS  0|AC  0|TAMS 0x0000000702700000, 0x0000000702700000|
|  40|0x0000000702800000, 0x00000007028ffff8, 0x0000000702900000| 99%| O|  |TS  0|AC  0|TAMS 0x0000000702800000, 0x0000000702800000|
|  41|0x0000000702900000, 0x00000007029ffd80, 0x0000000702a00000| 99%| O|  |TS  0|AC  0|TAMS 0x0000000702900000, 0x0000000702900000|
|  42|0x0000000702a00000, 0x0000000702affff8, 0x0000000702b00000| 99%| O|  |TS  0|AC  0|TAMS 0x0000000702a00000, 0x0000000702a00000|
|  43|0x0000000702b00000, 0x0000000702c00000, 0x0000000702c00000|100%| O|  |TS  0|AC  0|TAMS 0x0000000702b00000, 0x0000000702b00000|
|  44|0x0000000702c00000, 0x0000000702cffe60, 0x0000000702d00000| 99%| O|  |TS  0|AC  0|TAMS 0x0000000702c00000, 0x0000000702c00000|
|  45|0x0000000702d00000, 0x0000000702dfffd0, 0x0000000702e00000| 99%| O|  |TS  0|AC  0|TAMS 0x0000000702d00000, 0x0000000702d00000|
|  46|0x0000000702e00000, 0x0000000702efffe0, 0x0000000702f00000| 99%| O|  |TS  0|AC  0|TAMS 0x0000000702e00000, 0x0000000702e00000|
|  47|0x0000000702f00000, 0x0000000702fffff8, 0x0000000703000000| 99%| O|  |TS  0|AC  0|TAMS 0x0000000702f00000, 0x0000000702f00000|
|  48|0x0000000703000000, 0x00000007030fffd8, 0x0000000703100000| 99%| O|  |TS  0|AC  0|TAMS 0x0000000703000000, 0x0000000703000000|
|  49|0x0000000703100000, 0x0000000703200000, 0x0000000703200000|100%|HS|  |TS  0|AC  0|TAMS 0x0000000703100000, 0x0000000703100000|
|  50|0x0000000703200000, 0x0000000703300000, 0x0000000703300000|100%|HC|  |TS  0|AC  0|TAMS 0x0000000703200000, 0x0000000703200000|
|  51|0x0000000703300000, 0x0000000703400000, 0x0000000703400000|100%|HC|  |TS  0|AC  0|TAMS 0x0000000703300000, 0x0000000703300000|
|  52|0x0000000703400000, 0x0000000703500000, 0x0000000703500000|100%|HC|  |TS  0|AC  0|TAMS 0x0000000703400000, 0x0000000703400000|
|  53|0x0000000703500000, 0x0000000703600000, 0x0000000703600000|100%|HC|  |TS  0|AC  0|TAMS 0x0000000703500000, 0x0000000703500000|
|  54|0x0000000703600000, 0x0000000703700000, 0x0000000703700000|100%|HC|  |TS  0|AC  0|TAMS 0x0000000703600000, 0x0000000703600000|
|  55|0x0000000703700000, 0x0000000703800000, 0x0000000703800000|100%|HC|  |TS  0|AC  0|TAMS 0x0000000703700000, 0x0000000703700000|
|  56|0x0000000703800000, 0x0000000703900000, 0x0000000703900000|100%|HC|  |TS  0|AC  0|TAMS 0x0000000703800000, 0x0000000703800000|
|  57|0x0000000703900000, 0x0000000703a00000, 0x0000000703a00000|100%| O|  |TS  0|AC  0|TAMS 0x0000000703900000, 0x0000000703900000|
|  58|0x0000000703a00000, 0x0000000703b00000, 0x0000000703b00000|100%| O|  |TS  0|AC  0|TAMS 0x0000000703a00000, 0x0000000703a00000|
|  59|0x0000000703b00000, 0x0000000703bffff0, 0x0000000703c00000| 99%| O|  |TS  0|AC  0|TAMS 0x0000000703b00000, 0x0000000703b00000|
|  60|0x0000000703c00000, 0x0000000703cffff0, 0x0000000703d00000| 99%| O|  |TS  0|AC  0|TAMS 0x0000000703c00000, 0x0000000703c00000|
|  61|0x0000000703d00000, 0x0000000703d9ae60, 0x0000000703e00000| 60%| O|  |TS  0|AC  0|TAMS 0x0000000703d00000, 0x0000000703d00000|
|  62|0x0000000703e00000, 0x0000000703e00000, 0x0000000703f00000|  0%| F|  |TS  0|AC  0|TAMS 0x0000000703e00000, 0x0000000703e00000|
|  63|0x0000000703f00000, 0x0000000703f00000, 0x0000000704000000|  0%| F|  |TS  0|AC  0|TAMS 0x0000000703f00000, 0x0000000703f00000|
|  64|0x0000000704000000, 0x0000000704000000, 0x0000000704100000|  0%| F|  |TS  0|AC  0|TAMS 0x0000000704000000, 0x0000000704000000|
|  65|0x0000000704100000, 0x0000000704100000, 0x0000000704200000|  0%| F|  |TS  0|AC  0|TAMS 0x0000000704100000, 0x0000000704100000|
|  66|0x0000000704200000, 0x0000000704200000, 0x0000000704300000|  0%| F|  |TS  0|AC  0|TAMS 0x0000000704200000, 0x0000000704200000|
|  67|0x0000000704300000, 0x0000000704300000, 0x0000000704400000|  0%| F|  |TS  0|AC  0|TAMS 0x0000000704300000, 0x0000000704300000|
|  68|0x0000000704400000, 0x0000000704400000, 0x0000000704500000|  0%| F|  |TS  0|AC  0|TAMS 0x0000000704400000, 0x0000000704400000|
|  69|0x0000000704500000, 0x0000000704600000, 0x0000000704600000|100%|HS|  |TS  0|AC  0|TAMS 0x0000000704500000, 0x0000000704500000|
|  70|0x0000000704600000, 0x0000000704700000, 0x0000000704700000|100%|HC|  |TS  0|AC  0|TAMS 0x0000000704600000, 0x0000000704600000|
|  71|0x0000000704700000, 0x0000000704700000, 0x0000000704800000|  0%| F|  |TS  0|AC  0|TAMS 0x0000000704700000, 0x0000000704700000|
|  72|0x0000000704800000, 0x0000000704800000, 0x0000000704900000|  0%| F|  |TS  0|AC  0|TAMS 0x0000000704800000, 0x0000000704800000|
|  73|0x0000000704900000, 0x0000000704900000, 0x0000000704a00000|  0%| F|  |TS  0|AC  0|TAMS 0x0000000704900000, 0x0000000704900000|
|  74|0x0000000704a00000, 0x0000000704a00000, 0x0000000704b00000|  0%| F|  |TS  0|AC  0|TAMS 0x0000000704a00000, 0x0000000704a00000|
|  75|0x0000000704b00000, 0x0000000704b00000, 0x0000000704c00000|  0%| F|  |TS  0|AC  0|TAMS 0x0000000704b00000, 0x0000000704b00000|
|  76|0x0000000704c00000, 0x0000000704c00000, 0x0000000704d00000|  0%| F|  |TS  0|AC  0|TAMS 0x0000000704c00000, 0x0000000704c00000|
|  77|0x0000000704d00000, 0x0000000704d00000, 0x0000000704e00000|  0%| F|  |TS  0|AC  0|TAMS 0x0000000704d00000, 0x0000000704d00000|
|  78|0x0000000704e00000, 0x0000000704e00000, 0x0000000704f00000|  0%| F|  |TS  0|AC  0|TAMS 0x0000000704e00000, 0x0000000704e00000|
|  79|0x0000000704f00000, 0x0000000704f00000, 0x0000000705000000|  0%| F|  |TS  0|AC  0|TAMS 0x0000000704f00000, 0x0000000704f00000|
|  80|0x0000000705000000, 0x0000000705000000, 0x0000000705100000|  0%| F|  |TS  0|AC  0|TAMS 0x0000000705000000, 0x0000000705000000|
|  81|0x0000000705100000, 0x0000000705100000, 0x0000000705200000|  0%| F|  |TS  0|AC  0|TAMS 0x0000000705100000, 0x0000000705100000|
|  82|0x0000000705200000, 0x0000000705200000, 0x0000000705300000|  0%| F|  |TS  0|AC  0|TAMS 0x0000000705200000, 0x0000000705200000|
|  83|0x0000000705300000, 0x0000000705300000, 0x0000000705400000|  0%| F|  |TS  0|AC  0|TAMS 0x0000000705300000, 0x0000000705300000|
|  84|0x0000000705400000, 0x0000000705400000, 0x0000000705500000|  0%| F|  |TS  0|AC  0|TAMS 0x0000000705400000, 0x0000000705400000|
|  85|0x0000000705500000, 0x0000000705500000, 0x0000000705600000|  0%| F|  |TS  0|AC  0|TAMS 0x0000000705500000, 0x0000000705500000|
|  86|0x0000000705600000, 0x0000000705600000, 0x0000000705700000|  0%| F|  |TS  0|AC  0|TAMS 0x0000000705600000, 0x0000000705600000|
|  87|0x0000000705700000, 0x0000000705700000, 0x0000000705800000|  0%| F|  |TS  0|AC  0|TAMS 0x0000000705700000, 0x0000000705700000|
|  88|0x0000000705800000, 0x0000000705800000, 0x0000000705900000|  0%| F|  |TS  0|AC  0|TAMS 0x0000000705800000, 0x0000000705800000|
|  89|0x0000000705900000, 0x0000000705900000, 0x0000000705a00000|  0%| F|  |TS  0|AC  0|TAMS 0x0000000705900000, 0x0000000705900000|
|  90|0x0000000705a00000, 0x0000000705a00000, 0x0000000705b00000|  0%| F|  |TS  0|AC  0|TAMS 0x0000000705a00000, 0x0000000705a00000|
|  91|0x0000000705b00000, 0x0000000705b00000, 0x0000000705c00000|  0%| F|  |TS  0|AC  0|TAMS 0x0000000705b00000, 0x0000000705b00000|
|  92|0x0000000705c00000, 0x0000000705c00000, 0x0000000705d00000|  0%| F|  |TS  0|AC  0|TAMS 0x0000000705c00000, 0x0000000705c00000|
|  93|0x0000000705d00000, 0x0000000705d00000, 0x0000000705e00000|  0%| F|  |TS  0|AC  0|TAMS 0x0000000705d00000, 0x0000000705d00000|
|  94|0x0000000705e00000, 0x0000000705e00000, 0x0000000705f00000|  0%| F|  |TS  0|AC  0|TAMS 0x0000000705e00000, 0x0000000705e00000|
|  95|0x0000000705f00000, 0x0000000705f00000, 0x0000000706000000|  0%| F|  |TS  0|AC  0|TAMS 0x0000000705f00000, 0x0000000705f00000|
|  96|0x0000000706000000, 0x0000000706000000, 0x0000000706100000|  0%| F|  |TS  0|AC  0|TAMS 0x0000000706000000, 0x0000000706000000|
|  97|0x0000000706100000, 0x0000000706100000, 0x0000000706200000|  0%| F|  |TS  0|AC  0|TAMS 0x0000000706100000, 0x0000000706100000|
|  98|0x0000000706200000, 0x0000000706200000, 0x0000000706300000|  0%| F|  |TS  0|AC  0|TAMS 0x0000000706200000, 0x0000000706200000|
|  99|0x0000000706300000, 0x0000000706300000, 0x0000000706400000|  0%| F|  |TS  0|AC  0|TAMS 0x0000000706300000, 0x0000000706300000|
| 100|0x0000000706400000, 0x0000000706400000, 0x0000000706500000|  0%| F|  |TS  0|AC  0|TAMS 0x0000000706400000, 0x0000000706400000|
| 101|0x0000000706500000, 0x0000000706500000, 0x0000000706600000|  0%| F|  |TS  0|AC  0|TAMS 0x0000000706500000, 0x0000000706500000|
| 102|0x0000000706600000, 0x0000000706600000, 0x0000000706700000|  0%| F|  |TS  0|AC  0|TAMS 0x0000000706600000, 0x0000000706600000|
| 103|0x0000000706700000, 0x0000000706700000, 0x0000000706800000|  0%| F|  |TS  0|AC  0|TAMS 0x0000000706700000, 0x0000000706700000|
| 104|0x0000000706800000, 0x0000000706800000, 0x0000000706900000|  0%| F|  |TS  0|AC  0|TAMS 0x0000000706800000, 0x0000000706800000|
| 105|0x0000000706900000, 0x0000000706900000, 0x0000000706a00000|  0%| F|  |TS  0|AC  0|TAMS 0x0000000706900000, 0x0000000706900000|
| 106|0x0000000706a00000, 0x0000000706a00000, 0x0000000706b00000|  0%| F|  |TS  0|AC  0|TAMS 0x0000000706a00000, 0x0000000706a00000|
| 107|0x0000000706b00000, 0x0000000706b00000, 0x0000000706c00000|  0%| F|  |TS  0|AC  0|TAMS 0x0000000706b00000, 0x0000000706b00000|
| 108|0x0000000706c00000, 0x0000000706c00000, 0x0000000706d00000|  0%| F|  |TS  0|AC  0|TAMS 0x0000000706c00000, 0x0000000706c00000|
| 109|0x0000000706d00000, 0x0000000706d00000, 0x0000000706e00000|  0%| F|  |TS  0|AC  0|TAMS 0x0000000706d00000, 0x0000000706d00000|
| 110|0x0000000706e00000, 0x0000000706e00000, 0x0000000706f00000|  0%| F|  |TS  0|AC  0|TAMS 0x0000000706e00000, 0x0000000706e00000|
| 111|0x0000000706f00000, 0x0000000706f00000, 0x0000000707000000|  0%| F|  |TS  0|AC  0|TAMS 0x0000000706f00000, 0x0000000706f00000|
| 112|0x0000000707000000, 0x0000000707000000, 0x0000000707100000|  0%| F|  |TS  0|AC  0|TAMS 0x0000000707000000, 0x0000000707000000|
| 113|0x0000000707100000, 0x0000000707100000, 0x0000000707200000|  0%| F|  |TS  0|AC  0|TAMS 0x0000000707100000, 0x0000000707100000|
| 114|0x0000000707200000, 0x0000000707200000, 0x0000000707300000|  0%| F|  |TS  0|AC  0|TAMS 0x0000000707200000, 0x0000000707200000|
| 115|0x0000000707300000, 0x0000000707300000, 0x0000000707400000|  0%| F|  |TS  0|AC  0|TAMS 0x0000000707300000, 0x0000000707300000|
| 116|0x0000000707400000, 0x0000000707400000, 0x0000000707500000|  0%| F|  |TS  0|AC  0|TAMS 0x0000000707400000, 0x0000000707400000|
| 117|0x0000000707500000, 0x0000000707500000, 0x0000000707600000|  0%| F|  |TS  0|AC  0|TAMS 0x0000000707500000, 0x0000000707500000|
| 118|0x0000000707600000, 0x0000000707600000, 0x0000000707700000|  0%| F|  |TS  0|AC  0|TAMS 0x0000000707600000, 0x0000000707600000|
| 119|0x0000000707700000, 0x0000000707700000, 0x0000000707800000|  0%| F|  |TS  0|AC  0|TAMS 0x0000000707700000, 0x0000000707700000|
| 120|0x0000000707800000, 0x0000000707800000, 0x0000000707900000|  0%| F|  |TS  0|AC  0|TAMS 0x0000000707800000, 0x0000000707800000|
| 121|0x0000000707900000, 0x0000000707900000, 0x0000000707a00000|  0%| F|  |TS  0|AC  0|TAMS 0x0000000707900000, 0x0000000707900000|
| 122|0x0000000707a00000, 0x0000000707a00000, 0x0000000707b00000|  0%| F|  |TS  0|AC  0|TAMS 0x0000000707a00000, 0x0000000707a00000|
| 123|0x0000000707b00000, 0x0000000707b00000, 0x0000000707c00000|  0%| F|  |TS  0|AC  0|TAMS 0x0000000707b00000, 0x0000000707b00000|
| 124|0x0000000707c00000, 0x0000000707c00000, 0x0000000707d00000|  0%| F|  |TS  0|AC  0|TAMS 0x0000000707c00000, 0x0000000707c00000|
| 125|0x0000000707d00000, 0x0000000707d00000, 0x0000000707e00000|  0%| F|  |TS  0|AC  0|TAMS 0x0000000707d00000, 0x0000000707d00000|
| 126|0x0000000707e00000, 0x0000000707e00000, 0x0000000707f00000|  0%| F|  |TS  0|AC  0|TAMS 0x0000000707e00000, 0x0000000707e00000|
| 127|0x0000000707f00000, 0x0000000707f00000, 0x0000000708000000|  0%| F|  |TS  0|AC  0|TAMS 0x0000000707f00000, 0x0000000707f00000|
| 128|0x0000000708000000, 0x0000000708000000, 0x0000000708100000|  0%| F|  |TS  0|AC  0|TAMS 0x0000000708000000, 0x0000000708000000|
| 129|0x0000000708100000, 0x0000000708100000, 0x0000000708200000|  0%| F|  |TS  0|AC  0|TAMS 0x0000000708100000, 0x0000000708100000|
| 130|0x0000000708200000, 0x0000000708200000, 0x0000000708300000|  0%| F|  |TS  0|AC  0|TAMS 0x0000000708200000, 0x0000000708200000|
| 131|0x0000000708300000, 0x0000000708300000, 0x0000000708400000|  0%| F|  |TS  0|AC  0|TAMS 0x0000000708300000, 0x0000000708300000|
| 132|0x0000000708400000, 0x0000000708400000, 0x0000000708500000|  0%| F|  |TS  0|AC  0|TAMS 0x0000000708400000, 0x0000000708400000|
| 133|0x0000000708500000, 0x0000000708500000, 0x0000000708600000|  0%| F|  |TS  0|AC  0|TAMS 0x0000000708500000, 0x0000000708500000|
| 134|0x0000000708600000, 0x0000000708600000, 0x0000000708700000|  0%| F|  |TS  0|AC  0|TAMS 0x0000000708600000, 0x0000000708600000|
| 135|0x0000000708700000, 0x0000000708700000, 0x0000000708800000|  0%| F|  |TS  0|AC  0|TAMS 0x0000000708700000, 0x0000000708700000|
| 136|0x0000000708800000, 0x0000000708800000, 0x0000000708900000|  0%| F|  |TS  0|AC  0|TAMS 0x0000000708800000, 0x0000000708800000|
| 137|0x0000000708900000, 0x0000000708900000, 0x0000000708a00000|  0%| F|  |TS  0|AC  0|TAMS 0x0000000708900000, 0x0000000708900000|
| 138|0x0000000708a00000, 0x0000000708a00000, 0x0000000708b00000|  0%| F|  |TS  0|AC  0|TAMS 0x0000000708a00000, 0x0000000708a00000|
| 139|0x0000000708b00000, 0x0000000708b00000, 0x0000000708c00000|  0%| F|  |TS  0|AC  0|TAMS 0x0000000708b00000, 0x0000000708b00000|
| 140|0x0000000708c00000, 0x0000000708c00000, 0x0000000708d00000|  0%| F|  |TS  0|AC  0|TAMS 0x0000000708c00000, 0x0000000708c00000|
| 141|0x0000000708d00000, 0x0000000708d00000, 0x0000000708e00000|  0%| F|  |TS  0|AC  0|TAMS 0x0000000708d00000, 0x0000000708d00000|
| 142|0x0000000708e00000, 0x0000000708e00000, 0x0000000708f00000|  0%| F|  |TS  0|AC  0|TAMS 0x0000000708e00000, 0x0000000708e00000|
| 143|0x0000000708f00000, 0x0000000708f00000, 0x0000000709000000|  0%| F|  |TS  0|AC  0|TAMS 0x0000000708f00000, 0x0000000708f00000|
| 144|0x0000000709000000, 0x0000000709000000, 0x0000000709100000|  0%| F|  |TS  0|AC  0|TAMS 0x0000000709000000, 0x0000000709000000|
| 145|0x0000000709100000, 0x0000000709100000, 0x0000000709200000|  0%| F|  |TS  0|AC  0|TAMS 0x0000000709100000, 0x0000000709100000|
| 146|0x0000000709200000, 0x0000000709200000, 0x0000000709300000|  0%| F|  |TS  0|AC  0|TAMS 0x0000000709200000, 0x0000000709200000|
| 147|0x0000000709300000, 0x0000000709300000, 0x0000000709400000|  0%| F|  |TS  0|AC  0|TAMS 0x0000000709300000, 0x0000000709300000|
| 148|0x0000000709400000, 0x00000007094cbc40, 0x0000000709500000| 79%| S|CS|TS 17|AC  0|TAMS 0x0000000709400000, 0x0000000709400000|
| 149|0x0000000709500000, 0x0000000709500000, 0x0000000709600000|  0%| F|  |TS 17|AC  0|TAMS 0x0000000709500000, 0x0000000709500000|
| 150|0x0000000709600000, 0x0000000709600000, 0x0000000709700000|  0%| F|  |TS 17|AC  0|TAMS 0x0000000709600000, 0x0000000709600000|
| 151|0x0000000709700000, 0x0000000709700000, 0x0000000709800000|  0%| F|  |TS 17|AC  0|TAMS 0x0000000709700000, 0x0000000709700000|
| 152|0x0000000709800000, 0x0000000709800000, 0x0000000709900000|  0%| F|  |TS 17|AC  0|TAMS 0x0000000709800000, 0x0000000709800000|
| 153|0x0000000709900000, 0x0000000709900000, 0x0000000709a00000|  0%| F|  |TS 17|AC  0|TAMS 0x0000000709900000, 0x0000000709900000|
| 154|0x0000000709a00000, 0x0000000709a00000, 0x0000000709b00000|  0%| F|  |TS 17|AC  0|TAMS 0x0000000709a00000, 0x0000000709a00000|
| 155|0x0000000709b00000, 0x0000000709b00000, 0x0000000709c00000|  0%| F|  |TS 17|AC  0|TAMS 0x0000000709b00000, 0x0000000709b00000|
| 156|0x0000000709c00000, 0x0000000709c00000, 0x0000000709d00000|  0%| F|  |TS 17|AC  0|TAMS 0x0000000709c00000, 0x0000000709c00000|
| 157|0x0000000709d00000, 0x0000000709d00000, 0x0000000709e00000|  0%| F|  |TS 17|AC  0|TAMS 0x0000000709d00000, 0x0000000709d00000|
| 158|0x0000000709e00000, 0x0000000709e00000, 0x0000000709f00000|  0%| F|  |TS 17|AC  0|TAMS 0x0000000709e00000, 0x0000000709e00000|
| 159|0x0000000709f00000, 0x0000000709f00000, 0x000000070a000000|  0%| F|  |TS 17|AC  0|TAMS 0x0000000709f00000, 0x0000000709f00000|
| 160|0x000000070a000000, 0x000000070a000000, 0x000000070a100000|  0%| F|  |TS 17|AC  0|TAMS 0x000000070a000000, 0x000000070a000000|
| 161|0x000000070a100000, 0x000000070a100000, 0x000000070a200000|  0%| F|  |TS 17|AC  0|TAMS 0x000000070a100000, 0x000000070a100000|
| 162|0x000000070a200000, 0x000000070a200000, 0x000000070a300000|  0%| F|  |TS 17|AC  0|TAMS 0x000000070a200000, 0x000000070a200000|
| 163|0x000000070a300000, 0x000000070a300000, 0x000000070a400000|  0%| F|  |TS 17|AC  0|TAMS 0x000000070a300000, 0x000000070a300000|
| 164|0x000000070a400000, 0x000000070a400000, 0x000000070a500000|  0%| F|  |TS 17|AC  0|TAMS 0x000000070a400000, 0x000000070a400000|
| 165|0x000000070a500000, 0x000000070a500000, 0x000000070a600000|  0%| F|  |TS 17|AC  0|TAMS 0x000000070a500000, 0x000000070a500000|
| 166|0x000000070a600000, 0x000000070a6a3998, 0x000000070a700000| 63%| E|  |TS 17|AC  0|TAMS 0x000000070a600000, 0x000000070a600000|
| 167|0x000000070a700000, 0x000000070a800000, 0x000000070a800000|100%| E|CS|TS 17|AC  0|TAMS 0x000000070a700000, 0x000000070a700000|
| 168|0x000000070a800000, 0x000000070a900000, 0x000000070a900000|100%| E|CS|TS 17|AC  0|TAMS 0x000000070a800000, 0x000000070a800000|
| 169|0x000000070a900000, 0x000000070aa00000, 0x000000070aa00000|100%| E|CS|TS 17|AC  0|TAMS 0x000000070a900000, 0x000000070a900000|
| 170|0x000000070aa00000, 0x000000070ab00000, 0x000000070ab00000|100%| E|CS|TS 17|AC  0|TAMS 0x000000070aa00000, 0x000000070aa00000|
| 171|0x000000070ab00000, 0x000000070ac00000, 0x000000070ac00000|100%| E|CS|TS 17|AC  0|TAMS 0x000000070ab00000, 0x000000070ab00000|
| 172|0x000000070ac00000, 0x000000070ad00000, 0x000000070ad00000|100%| E|CS|TS 17|AC  0|TAMS 0x000000070ac00000, 0x000000070ac00000|
| 173|0x000000070ad00000, 0x000000070ae00000, 0x000000070ae00000|100%| E|CS|TS 17|AC  0|TAMS 0x000000070ad00000, 0x000000070ad00000|
| 174|0x000000070ae00000, 0x000000070af00000, 0x000000070af00000|100%| E|CS|TS 17|AC  0|TAMS 0x000000070ae00000, 0x000000070ae00000|
| 175|0x000000070af00000, 0x000000070b000000, 0x000000070b000000|100%| E|CS|TS 17|AC  0|TAMS 0x000000070af00000, 0x000000070af00000|
| 176|0x000000070b000000, 0x000000070b100000, 0x000000070b100000|100%| E|CS|TS 17|AC  0|TAMS 0x000000070b000000, 0x000000070b000000|
| 177|0x000000070b100000, 0x000000070b200000, 0x000000070b200000|100%| E|CS|TS 17|AC  0|TAMS 0x000000070b100000, 0x000000070b100000|
| 178|0x000000070b200000, 0x000000070b300000, 0x000000070b300000|100%| E|CS|TS 17|AC  0|TAMS 0x000000070b200000, 0x000000070b200000|
| 179|0x000000070b300000, 0x000000070b400000, 0x000000070b400000|100%| E|CS|TS 17|AC  0|TAMS 0x000000070b300000, 0x000000070b300000|
| 180|0x000000070b400000, 0x000000070b500000, 0x000000070b500000|100%| E|CS|TS 17|AC  0|TAMS 0x000000070b400000, 0x000000070b400000|
| 181|0x000000070b500000, 0x000000070b600000, 0x000000070b600000|100%| E|CS|TS 17|AC  0|TAMS 0x000000070b500000, 0x000000070b500000|
| 182|0x000000070b600000, 0x000000070b700000, 0x000000070b700000|100%| E|CS|TS 17|AC  0|TAMS 0x000000070b600000, 0x000000070b600000|
| 183|0x000000070b700000, 0x000000070b800000, 0x000000070b800000|100%| E|CS|TS 17|AC  0|TAMS 0x000000070b700000, 0x000000070b700000|
| 184|0x000000070b800000, 0x000000070b900000, 0x000000070b900000|100%| E|CS|TS 17|AC  0|TAMS 0x000000070b800000, 0x000000070b800000|
| 185|0x000000070b900000, 0x000000070ba00000, 0x000000070ba00000|100%| E|CS|TS 17|AC  0|TAMS 0x000000070b900000, 0x000000070b900000|
| 186|0x000000070ba00000, 0x000000070bb00000, 0x000000070bb00000|100%| E|CS|TS 17|AC  0|TAMS 0x000000070ba00000, 0x000000070ba00000|
| 187|0x000000070bb00000, 0x000000070bc00000, 0x000000070bc00000|100%| E|CS|TS 17|AC  0|TAMS 0x000000070bb00000, 0x000000070bb00000|
| 188|0x000000070bc00000, 0x000000070bd00000, 0x000000070bd00000|100%| E|CS|TS 17|AC  0|TAMS 0x000000070bc00000, 0x000000070bc00000|
| 189|0x000000070bd00000, 0x000000070be00000, 0x000000070be00000|100%| E|CS|TS 17|AC  0|TAMS 0x000000070bd00000, 0x000000070bd00000|
| 190|0x000000070be00000, 0x000000070bf00000, 0x000000070bf00000|100%| E|CS|TS 17|AC  0|TAMS 0x000000070be00000, 0x000000070be00000|
| 191|0x000000070bf00000, 0x000000070c000000, 0x000000070c000000|100%| E|CS|TS 17|AC  0|TAMS 0x000000070bf00000, 0x000000070bf00000|
| 192|0x000000070c000000, 0x000000070c100000, 0x000000070c100000|100%| E|CS|TS 17|AC  0|TAMS 0x000000070c000000, 0x000000070c000000|
| 193|0x000000070c100000, 0x000000070c200000, 0x000000070c200000|100%| E|CS|TS 17|AC  0|TAMS 0x000000070c100000, 0x000000070c100000|
| 194|0x000000070c200000, 0x000000070c300000, 0x000000070c300000|100%| E|CS|TS 17|AC  0|TAMS 0x000000070c200000, 0x000000070c200000|
| 195|0x000000070c300000, 0x000000070c400000, 0x000000070c400000|100%| E|CS|TS 17|AC  0|TAMS 0x000000070c300000, 0x000000070c300000|
| 196|0x000000070c400000, 0x000000070c500000, 0x000000070c500000|100%| E|CS|TS 17|AC  0|TAMS 0x000000070c400000, 0x000000070c400000|
| 197|0x000000070c500000, 0x000000070c600000, 0x000000070c600000|100%| E|CS|TS 17|AC  0|TAMS 0x000000070c500000, 0x000000070c500000|
| 198|0x000000070c600000, 0x000000070c700000, 0x000000070c700000|100%| E|CS|TS 17|AC  0|TAMS 0x000000070c600000, 0x000000070c600000|
| 199|0x000000070c700000, 0x000000070c800000, 0x000000070c800000|100%| E|CS|TS 17|AC  0|TAMS 0x000000070c700000, 0x000000070c700000|
| 200|0x000000070c800000, 0x000000070c900000, 0x000000070c900000|100%| E|CS|TS 17|AC  0|TAMS 0x000000070c800000, 0x000000070c800000|
| 201|0x000000070c900000, 0x000000070ca00000, 0x000000070ca00000|100%| E|CS|TS 17|AC  0|TAMS 0x000000070c900000, 0x000000070c900000|
| 202|0x000000070ca00000, 0x000000070cb00000, 0x000000070cb00000|100%| E|CS|TS 17|AC  0|TAMS 0x000000070ca00000, 0x000000070ca00000|
| 203|0x000000070cb00000, 0x000000070cc00000, 0x000000070cc00000|100%| E|CS|TS 17|AC  0|TAMS 0x000000070cb00000, 0x000000070cb00000|
| 204|0x000000070cc00000, 0x000000070cd00000, 0x000000070cd00000|100%| E|CS|TS 17|AC  0|TAMS 0x000000070cc00000, 0x000000070cc00000|
| 205|0x000000070cd00000, 0x000000070ce00000, 0x000000070ce00000|100%| E|CS|TS 17|AC  0|TAMS 0x000000070cd00000, 0x000000070cd00000|
| 206|0x000000070ce00000, 0x000000070cf00000, 0x000000070cf00000|100%| E|CS|TS 17|AC  0|TAMS 0x000000070ce00000, 0x000000070ce00000|
| 207|0x000000070cf00000, 0x000000070d000000, 0x000000070d000000|100%| E|CS|TS 17|AC  0|TAMS 0x000000070cf00000, 0x000000070cf00000|
| 208|0x000000070d000000, 0x000000070d100000, 0x000000070d100000|100%| E|CS|TS 17|AC  0|TAMS 0x000000070d000000, 0x000000070d000000|

Card table byte_map: [0x000001f2318f0000,0x000001f231ef0000] byte_map_base: 0x000001f22e0f0000

Marking Bits (Prev, Next): (CMBitMap*) 0x000001f232e1c540, (CMBitMap*) 0x000001f232e1c578
 Prev Bits: [0x000001f24c670000, 0x000001f24f670000)
 Next Bits: [0x000001f24f670000, 0x000001f252670000)

Polling page: 0x000001f228c00000

CodeHeap 'non-profiled nmethods': size=120064Kb used=17621Kb max_used=17621Kb free=102442Kb
 bounds [0x000001f245130000, 0x000001f246270000, 0x000001f24c670000]
CodeHeap 'profiled nmethods': size=120000Kb used=41056Kb max_used=41056Kb free=78943Kb
 bounds [0x000001f23dc00000, 0x000001f240450000, 0x000001f245130000]
CodeHeap 'non-nmethods': size=5696Kb used=1765Kb max_used=1805Kb free=3930Kb
 bounds [0x000001f23d670000, 0x000001f23d8e0000, 0x000001f23dc00000]
 total_blobs=27286 nmethods=15870 adapters=1093
 compilation: enabled

Compilation events (10 events):
Event: 282.096 Thread 0x000001f2363f2000 19376       1       javax.swing.JTree::access$200 (5 bytes)
Event: 282.096 Thread 0x000001f2363f2000 nmethod 19376 0x000001f246263990 code [0x000001f246263b40, 0x000001f246263c38]
Event: 282.126 Thread 0x000001f2363f2000 19377       3       sun.awt.image.ImageRepresentation::setColorModel (193 bytes)
Event: 282.127 Thread 0x000001f2363f2000 nmethod 19377 0x000001f240448490 code [0x000001f240448740, 0x000001f240449ca0]
Event: 282.185 Thread 0x000001f2363f2000 19378       3       sun.swing.SwingUtilities2$LSBCacheEntry::equals (55 bytes)
Event: 282.185 Thread 0x000001f2363f2000 nmethod 19378 0x000001f24044a010 code [0x000001f24044a200, 0x000001f24044a780]
Event: 282.229 Thread 0x000001f2363f1800 19379       4       javax.swing.JComponent::disable (33 bytes)
Event: 282.245 Thread 0x000001f2363f1800 nmethod 19379 0x000001f246263d10 code [0x000001f246263f80, 0x000001f246264da0]
Event: 282.248 Thread 0x000001f2363f2000 19380       3       com.jidesoft.grid.JideTable$t_::propertyChange (105 bytes)
Event: 282.249 Thread 0x000001f2363f2000 nmethod 19380 0x000001f24044a910 code [0x000001f24044ab60, 0x000001f24044b5b0]

GC Heap History (10 events):
Event: 268.172 GC heap before
{Heap before GC invocations=114 (full 15):
 garbage-first heap   total 214016K, used 125424K [0x0000000700000000, 0x0000000700100688, 0x00000007c0000000)
  region size 1024K, 60 young (61440K), 1 survivors (1024K)
 Metaspace       used 81006K, capacity 87039K, committed 87292K, reserved 1124352K
  class space    used 11190K, capacity 12256K, committed 12284K, reserved 1048576K
}
Event: 268.176 GC heap after
{Heap after GC invocations=115 (full 15):
 garbage-first heap   total 214016K, used 65032K [0x0000000700000000, 0x0000000700100688, 0x00000007c0000000)
  region size 1024K, 1 young (1024K), 1 survivors (1024K)
 Metaspace       used 81006K, capacity 87039K, committed 87292K, reserved 1124352K
  class space    used 11190K, capacity 12256K, committed 12284K, reserved 1048576K
}
Event: 271.354 GC heap before
{Heap before GC invocations=115 (full 15):
 garbage-first heap   total 214016K, used 125448K [0x0000000700000000, 0x0000000700100688, 0x00000007c0000000)
  region size 1024K, 60 young (61440K), 1 survivors (1024K)
 Metaspace       used 81011K, capacity 87039K, committed 87292K, reserved 1124352K
  class space    used 11190K, capacity 12256K, committed 12284K, reserved 1048576K
}
Event: 271.358 GC heap after
{Heap after GC invocations=116 (full 15):
 garbage-first heap   total 214016K, used 65053K [0x0000000700000000, 0x0000000700100688, 0x00000007c0000000)
  region size 1024K, 1 young (1024K), 1 survivors (1024K)
 Metaspace       used 81011K, capacity 87039K, committed 87292K, reserved 1124352K
  class space    used 11190K, capacity 12256K, committed 12284K, reserved 1048576K
}
Event: 273.674 GC heap before
{Heap before GC invocations=116 (full 15):
 garbage-first heap   total 214016K, used 125469K [0x0000000700000000, 0x0000000700100688, 0x00000007c0000000)
  region size 1024K, 60 young (61440K), 1 survivors (1024K)
 Metaspace       used 81052K, capacity 87039K, committed 87292K, reserved 1124352K
  class space    used 11190K, capacity 12256K, committed 12284K, reserved 1048576K
}
Event: 273.679 GC heap after
{Heap after GC invocations=117 (full 15):
 garbage-first heap   total 214016K, used 65153K [0x0000000700000000, 0x0000000700100688, 0x00000007c0000000)
  region size 1024K, 1 young (1024K), 1 survivors (1024K)
 Metaspace       used 81052K, capacity 87039K, committed 87292K, reserved 1124352K
  class space    used 11190K, capacity 12256K, committed 12284K, reserved 1048576K
}
Event: 276.498 GC heap before
{Heap before GC invocations=117 (full 15):
 garbage-first heap   total 214016K, used 125569K [0x0000000700000000, 0x0000000700100688, 0x00000007c0000000)
  region size 1024K, 60 young (61440K), 1 survivors (1024K)
 Metaspace       used 81067K, capacity 87039K, committed 87292K, reserved 1124352K
  class space    used 11190K, capacity 12256K, committed 12284K, reserved 1048576K
}
Event: 276.503 GC heap after
{Heap after GC invocations=118 (full 15):
 garbage-first heap   total 214016K, used 65234K [0x0000000700000000, 0x0000000700100688, 0x00000007c0000000)
  region size 1024K, 1 young (1024K), 1 survivors (1024K)
 Metaspace       used 81067K, capacity 87039K, committed 87292K, reserved 1124352K
  class space    used 11190K, capacity 12256K, committed 12284K, reserved 1048576K
}
Event: 279.313 GC heap before
{Heap before GC invocations=118 (full 15):
 garbage-first heap   total 214016K, used 125650K [0x0000000700000000, 0x0000000700100688, 0x00000007c0000000)
  region size 1024K, 60 young (61440K), 1 survivors (1024K)
 Metaspace       used 81108K, capacity 87103K, committed 87292K, reserved 1124352K
  class space    used 11190K, capacity 12256K, committed 12284K, reserved 1048576K
}
Event: 279.318 GC heap after
{Heap after GC invocations=119 (full 15):
 garbage-first heap   total 214016K, used 65303K [0x0000000700000000, 0x0000000700100688, 0x00000007c0000000)
  region size 1024K, 1 young (1024K), 1 survivors (1024K)
 Metaspace       used 81108K, capacity 87103K, committed 87292K, reserved 1124352K
  class space    used 11190K, capacity 12256K, committed 12284K, reserved 1048576K
}

Deoptimization events (10 events):
Event: 234.222 Thread 0x000001f25608c000 Uncommon trap: reason=bimorphic_or_optimized_type_check action=maybe_recompile pc=0x000001f2461dbf9c method=javax.swing.ToolTipManager.mouseMoved(Ljava/awt/event/MouseEvent;)V @ 49 c2
Event: 234.543 Thread 0x000001f25608c000 Uncommon trap: reason=bimorphic_or_optimized_type_check action=maybe_recompile pc=0x000001f2461dbf9c method=javax.swing.ToolTipManager.mouseMoved(Ljava/awt/event/MouseEvent;)V @ 49 c2
Event: 235.312 Thread 0x000001f25608c000 Uncommon trap: reason=bimorphic_or_optimized_type_check action=maybe_recompile pc=0x000001f245451f00 method=java.util.TreeMap.getEntryUsingComparator(Ljava/lang/Object;)Ljava/util/TreeMap$Entry; @ 29 c2
Event: 240.018 Thread 0x000001f25608c000 Uncommon trap: reason=predicate action=maybe_recompile pc=0x000001f2461f2c3c method=java.awt.datatransfer.MimeTypeParameterList.parse(Ljava/lang/String;)V @ 71 c2
Event: 280.906 Thread 0x000001f25608c000 Uncommon trap: reason=speculate_class_check action=maybe_recompile pc=0x000001f245ff3c1c method=java.awt.Component.areBoundsValid()Z @ 1 c2
Event: 280.917 Thread 0x000001f25608c000 Uncommon trap: reason=speculate_class_check action=maybe_recompile pc=0x000001f245c2d3e4 method=java.awt.DefaultKeyboardFocusManager.dispatchEvent(Ljava/awt/AWTEvent;)Z @ 1467 c2
Event: 282.070 Thread 0x000001f25608c000 Uncommon trap: reason=class_check action=maybe_recompile pc=0x000001f24597ca1c method=javax.swing.AbstractButton.setEnabled(Z)V @ 21 c2
Event: 282.183 Thread 0x000001f25608c000 Uncommon trap: reason=class_check action=maybe_recompile pc=0x000001f245a25da0 method=javax.swing.plaf.synth.ParsedSynthStyle$DelegatingPainter.paintPanelBackground(Ljavax/swing/plaf/synth/SynthContext;Ljava/awt/Graphics;IIII)V @ 16 c2
Event: 282.189 Thread 0x000001f25608c000 Uncommon trap: reason=class_check action=maybe_recompile pc=0x000001f245c2d968 method=java.awt.DefaultKeyboardFocusManager.dispatchEvent(Ljava/awt/AWTEvent;)Z @ 470 c2
Event: 282.244 Thread 0x000001f25608c000 Uncommon trap: reason=class_check action=maybe_recompile pc=0x000001f245a25da0 method=javax.swing.plaf.synth.ParsedSynthStyle$DelegatingPainter.paintPanelBackground(Ljavax/swing/plaf/synth/SynthContext;Ljava/awt/Graphics;IIII)V @ 16 c2

Classes redefined (0 events):
No events

Internal exceptions (10 events):
Event: 133.870 Thread 0x000001f25608c000 Exception <a 'java/lang/NoSuchMethodError'{0x000000070c668d90}: method resolution failed> (0x000000070c668d90) thrown at [t:/workspace/hotspot/src/share/vm/prims/methodHandles.cpp, line 1256]
Event: 133.871 Thread 0x000001f25608c000 Exception <a 'java/lang/NoSuchMethodError'{0x000000070c679118}: method resolution failed> (0x000000070c679118) thrown at [t:/workspace/hotspot/src/share/vm/prims/methodHandles.cpp, line 1256]
Event: 133.871 Thread 0x000001f25608c000 Exception <a 'java/lang/NoSuchMethodError'{0x000000070c67e4d8}: java.lang.invoke.DelegatingMethodHandle$Holder.reinvoke_L(Ljava/lang/Object;Ljava/lang/Object;Ljava/lang/Object;Ljava/lang/Object;Ljava/lang/Object;IILjava/lang/Object;Ljava/lang/Object;IILja
Event: 134.075 Thread 0x000001f25608c000 Exception <a 'java/lang/NoSuchMethodError'{0x000000070aae6fa0}: method resolution failed> (0x000000070aae6fa0) thrown at [t:/workspace/hotspot/src/share/vm/prims/methodHandles.cpp, line 1256]
Event: 134.076 Thread 0x000001f25608c000 Exception <a 'java/lang/NoSuchMethodError'{0x000000070aaeb0d8}: java.lang.invoke.DelegatingMethodHandle$Holder.reinvoke_L(Ljava/lang/Object;Ljava/lang/Object;IILjava/lang/Object;Ljava/lang/Object;ILjava/lang/Object;II)Ljava/lang/Object;> (0x000000070aaeb0
Event: 134.078 Thread 0x000001f25608c000 Exception <a 'java/lang/NoSuchMethodError'{0x000000070a95dca8}: java.lang.invoke.DirectMethodHandle$Holder.invokeSpecial(Ljava/lang/Object;Ljava/lang/Object;IIILjava/lang/Object;Ljava/lang/Object;ILjava/lang/Object;II)Ljava/lang/Object;> (0x000000070a95dc
Event: 134.078 Thread 0x000001f25608c000 Exception <a 'java/lang/NoSuchMethodError'{0x000000070a9617d0}: java.lang.invoke.DelegatingMethodHandle$Holder.reinvoke_L(Ljava/lang/Object;IIILjava/lang/Object;Ljava/lang/Object;ILjava/lang/Object;II)Ljava/lang/Object;> (0x000000070a9617d0) thrown at [t:
Event: 134.079 Thread 0x000001f25608c000 Exception <a 'java/lang/NoSuchMethodError'{0x000000070a97fa90}: method resolution failed> (0x000000070a97fa90) thrown at [t:/workspace/hotspot/src/share/vm/prims/methodHandles.cpp, line 1256]
Event: 134.155 Thread 0x000001f25608c000 Exception <a 'java/lang/NoSuchMethodError'{0x000000070a22cdb0}: java.lang.invoke.DirectMethodHandle$Holder.invokeSpecial(Ljava/lang/Object;Ljava/lang/Object;ILjava/lang/Object;)V> (0x000000070a22cdb0) thrown at [t:/workspace/hotspot/src/share/vm/interpret
Event: 134.155 Thread 0x000001f25608c000 Exception <a 'java/lang/NoSuchMethodError'{0x000000070a2326d8}: java.lang.invoke.DirectMethodHandle$Holder.invokeStatic(Ljava/lang/Object;Ljava/lang/Object;ILjava/lang/Object;)Ljava/lang/Object;> (0x000000070a2326d8) thrown at [t:/workspace/hotspot/src/sh

Events (10 events):
Event: 282.183 Thread 0x000001f25608c000 DEOPT PACKING pc=0x000001f245a25da0 sp=0x00000067394fb0a0
Event: 282.183 Thread 0x000001f25608c000 DEOPT UNPACKING pc=0x000001f23d6bdf29 sp=0x00000067394fb018 mode 2
Event: 282.189 Thread 0x000001f25608c000 Uncommon trap: trap_request=0xffffffde fr.pc=0x000001f245c2d968 relative=0x0000000000003cc8
Event: 282.189 Thread 0x000001f25608c000 DEOPT PACKING pc=0x000001f245c2d968 sp=0x00000067394f8a30
Event: 282.189 Thread 0x000001f25608c000 DEOPT UNPACKING pc=0x000001f23d6bdf29 sp=0x00000067394f89e8 mode 2
Event: 282.189 Thread 0x000001f2584ce000 Thread added: 0x000001f2584ce000
Event: 282.194 Thread 0x000001f2584ce000 Thread exited: 0x000001f2584ce000
Event: 282.244 Thread 0x000001f25608c000 Uncommon trap: trap_request=0xffffffde fr.pc=0x000001f245a25da0 relative=0x0000000000000520
Event: 282.244 Thread 0x000001f25608c000 DEOPT PACKING pc=0x000001f245a25da0 sp=0x00000067394fb0a0
Event: 282.244 Thread 0x000001f25608c000 DEOPT UNPACKING pc=0x000001f23d6bdf29 sp=0x00000067394fb018 mode 2


Dynamic libraries:
0x00007ff64c300000 - 0x00007ff64c330000 	C:\Xilinx\Vivado\2019.1\bin\unwrapped\win64.o\vivado.exe
0x00007ffacca30000 - 0x00007ffaccc26000 	C:\Windows\SYSTEM32\ntdll.dll
0x00007ffacaf70000 - 0x00007ffacb02d000 	C:\Windows\System32\KERNEL32.DLL
0x00007ffaca1d0000 - 0x00007ffaca498000 	C:\Windows\System32\KERNELBASE.dll
0x00007ffaca730000 - 0x00007ffaca830000 	C:\Windows\System32\ucrtbase.dll
0x00007ffa825f0000 - 0x00007ffa82604000 	C:\Xilinx\Vivado\2019.1\lib\win64.o\libboost_signals.dll
0x00007ffa81700000 - 0x00007ffa825e2000 	C:\Xilinx\Vivado\2019.1\lib\win64.o\librdi_common.dll
0x00007ffacb7d0000 - 0x00007ffacb970000 	C:\Windows\System32\USER32.dll
0x00007ffaca4a0000 - 0x00007ffaca4c2000 	C:\Windows\System32\win32u.dll
0x00007ffacac60000 - 0x00007ffacac8a000 	C:\Windows\System32\GDI32.dll
0x00007ffaca5a0000 - 0x00007ffaca6a9000 	C:\Windows\System32\gdi32full.dll
0x00007ffaca500000 - 0x00007ffaca59d000 	C:\Windows\System32\msvcp_win.dll
0x00007ffacaa90000 - 0x00007ffacab3c000 	C:\Windows\System32\ADVAPI32.dll
0x00007ffacbab0000 - 0x00007ffacbb4e000 	C:\Windows\System32\msvcrt.dll
0x00007ffacac90000 - 0x00007ffacad2b000 	C:\Windows\System32\sechost.dll
0x00007ffacc580000 - 0x00007ffacc6a4000 	C:\Windows\System32\RPCRT4.dll
0x00007ffacb080000 - 0x00007ffacb7c1000 	C:\Windows\System32\SHELL32.dll
0x00007ffab8f20000 - 0x00007ffab8fb9000 	C:\Windows\SYSTEM32\MSVCP140.dll
0x00007ffab8f00000 - 0x00007ffab8f17000 	C:\Windows\SYSTEM32\VCRUNTIME140.dll
0x00007ffa81370000 - 0x00007ffa81384000 	C:\Xilinx\Vivado\2019.1\lib\win64.o\libboost_date_time.dll
0x00007ffa81390000 - 0x00007ffa816fe000 	C:\Xilinx\Vivado\2019.1\lib\win64.o\libCOIN-all.dll
0x00007ffa812c0000 - 0x00007ffa812e6000 	C:\Xilinx\Vivado\2019.1\lib\win64.o\libboost_filesystem.dll
0x00007ffa812f0000 - 0x00007ffa8136f000 	C:\Xilinx\Vivado\2019.1\lib\win64.o\libboost_program_options.dll
0x00007ffa812b0000 - 0x00007ffa812bb000 	C:\Xilinx\Vivado\2019.1\lib\win64.o\libboost_system.dll
0x00007ffa81280000 - 0x00007ffa812a1000 	C:\Xilinx\Vivado\2019.1\lib\win64.o\libboost_thread.dll
0x00007ffa811f0000 - 0x00007ffa81272000 	C:\Xilinx\Vivado\2019.1\lib\win64.o\libhdlpsolve.dll
0x00007ffa811e0000 - 0x00007ffa811ef000 	C:\Xilinx\Vivado\2019.1\lib\win64.o\libboost_xilinx.dll
0x00007ffa81130000 - 0x00007ffa811d5000 	C:\Xilinx\Vivado\2019.1\lib\win64.o\libhdxml.dll
0x00007ffa80550000 - 0x00007ffa8057e000 	C:\Xilinx\Vivado\2019.1\lib\win64.o\libisl_sysinfo.dll
0x00007ffacc020000 - 0x00007ffacc08b000 	C:\Windows\System32\WS2_32.dll
0x00007ffa80580000 - 0x00007ffa8112f400 	C:\Xilinx\Vivado\2019.1\lib\win64.o\libisl_iostreams.dll
0x00007ffa804e0000 - 0x00007ffa80545000 	C:\Xilinx\Vivado\2019.1\lib\win64.o\liblmx6.0.dll
0x00007ffa804c0000 - 0x00007ffa804da000 	C:\Xilinx\Vivado\2019.1\lib\win64.o\pthreadVC2.dll
0x00007ffa80390000 - 0x00007ffa804b1000 	C:\Xilinx\Vivado\2019.1\lib\win64.o\librdi_commonxillic.dll
0x00007ffa80370000 - 0x00007ffa8038c000 	C:\Xilinx\Vivado\2019.1\lib\win64.o\librdiconfig.dll
0x00007ffa80340000 - 0x00007ffa80361000 	C:\Xilinx\Vivado\2019.1\lib\win64.o\librdizlib.dll
0x000000005e9e0000 - 0x000000005eb0b000 	C:\Xilinx\Vivado\2019.1\lib\win64.o\tcl85t.dll
0x00007ffa80220000 - 0x00007ffa80334000 	C:\Xilinx\Vivado\2019.1\lib\win64.o\libboost_regex.dll
0x0000000012000000 - 0x0000000012270000 	C:\Xilinx\Vivado\2019.1\lib\win64.o\xerces-c_3_1.dll
0x00007ffac3d90000 - 0x00007ffac3da8000 	C:\Windows\SYSTEM32\NETAPI32.dll
0x00007ffab46c0000 - 0x00007ffab4b9a000 	C:\Windows\SYSTEM32\WININET.dll
0x00007ffabd160000 - 0x00007ffabd260000 	C:\Windows\SYSTEM32\WINHTTP.dll
0x00007ffab44d0000 - 0x00007ffab44d9000 	C:\Windows\SYSTEM32\WSOCK32.dll
0x00007ffa7f350000 - 0x00007ffa7f37e000 	C:\Windows\SYSTEM32\VCOMP140.DLL
0x00007ffa7f380000 - 0x00007ffa80211000 	C:\Xilinx\Vivado\2019.1\lib\win64.o\gurobi65.dll
0x00007ffabbd80000 - 0x00007ffabbf6d000 	C:\Windows\SYSTEM32\urlmon.dll
0x00007ffa7f340000 - 0x00007ffa7f34d000 	C:\Xilinx\Vivado\2019.1\lib\win64.o\libboost_chrono.dll
0x00007ffa7f310000 - 0x00007ffa7f335000 	C:\Xilinx\Vivado\2019.1\lib\win64.o\libisl_iosutils.dll
0x00007ffa7f030000 - 0x00007ffa7f308000 	C:\Xilinx\Vivado\2019.1\lib\win64.o\libXil_lmgr11.dll
0x00007ffacc8f0000 - 0x00007ffacc9ca000 	C:\Windows\System32\COMDLG32.dll
0x00007ffacc0f0000 - 0x00007ffacc445000 	C:\Windows\System32\combase.dll
0x00007ffacad30000 - 0x00007ffacadde000 	C:\Windows\System32\shcore.dll
0x00007ffacbb50000 - 0x00007ffacbba5000 	C:\Windows\System32\SHLWAPI.dll
0x00007ffacaea0000 - 0x00007ffacaf6d000 	C:\Windows\System32\OLEAUT32.dll
0x00007ffacc450000 - 0x00007ffacc57a000 	C:\Windows\System32\ole32.dll
0x00007ffaca170000 - 0x00007ffaca1d0000 	C:\Windows\System32\WINTRUST.dll
0x00007ffaca830000 - 0x00007ffaca98d000 	C:\Windows\System32\CRYPT32.dll
0x00007ffabbad0000 - 0x00007ffabbd80000 	C:\Windows\SYSTEM32\iertutil.dll
0x00007ffaaed70000 - 0x00007ffaaee20000 	C:\Windows\WinSxS\amd64_microsoft.windows.common-controls_6595b64144ccf1df_5.82.19041.488_none_4238de57f6b64d28\COMCTL32.dll
0x00007ffac9710000 - 0x00007ffac971c000 	C:\Windows\SYSTEM32\NETUTILS.DLL
0x00007ffac21d0000 - 0x00007ffac21ed000 	C:\Windows\SYSTEM32\dhcpcsvc.DLL
0x00007ffa7f010000 - 0x00007ffa7f02b000 	C:\Xilinx\Vivado\2019.1\lib\win64.o\libboost_iostreams.dll
0x00007ffa7eff0000 - 0x00007ffa7f004000 	C:\Xilinx\Vivado\2019.1\lib\win64.o\librdi_commonmain.dll
0x00007ffa7efe0000 - 0x00007ffa7efea000 	C:\Xilinx\Vivado\2019.1\lib\win64.o\librdi_commonversion.dll
0x00007ffacb040000 - 0x00007ffacb070000 	C:\Windows\System32\IMM32.DLL
0x00007ffac9d60000 - 0x00007ffac9d72000 	C:\Windows\SYSTEM32\MSASN1.dll
0x00007ffac8a50000 - 0x00007ffac8a62000 	C:\Windows\SYSTEM32\kernel.appcore.dll
0x00007ffa7eac0000 - 0x00007ffa7efd7000 	C:\Xilinx\Vivado\2019.1\lib\win64.o\librdi_commontasks.dll
0x00007ffac2eb0000 - 0x00007ffac2eba000 	C:\Windows\SYSTEM32\VERSION.dll
0x00007ffa7e830000 - 0x00007ffa7eab6000 	C:\Xilinx\Vivado\2019.1\lib\win64.o\librdi_sio.dll
0x00007ffac9600000 - 0x00007ffac963b000 	C:\Windows\SYSTEM32\IPHLPAPI.DLL
0x000000005dfb0000 - 0x000000005e9d5000 	C:\Xilinx\Vivado\2019.1\tps\win64\jre9.0.4\bin\server\jvm.dll
0x00007ffacade0000 - 0x00007ffacade8000 	C:\Windows\System32\PSAPI.DLL
0x00007ffab24f0000 - 0x00007ffab2517000 	C:\Windows\SYSTEM32\WINMM.dll
0x00007ffac9960000 - 0x00007ffac99ca000 	C:\Windows\SYSTEM32\MSWSOCK.DLL
0x00007ffa7e720000 - 0x00007ffa7e80f000 	C:\Windows\SYSTEM32\MSVCR120.dll
0x00007ffac8130000 - 0x00007ffac88c5000 	C:\Windows\SYSTEM32\windows.storage.dll
0x00007ffac9be0000 - 0x00007ffac9c0c000 	C:\Windows\SYSTEM32\Wldp.dll
0x00007ffa7c200000 - 0x00007ffa7e6bc000 	C:\Xilinx\Vivado\2019.1\lib\win64.o\librdi_tcltasks.dll
0x00007ffa7bdf0000 - 0x00007ffa7c1f8000 	C:\Xilinx\Vivado\2019.1\lib\win64.o\librdi_bitstream.dll
0x00007ffa7bc50000 - 0x00007ffa7bde1000 	C:\Xilinx\Vivado\2019.1\lib\win64.o\librdi_board.dll
0x00007ffa7bbd0000 - 0x00007ffa7bc48000 	C:\Xilinx\Vivado\2019.1\lib\win64.o\librdi_boarddep.dll
0x00007ffa7ba10000 - 0x00007ffa7bbcd000 	C:\Xilinx\Vivado\2019.1\lib\win64.o\librdi_chipscopeimpl.dll
0x00007ffa7b920000 - 0x00007ffa7ba0b000 	C:\Xilinx\Vivado\2019.1\lib\win64.o\librdi_chipscope.dll
0x00007ffa7b7c0000 - 0x00007ffa7b916000 	C:\Xilinx\Vivado\2019.1\lib\win64.o\librdi_containers.dll
0x00007ffa79dd0000 - 0x00007ffa7b7ba000 	C:\Xilinx\Vivado\2019.1\lib\win64.o\librdi_constraints.dll
0x00007ffa77f10000 - 0x00007ffa79dc1000 	C:\Xilinx\Vivado\2019.1\lib\win64.o\librdi_coregen.dll
0x00007ffa77830000 - 0x00007ffa77f0a000 	C:\Xilinx\Vivado\2019.1\lib\win64.o\librdi_coregenipxact.dll
0x00007ffa734c0000 - 0x00007ffa737de000 	C:\Xilinx\Vivado\2019.1\lib\win64.o\librdi_dlyest.dll
0x00007ffa737e0000 - 0x00007ffa77823000 	C:\Xilinx\Vivado\2019.1\lib\win64.o\librdi_designutils.dll
0x00007ffa61090000 - 0x00007ffa734bc000 	C:\Xilinx\Vivado\2019.1\lib\win64.o\librdi_device.dll
0x00007ffa60af0000 - 0x00007ffa6108a000 	C:\Xilinx\Vivado\2019.1\lib\win64.o\librdi_drc.dll
0x00007ffa60a20000 - 0x00007ffa60ae4000 	C:\Xilinx\Vivado\2019.1\lib\win64.o\librdi_dsp.dll
0x00007ffa603d0000 - 0x00007ffa60a1d000 	C:\Xilinx\Vivado\2019.1\lib\win64.o\librdi_filemgmt.dll
0x00007ffa600e0000 - 0x00007ffa603c3000 	C:\Xilinx\Vivado\2019.1\lib\win64.o\librdi_guitools.dll
0x00007ffa60070000 - 0x00007ffa600d5000 	C:\Xilinx\Vivado\2019.1\lib\win64.o\librdi_hdf.dll
0x00007ffa5fff0000 - 0x00007ffa60063000 	C:\Xilinx\Vivado\2019.1\lib\win64.o\librdi_memoryarray.dll
0x00007ffa5f9d0000 - 0x00007ffa5ffe5000 	C:\Xilinx\Vivado\2019.1\lib\win64.o\librdi_memdata.dll
0x00007ffa5e410000 - 0x00007ffa5f9d0000 	C:\Xilinx\Vivado\2019.1\lib\win64.o\librdi_implflow.dll
0x00007ffa5b720000 - 0x00007ffa5e406000 	C:\Xilinx\Vivado\2019.1\lib\win64.o\librdi_mig.dll
0x00007ffa5b070000 - 0x00007ffa5b712000 	C:\Xilinx\Vivado\2019.1\lib\win64.o\librdi_netlist.dll
0x00007ffa5b020000 - 0x00007ffa5b06b000 	C:\Xilinx\Vivado\2019.1\lib\win64.o\librdi_pfi.dll
0x00007ffa5ad10000 - 0x00007ffa5b01f000 	C:\Xilinx\Vivado\2019.1\lib\win64.o\librdi_platform.dll
0x00007ffa5a5c0000 - 0x00007ffa5ad0a000 	C:\Xilinx\Vivado\2019.1\lib\win64.o\librdi_power.dll
0x00007ffa57f40000 - 0x00007ffa5a5b6000 	C:\Xilinx\Vivado\2019.1\lib\win64.o\librdi_place.dll
0x00007ffa579c0000 - 0x00007ffa57f3f000 	C:\Xilinx\Vivado\2019.1\lib\win64.o\librdi_project.dll
0x00007ffa572b0000 - 0x00007ffa579b9000 	C:\Xilinx\Vivado\2019.1\lib\win64.o\librdi_psta.dll
0x00007ffa56ba0000 - 0x00007ffa572a6000 	C:\Xilinx\Vivado\2019.1\lib\win64.o\librdi_rsb.dll
0x00007ffa56aa0000 - 0x00007ffa56b9a000 	C:\Xilinx\Vivado\2019.1\lib\win64.o\librdi_runsbase.dll
0x00007ffa566a0000 - 0x00007ffa56a91000 	C:\Xilinx\Vivado\2019.1\lib\win64.o\librdi_runs.dll
0x00007ffa56440000 - 0x00007ffa56696000 	C:\Xilinx\Vivado\2019.1\lib\win64.o\librdi_simdata.dll
0x00007ffa562c0000 - 0x00007ffa56432000 	C:\Xilinx\Vivado\2019.1\lib\win64.o\librdi_advchipscopeimpl.dll
0x00007ffa554a0000 - 0x00007ffa562b1000 	C:\Xilinx\Vivado\2019.1\lib\win64.o\librdi_timing.dll
0x00007ffa55450000 - 0x00007ffa5549c000 	C:\Xilinx\Vivado\2019.1\lib\win64.o\libboost_serialization.dll
0x00007ffa552b0000 - 0x00007ffa5544f000 	C:\Xilinx\Vivado\2019.1\lib\win64.o\librdi_hip_devdesign.dll
0x00007ffa551e0000 - 0x00007ffa552a2000 	C:\Xilinx\Vivado\2019.1\lib\win64.o\librdi_ipconfig_readwrite.dll
0x00007ffa55190000 - 0x00007ffa551d3000 	C:\Xilinx\Vivado\2019.1\lib\win64.o\librdi_noc_frameworks.dll
0x00007ffa550f0000 - 0x00007ffa5518e000 	C:\Xilinx\Vivado\2019.1\lib\win64.o\libise.dll
0x00007ffa54d00000 - 0x00007ffa550e5000 	C:\Xilinx\Vivado\2019.1\lib\win64.o\librdi_hip_config.dll
0x00007ffa541b0000 - 0x00007ffa54cf7000 	C:\Xilinx\Vivado\2019.1\lib\win64.o\libverific.dll
0x00007ffa54170000 - 0x00007ffa541b0000 	C:\Xilinx\Vivado\2019.1\lib\win64.o\librdi_wavedata_SimpleApi.dll
0x00007ffa53c20000 - 0x00007ffa5416e000 	C:\Xilinx\Vivado\2019.1\lib\win64.o\librdi_xdm.dll
0x00007ffa53620000 - 0x00007ffa53c1c000 	C:\Xilinx\Vivado\2019.1\lib\win64.o\librdi_wavedata.dll
0x00007ffa535e0000 - 0x00007ffa5361f000 	C:\Xilinx\Vivado\2019.1\lib\win64.o\librdi_schedmon.dll
0x00007ffa50480000 - 0x00007ffa5160d000 	C:\Xilinx\Vivado\2019.1\lib\win64.o\librdi_route.dll
0x00007ffa51610000 - 0x00007ffa535dd000 	C:\Xilinx\Vivado\2019.1\lib\win64.o\librdi_synth.dll
0x00007ffa503f0000 - 0x00007ffa50478000 	C:\Xilinx\Vivado\2019.1\lib\win64.o\librdi_meir_core.dll
0x00007ffa4fe20000 - 0x00007ffa503e2000 	C:\Xilinx\Vivado\2019.1\lib\win64.o\librdi_abc_nomp.dll

VM Arguments:
jvm_args: -Dsun.java2d.pmoffscreen=false -Dsun.java2d.xrender=false -Dsun.java2d.d3d=false -Dsun.awt.nopixfmt=true -Dsun.java2d.dpiaware=true -Dsun.java2d.uiScale.enabled=false -Xverify:none -Dswing.aatext=true -XX:-UsePerfData -Djdk.map.althashing.threshold=512 -XX:StringTableSize=4072 --add-opens=java.base/java.nio=ALL-UNNAMED --add-opens=java.desktop/sun.swing=ALL-UNNAMED --add-opens=java.desktop/javax.swing=ALL-UNNAMED --add-opens=java.desktop/javax.swing.tree=ALL-UNNAMED --add-opens=java.desktop/javax.swing.plaf.basic=ALL-UNNAMED --add-opens=java.desktop/javax.swing.plaf.synth=ALL-UNNAMED --add-opens=java.desktop/com.sun.awt=ALL-UNNAMED -XX:NewSize=60m -XX:MaxNewSize=60m -Xms128m -Xmx3072m -Xss5m 
java_command: <unknown>
java_class_path (initial): C:/Xilinx/Vivado/2019.1\lib\classes\alloy.jar;C:/Xilinx/Vivado/2019.1\lib\classes\autopilot.scelaborator.jar;C:/Xilinx/Vivado/2019.1\lib\classes\autopilot.sourceprocessor.jar;C:/Xilinx/Vivado/2019.1\lib\classes\autopilot.tbprocessor.jar;C:/Xilinx/Vivado/2019.1\lib\classes\batik-anim.jar;C:/Xilinx/Vivado/2019.1\lib\classes\batik-awt-util.jar;C:/Xilinx/Vivado/2019.1\lib\classes\batik-bridge.jar;C:/Xilinx/Vivado/2019.1\lib\classes\batik-codec.jar;C:/Xilinx/Vivado/2019.1\lib\classes\batik-css.jar;C:/Xilinx/Vivado/2019.1\lib\classes\batik-dom.jar;C:/Xilinx/Vivado/2019.1\lib\classes\batik-ext.jar;C:/Xilinx/Vivado/2019.1\lib\classes\batik-gui-util.jar;C:/Xilinx/Vivado/2019.1\lib\classes\batik-gvt.jar;C:/Xilinx/Vivado/2019.1\lib\classes\batik-parser.jar;C:/Xilinx/Vivado/2019.1\lib\classes\batik-script.jar;C:/Xilinx/Vivado/2019.1\lib\classes\batik-svg-dom.jar;C:/Xilinx/Vivado/2019.1\lib\classes\batik-swing.jar;C:/Xilinx/Vivado/2019.1\lib\classes\batik-transcoder.jar;C:/Xilinx/Vivado/2019.1\lib\classes\batik-util.jar;C:/Xilinx/Vivado/2019.1\lib\classes\batik-xml.jar;C:/Xilinx/Vivado/2019.1\lib\classes\com.google.gson_2.7.0.v20170129-0911.jar;C:/Xilinx/Vivado/2019.1\lib\classes\com.google.guava_21.0.0.v20170206-1425.jar;C:/Xilinx/Vivado/2019.1\lib\classes\com.google.inject_3.0.0.v201605172100.jar;C:/Xilinx/Vivado/2019.1\lib\classes\com.ibm.icu_4.4.2.v20110208.jar;C:/Xilinx/Vivado/2019.1\lib\classes\com.sigasi.hdt.annotations.runtime_4.3.0.201903071210.jar;C:/Xilinx/Vivado/2019.1\lib\classes\com.sigasi.hdt.blockdiagram.model_4.3.0.201903071210.jar;C:/Xilinx/Vivado/2019.1\lib\classes\com.sigasi.hdt.connection_4.3.0.201903071210.jar;C:/Xilinx/Vivado/2019.1\lib\classes\com.sigasi.hdt.dependencies.model_4.3.0.201903071210.jar;C:/Xilinx/Vivado/2019.1\lib\classes\com.sigasi.hdt.epl_4.3.0.201903071210.jar;C:/Xilinx/Vivado/2019.1\lib\classes\com.sigasi.hdt.graphics.model_4.3.0.201903071210.jar;C:/Xilinx/Vivado/2019.1\lib\classes\com.sigasi.hdt.project_4.3.0
Launcher Type: generic

Logging:
Log output configuration:
#0: stdout all=warning uptime,level,tags
#1: stderr all=off uptime,level,tags

Environment Variables:
PATH=C:/Xilinx/Vivado/2019.1/bin;C:/Xilinx/Vivado/2019.1/lib/win64.o;C:/Xilinx/Vivado/2019.1/tps/win64/jre9.0.4/bin/server;C:/Xilinx/Vivado/2019.1/tps/win64/jre9.0.4/bin;C:/Xilinx/Vivado/2019.1/ids_lite/ISE/bin/nt64;C:/Xilinx/Vivado/2019.1/ids_lite/ISE/lib/nt64;C:\Program Files (x86)\Razer Chroma SDK\bin;C:\Program Files\Razer Chroma SDK\bin;C:\Program Files (x86)\Razer\ChromaBroadcast\bin;C:\Program Files\Razer\ChromaBroadcast\bin;C:\Program Files (x86)\Intel\iCLS Client\;C:\Program Files\Intel\iCLS Client\;C:\Windows\system32;C:\Windows;C:\Windows\System32\Wbem;C:\Windows\System32\WindowsPowerShell\v1.0\;C:\Windows\System32\OpenSSH\;C:\Windows\system32\config\systemprofile\AppData\Local\Microsoft\WindowsApps;C:\Users\Simon\AppData\Local\Microsoft\WindowsApps;;C:/Xilinx/Vivado/2019.1\tps\mingw\6.2.0\win64.o\nt\bin;C:/Xilinx/Vivado/2019.1\tps\mingw\6.2.0\win64.o\nt\libexec\gcc\x86_64-w64-mingw32\6.2.0;C:/Xilinx/Vivado/2019.1\tps\win64\python-2.7.5;C:/Xilinx/Vivado/2019.1\tps\win64\python-2.7.5\lib;C:/Xilinx/Vivado/2019.1\tps\win64\python-2.7.5\Lib\lib-tk;C:/Xilinx/Vivado/2019.1\tps\win64\python-2.7.5\lib\site-packages
USERNAME=Simon
OS=Windows_NT
PROCESSOR_IDENTIFIER=Intel64 Family 6 Model 78 Stepping 3, GenuineIntel



---------------  S Y S T E M  ---------------

OS: Windows 10 , 64 bit Build 19041 (10.0.19041.546)

CPU:total 4 (initial active 4) (2 cores per cpu, 2 threads per core) family 6 model 78 stepping 3, cmov, cx8, fxsr, mmx, sse, sse2, sse3, ssse3, sse4.1, sse4.2, popcnt, avx, avx2, aes, clmul, erms, 3dnowpref, lzcnt, ht, tsc, tscinvbit, bmi1, bmi2, adx, fma

Memory: 4k page, physical 8249976k(3104432k free), swap 16499952k(10820920k free)

vm_info: Java HotSpot(TM) 64-Bit Server VM (9.0.4+11) for windows-amd64 JRE (9.0.4+11), built on Dec 20 2017 02:18:54 by "mach5one" with MS VC++ 12.0 (VS2013)

END.
