#
# A fatal error has been detected by the Java Runtime Environment:
#
#  EXCEPTION_ACCESS_VIOLATION (0xc0000005) at pc=0x00007ffdbd51a1a5, pid=11476, tid=13716
#
# JRE version: Java(TM) SE Runtime Environment (9.0+11) (build 9.0.4+11)
# Java VM: Java HotSpot(TM) 64-Bit Server VM (9.0.4+11, mixed mode, tiered, compressed oops, g1 gc, windows-amd64)
# Problematic frame:
# C  [librdi_common.dll+0x17a1a5]
#
# No core dump will be written. Minidumps are not enabled by default on client versions of Windows
#
# If you would like to submit a bug report, please visit:
#   http://bugreport.java.com/bugreport/crash.jsp
# The crash happened outside the Java Virtual Machine in native code.
# See problematic frame for where to report the bug.
#

---------------  S U M M A R Y ------------

Command Line: -Dsun.java2d.pmoffscreen=false -Dsun.java2d.xrender=false -Dsun.java2d.d3d=false -Dsun.awt.nopixfmt=true -Dsun.java2d.dpiaware=true -Dsun.java2d.uiScale.enabled=false -Xverify:none -Dswing.aatext=true -XX:-UsePerfData -Djdk.map.althashing.threshold=512 -XX:StringTableSize=4072 --add-opens=java.base/java.nio=ALL-UNNAMED --add-opens=java.desktop/sun.swing=ALL-UNNAMED --add-opens=java.desktop/javax.swing=ALL-UNNAMED --add-opens=java.desktop/javax.swing.tree=ALL-UNNAMED --add-opens=java.desktop/javax.swing.plaf.basic=ALL-UNNAMED --add-opens=java.desktop/javax.swing.plaf.synth=ALL-UNNAMED --add-opens=java.desktop/com.sun.awt=ALL-UNNAMED -XX:NewSize=60m -XX:MaxNewSize=60m -Xms128m -Xmx3072m -Xss5m 

Host: Intel(R) Core(TM) i5-6267U CPU @ 2.90GHz, 4 cores, 7G,  Windows 10 , 64 bit Build 19041 (10.0.19041.546)
Time: Tue Dec 08 11:16:50 2020 Pacific Standard Time elapsed time: 1118 seconds (0d 0h 18m 38s)

---------------  T H R E A D  ---------------

Current thread (0x000002c86daca000):  JavaThread "AWT-EventQueue-1" [_thread_in_native, id=13716, stack(0x000000deee000000,0x000000deee500000)]

Stack: [0x000000deee000000,0x000000deee500000],  sp=0x000000deee4fafe0,  free space=5099k
Native frames: (J=compiled Java code, j=interpreted, Vv=VM code, C=native code)
C  [librdi_common.dll+0x17a1a5]
C  [librdi_common.dll+0x16ee15]
C  [librdi_common.dll+0x1386da]
C  [librdi_wavedata.dll+0x1e1eff]
C  [librdi_wavedata.dll+0x2621df]
C  [librdi_wavedata.dll+0x269e19]
C  [librdi_wavedata.dll+0x23a4cb]
C  [librdi_wavedata.dll+0x276de7]
C  0x000002c85f1f4a3a

Java frames: (J=compiled Java code, j=interpreted, Vv=VM code)
J 18798  ui.views.waveform.waveformi.WVExecutive_getTooltipTextDelayed(J)Ljava/lang/String; (0 bytes) @ 0x000002c85f1f49a1 [0x000002c85f1f4960+0x0000000000000041]
J 21506 c2 ui.views.waveform.b.a.mouseMoved(Ljava/awt/event/MouseEvent;)V (32 bytes) @ 0x000002c85f15bf4c [0x000002c85f15bda0+0x00000000000001ac]
J 16434 c2 java.awt.AWTEventMulticaster.mouseMoved(Ljava/awt/event/MouseEvent;)V java.desktop@9.0.4 (27 bytes) @ 0x000002c85e739374 [0x000002c85e7392c0+0x00000000000000b4]
J 20492 c2 ui.frmwork.c.i.processMouseMotionEvent(Ljava/awt/event/MouseEvent;)V (131 bytes) @ 0x000002c85eece1d0 [0x000002c85eecde60+0x0000000000000370]
J 13200 c2 java.awt.Container.processEvent(Ljava/awt/AWTEvent;)V java.desktop@9.0.4 (22 bytes) @ 0x000002c85ebda118 [0x000002c85ebd9fa0+0x0000000000000178]
J 21046 c2 java.awt.Component.dispatchEventImpl(Ljava/awt/AWTEvent;)V java.desktop@9.0.4 (739 bytes) @ 0x000002c85f53c964 [0x000002c85f53bbc0+0x0000000000000da4]
J 21033 c2 java.awt.Container.dispatchEventImpl(Ljava/awt/AWTEvent;)V java.desktop@9.0.4 (129 bytes) @ 0x000002c85f53949c [0x000002c85f539240+0x000000000000025c]
J 16487 c2 java.awt.LightweightDispatcher.retargetMouseEvent(Ljava/awt/Component;ILjava/awt/event/MouseEvent;)V java.desktop@9.0.4 (350 bytes) @ 0x000002c85e83e970 [0x000002c85e83e3a0+0x00000000000005d0]
J 20868 c2 java.awt.LightweightDispatcher.dispatchEvent(Ljava/awt/AWTEvent;)Z java.desktop@9.0.4 (73 bytes) @ 0x000002c85f509b14 [0x000002c85f509560+0x00000000000005b4]
J 21033 c2 java.awt.Container.dispatchEventImpl(Ljava/awt/AWTEvent;)V java.desktop@9.0.4 (129 bytes) @ 0x000002c85f539290 [0x000002c85f539240+0x0000000000000050]
J 16969 c2 java.awt.Window.dispatchEventImpl(Ljava/awt/AWTEvent;)V java.desktop@9.0.4 (23 bytes) @ 0x000002c85efbd10c [0x000002c85efbd0c0+0x000000000000004c]
J 12982 c2 java.awt.EventQueue$3.run()Ljava/lang/Object; java.desktop@9.0.4 (5 bytes) @ 0x000002c85eb684bc [0x000002c85eb68300+0x00000000000001bc]
v  ~StubRoutines::call_stub
J 4340  java.security.AccessController.doPrivileged(Ljava/security/PrivilegedAction;Ljava/security/AccessControlContext;)Ljava/lang/Object; java.base@9.0.4 (0 bytes) @ 0x000002c85e3b6b46 [0x000002c85e3b6ae0+0x0000000000000066]
J 17138 c2 java.awt.EventQueue$4.run()Ljava/lang/Object; java.desktop@9.0.4 (5 bytes) @ 0x000002c85efd44c0 [0x000002c85efd4260+0x0000000000000260]
v  ~StubRoutines::call_stub
J 4340  java.security.AccessController.doPrivileged(Ljava/security/PrivilegedAction;Ljava/security/AccessControlContext;)Ljava/lang/Object; java.base@9.0.4 (0 bytes) @ 0x000002c85e3b6b46 [0x000002c85e3b6ae0+0x0000000000000066]
J 13076 c2 ui.frmwork.b.d.dispatchEvent(Ljava/awt/AWTEvent;)V (34 bytes) @ 0x000002c85eb90e4c [0x000002c85eb90a00+0x000000000000044c]
J 16783 c2 java.awt.EventDispatchThread.pumpOneEventForFilters(I)V java.desktop@9.0.4 (218 bytes) @ 0x000002c85ef8ba84 [0x000002c85ef8b600+0x0000000000000484]
J 19656% c2 java.awt.EventDispatchThread.pumpEventsForFilter(ILjava/awt/Conditional;Ljava/awt/EventFilter;)V java.desktop@9.0.4 (47 bytes) @ 0x000002c85f315e40 [0x000002c85f315d40+0x0000000000000100]
j  java.awt.EventDispatchThread.pumpEventsForHierarchy(ILjava/awt/Conditional;Ljava/awt/Component;)V+11 java.desktop@9.0.4
j  java.awt.EventDispatchThread.pumpEvents(ILjava/awt/Conditional;)V+4 java.desktop@9.0.4
j  java.awt.EventDispatchThread.pumpEvents(Ljava/awt/Conditional;)V+3 java.desktop@9.0.4
j  java.awt.EventDispatchThread.run()V+9 java.desktop@9.0.4
v  ~StubRoutines::call_stub

siginfo: EXCEPTION_ACCESS_VIOLATION (0xc0000005), reading address 0xffffffffffffffff


Register to memory mapping:

RIP=0x00007ffdbd51a1a5 librdi_common.dll
RAX=0x000002c844145201 is an unknown value
RBX=0x9002f3c87c0a28dc is an unknown value
RCX=0x000002c844145270 is an unknown value
RDX=0x9002f3c87c0a28dc is an unknown value
RSP=0x000000deee4fafe0 is pointing into the stack for thread: 0x000002c86daca000
RBP=0x000000deee4fb110 is pointing into the stack for thread: 0x000002c86daca000
RSI=0x000002c871cc97a0 is an unknown value
RDI=0x000000deee4fb1f8 is pointing into the stack for thread: 0x000002c86daca000
R8 =0x000000deee4fb1f8 is pointing into the stack for thread: 0x000002c86daca000
R9 =0x0000000000000000 is an unknown value
R10=0x000002c877db7d98 is an unknown value
R11=0x000002c879ffd078 is an unknown value
R12=0x000000deee4fb1f8 is pointing into the stack for thread: 0x000002c86daca000
R13=0x0000000000000000 is an unknown value
R14=0x000002c8428365a0 is an unknown value
R15=0x9002f3c87c0a28dc is an unknown value


Registers:
RAX=0x000002c844145201, RBX=0x9002f3c87c0a28dc, RCX=0x000002c844145270, RDX=0x9002f3c87c0a28dc
RSP=0x000000deee4fafe0, RBP=0x000000deee4fb110, RSI=0x000002c871cc97a0, RDI=0x000000deee4fb1f8
R8 =0x000000deee4fb1f8, R9 =0x0000000000000000, R10=0x000002c877db7d98, R11=0x000002c879ffd078
R12=0x000000deee4fb1f8, R13=0x0000000000000000, R14=0x000002c8428365a0, R15=0x9002f3c87c0a28dc
RIP=0x00007ffdbd51a1a5, EFLAGS=0x0000000000010202

Top of Stack: (sp=0x000000deee4fafe0)
0x000000deee4fafe0:   000000deee4fb390 00007ffdf4322677
0x000000deee4faff0:   000000de00000000 9002f3c87c0a28dc
0x000000deee4fb000:   9002f3c87c0a28dc 00007ffdbd50ee15
0x000000deee4fb010:   000000006db6582a 00007ffdf432290f
0x000000deee4fb020:   00006120e20d2ed0 0000000000000000
0x000000deee4fb030:   000002c878cb0ff0 000002c879ffd050
0x000000deee4fb040:   0000000000000002 00007ffdbd578985
0x000000deee4fb050:   000002c8710ebf10 000002c879ffd058
0x000000deee4fb060:   000002c879ffd098 000002c879ffd050
0x000000deee4fb070:   fffffffffffffffe 00007ffdbdae6a6d
0x000000deee4fb080:   fffffffffffffffe 00007ffdbe1d3fe0
0x000000deee4fb090:   000002c879ffd050 000002c8427ed1e8
0x000000deee4fb0a0:   000000deee4fb1f8 00007ffdbd577c76
0x000000deee4fb0b0:   000002c879ffd050 000000deee4fb1f8
0x000000deee4fb0c0:   000002c800000002 0000000000000000
0x000000deee4fb0d0:   fffffffffffffffe 000000000000000f 

Instructions: (pc=0x00007ffdbd51a1a5)
0x00007ffdbd51a185:   20 48 8b d9 e8 22 c4 04 00 48 8b c8 48 8b d3 e8
0x00007ffdbd51a195:   27 0d 05 00 84 c0 75 08 33 c0 48 83 c4 20 5b c3
0x00007ffdbd51a1a5:   48 8b 4b 50 48 85 c9 74 0a 48 83 c4 20 5b e9 68
0x00007ffdbd51a1b5:   e2 04 00 48 8b d3 48 8d 0d 26 fc 73 00 e8 59 b7 



---------------  P R O C E S S  ---------------

Java Threads: ( => current thread )
  0x000002c87395b000 JavaThread "Relaunch Simulation" [_thread_blocked, id=12276, stack(0x000000def3a00000,0x000000def3f00000)]
  0x000002c873965800 JavaThread "Image Animator 0" daemon [_thread_blocked, id=4596, stack(0x000000def4e00000,0x000000def5300000)]
  0x000002c873967000 JavaThread "Monitor File Timestamp Swing Worker" [_thread_blocked, id=4184, stack(0x000000def3f00000,0x000000def4400000)]
  0x000002c87395d800 JavaThread "Timer-4" [_thread_blocked, id=8488, stack(0x000000deee500000,0x000000deeea00000)]
  0x000002c873968000 JavaThread "Monitor File Timestamp Swing Worker" [_thread_blocked, id=12120, stack(0x000000def3500000,0x000000def3a00000)]
  0x000002c87395c000 JavaThread "Timer-2" [_thread_blocked, id=1916, stack(0x000000def3000000,0x000000def3500000)]
  0x000002c87395c800 JavaThread "Monitor File Timestamp Swing Worker" [_thread_blocked, id=6856, stack(0x000000def2b00000,0x000000def3000000)]
  0x000002c873962800 JavaThread "Timer-1" [_thread_blocked, id=12968, stack(0x000000def2600000,0x000000def2b00000)]
  0x000002c873960800 JavaThread "Monitor File Timestamp Swing Worker" [_thread_blocked, id=10324, stack(0x000000def2100000,0x000000def2600000)]
  0x000002c87395f800 JavaThread "Timer-0" [_thread_blocked, id=1008, stack(0x000000def1700000,0x000000def1c00000)]
  0x000002c873959800 JavaThread "SyntheticaAnimation 50" daemon [_thread_blocked, id=3484, stack(0x000000def1200000,0x000000def1700000)]
  0x000002c873959000 JavaThread "Update Runs Swing Worker" [_thread_blocked, id=6672, stack(0x000000def1c00000,0x000000def2100000)]
  0x000002c87028f800 JavaThread "hw_ila_monitor" [_thread_blocked, id=12564, stack(0x000000def0d00000,0x000000def1200000)]
  0x000002c87028f000 JavaThread "Refresh Filesets Swing Worker" [_thread_blocked, id=8504, stack(0x000000def0800000,0x000000def0d00000)]
  0x000002c87028e000 JavaThread "SyntheticaAnimation 70" daemon [_thread_blocked, id=9432, stack(0x000000def0300000,0x000000def0800000)]
  0x000002c87028b000 JavaThread "SyntheticaAnimation 25" daemon [_thread_blocked, id=6236, stack(0x000000deefe00000,0x000000def0300000)]
  0x000002c870290800 JavaThread "SyntheticaAnimation 50" daemon [_thread_blocked, id=9980, stack(0x000000deef900000,0x000000deefe00000)]
  0x000002c87028c800 JavaThread "Monitor HEventQueue" [_thread_blocked, id=5052, stack(0x000000deef400000,0x000000deef900000)]
  0x000002c870291000 JavaThread "SyntheticaCleanerThread" daemon [_thread_blocked, id=6584, stack(0x000000deeea00000,0x000000deeef00000)]
  0x000002c87028a800 JavaThread "Batik CleanerThread" daemon [_thread_blocked, id=7160, stack(0x000000deec200000,0x000000deec700000)]
=>0x000002c86daca000 JavaThread "AWT-EventQueue-1" [_thread_in_native, id=13716, stack(0x000000deee000000,0x000000deee500000)]
  0x000002c86dacb800 JavaThread "AWT-Shutdown" [_thread_blocked, id=11036, stack(0x000000deedb00000,0x000000deee000000)]
  0x000002c87030c800 JavaThread "Process Messages" [_thread_blocked, id=7956, stack(0x000000deed600000,0x000000deedb00000)]
  0x000002c86df74800 JavaThread "Thread-1" [_thread_in_native, id=14356, stack(0x000000dee7300000,0x000000dee8700000)]
  0x000002c86e1d7000 JavaThread "TimerQueue" daemon [_thread_blocked, id=9204, stack(0x000000deecc00000,0x000000deed100000)]
  0x000002c86d70a000 JavaThread "AWT-Windows" daemon [_thread_in_native, id=1556, stack(0x000000deec700000,0x000000deecc00000)]
  0x000002c84a532800 JavaThread "Java2D Disposer" daemon [_thread_blocked, id=9644, stack(0x000000deebd00000,0x000000deec200000)]
  0x000002c84a474000 JavaThread "Service Thread" daemon [_thread_blocked, id=8064, stack(0x000000deeb700000,0x000000deebc00000)]
  0x000002c8482a2800 JavaThread "Common-Cleaner" daemon [_thread_blocked, id=7088, stack(0x000000deeb200000,0x000000deeb700000)]
  0x000002c84b93c800 JavaThread "Sweeper thread" daemon [_thread_blocked, id=13616, stack(0x000000deead00000,0x000000deeb200000)]
  0x000002c84b9a8000 JavaThread "C1 CompilerThread2" daemon [_thread_blocked, id=7108, stack(0x000000deeac00000,0x000000deead00000)]
  0x000002c84b9a7800 JavaThread "C2 CompilerThread1" daemon [_thread_blocked, id=11656, stack(0x000000deeab00000,0x000000deeac00000)]
  0x000002c84f16b800 JavaThread "C2 CompilerThread0" daemon [_thread_blocked, id=13128, stack(0x000000deeaa00000,0x000000deeab00000)]
  0x000002c84a39a800 JavaThread "Attach Listener" daemon [_thread_blocked, id=6176, stack(0x000000deea500000,0x000000deeaa00000)]
  0x000002c8452d9000 JavaThread "Signal Dispatcher" daemon [_thread_blocked, id=11496, stack(0x000000deea000000,0x000000deea500000)]
  0x000002c84f296800 JavaThread "Finalizer" daemon [_thread_blocked, id=13804, stack(0x000000dee9b00000,0x000000deea000000)]
  0x000002c84f444800 JavaThread "Reference Handler" daemon [_thread_blocked, id=524, stack(0x000000dee9600000,0x000000dee9b00000)]
  0x000002c84b956800 JavaThread "main" [_thread_blocked, id=3596, stack(0x000000dee7200000,0x000000dee7300000)]

Other Threads:
  0x000002c847fef800 VMThread "VM Thread" [stack: 0x000000dee9500000,0x000000dee9600000] [id=6692]
  0x000002c84f46f800 WatcherThread [stack: 0x000000deebc00000,0x000000deebd00000] [id=14008]
  0x000002c848037800 GCTaskThread "GC Thread#0" [stack: 0x000000dee8a00000,0x000000dee8b00000] [id=11848]
  0x000002c84f09c800 GCTaskThread "GC Thread#1" [stack: 0x000000dee8b00000,0x000000dee8c00000] [id=5208]
  0x000002c84f09e000 GCTaskThread "GC Thread#2" [stack: 0x000000dee8c00000,0x000000dee8d00000] [id=12924]
  0x000002c84f0a2800 GCTaskThread "GC Thread#3" [stack: 0x000000dee8d00000,0x000000dee8e00000] [id=7628]
  0x000002c84f406800 ConcurrentGCThread "G1 Main Marker" [stack: 0x000000dee9300000,0x000000dee9400000] [id=9160]
  0x000002c84f09d000 ConcurrentGCThread "G1 Marker#0" [stack: 0x000000dee9400000,0x000000dee9500000] [id=1636]
  0x000002c84ef87000 ConcurrentGCThread "G1 Refine#0" [stack: 0x000000dee9100000,0x000000dee9200000] [id=10356]
  0x000002c84f7a6000 ConcurrentGCThread "G1 Refine#1" [stack: 0x000000dee9000000,0x000000dee9100000] [id=3880]
  0x000002c84f778800 ConcurrentGCThread "G1 Refine#2" [stack: 0x000000dee8f00000,0x000000dee9000000] [id=6736]
  0x000002c848009000 ConcurrentGCThread "G1 Refine#3" [stack: 0x000000dee8e00000,0x000000dee8f00000] [id=9804]
  0x000002c84f7f2800 ConcurrentGCThread "G1 Young RemSet Sampling" [stack: 0x000000dee9200000,0x000000dee9300000] [id=4200]

Threads with active compile tasks:

VM state:not at safepoint (normal execution)

VM Mutex/Monitor currently owned by a thread: None

Heap address: 0x0000000700000000, size: 3072 MB, Compressed Oops mode: Zero based, Oop shift amount: 3
Narrow klass base: 0x0000000000000000, Narrow klass shift: 3
Compressed class space size: 1073741824 Address: 0x00000007c0000000

Heap:
 garbage-first heap   total 189440K, used 89688K [0x0000000700000000, 0x00000007001005c8, 0x00000007c0000000)
  region size 1024K, 21 young (21504K), 1 survivors (1024K)
 Metaspace       used 83138K, capacity 89245K, committed 89420K, reserved 1126400K
  class space    used 11229K, capacity 12295K, committed 12416K, reserved 1048576K
Heap Regions: E=young(eden), S=young(survivor), O=old, HS=humongous(starts), HC=humongous(continues), CS=collection set, F=free, A=archive, TS=gc time stamp, AC=allocation context, TAMS=top-at-mark-start (previous, next)
|   0|0x0000000700000000, 0x00000007000eaf50, 0x0000000700100000| 91%| O|  |TS  0|AC  0|TAMS 0x0000000700000000, 0x0000000700000000|
|   1|0x0000000700100000, 0x0000000700200000, 0x0000000700200000|100%|HS|  |TS  0|AC  0|TAMS 0x0000000700100000, 0x0000000700100000|
|   2|0x0000000700200000, 0x0000000700300000, 0x0000000700300000|100%|HC|  |TS  0|AC  0|TAMS 0x0000000700200000, 0x0000000700200000|
|   3|0x0000000700300000, 0x0000000700400000, 0x0000000700400000|100%|HS|  |TS  0|AC  0|TAMS 0x0000000700300000, 0x0000000700300000|
|   4|0x0000000700400000, 0x00000007004ff528, 0x0000000700500000| 99%| O|  |TS  0|AC  0|TAMS 0x0000000700400000, 0x0000000700400000|
|   5|0x0000000700500000, 0x00000007005eef58, 0x0000000700600000| 93%| O|  |TS  0|AC  0|TAMS 0x0000000700500000, 0x0000000700500000|
|   6|0x0000000700600000, 0x00000007006fffb8, 0x0000000700700000| 99%| O|  |TS  0|AC  0|TAMS 0x0000000700600000, 0x0000000700600000|
|   7|0x0000000700700000, 0x00000007007ffff0, 0x0000000700800000| 99%| O|  |TS  0|AC  0|TAMS 0x0000000700700000, 0x0000000700700000|
|   8|0x0000000700800000, 0x00000007008fffe8, 0x0000000700900000| 99%| O|  |TS  0|AC  0|TAMS 0x0000000700800000, 0x0000000700800000|
|   9|0x0000000700900000, 0x00000007009ffff0, 0x0000000700a00000| 99%| O|  |TS  0|AC  0|TAMS 0x0000000700900000, 0x0000000700900000|
|  10|0x0000000700a00000, 0x0000000700affff0, 0x0000000700b00000| 99%| O|  |TS  0|AC  0|TAMS 0x0000000700a00000, 0x0000000700a00000|
|  11|0x0000000700b00000, 0x0000000700bcfe30, 0x0000000700c00000| 81%| O|  |TS  0|AC  0|TAMS 0x0000000700b00000, 0x0000000700b00000|
|  12|0x0000000700c00000, 0x0000000700ceeb90, 0x0000000700d00000| 93%| O|  |TS  0|AC  0|TAMS 0x0000000700c00000, 0x0000000700c00000|
|  13|0x0000000700d00000, 0x0000000700df6dd0, 0x0000000700e00000| 96%| O|  |TS  0|AC  0|TAMS 0x0000000700d00000, 0x0000000700d00000|
|  14|0x0000000700e00000, 0x0000000700efcbd8, 0x0000000700f00000| 98%| O|  |TS  0|AC  0|TAMS 0x0000000700e00000, 0x0000000700e00000|
|  15|0x0000000700f00000, 0x0000000700ffffc8, 0x0000000701000000| 99%| O|  |TS  0|AC  0|TAMS 0x0000000700f00000, 0x0000000700f00000|
|  16|0x0000000701000000, 0x00000007010fff60, 0x0000000701100000| 99%| O|  |TS  0|AC  0|TAMS 0x0000000701000000, 0x0000000701000000|
|  17|0x0000000701100000, 0x00000007011fffa0, 0x0000000701200000| 99%| O|  |TS  0|AC  0|TAMS 0x0000000701100000, 0x0000000701100000|
|  18|0x0000000701200000, 0x00000007012bc718, 0x0000000701300000| 73%| O|  |TS  0|AC  0|TAMS 0x0000000701200000, 0x0000000701200000|
|  19|0x0000000701300000, 0x00000007013fffd8, 0x0000000701400000| 99%| O|  |TS  0|AC  0|TAMS 0x0000000701300000, 0x0000000701300000|
|  20|0x0000000701400000, 0x00000007014fffb8, 0x0000000701500000| 99%| O|  |TS  0|AC  0|TAMS 0x0000000701400000, 0x0000000701400000|
|  21|0x0000000701500000, 0x0000000701600000, 0x0000000701600000|100%| O|  |TS  0|AC  0|TAMS 0x0000000701500000, 0x0000000701500000|
|  22|0x0000000701600000, 0x00000007016fffd8, 0x0000000701700000| 99%| O|  |TS  0|AC  0|TAMS 0x0000000701600000, 0x0000000701600000|
|  23|0x0000000701700000, 0x0000000701800000, 0x0000000701800000|100%| O|  |TS  0|AC  0|TAMS 0x0000000701700000, 0x0000000701700000|
|  24|0x0000000701800000, 0x00000007018ffff8, 0x0000000701900000| 99%| O|  |TS  0|AC  0|TAMS 0x0000000701800000, 0x0000000701800000|
|  25|0x0000000701900000, 0x00000007019fffe8, 0x0000000701a00000| 99%| O|  |TS  0|AC  0|TAMS 0x0000000701900000, 0x0000000701900000|
|  26|0x0000000701a00000, 0x0000000701b00000, 0x0000000701b00000|100%| O|  |TS  0|AC  0|TAMS 0x0000000701a00000, 0x0000000701a00000|
|  27|0x0000000701b00000, 0x0000000701bffff0, 0x0000000701c00000| 99%| O|  |TS  0|AC  0|TAMS 0x0000000701b00000, 0x0000000701b00000|
|  28|0x0000000701c00000, 0x0000000701cffff8, 0x0000000701d00000| 99%| O|  |TS  0|AC  0|TAMS 0x0000000701c00000, 0x0000000701c00000|
|  29|0x0000000701d00000, 0x0000000701dffff8, 0x0000000701e00000| 99%| O|  |TS  0|AC  0|TAMS 0x0000000701d00000, 0x0000000701d00000|
|  30|0x0000000701e00000, 0x0000000701f00000, 0x0000000701f00000|100%| O|  |TS  0|AC  0|TAMS 0x0000000701e00000, 0x0000000701e00000|
|  31|0x0000000701f00000, 0x0000000701ffffe8, 0x0000000702000000| 99%| O|  |TS  0|AC  0|TAMS 0x0000000701f00000, 0x0000000701f00000|
|  32|0x0000000702000000, 0x00000007020fffc8, 0x0000000702100000| 99%| O|  |TS  0|AC  0|TAMS 0x0000000702000000, 0x0000000702000000|
|  33|0x0000000702100000, 0x00000007021ffff8, 0x0000000702200000| 99%| O|  |TS  0|AC  0|TAMS 0x0000000702100000, 0x0000000702100000|
|  34|0x0000000702200000, 0x00000007022ffff8, 0x0000000702300000| 99%| O|  |TS  0|AC  0|TAMS 0x0000000702200000, 0x0000000702200000|
|  35|0x0000000702300000, 0x00000007023db408, 0x0000000702400000| 85%| O|  |TS  0|AC  0|TAMS 0x0000000702300000, 0x0000000702300000|
|  36|0x0000000702400000, 0x00000007024fffb8, 0x0000000702500000| 99%| O|  |TS  0|AC  0|TAMS 0x0000000702400000, 0x0000000702400000|
|  37|0x0000000702500000, 0x00000007025fffc0, 0x0000000702600000| 99%| O|  |TS  0|AC  0|TAMS 0x0000000702500000, 0x0000000702500000|
|  38|0x0000000702600000, 0x00000007026ffff0, 0x0000000702700000| 99%| O|  |TS  0|AC  0|TAMS 0x0000000702600000, 0x0000000702600000|
|  39|0x0000000702700000, 0x00000007027ffff8, 0x0000000702800000| 99%| O|  |TS  0|AC  0|TAMS 0x0000000702700000, 0x0000000702700000|
|  40|0x0000000702800000, 0x00000007028ffff8, 0x0000000702900000| 99%| O|  |TS  0|AC  0|TAMS 0x0000000702800000, 0x0000000702800000|
|  41|0x0000000702900000, 0x0000000702a00000, 0x0000000702a00000|100%|HS|  |TS  0|AC  0|TAMS 0x0000000702900000, 0x0000000702900000|
|  42|0x0000000702a00000, 0x0000000702b00000, 0x0000000702b00000|100%|HC|  |TS  0|AC  0|TAMS 0x0000000702a00000, 0x0000000702a00000|
|  43|0x0000000702b00000, 0x0000000702c00000, 0x0000000702c00000|100%|HC|  |TS  0|AC  0|TAMS 0x0000000702b00000, 0x0000000702b00000|
|  44|0x0000000702c00000, 0x0000000702d00000, 0x0000000702d00000|100%|HC|  |TS  0|AC  0|TAMS 0x0000000702c00000, 0x0000000702c00000|
|  45|0x0000000702d00000, 0x0000000702e00000, 0x0000000702e00000|100%|HC|  |TS  0|AC  0|TAMS 0x0000000702d00000, 0x0000000702d00000|
|  46|0x0000000702e00000, 0x0000000702f00000, 0x0000000702f00000|100%|HC|  |TS  0|AC  0|TAMS 0x0000000702e00000, 0x0000000702e00000|
|  47|0x0000000702f00000, 0x0000000703000000, 0x0000000703000000|100%|HC|  |TS  0|AC  0|TAMS 0x0000000702f00000, 0x0000000702f00000|
|  48|0x0000000703000000, 0x0000000703100000, 0x0000000703100000|100%|HC|  |TS  0|AC  0|TAMS 0x0000000703000000, 0x0000000703000000|
|  49|0x0000000703100000, 0x00000007031ffff8, 0x0000000703200000| 99%| O|  |TS  0|AC  0|TAMS 0x0000000703100000, 0x0000000703100000|
|  50|0x0000000703200000, 0x00000007032fffe8, 0x0000000703300000| 99%| O|  |TS  0|AC  0|TAMS 0x0000000703200000, 0x0000000703200000|
|  51|0x0000000703300000, 0x00000007033ffff8, 0x0000000703400000| 99%| O|  |TS  0|AC  0|TAMS 0x0000000703300000, 0x0000000703300000|
|  52|0x0000000703400000, 0x00000007034fffb8, 0x0000000703500000| 99%| O|  |TS  0|AC  0|TAMS 0x0000000703400000, 0x0000000703400000|
|  53|0x0000000703500000, 0x0000000703600000, 0x0000000703600000|100%| O|  |TS  0|AC  0|TAMS 0x0000000703500000, 0x0000000703500000|
|  54|0x0000000703600000, 0x00000007036ffe20, 0x0000000703700000| 99%| O|  |TS  0|AC  0|TAMS 0x0000000703600000, 0x0000000703600000|
|  55|0x0000000703700000, 0x0000000703800000, 0x0000000703800000|100%| O|  |TS  0|AC  0|TAMS 0x0000000703700000, 0x0000000703700000|
|  56|0x0000000703800000, 0x00000007038fffd0, 0x0000000703900000| 99%| O|  |TS  0|AC  0|TAMS 0x0000000703800000, 0x0000000703800000|
|  57|0x0000000703900000, 0x00000007039fffc0, 0x0000000703a00000| 99%| O|  |TS  0|AC  0|TAMS 0x0000000703900000, 0x0000000703900000|
|  58|0x0000000703a00000, 0x0000000703affff8, 0x0000000703b00000| 99%| O|  |TS  0|AC  0|TAMS 0x0000000703a00000, 0x0000000703a00000|
|  59|0x0000000703b00000, 0x0000000703c00000, 0x0000000703c00000|100%| O|  |TS  0|AC  0|TAMS 0x0000000703b00000, 0x0000000703b00000|
|  60|0x0000000703c00000, 0x0000000703cfffc0, 0x0000000703d00000| 99%| O|  |TS  0|AC  0|TAMS 0x0000000703c00000, 0x0000000703c00000|
|  61|0x0000000703d00000, 0x0000000703e00000, 0x0000000703e00000|100%| O|  |TS  0|AC  0|TAMS 0x0000000703d00000, 0x0000000703d00000|
|  62|0x0000000703e00000, 0x0000000703eef0c8, 0x0000000703f00000| 93%| O|  |TS  0|AC  0|TAMS 0x0000000703e00000, 0x0000000703e00000|
|  63|0x0000000703f00000, 0x0000000703fda568, 0x0000000704000000| 85%| O|  |TS  0|AC  0|TAMS 0x0000000703f00000, 0x0000000703f00000|
|  64|0x0000000704000000, 0x00000007040e6868, 0x0000000704100000| 90%| O|  |TS  0|AC  0|TAMS 0x0000000704000000, 0x0000000704000000|
|  65|0x0000000704100000, 0x0000000704200000, 0x0000000704200000|100%|HS|  |TS  0|AC  0|TAMS 0x0000000704100000, 0x0000000704100000|
|  66|0x0000000704200000, 0x0000000704300000, 0x0000000704300000|100%|HS|  |TS  0|AC  0|TAMS 0x0000000704200000, 0x0000000704200000|
|  67|0x0000000704300000, 0x0000000704400000, 0x0000000704400000|100%|HC|  |TS  0|AC  0|TAMS 0x0000000704300000, 0x0000000704300000|
|  68|0x0000000704400000, 0x0000000704500000, 0x0000000704500000|100%|HC|  |TS  0|AC  0|TAMS 0x0000000704400000, 0x0000000704400000|
|  69|0x0000000704500000, 0x0000000704500000, 0x0000000704600000|  0%| F|  |TS  0|AC  0|TAMS 0x0000000704500000, 0x0000000704500000|
|  70|0x0000000704600000, 0x0000000704600000, 0x0000000704700000|  0%| F|  |TS  0|AC  0|TAMS 0x0000000704600000, 0x0000000704600000|
|  71|0x0000000704700000, 0x0000000704700000, 0x0000000704800000|  0%| F|  |TS  0|AC  0|TAMS 0x0000000704700000, 0x0000000704700000|
|  72|0x0000000704800000, 0x0000000704800000, 0x0000000704900000|  0%| F|  |TS  0|AC  0|TAMS 0x0000000704800000, 0x0000000704800000|
|  73|0x0000000704900000, 0x0000000704900000, 0x0000000704a00000|  0%| F|  |TS  0|AC  0|TAMS 0x0000000704900000, 0x0000000704900000|
|  74|0x0000000704a00000, 0x0000000704a00000, 0x0000000704b00000|  0%| F|  |TS  0|AC  0|TAMS 0x0000000704a00000, 0x0000000704a00000|
|  75|0x0000000704b00000, 0x0000000704b00000, 0x0000000704c00000|  0%| F|  |TS  0|AC  0|TAMS 0x0000000704b00000, 0x0000000704b00000|
|  76|0x0000000704c00000, 0x0000000704c00000, 0x0000000704d00000|  0%| F|  |TS  0|AC  0|TAMS 0x0000000704c00000, 0x0000000704c00000|
|  77|0x0000000704d00000, 0x0000000704d00000, 0x0000000704e00000|  0%| F|  |TS  0|AC  0|TAMS 0x0000000704d00000, 0x0000000704d00000|
|  78|0x0000000704e00000, 0x0000000704e00000, 0x0000000704f00000|  0%| F|  |TS  0|AC  0|TAMS 0x0000000704e00000, 0x0000000704e00000|
|  79|0x0000000704f00000, 0x0000000704f00000, 0x0000000705000000|  0%| F|  |TS  0|AC  0|TAMS 0x0000000704f00000, 0x0000000704f00000|
|  80|0x0000000705000000, 0x0000000705000000, 0x0000000705100000|  0%| F|  |TS  0|AC  0|TAMS 0x0000000705000000, 0x0000000705000000|
|  81|0x0000000705100000, 0x0000000705100000, 0x0000000705200000|  0%| F|  |TS  0|AC  0|TAMS 0x0000000705100000, 0x0000000705100000|
|  82|0x0000000705200000, 0x0000000705200000, 0x0000000705300000|  0%| F|  |TS  0|AC  0|TAMS 0x0000000705200000, 0x0000000705200000|
|  83|0x0000000705300000, 0x0000000705300000, 0x0000000705400000|  0%| F|  |TS  0|AC  0|TAMS 0x0000000705300000, 0x0000000705300000|
|  84|0x0000000705400000, 0x0000000705400000, 0x0000000705500000|  0%| F|  |TS  0|AC  0|TAMS 0x0000000705400000, 0x0000000705400000|
|  85|0x0000000705500000, 0x0000000705500000, 0x0000000705600000|  0%| F|  |TS  0|AC  0|TAMS 0x0000000705500000, 0x0000000705500000|
|  86|0x0000000705600000, 0x0000000705600000, 0x0000000705700000|  0%| F|  |TS  0|AC  0|TAMS 0x0000000705600000, 0x0000000705600000|
|  87|0x0000000705700000, 0x0000000705700000, 0x0000000705800000|  0%| F|  |TS  0|AC  0|TAMS 0x0000000705700000, 0x0000000705700000|
|  88|0x0000000705800000, 0x0000000705800000, 0x0000000705900000|  0%| F|  |TS  0|AC  0|TAMS 0x0000000705800000, 0x0000000705800000|
|  89|0x0000000705900000, 0x0000000705900000, 0x0000000705a00000|  0%| F|  |TS  0|AC  0|TAMS 0x0000000705900000, 0x0000000705900000|
|  90|0x0000000705a00000, 0x0000000705a00000, 0x0000000705b00000|  0%| F|  |TS  0|AC  0|TAMS 0x0000000705a00000, 0x0000000705a00000|
|  91|0x0000000705b00000, 0x0000000705b00000, 0x0000000705c00000|  0%| F|  |TS  0|AC  0|TAMS 0x0000000705b00000, 0x0000000705b00000|
|  92|0x0000000705c00000, 0x0000000705c00000, 0x0000000705d00000|  0%| F|  |TS  0|AC  0|TAMS 0x0000000705c00000, 0x0000000705c00000|
|  93|0x0000000705d00000, 0x0000000705d00000, 0x0000000705e00000|  0%| F|  |TS  0|AC  0|TAMS 0x0000000705d00000, 0x0000000705d00000|
|  94|0x0000000705e00000, 0x0000000705e00000, 0x0000000705f00000|  0%| F|  |TS  0|AC  0|TAMS 0x0000000705e00000, 0x0000000705e00000|
|  95|0x0000000705f00000, 0x0000000705f00000, 0x0000000706000000|  0%| F|  |TS  0|AC  0|TAMS 0x0000000705f00000, 0x0000000705f00000|
|  96|0x0000000706000000, 0x0000000706000000, 0x0000000706100000|  0%| F|  |TS  0|AC  0|TAMS 0x0000000706000000, 0x0000000706000000|
|  97|0x0000000706100000, 0x0000000706100000, 0x0000000706200000|  0%| F|  |TS  0|AC  0|TAMS 0x0000000706100000, 0x0000000706100000|
|  98|0x0000000706200000, 0x0000000706200000, 0x0000000706300000|  0%| F|  |TS  0|AC  0|TAMS 0x0000000706200000, 0x0000000706200000|
|  99|0x0000000706300000, 0x0000000706300000, 0x0000000706400000|  0%| F|  |TS  0|AC  0|TAMS 0x0000000706300000, 0x0000000706300000|
| 100|0x0000000706400000, 0x0000000706400000, 0x0000000706500000|  0%| F|  |TS  0|AC  0|TAMS 0x0000000706400000, 0x0000000706400000|
| 101|0x0000000706500000, 0x0000000706500000, 0x0000000706600000|  0%| F|  |TS  0|AC  0|TAMS 0x0000000706500000, 0x0000000706500000|
| 102|0x0000000706600000, 0x0000000706600000, 0x0000000706700000|  0%| F|  |TS  0|AC  0|TAMS 0x0000000706600000, 0x0000000706600000|
| 103|0x0000000706700000, 0x0000000706700000, 0x0000000706800000|  0%| F|  |TS  0|AC  0|TAMS 0x0000000706700000, 0x0000000706700000|
| 104|0x0000000706800000, 0x0000000706800000, 0x0000000706900000|  0%| F|  |TS  0|AC  0|TAMS 0x0000000706800000, 0x0000000706800000|
| 105|0x0000000706900000, 0x0000000706900000, 0x0000000706a00000|  0%| F|  |TS  0|AC  0|TAMS 0x0000000706900000, 0x0000000706900000|
| 106|0x0000000706a00000, 0x0000000706a00000, 0x0000000706b00000|  0%| F|  |TS  0|AC  0|TAMS 0x0000000706a00000, 0x0000000706a00000|
| 107|0x0000000706b00000, 0x0000000706b00000, 0x0000000706c00000|  0%| F|  |TS  0|AC  0|TAMS 0x0000000706b00000, 0x0000000706b00000|
| 108|0x0000000706c00000, 0x0000000706c00000, 0x0000000706d00000|  0%| F|  |TS  0|AC  0|TAMS 0x0000000706c00000, 0x0000000706c00000|
| 109|0x0000000706d00000, 0x0000000706d00000, 0x0000000706e00000|  0%| F|  |TS  0|AC  0|TAMS 0x0000000706d00000, 0x0000000706d00000|
| 110|0x0000000706e00000, 0x0000000706e00000, 0x0000000706f00000|  0%| F|  |TS  0|AC  0|TAMS 0x0000000706e00000, 0x0000000706e00000|
| 111|0x0000000706f00000, 0x0000000706f00000, 0x0000000707000000|  0%| F|  |TS  0|AC  0|TAMS 0x0000000706f00000, 0x0000000706f00000|
| 112|0x0000000707000000, 0x0000000707000000, 0x0000000707100000|  0%| F|  |TS  0|AC  0|TAMS 0x0000000707000000, 0x0000000707000000|
| 113|0x0000000707100000, 0x0000000707100000, 0x0000000707200000|  0%| F|  |TS  0|AC  0|TAMS 0x0000000707100000, 0x0000000707100000|
| 114|0x0000000707200000, 0x0000000707200000, 0x0000000707300000|  0%| F|  |TS  0|AC  0|TAMS 0x0000000707200000, 0x0000000707200000|
| 115|0x0000000707300000, 0x0000000707300000, 0x0000000707400000|  0%| F|  |TS  0|AC  0|TAMS 0x0000000707300000, 0x0000000707300000|
| 116|0x0000000707400000, 0x0000000707400000, 0x0000000707500000|  0%| F|  |TS  0|AC  0|TAMS 0x0000000707400000, 0x0000000707400000|
| 117|0x0000000707500000, 0x0000000707500000, 0x0000000707600000|  0%| F|  |TS  0|AC  0|TAMS 0x0000000707500000, 0x0000000707500000|
| 118|0x0000000707600000, 0x0000000707600000, 0x0000000707700000|  0%| F|  |TS  0|AC  0|TAMS 0x0000000707600000, 0x0000000707600000|
| 119|0x0000000707700000, 0x0000000707700000, 0x0000000707800000|  0%| F|  |TS  0|AC  0|TAMS 0x0000000707700000, 0x0000000707700000|
| 120|0x0000000707800000, 0x0000000707800000, 0x0000000707900000|  0%| F|  |TS  0|AC  0|TAMS 0x0000000707800000, 0x0000000707800000|
| 121|0x0000000707900000, 0x0000000707900000, 0x0000000707a00000|  0%| F|  |TS  0|AC  0|TAMS 0x0000000707900000, 0x0000000707900000|
| 122|0x0000000707a00000, 0x0000000707a00000, 0x0000000707b00000|  0%| F|  |TS  0|AC  0|TAMS 0x0000000707a00000, 0x0000000707a00000|
| 123|0x0000000707b00000, 0x0000000707b00000, 0x0000000707c00000|  0%| F|  |TS  0|AC  0|TAMS 0x0000000707b00000, 0x0000000707b00000|
| 124|0x0000000707c00000, 0x0000000707c00000, 0x0000000707d00000|  0%| F|  |TS  7|AC  0|TAMS 0x0000000707c00000, 0x0000000707c00000|
| 125|0x0000000707d00000, 0x0000000707dc3608, 0x0000000707e00000| 76%| S|CS|TS  7|AC  0|TAMS 0x0000000707d00000, 0x0000000707d00000|
| 126|0x0000000707e00000, 0x0000000707e00000, 0x0000000707f00000|  0%| F|  |TS  7|AC  0|TAMS 0x0000000707e00000, 0x0000000707e00000|
| 127|0x0000000707f00000, 0x0000000707f00000, 0x0000000708000000|  0%| F|  |TS  7|AC  0|TAMS 0x0000000707f00000, 0x0000000707f00000|
| 128|0x0000000708000000, 0x0000000708000000, 0x0000000708100000|  0%| F|  |TS  7|AC  0|TAMS 0x0000000708000000, 0x0000000708000000|
| 129|0x0000000708100000, 0x0000000708100000, 0x0000000708200000|  0%| F|  |TS  7|AC  0|TAMS 0x0000000708100000, 0x0000000708100000|
| 130|0x0000000708200000, 0x0000000708200000, 0x0000000708300000|  0%| F|  |TS  7|AC  0|TAMS 0x0000000708200000, 0x0000000708200000|
| 131|0x0000000708300000, 0x0000000708300000, 0x0000000708400000|  0%| F|  |TS  7|AC  0|TAMS 0x0000000708300000, 0x0000000708300000|
| 132|0x0000000708400000, 0x0000000708400000, 0x0000000708500000|  0%| F|  |TS  7|AC  0|TAMS 0x0000000708400000, 0x0000000708400000|
| 133|0x0000000708500000, 0x0000000708500000, 0x0000000708600000|  0%| F|  |TS  7|AC  0|TAMS 0x0000000708500000, 0x0000000708500000|
| 134|0x0000000708600000, 0x0000000708600000, 0x0000000708700000|  0%| F|  |TS  7|AC  0|TAMS 0x0000000708600000, 0x0000000708600000|
| 135|0x0000000708700000, 0x0000000708700000, 0x0000000708800000|  0%| F|  |TS  7|AC  0|TAMS 0x0000000708700000, 0x0000000708700000|
| 136|0x0000000708800000, 0x0000000708800000, 0x0000000708900000|  0%| F|  |TS  7|AC  0|TAMS 0x0000000708800000, 0x0000000708800000|
| 137|0x0000000708900000, 0x0000000708900000, 0x0000000708a00000|  0%| F|  |TS  7|AC  0|TAMS 0x0000000708900000, 0x0000000708900000|
| 138|0x0000000708a00000, 0x0000000708a00000, 0x0000000708b00000|  0%| F|  |TS  7|AC  0|TAMS 0x0000000708a00000, 0x0000000708a00000|
| 139|0x0000000708b00000, 0x0000000708b00000, 0x0000000708c00000|  0%| F|  |TS  7|AC  0|TAMS 0x0000000708b00000, 0x0000000708b00000|
| 140|0x0000000708c00000, 0x0000000708c00000, 0x0000000708d00000|  0%| F|  |TS  7|AC  0|TAMS 0x0000000708c00000, 0x0000000708c00000|
| 141|0x0000000708d00000, 0x0000000708d00000, 0x0000000708e00000|  0%| F|  |TS  7|AC  0|TAMS 0x0000000708d00000, 0x0000000708d00000|
| 142|0x0000000708e00000, 0x0000000708e00000, 0x0000000708f00000|  0%| F|  |TS  7|AC  0|TAMS 0x0000000708e00000, 0x0000000708e00000|
| 143|0x0000000708f00000, 0x0000000708f00000, 0x0000000709000000|  0%| F|  |TS  7|AC  0|TAMS 0x0000000708f00000, 0x0000000708f00000|
| 144|0x0000000709000000, 0x0000000709000000, 0x0000000709100000|  0%| F|  |TS  7|AC  0|TAMS 0x0000000709000000, 0x0000000709000000|
| 145|0x0000000709100000, 0x0000000709100000, 0x0000000709200000|  0%| F|  |TS  7|AC  0|TAMS 0x0000000709100000, 0x0000000709100000|
| 146|0x0000000709200000, 0x0000000709200000, 0x0000000709300000|  0%| F|  |TS  7|AC  0|TAMS 0x0000000709200000, 0x0000000709200000|
| 147|0x0000000709300000, 0x0000000709300000, 0x0000000709400000|  0%| F|  |TS  7|AC  0|TAMS 0x0000000709300000, 0x0000000709300000|
| 148|0x0000000709400000, 0x0000000709400000, 0x0000000709500000|  0%| F|  |TS  7|AC  0|TAMS 0x0000000709400000, 0x0000000709400000|
| 149|0x0000000709500000, 0x0000000709500000, 0x0000000709600000|  0%| F|  |TS  7|AC  0|TAMS 0x0000000709500000, 0x0000000709500000|
| 150|0x0000000709600000, 0x0000000709600000, 0x0000000709700000|  0%| F|  |TS  7|AC  0|TAMS 0x0000000709600000, 0x0000000709600000|
| 151|0x0000000709700000, 0x0000000709700000, 0x0000000709800000|  0%| F|  |TS  7|AC  0|TAMS 0x0000000709700000, 0x0000000709700000|
| 152|0x0000000709800000, 0x0000000709800000, 0x0000000709900000|  0%| F|  |TS  7|AC  0|TAMS 0x0000000709800000, 0x0000000709800000|
| 153|0x0000000709900000, 0x0000000709900000, 0x0000000709a00000|  0%| F|  |TS  7|AC  0|TAMS 0x0000000709900000, 0x0000000709900000|
| 154|0x0000000709a00000, 0x0000000709a00000, 0x0000000709b00000|  0%| F|  |TS  7|AC  0|TAMS 0x0000000709a00000, 0x0000000709a00000|
| 155|0x0000000709b00000, 0x0000000709b00000, 0x0000000709c00000|  0%| F|  |TS  7|AC  0|TAMS 0x0000000709b00000, 0x0000000709b00000|
| 156|0x0000000709c00000, 0x0000000709c00000, 0x0000000709d00000|  0%| F|  |TS  7|AC  0|TAMS 0x0000000709c00000, 0x0000000709c00000|
| 157|0x0000000709d00000, 0x0000000709d00000, 0x0000000709e00000|  0%| F|  |TS  7|AC  0|TAMS 0x0000000709d00000, 0x0000000709d00000|
| 158|0x0000000709e00000, 0x0000000709e00000, 0x0000000709f00000|  0%| F|  |TS  7|AC  0|TAMS 0x0000000709e00000, 0x0000000709e00000|
| 159|0x0000000709f00000, 0x0000000709f00000, 0x000000070a000000|  0%| F|  |TS  7|AC  0|TAMS 0x0000000709f00000, 0x0000000709f00000|
| 160|0x000000070a000000, 0x000000070a000000, 0x000000070a100000|  0%| F|  |TS  7|AC  0|TAMS 0x000000070a000000, 0x000000070a000000|
| 161|0x000000070a100000, 0x000000070a100000, 0x000000070a200000|  0%| F|  |TS  7|AC  0|TAMS 0x000000070a100000, 0x000000070a100000|
| 162|0x000000070a200000, 0x000000070a200000, 0x000000070a300000|  0%| F|  |TS  7|AC  0|TAMS 0x000000070a200000, 0x000000070a200000|
| 163|0x000000070a300000, 0x000000070a300000, 0x000000070a400000|  0%| F|  |TS  7|AC  0|TAMS 0x000000070a300000, 0x000000070a300000|
| 164|0x000000070a400000, 0x000000070a400000, 0x000000070a500000|  0%| F|  |TS  7|AC  0|TAMS 0x000000070a400000, 0x000000070a400000|
| 165|0x000000070a500000, 0x000000070a5deb50, 0x000000070a600000| 86%| E|  |TS  7|AC  0|TAMS 0x000000070a500000, 0x000000070a500000|
| 166|0x000000070a600000, 0x000000070a700000, 0x000000070a700000|100%| E|CS|TS  7|AC  0|TAMS 0x000000070a600000, 0x000000070a600000|
| 167|0x000000070a700000, 0x000000070a800000, 0x000000070a800000|100%| E|CS|TS  7|AC  0|TAMS 0x000000070a700000, 0x000000070a700000|
| 168|0x000000070a800000, 0x000000070a900000, 0x000000070a900000|100%| E|CS|TS  7|AC  0|TAMS 0x000000070a800000, 0x000000070a800000|
| 169|0x000000070a900000, 0x000000070aa00000, 0x000000070aa00000|100%| E|CS|TS  7|AC  0|TAMS 0x000000070a900000, 0x000000070a900000|
| 170|0x000000070aa00000, 0x000000070ab00000, 0x000000070ab00000|100%| E|CS|TS  7|AC  0|TAMS 0x000000070aa00000, 0x000000070aa00000|
| 171|0x000000070ab00000, 0x000000070ac00000, 0x000000070ac00000|100%| E|CS|TS  7|AC  0|TAMS 0x000000070ab00000, 0x000000070ab00000|
| 172|0x000000070ac00000, 0x000000070ad00000, 0x000000070ad00000|100%| E|CS|TS  7|AC  0|TAMS 0x000000070ac00000, 0x000000070ac00000|
| 173|0x000000070ad00000, 0x000000070ae00000, 0x000000070ae00000|100%| E|CS|TS  7|AC  0|TAMS 0x000000070ad00000, 0x000000070ad00000|
| 174|0x000000070ae00000, 0x000000070af00000, 0x000000070af00000|100%| E|CS|TS  7|AC  0|TAMS 0x000000070ae00000, 0x000000070ae00000|
| 175|0x000000070af00000, 0x000000070b000000, 0x000000070b000000|100%| E|CS|TS  7|AC  0|TAMS 0x000000070af00000, 0x000000070af00000|
| 176|0x000000070b000000, 0x000000070b100000, 0x000000070b100000|100%| E|CS|TS  7|AC  0|TAMS 0x000000070b000000, 0x000000070b000000|
| 177|0x000000070b100000, 0x000000070b200000, 0x000000070b200000|100%| E|CS|TS  7|AC  0|TAMS 0x000000070b100000, 0x000000070b100000|
| 178|0x000000070b200000, 0x000000070b300000, 0x000000070b300000|100%| E|CS|TS  7|AC  0|TAMS 0x000000070b200000, 0x000000070b200000|
| 179|0x000000070b300000, 0x000000070b400000, 0x000000070b400000|100%| E|CS|TS  7|AC  0|TAMS 0x000000070b300000, 0x000000070b300000|
| 180|0x000000070b400000, 0x000000070b500000, 0x000000070b500000|100%| E|CS|TS  7|AC  0|TAMS 0x000000070b400000, 0x000000070b400000|
| 181|0x000000070b500000, 0x000000070b600000, 0x000000070b600000|100%| E|CS|TS  7|AC  0|TAMS 0x000000070b500000, 0x000000070b500000|
| 182|0x000000070b600000, 0x000000070b700000, 0x000000070b700000|100%| E|CS|TS  7|AC  0|TAMS 0x000000070b600000, 0x000000070b600000|
| 183|0x000000070b700000, 0x000000070b800000, 0x000000070b800000|100%| E|CS|TS  7|AC  0|TAMS 0x000000070b700000, 0x000000070b700000|
| 184|0x000000070b800000, 0x000000070b900000, 0x000000070b900000|100%| E|CS|TS  7|AC  0|TAMS 0x000000070b800000, 0x000000070b800000|

Card table byte_map: [0x000002c84cd30000,0x000002c84d330000] byte_map_base: 0x000002c849530000

Marking Bits (Prev, Next): (CMBitMap*) 0x000002c84f7f3350, (CMBitMap*) 0x000002c84f7f3388
 Prev Bits: [0x000002c8656b0000, 0x000002c8686b0000)
 Next Bits: [0x000002c8686b0000, 0x000002c86b6b0000)

Polling page: 0x000002c844260000

CodeHeap 'non-profiled nmethods': size=120064Kb used=21565Kb max_used=21565Kb free=98499Kb
 bounds [0x000002c85e170000, 0x000002c85f690000, 0x000002c8656b0000]
CodeHeap 'profiled nmethods': size=120000Kb used=46557Kb max_used=46824Kb free=73442Kb
 bounds [0x000002c856c40000, 0x000002c859a80000, 0x000002c85e170000]
CodeHeap 'non-nmethods': size=5696Kb used=1768Kb max_used=1819Kb free=3927Kb
 bounds [0x000002c8566b0000, 0x000002c856920000, 0x000002c856c40000]
 total_blobs=31446 nmethods=17772 adapters=1092
 compilation: enabled

Compilation events (10 events):
Event: 1116.072 Thread 0x000002c84b9a8000 21913       1       javax.swing.JComponent::getToolTipLocation (2 bytes)
Event: 1116.072 Thread 0x000002c84b9a8000 nmethod 21913 0x000002c85f667810 code [0x000002c85f6679c0, 0x000002c85f667ad8]
Event: 1116.097 Thread 0x000002c84b9a8000 21914       3       de.javasoft.synthetica.plain.GraphicsUtils::paintText (387 bytes)
Event: 1116.100 Thread 0x000002c84b9a8000 nmethod 21914 0x000002c858c10390 code [0x000002c858c106c0, 0x000002c858c12400]
Event: 1117.013 Thread 0x000002c84b9a7800 21915   !   4       java.awt.DefaultKeyboardFocusManager::dispatchEvent (1616 bytes)
Event: 1117.347 Thread 0x000002c84b9a7800 nmethod 21915 0x000002c85f667b90 code [0x000002c85f6686a0, 0x000002c85f6702d8]
Event: 1117.968 Thread 0x000002c84f16b800 21916       4       sun.awt.geom.Edge::compareTo (118 bytes)
Event: 1117.972 Thread 0x000002c84f16b800 nmethod 21916 0x000002c85f674610 code [0x000002c85f6747c0, 0x000002c85f674a88]
Event: 1117.975 Thread 0x000002c84b9a7800 21917       4       sun.awt.geom.AreaOp::pruneEdges (987 bytes)
Event: 1118.301 Thread 0x000002c84b9a7800 nmethod 21917 0x000002c85f674c90 code [0x000002c85f6750a0, 0x000002c85f67cbd0]

GC Heap History (10 events):
Event: 1108.856 GC heap before
{Heap before GC invocations=252 (full 73):
 garbage-first heap   total 189440K, used 117983K [0x0000000700000000, 0x00000007001005c8, 0x00000007c0000000)
  region size 1024K, 49 young (50176K), 1 survivors (1024K)
 Metaspace       used 83119K, capacity 89181K, committed 89420K, reserved 1126400K
  class space    used 11227K, capacity 12295K, committed 12416K, reserved 1048576K
}
Event: 1109.103 GC heap after
{Heap after GC invocations=253 (full 74):
 garbage-first heap   total 189440K, used 69450K [0x0000000700000000, 0x00000007001005c8, 0x00000007c0000000)
  region size 1024K, 0 young (0K), 0 survivors (0K)
 Metaspace       used 83119K, capacity 89181K, committed 89420K, reserved 1126400K
  class space    used 11227K, capacity 12295K, committed 12416K, reserved 1048576K
}
Event: 1109.910 GC heap before
{Heap before GC invocations=253 (full 74):
 garbage-first heap   total 189440K, used 130890K [0x0000000700000000, 0x00000007001005c8, 0x00000007c0000000)
  region size 1024K, 60 young (61440K), 0 survivors (0K)
 Metaspace       used 83131K, capacity 89245K, committed 89420K, reserved 1126400K
  class space    used 11227K, capacity 12295K, committed 12416K, reserved 1048576K
}
Event: 1109.914 GC heap after
{Heap after GC invocations=254 (full 74):
 garbage-first heap   total 189440K, used 70026K [0x0000000700000000, 0x00000007001005c8, 0x00000007c0000000)
  region size 1024K, 1 young (1024K), 1 survivors (1024K)
 Metaspace       used 83131K, capacity 89245K, committed 89420K, reserved 1126400K
  class space    used 11227K, capacity 12295K, committed 12416K, reserved 1048576K
}
Event: 1114.977 GC heap before
{Heap before GC invocations=254 (full 74):
 garbage-first heap   total 189440K, used 130442K [0x0000000700000000, 0x00000007001005c8, 0x00000007c0000000)
  region size 1024K, 60 young (61440K), 1 survivors (1024K)
 Metaspace       used 83131K, capacity 89245K, committed 89420K, reserved 1126400K
  class space    used 11227K, capacity 12295K, committed 12416K, reserved 1048576K
}
Event: 1114.979 GC heap after
{Heap after GC invocations=255 (full 74):
 garbage-first heap   total 189440K, used 69871K [0x0000000700000000, 0x00000007001005c8, 0x00000007c0000000)
  region size 1024K, 1 young (1024K), 1 survivors (1024K)
 Metaspace       used 83131K, capacity 89245K, committed 89420K, reserved 1126400K
  class space    used 11227K, capacity 12295K, committed 12416K, reserved 1048576K
}
Event: 1115.538 GC heap before
{Heap before GC invocations=255 (full 74):
 garbage-first heap   total 189440K, used 130287K [0x0000000700000000, 0x00000007001005c8, 0x00000007c0000000)
  region size 1024K, 60 young (61440K), 1 survivors (1024K)
 Metaspace       used 83131K, capacity 89245K, committed 89420K, reserved 1126400K
  class space    used 11227K, capacity 12295K, committed 12416K, reserved 1048576K
}
Event: 1115.541 GC heap after
{Heap after GC invocations=256 (full 74):
 garbage-first heap   total 189440K, used 69753K [0x0000000700000000, 0x00000007001005c8, 0x00000007c0000000)
  region size 1024K, 1 young (1024K), 1 survivors (1024K)
 Metaspace       used 83131K, capacity 89245K, committed 89420K, reserved 1126400K
  class space    used 11227K, capacity 12295K, committed 12416K, reserved 1048576K
}
Event: 1118.063 GC heap before
{Heap before GC invocations=256 (full 74):
 garbage-first heap   total 189440K, used 130169K [0x0000000700000000, 0x00000007001005c8, 0x00000007c0000000)
  region size 1024K, 60 young (61440K), 1 survivors (1024K)
 Metaspace       used 83138K, capacity 89245K, committed 89420K, reserved 1126400K
  class space    used 11229K, capacity 12295K, committed 12416K, reserved 1048576K
}
Event: 1118.068 GC heap after
{Heap after GC invocations=257 (full 74):
 garbage-first heap   total 189440K, used 70232K [0x0000000700000000, 0x00000007001005c8, 0x00000007c0000000)
  region size 1024K, 1 young (1024K), 1 survivors (1024K)
 Metaspace       used 83138K, capacity 89245K, committed 89420K, reserved 1126400K
  class space    used 11229K, capacity 12295K, committed 12416K, reserved 1048576K
}

Deoptimization events (10 events):
Event: 1080.870 Thread 0x000002c86daca000 Uncommon trap: reason=bimorphic_or_optimized_type_check action=maybe_recompile pc=0x000002c85efa7d00 method=javax.swing.AbstractButton.setIcon(Ljavax/swing/Icon;)V @ 76 c2
Event: 1080.870 Thread 0x000002c86daca000 Uncommon trap: reason=bimorphic_or_optimized_type_check action=maybe_recompile pc=0x000002c85efa7d00 method=javax.swing.AbstractButton.setIcon(Ljavax/swing/Icon;)V @ 76 c2
Event: 1091.490 Thread 0x000002c86daca000 Uncommon trap: reason=unstable_if action=reinterpret pc=0x000002c85f4a0f14 method=javax.swing.plaf.basic.BasicListUI.paintCell(Ljava/awt/Graphics;ILjava/awt/Rectangle;Ljavax/swing/ListCellRenderer;Ljavax/swing/ListModel;Ljavax/swing/ListSelectionModel;I)V
Event: 1094.670 Thread 0x000002c86daca000 Uncommon trap: reason=unstable_if action=reinterpret pc=0x000002c85f5ceafc method=javax.swing.PopupFactory.invokerInHeavyWeightPopup(Ljava/awt/Component;)Z @ 17 c2
Event: 1094.700 Thread 0x000002c86daca000 Uncommon trap: reason=unstable_if action=reinterpret pc=0x000002c85f310b5c method=java.awt.Toolkit$SelectiveAWTEventListener.eventDispatched(Ljava/awt/AWTEvent;)V @ 295 c2
Event: 1096.759 Thread 0x000002c86daca000 Uncommon trap: reason=unstable_if action=reinterpret pc=0x000002c85f00a1d8 method=java.awt.Rectangle.intersects(Ljava/awt/Rectangle;)Z @ 101 c2
Event: 1103.125 Thread 0x000002c86daca000 Uncommon trap: reason=bimorphic_or_optimized_type_check action=maybe_recompile pc=0x000002c85e50abe4 method=java.util.HashMap.removeNode(ILjava/lang/Object;Ljava/lang/Object;ZZ)Ljava/util/HashMap$Node; @ 68 c2
Event: 1115.576 Thread 0x000002c86daca000 Uncommon trap: reason=class_check action=maybe_recompile pc=0x000002c85efbc6c8 method=com.jidesoft.grid.TableModelWrapperUtils.getActualColumnAt(Ljavax/swing/table/TableModel;ILjavax/swing/table/TableModel;)I @ 55 c2
Event: 1115.775 Thread 0x000002c86daca000 Uncommon trap: reason=unstable_if action=reinterpret pc=0x000002c85f28d354 method=de.javasoft.synthetica.plain.GraphicsUtils.paintText(Ljavax/swing/plaf/synth/SynthContext;Ljava/awt/Graphics;Ljava/lang/String;III)V @ 151 c2
Event: 1116.592 Thread 0x000002c86daca000 Uncommon trap: reason=bimorphic_or_optimized_type_check action=maybe_recompile pc=0x000002c85eb62af4 method=java.awt.DefaultKeyboardFocusManager.dispatchEvent(Ljava/awt/AWTEvent;)Z @ 1467 c2

Classes redefined (0 events):
No events

Internal exceptions (10 events):
Event: 722.128 Thread 0x000002c873966800 Exception <a 'java/lang/InterruptedException'{0x0000000708ae4578}: sleep interrupted> (0x0000000708ae4578) thrown at [t:/workspace/hotspot/src/share/vm/prims/jvm.cpp, line 2984]
Event: 732.428 Thread 0x000002c86daca000 Implicit null exception at 0x000002c85e7118bf to 0x000002c85e711c51
Event: 738.854 Thread 0x000002c873959800 Implicit null exception at 0x000002c85f3396c4 to 0x000002c85f33b5b1
Event: 885.746 Thread 0x000002c86daca000 Implicit null exception at 0x000002c85f2dcd80 to 0x000002c85f2e0235
Event: 885.746 Thread 0x000002c86daca000 Implicit null exception at 0x000002c85f2ce55f to 0x000002c85f2cef11
Event: 886.801 Thread 0x000002c873964000 Exception <a 'java/lang/InterruptedException'{0x0000000709b83d80}: sleep interrupted> (0x0000000709b83d80) thrown at [t:/workspace/hotspot/src/share/vm/prims/jvm.cpp, line 3023]
Event: 886.920 Thread 0x000002c86daca000 Implicit null exception at 0x000002c85f175f10 to 0x000002c85f175f74
Event: 892.514 Thread 0x000002c86daca000 Implicit null exception at 0x000002c85eacc68d to 0x000002c85eacc9b1
Event: 893.575 Thread 0x000002c86daca000 Implicit null exception at 0x000002c85ecefe73 to 0x000002c85ecf0105
Event: 989.660 Thread 0x000002c86daca000 Implicit null exception at 0x000002c85e92269b to 0x000002c85e92a079

Events (10 events):
Event: 1116.592 Thread 0x000002c86daca000 DEOPT PACKING pc=0x000002c85eb62af4 sp=0x000000deee4f2ac0
Event: 1116.592 Thread 0x000002c86daca000 DEOPT UNPACKING pc=0x000002c8566fdf29 sp=0x000000deee4f2a80 mode 2
Event: 1117.107 Thread 0x000002c873963800 Thread added: 0x000002c873963800
Event: 1117.113 Thread 0x000002c873963800 Thread exited: 0x000002c873963800
Event: 1117.931 Executing VM operation: BulkRevokeBias
Event: 1117.932 Executing VM operation: BulkRevokeBias done
Event: 1118.063 Executing VM operation: G1IncCollectionPause
Event: 1118.068 Executing VM operation: G1IncCollectionPause done
Event: 1118.211 Thread 0x000002c873963800 Thread added: 0x000002c873963800
Event: 1118.219 Thread 0x000002c873963800 Thread exited: 0x000002c873963800


Dynamic libraries:
0x00007ff61e0f0000 - 0x00007ff61e120000 	C:\Xilinx\Vivado\2019.1\bin\unwrapped\win64.o\vivado.exe
0x00007ffe06770000 - 0x00007ffe06966000 	C:\Windows\SYSTEM32\ntdll.dll
0x00007ffe05110000 - 0x00007ffe051cd000 	C:\Windows\System32\KERNEL32.DLL
0x00007ffe04340000 - 0x00007ffe04608000 	C:\Windows\System32\KERNELBASE.dll
0x00007ffe04240000 - 0x00007ffe04340000 	C:\Windows\System32\ucrtbase.dll
0x00007ffdf4310000 - 0x00007ffdf43a9000 	C:\Windows\SYSTEM32\MSVCP140.dll
0x00007ffdf3d80000 - 0x00007ffdf3d94000 	C:\Xilinx\Vivado\2019.1\lib\win64.o\librdi_commonmain.dll
0x00007ffdf4850000 - 0x00007ffdf4867000 	C:\Windows\SYSTEM32\VCRUNTIME140.dll
0x00007ffdf3cb0000 - 0x00007ffdf3cc4000 	C:\Xilinx\Vivado\2019.1\lib\win64.o\libboost_signals.dll
0x00007ffdbd3a0000 - 0x00007ffdbe282000 	C:\Xilinx\Vivado\2019.1\lib\win64.o\librdi_common.dll
0x00007ffe062a0000 - 0x00007ffe06440000 	C:\Windows\System32\USER32.dll
0x00007ffdf3c80000 - 0x00007ffdf3ca6000 	C:\Xilinx\Vivado\2019.1\lib\win64.o\libboost_filesystem.dll
0x00007ffe06190000 - 0x00007ffe0623c000 	C:\Windows\System32\ADVAPI32.dll
0x00007ffdfe180000 - 0x00007ffdfe18a000 	C:\Xilinx\Vivado\2019.1\lib\win64.o\librdi_commonversion.dll
0x00007ffe065c0000 - 0x00007ffe0665e000 	C:\Windows\System32\msvcrt.dll
0x00007ffe04690000 - 0x00007ffe046b2000 	C:\Windows\System32\win32u.dll
0x00007ffdd9510000 - 0x00007ffdd9631000 	C:\Xilinx\Vivado\2019.1\lib\win64.o\librdi_commonxillic.dll
0x00007ffe05330000 - 0x00007ffe053cb000 	C:\Windows\System32\sechost.dll
0x00007ffe06670000 - 0x00007ffe0669a000 	C:\Windows\System32\GDI32.dll
0x00007ffe051d0000 - 0x00007ffe052f4000 	C:\Windows\System32\RPCRT4.dll
0x00007ffe04130000 - 0x00007ffe04239000 	C:\Windows\System32\gdi32full.dll
0x00007ffe04090000 - 0x00007ffe0412d000 	C:\Windows\System32\msvcp_win.dll
0x000000006fff0000 - 0x000000007011b000 	C:\Xilinx\Vivado\2019.1\lib\win64.o\tcl85t.dll
0x00007ffe064f0000 - 0x00007ffe0655b000 	C:\Windows\System32\WS2_32.dll
0x00007ffe053d0000 - 0x00007ffe05b11000 	C:\Windows\System32\SHELL32.dll
0x00007ffdd9020000 - 0x00007ffdd938e000 	C:\Xilinx\Vivado\2019.1\lib\win64.o\libCOIN-all.dll
0x00007ffdf3c10000 - 0x00007ffdf3c24000 	C:\Xilinx\Vivado\2019.1\lib\win64.o\libboost_date_time.dll
0x00007ffdf3b90000 - 0x00007ffdf3c0f000 	C:\Xilinx\Vivado\2019.1\lib\win64.o\libboost_program_options.dll
0x00007ffdd2750000 - 0x00007ffdd2864000 	C:\Xilinx\Vivado\2019.1\lib\win64.o\libboost_regex.dll
0x00007ffdfca20000 - 0x00007ffdfca2b000 	C:\Xilinx\Vivado\2019.1\lib\win64.o\libboost_system.dll
0x00007ffdf3a80000 - 0x00007ffdf3aa1000 	C:\Xilinx\Vivado\2019.1\lib\win64.o\libboost_thread.dll
0x00007ffdfc5d0000 - 0x00007ffdfc5df000 	C:\Xilinx\Vivado\2019.1\lib\win64.o\libboost_xilinx.dll
0x00007ffde6ec0000 - 0x00007ffde6f42000 	C:\Xilinx\Vivado\2019.1\lib\win64.o\libhdlpsolve.dll
0x00007ffdd7330000 - 0x00007ffdd73d5000 	C:\Xilinx\Vivado\2019.1\lib\win64.o\libhdxml.dll
0x00007ffdbb7a0000 - 0x00007ffdbc34f400 	C:\Xilinx\Vivado\2019.1\lib\win64.o\libisl_iostreams.dll
0x00007ffdebb60000 - 0x00007ffdebb8e000 	C:\Xilinx\Vivado\2019.1\lib\win64.o\libisl_sysinfo.dll
0x00007ffdd6d40000 - 0x00007ffdd6da5000 	C:\Xilinx\Vivado\2019.1\lib\win64.o\liblmx6.0.dll
0x00007ffde9350000 - 0x00007ffde936a000 	C:\Xilinx\Vivado\2019.1\lib\win64.o\pthreadVC2.dll
0x00007ffde9330000 - 0x00007ffde934c000 	C:\Xilinx\Vivado\2019.1\lib\win64.o\librdiconfig.dll
0x00007ffde3a00000 - 0x00007ffde3a21000 	C:\Xilinx\Vivado\2019.1\lib\win64.o\librdizlib.dll
0x0000000012000000 - 0x0000000012270000 	C:\Xilinx\Vivado\2019.1\lib\win64.o\xerces-c_3_1.dll
0x00007ffdbe8d0000 - 0x00007ffdbeba8000 	C:\Xilinx\Vivado\2019.1\lib\win64.o\libXil_lmgr11.dll
0x00007ffe047d0000 - 0x00007ffe048aa000 	C:\Windows\System32\COMDLG32.dll
0x00007ffe05b20000 - 0x00007ffe05e75000 	C:\Windows\System32\combase.dll
0x00007ffe05060000 - 0x00007ffe0510e000 	C:\Windows\System32\shcore.dll
0x00007ffdebf10000 - 0x00007ffdec3ea000 	C:\Windows\SYSTEM32\WININET.dll
0x00007ffe06240000 - 0x00007ffe06295000 	C:\Windows\System32\SHLWAPI.dll
0x00007ffdf7520000 - 0x00007ffdf7620000 	C:\Windows\SYSTEM32\WINHTTP.dll
0x00007ffe06060000 - 0x00007ffe0612d000 	C:\Windows\System32\OLEAUT32.dll
0x00007ffdf4ac0000 - 0x00007ffdf4cad000 	C:\Windows\SYSTEM32\urlmon.dll
0x00007ffe05f20000 - 0x00007ffe0604a000 	C:\Windows\System32\ole32.dll
0x00007ffe04770000 - 0x00007ffe047d0000 	C:\Windows\System32\WINTRUST.dll
0x00007ffde8c30000 - 0x00007ffde8c48000 	C:\Windows\SYSTEM32\NETAPI32.dll
0x00007ffe03eb0000 - 0x00007ffe0400d000 	C:\Windows\System32\CRYPT32.dll
0x00007ffdf3b20000 - 0x00007ffdf3b29000 	C:\Windows\SYSTEM32\WSOCK32.dll
0x00007ffdba900000 - 0x00007ffdbb791000 	C:\Xilinx\Vivado\2019.1\lib\win64.o\gurobi65.dll
0x00007ffde39d0000 - 0x00007ffde39fe000 	C:\Windows\SYSTEM32\VCOMP140.DLL
0x00007ffdf4280000 - 0x00007ffdf428d000 	C:\Xilinx\Vivado\2019.1\lib\win64.o\libboost_chrono.dll
0x00007ffde9310000 - 0x00007ffde932b000 	C:\Xilinx\Vivado\2019.1\lib\win64.o\libboost_iostreams.dll
0x00007ffde1920000 - 0x00007ffde1945000 	C:\Xilinx\Vivado\2019.1\lib\win64.o\libisl_iosutils.dll
0x00007ffddef70000 - 0x00007ffddf020000 	C:\Windows\WinSxS\amd64_microsoft.windows.common-controls_6595b64144ccf1df_5.82.19041.488_none_4238de57f6b64d28\COMCTL32.dll
0x00007ffdf4590000 - 0x00007ffdf4840000 	C:\Windows\SYSTEM32\iertutil.dll
0x00007ffdfcd20000 - 0x00007ffdfcd3d000 	C:\Windows\SYSTEM32\dhcpcsvc.DLL
0x00007ffe03450000 - 0x00007ffe0345c000 	C:\Windows\SYSTEM32\NETUTILS.DLL
0x00007ffe05300000 - 0x00007ffe05330000 	C:\Windows\System32\IMM32.DLL
0x00007ffe03aa0000 - 0x00007ffe03ab2000 	C:\Windows\SYSTEM32\MSASN1.dll
0x00007ffe01e00000 - 0x00007ffe01e12000 	C:\Windows\SYSTEM32\kernel.appcore.dll
0x00007ffdbce80000 - 0x00007ffdbd397000 	C:\Xilinx\Vivado\2019.1\lib\win64.o\librdi_commontasks.dll
0x00007ffdfd020000 - 0x00007ffdfd02a000 	C:\Windows\SYSTEM32\VERSION.dll
0x000000006f5c0000 - 0x000000006ffe5000 	C:\Xilinx\Vivado\2019.1\tps\win64\jre9.0.4\bin\server\jvm.dll
0x00007ffe04910000 - 0x00007ffe04918000 	C:\Windows\System32\PSAPI.DLL
0x00007ffdbe640000 - 0x00007ffdbe8c6000 	C:\Xilinx\Vivado\2019.1\lib\win64.o\librdi_sio.dll
0x00007ffdf1770000 - 0x00007ffdf1797000 	C:\Windows\SYSTEM32\WINMM.dll
0x00007ffe03340000 - 0x00007ffe0337b000 	C:\Windows\SYSTEM32\IPHLPAPI.DLL
0x00007ffe036a0000 - 0x00007ffe0370a000 	C:\Windows\SYSTEM32\MSWSOCK.DLL
0x00007ffdc27e0000 - 0x00007ffdc28cf000 	C:\Windows\SYSTEM32\MSVCR120.dll
0x00007ffe02000000 - 0x00007ffe02795000 	C:\Windows\SYSTEM32\windows.storage.dll
0x00007ffe03920000 - 0x00007ffe0394c000 	C:\Windows\SYSTEM32\Wldp.dll
0x00007ffdb8440000 - 0x00007ffdba8fc000 	C:\Xilinx\Vivado\2019.1\lib\win64.o\librdi_tcltasks.dll
0x00007ffdb8030000 - 0x00007ffdb8438000 	C:\Xilinx\Vivado\2019.1\lib\win64.o\librdi_bitstream.dll
0x00007ffdd6cc0000 - 0x00007ffdd6d38000 	C:\Xilinx\Vivado\2019.1\lib\win64.o\librdi_boarddep.dll
0x00007ffdbc6e0000 - 0x00007ffdbc871000 	C:\Xilinx\Vivado\2019.1\lib\win64.o\librdi_board.dll
0x00007ffdc26f0000 - 0x00007ffdc27db000 	C:\Xilinx\Vivado\2019.1\lib\win64.o\librdi_chipscope.dll
0x00007ffdb7e70000 - 0x00007ffdb802d000 	C:\Xilinx\Vivado\2019.1\lib\win64.o\librdi_chipscopeimpl.dll
0x00007ffdb39d0000 - 0x00007ffdb53ba000 	C:\Xilinx\Vivado\2019.1\lib\win64.o\librdi_constraints.dll
0x00007ffdbc580000 - 0x00007ffdbc6d6000 	C:\Xilinx\Vivado\2019.1\lib\win64.o\librdi_containers.dll
0x00007ffda5c10000 - 0x00007ffda7ac1000 	C:\Xilinx\Vivado\2019.1\lib\win64.o\librdi_coregen.dll
0x00007ffdb7790000 - 0x00007ffdb7e6a000 	C:\Xilinx\Vivado\2019.1\lib\win64.o\librdi_coregenipxact.dll
0x00007ffda1bc0000 - 0x00007ffda5c03000 	C:\Xilinx\Vivado\2019.1\lib\win64.o\librdi_designutils.dll
0x00007ffdb7470000 - 0x00007ffdb778e000 	C:\Xilinx\Vivado\2019.1\lib\win64.o\librdi_dlyest.dll
0x00007ffdb6ed0000 - 0x00007ffdb746a000 	C:\Xilinx\Vivado\2019.1\lib\win64.o\librdi_drc.dll
0x00007ffdc8110000 - 0x00007ffdc81d4000 	C:\Xilinx\Vivado\2019.1\lib\win64.o\librdi_dsp.dll
0x00007ffdb6880000 - 0x00007ffdb6ecd000 	C:\Xilinx\Vivado\2019.1\lib\win64.o\librdi_filemgmt.dll
0x00007ffdb6590000 - 0x00007ffdb6873000 	C:\Xilinx\Vivado\2019.1\lib\win64.o\librdi_guitools.dll
0x00007ffd8f790000 - 0x00007ffda1bbc000 	C:\Xilinx\Vivado\2019.1\lib\win64.o\librdi_device.dll
0x00007ffdc9590000 - 0x00007ffdc95f5000 	C:\Xilinx\Vivado\2019.1\lib\win64.o\librdi_hdf.dll
0x00007ffdb33b0000 - 0x00007ffdb39c5000 	C:\Xilinx\Vivado\2019.1\lib\win64.o\librdi_memdata.dll
0x00007ffd8e1d0000 - 0x00007ffd8f790000 	C:\Xilinx\Vivado\2019.1\lib\win64.o\librdi_implflow.dll
0x00007ffdb13a0000 - 0x00007ffdb1a42000 	C:\Xilinx\Vivado\2019.1\lib\win64.o\librdi_netlist.dll
0x00007ffddac30000 - 0x00007ffddac7b000 	C:\Xilinx\Vivado\2019.1\lib\win64.o\librdi_pfi.dll
0x00007ffdb5d10000 - 0x00007ffdb601f000 	C:\Xilinx\Vivado\2019.1\lib\win64.o\librdi_platform.dll
0x00007ffd88710000 - 0x00007ffd88e5a000 	C:\Xilinx\Vivado\2019.1\lib\win64.o\librdi_power.dll
0x00007ffdbf330000 - 0x00007ffdbf3a3000 	C:\Xilinx\Vivado\2019.1\lib\win64.o\librdi_memoryarray.dll
0x00007ffd88e60000 - 0x00007ffd8b4d6000 	C:\Xilinx\Vivado\2019.1\lib\win64.o\librdi_place.dll
0x00007ffd87a80000 - 0x00007ffd88189000 	C:\Xilinx\Vivado\2019.1\lib\win64.o\librdi_psta.dll
0x00007ffd88190000 - 0x00007ffd8870f000 	C:\Xilinx\Vivado\2019.1\lib\win64.o\librdi_project.dll
0x00007ffd87370000 - 0x00007ffd87a76000 	C:\Xilinx\Vivado\2019.1\lib\win64.o\librdi_rsb.dll
0x00007ffdbee00000 - 0x00007ffdbeefa000 	C:\Xilinx\Vivado\2019.1\lib\win64.o\librdi_runsbase.dll
0x00007ffdb3150000 - 0x00007ffdb33a6000 	C:\Xilinx\Vivado\2019.1\lib\win64.o\librdi_simdata.dll
0x00007ffd86550000 - 0x00007ffd87361000 	C:\Xilinx\Vivado\2019.1\lib\win64.o\librdi_timing.dll
0x00007ffdb5b90000 - 0x00007ffdb5d02000 	C:\Xilinx\Vivado\2019.1\lib\win64.o\librdi_advchipscopeimpl.dll
0x00007ffdd8fd0000 - 0x00007ffdd901c000 	C:\Xilinx\Vivado\2019.1\lib\win64.o\libboost_serialization.dll
0x00007ffdbcdb0000 - 0x00007ffdbce72000 	C:\Xilinx\Vivado\2019.1\lib\win64.o\librdi_ipconfig_readwrite.dll
0x00007ffdb1200000 - 0x00007ffdb139f000 	C:\Xilinx\Vivado\2019.1\lib\win64.o\librdi_hip_devdesign.dll
0x00007ffdb1b40000 - 0x00007ffdb1f31000 	C:\Xilinx\Vivado\2019.1\lib\win64.o\librdi_runs.dll
0x00007ffdc26a0000 - 0x00007ffdc26e3000 	C:\Xilinx\Vivado\2019.1\lib\win64.o\librdi_noc_frameworks.dll
0x00007ffdbf290000 - 0x00007ffdbf32e000 	C:\Xilinx\Vivado\2019.1\lib\win64.o\libise.dll
0x00007ffd85a00000 - 0x00007ffd86547000 	C:\Xilinx\Vivado\2019.1\lib\win64.o\libverific.dll
0x00007ffd85610000 - 0x00007ffd859f5000 	C:\Xilinx\Vivado\2019.1\lib\win64.o\librdi_hip_config.dll
0x00007ffd850c0000 - 0x00007ffd8560e000 	C:\Xilinx\Vivado\2019.1\lib\win64.o\librdi_xdm.dll
0x00007ffdbe600000 - 0x00007ffdbe640000 	C:\Xilinx\Vivado\2019.1\lib\win64.o\librdi_wavedata_SimpleApi.dll
0x00007ffd84ac0000 - 0x00007ffd850bc000 	C:\Xilinx\Vivado\2019.1\lib\win64.o\librdi_wavedata.dll
0x00007ffdbccc0000 - 0x00007ffdbccff000 	C:\Xilinx\Vivado\2019.1\lib\win64.o\librdi_schedmon.dll
0x00007ffd83930000 - 0x00007ffd84abd000 	C:\Xilinx\Vivado\2019.1\lib\win64.o\librdi_route.dll
0x00007ffd81700000 - 0x00007ffd81959000 	C:\Xilinx\Vivado\2019.1\lib\win64.o\librdi_hsm.dll
0x00007ffd81960000 - 0x00007ffd8392d000 	C:\Xilinx\Vivado\2019.1\lib\win64.o\librdi_synth.dll
0x00007ffdb1170000 - 0x00007ffdb11f8000 	C:\Xilinx\Vivado\2019.1\lib\win64.o\librdi_meir_core.dll
0x00007ffd81130000 - 0x00007ffd816f2000 	C:\Xilinx\Vivado\2019.1\lib\win64.o\librdi_abc_nomp.dll

VM Arguments:
jvm_args: -Dsun.java2d.pmoffscreen=false -Dsun.java2d.xrender=false -Dsun.java2d.d3d=false -Dsun.awt.nopixfmt=true -Dsun.java2d.dpiaware=true -Dsun.java2d.uiScale.enabled=false -Xverify:none -Dswing.aatext=true -XX:-UsePerfData -Djdk.map.althashing.threshold=512 -XX:StringTableSize=4072 --add-opens=java.base/java.nio=ALL-UNNAMED --add-opens=java.desktop/sun.swing=ALL-UNNAMED --add-opens=java.desktop/javax.swing=ALL-UNNAMED --add-opens=java.desktop/javax.swing.tree=ALL-UNNAMED --add-opens=java.desktop/javax.swing.plaf.basic=ALL-UNNAMED --add-opens=java.desktop/javax.swing.plaf.synth=ALL-UNNAMED --add-opens=java.desktop/com.sun.awt=ALL-UNNAMED -XX:NewSize=60m -XX:MaxNewSize=60m -Xms128m -Xmx3072m -Xss5m 
java_command: <unknown>
java_class_path (initial): C:/Xilinx/Vivado/2019.1\lib\classes\alloy.jar;C:/Xilinx/Vivado/2019.1\lib\classes\autopilot.scelaborator.jar;C:/Xilinx/Vivado/2019.1\lib\classes\autopilot.sourceprocessor.jar;C:/Xilinx/Vivado/2019.1\lib\classes\autopilot.tbprocessor.jar;C:/Xilinx/Vivado/2019.1\lib\classes\batik-anim.jar;C:/Xilinx/Vivado/2019.1\lib\classes\batik-awt-util.jar;C:/Xilinx/Vivado/2019.1\lib\classes\batik-bridge.jar;C:/Xilinx/Vivado/2019.1\lib\classes\batik-codec.jar;C:/Xilinx/Vivado/2019.1\lib\classes\batik-css.jar;C:/Xilinx/Vivado/2019.1\lib\classes\batik-dom.jar;C:/Xilinx/Vivado/2019.1\lib\classes\batik-ext.jar;C:/Xilinx/Vivado/2019.1\lib\classes\batik-gui-util.jar;C:/Xilinx/Vivado/2019.1\lib\classes\batik-gvt.jar;C:/Xilinx/Vivado/2019.1\lib\classes\batik-parser.jar;C:/Xilinx/Vivado/2019.1\lib\classes\batik-script.jar;C:/Xilinx/Vivado/2019.1\lib\classes\batik-svg-dom.jar;C:/Xilinx/Vivado/2019.1\lib\classes\batik-swing.jar;C:/Xilinx/Vivado/2019.1\lib\classes\batik-transcoder.jar;C:/Xilinx/Vivado/2019.1\lib\classes\batik-util.jar;C:/Xilinx/Vivado/2019.1\lib\classes\batik-xml.jar;C:/Xilinx/Vivado/2019.1\lib\classes\com.google.gson_2.7.0.v20170129-0911.jar;C:/Xilinx/Vivado/2019.1\lib\classes\com.google.guava_21.0.0.v20170206-1425.jar;C:/Xilinx/Vivado/2019.1\lib\classes\com.google.inject_3.0.0.v201605172100.jar;C:/Xilinx/Vivado/2019.1\lib\classes\com.ibm.icu_4.4.2.v20110208.jar;C:/Xilinx/Vivado/2019.1\lib\classes\com.sigasi.hdt.annotations.runtime_4.3.0.201903071210.jar;C:/Xilinx/Vivado/2019.1\lib\classes\com.sigasi.hdt.blockdiagram.model_4.3.0.201903071210.jar;C:/Xilinx/Vivado/2019.1\lib\classes\com.sigasi.hdt.connection_4.3.0.201903071210.jar;C:/Xilinx/Vivado/2019.1\lib\classes\com.sigasi.hdt.dependencies.model_4.3.0.201903071210.jar;C:/Xilinx/Vivado/2019.1\lib\classes\com.sigasi.hdt.epl_4.3.0.201903071210.jar;C:/Xilinx/Vivado/2019.1\lib\classes\com.sigasi.hdt.graphics.model_4.3.0.201903071210.jar;C:/Xilinx/Vivado/2019.1\lib\classes\com.sigasi.hdt.project_4.3.0
Launcher Type: generic

Logging:
Log output configuration:
#0: stdout all=warning uptime,level,tags
#1: stderr all=off uptime,level,tags

Environment Variables:
PATH=C:/Xilinx/Vivado/2019.1/bin;C:/Xilinx/Vivado/2019.1/lib/win64.o;C:/Xilinx/Vivado/2019.1/tps/win64/jre9.0.4/bin/server;C:/Xilinx/Vivado/2019.1/tps/win64/jre9.0.4/bin;C:/Xilinx/Vivado/2019.1/ids_lite/ISE/bin/nt64;C:/Xilinx/Vivado/2019.1/ids_lite/ISE/lib/nt64;C:\Program Files (x86)\Razer Chroma SDK\bin;C:\Program Files\Razer Chroma SDK\bin;C:\Program Files (x86)\Razer\ChromaBroadcast\bin;C:\Program Files\Razer\ChromaBroadcast\bin;C:\Program Files (x86)\Intel\iCLS Client\;C:\Program Files\Intel\iCLS Client\;C:\Windows\system32;C:\Windows;C:\Windows\System32\Wbem;C:\Windows\System32\WindowsPowerShell\v1.0\;C:\Windows\System32\OpenSSH\;C:\Windows\system32\config\systemprofile\AppData\Local\Microsoft\WindowsApps;C:\Users\Simon\AppData\Local\Microsoft\WindowsApps;;C:/Xilinx/Vivado/2019.1\tps\mingw\6.2.0\win64.o\nt\bin;C:/Xilinx/Vivado/2019.1\tps\mingw\6.2.0\win64.o\nt\libexec\gcc\x86_64-w64-mingw32\6.2.0;C:/Xilinx/Vivado/2019.1\tps\win64\python-2.7.5;C:/Xilinx/Vivado/2019.1\tps\win64\python-2.7.5\lib;C:/Xilinx/Vivado/2019.1\tps\win64\python-2.7.5\Lib\lib-tk;C:/Xilinx/Vivado/2019.1\tps\win64\python-2.7.5\lib\site-packages
USERNAME=Simon
OS=Windows_NT
PROCESSOR_IDENTIFIER=Intel64 Family 6 Model 78 Stepping 3, GenuineIntel



---------------  S Y S T E M  ---------------

OS: Windows 10 , 64 bit Build 19041 (10.0.19041.546)

CPU:total 4 (initial active 4) (2 cores per cpu, 2 threads per core) family 6 model 78 stepping 3, cmov, cx8, fxsr, mmx, sse, sse2, sse3, ssse3, sse4.1, sse4.2, popcnt, avx, avx2, aes, clmul, erms, 3dnowpref, lzcnt, ht, tsc, tscinvbit, bmi1, bmi2, adx, fma

Memory: 4k page, physical 8249976k(1638468k free), swap 16499952k(6863028k free)

vm_info: Java HotSpot(TM) 64-Bit Server VM (9.0.4+11) for windows-amd64 JRE (9.0.4+11), built on Dec 20 2017 02:18:54 by "mach5one" with MS VC++ 12.0 (VS2013)

END.
