Vivado Simulator 2019.1
Copyright 1986-1999, 2001-2019 Xilinx, Inc. All Rights Reserved.
Running: C:/Xilinx/Vivado/2019.1/bin/unwrapped/win64.o/xelab.exe -wto 8a74d72f9be74bbfaf4edbc65c6d7f29 --incr --debug typical --relax --mt 2 -L xil_defaultlib -L unisims_ver -L unimacro_ver -L secureip --snapshot Test_behav xil_defaultlib.Test xil_defaultlib.glbl -log elaborate.log 
Using 2 slave threads.
Starting static elaboration
WARNING: [VRFC 10-3091] actual bit length 4 differs from formal bit length 1 for port 'Up' [C:/Users/Simon/OneDrive/Desktop/CSE100/Lab6/sfcCSE100Lab6/sfcCSE100Lab6.srcs/sources_1/new/Top_Level.v:80]
WARNING: [VRFC 10-3091] actual bit length 1 differs from formal bit length 4 for port 'neg' [C:/Users/Simon/OneDrive/Desktop/CSE100/Lab6/sfcCSE100Lab6/sfcCSE100Lab6.srcs/sources_1/new/Top_Level.v:94]
Completed static elaboration
Starting simulation data flow analysis
Completed simulation data flow analysis
Time Resolution for simulation is 1ps
Compiling module unisims_ver.IBUF
Compiling module unisims_ver.MMCME2_ADV(CLKFBOUT_MULT_F=9.125...
Compiling module unisims_ver.BUFG
Compiling module xil_defaultlib.clk_wiz_0
Compiling module unisims_ver.GND
Compiling module unisims_ver.x_lut2_mux4
Compiling module unisims_ver.LUT2
Compiling module unisims_ver.XOR2
Compiling module unisims_ver.FDCE_default
Compiling module xil_defaultlib.FTCE_MXILINX_clkcntrl4
Compiling module unisims_ver.LUT4
Compiling module unisims_ver.AND4
Compiling module unisims_ver.x_lut3_mux8
Compiling module unisims_ver.LUT3
Compiling module unisims_ver.AND3
Compiling module unisims_ver.AND2
Compiling module unisims_ver.VCC
Compiling module xil_defaultlib.CB4CE_MXILINX_clkcntrl4
Compiling module unisims_ver.BUF
Compiling module xil_defaultlib.clkcntrl4
Compiling module unisims_ver.STARTUPE2
Compiling module xil_defaultlib.lab6_clks
Compiling module xil_defaultlib.Control_Logic
Compiling module unisims_ver.FDRE(INIT=1'b1)
Compiling module unisims_ver.FDRE_default
Compiling module xil_defaultlib.State_Machine_default
Compiling module xil_defaultlib.countUD4L
Compiling module xil_defaultlib.Counter8UDL
Compiling module xil_defaultlib.Full_Adder
Compiling module xil_defaultlib.Bit8_Adder
Compiling module xil_defaultlib.MUX2_1x8
Compiling module xil_defaultlib.Ring_Counter
Compiling module xil_defaultlib.Selector
Compiling module xil_defaultlib.MUX8_1
Compiling module xil_defaultlib.Segment_Display
Compiling module xil_defaultlib.Top_Level
Compiling module xil_defaultlib.show_7segDisplay
Compiling module xil_defaultlib.Test
Compiling module xil_defaultlib.glbl
Built simulation snapshot Test_behav
