INFO: [VRFC 10-2263] Analyzing Verilog file "C:/Users/Simon/OneDrive/Desktop/CSE100/Lab6/sfcCSE100Lab6/sfcCSE100Lab6.srcs/sources_1/new/8Bit_Adder.v" into library xil_defaultlib
INFO: [VRFC 10-311] analyzing module Bit8_Adder
INFO: [VRFC 10-2263] Analyzing Verilog file "C:/Users/Simon/OneDrive/Desktop/CSE100/Lab6/sfcCSE100Lab6/sfcCSE100Lab6.srcs/sources_1/imports/new/Control_Logic.v" into library xil_defaultlib
INFO: [VRFC 10-311] analyzing module Control_Logic
INFO: [VRFC 10-2263] Analyzing Verilog file "C:/Users/Simon/OneDrive/Desktop/CSE100/Lab6/sfcCSE100Lab6/sfcCSE100Lab6.srcs/sources_1/new/Counter8UDL.v" into library xil_defaultlib
INFO: [VRFC 10-311] analyzing module Counter8UDL
INFO: [VRFC 10-2263] Analyzing Verilog file "C:/Users/Simon/OneDrive/Desktop/CSE100/Lab6/sfcCSE100Lab6/sfcCSE100Lab6.srcs/sources_1/imports/new/Full_Adder.v" into library xil_defaultlib
INFO: [VRFC 10-311] analyzing module Full_Adder
INFO: [VRFC 10-2263] Analyzing Verilog file "C:/Users/Simon/OneDrive/Desktop/CSE100/Lab6/sfcCSE100Lab6/sfcCSE100Lab6.srcs/sources_1/imports/new/MUX2_1x8.v" into library xil_defaultlib
INFO: [VRFC 10-311] analyzing module MUX2_1x8
INFO: [VRFC 10-2263] Analyzing Verilog file "C:/Users/Simon/OneDrive/Desktop/CSE100/Lab6/sfcCSE100Lab6/sfcCSE100Lab6.srcs/sources_1/imports/CSE100/Lab3/sfcCSE100Lab3/sfcCSE100Lab3.srcs/sources_1/new/MUX8_1.v" into library xil_defaultlib
INFO: [VRFC 10-311] analyzing module MUX8_1
INFO: [VRFC 10-2263] Analyzing Verilog file "C:/Users/Simon/OneDrive/Desktop/CSE100/Lab6/sfcCSE100Lab6/sfcCSE100Lab6.srcs/sources_1/imports/CSE100/Lab4/sfcCSE100Lab4/sfcCSE100Lab4.srcs/sources_1/new/Ring_Counter.v" into library xil_defaultlib
INFO: [VRFC 10-311] analyzing module Ring_Counter
INFO: [VRFC 10-2263] Analyzing Verilog file "C:/Users/Simon/OneDrive/Desktop/CSE100/Lab6/sfcCSE100Lab6/sfcCSE100Lab6.srcs/sources_1/imports/CSE100/Lab3/sfcCSE100Lab3/sfcCSE100Lab3.srcs/sources_1/new/Segment_Display.v" into library xil_defaultlib
INFO: [VRFC 10-311] analyzing module Segment_Display
INFO: [VRFC 10-2263] Analyzing Verilog file "C:/Users/Simon/OneDrive/Desktop/CSE100/Lab6/sfcCSE100Lab6/sfcCSE100Lab6.srcs/sources_1/imports/CSE100/Lab4/sfcCSE100Lab4/sfcCSE100Lab4.srcs/sources_1/new/Selector.v" into library xil_defaultlib
INFO: [VRFC 10-311] analyzing module Selector
INFO: [VRFC 10-2263] Analyzing Verilog file "C:/Users/Simon/OneDrive/Desktop/CSE100/Lab6/sfcCSE100Lab6/sfcCSE100Lab6.srcs/sources_1/imports/new/State_Machine.v" into library xil_defaultlib
INFO: [VRFC 10-311] analyzing module State_Machine
INFO: [VRFC 10-2263] Analyzing Verilog file "C:/Users/Simon/OneDrive/Desktop/CSE100/Lab6/sfcCSE100Lab6/sfcCSE100Lab6.srcs/sources_1/new/Top_Level.v" into library xil_defaultlib
INFO: [VRFC 10-311] analyzing module Top_Level
INFO: [VRFC 10-2263] Analyzing Verilog file "C:/Users/Simon/OneDrive/Desktop/CSE100/Lab6/sfcCSE100Lab6/sfcCSE100Lab6.srcs/sources_1/imports/CSE100/Lab4/sfcCSE100Lab4/sfcCSE100Lab4.srcs/sources_1/new/countUD4L.v" into library xil_defaultlib
INFO: [VRFC 10-311] analyzing module countUD4L
INFO: [VRFC 10-2263] Analyzing Verilog file "C:/Users/Simon/OneDrive/Desktop/CSE100/Lab6/sfcCSE100Lab6/sfcCSE100Lab6.srcs/sources_1/imports/Lab6/lab6_clks.v" into library xil_defaultlib
INFO: [VRFC 10-311] analyzing module lab6_clks
INFO: [VRFC 10-311] analyzing module clk_wiz_0
INFO: [VRFC 10-311] analyzing module clkcntrl4
INFO: [VRFC 10-2458] undeclared symbol XLXN_78, assumed default net type wire [C:/Users/Simon/OneDrive/Desktop/CSE100/Lab6/sfcCSE100Lab6/sfcCSE100Lab6.srcs/sources_1/imports/Lab6/lab6_clks.v:247]
INFO: [VRFC 10-2458] undeclared symbol qsec0, assumed default net type wire [C:/Users/Simon/OneDrive/Desktop/CSE100/Lab6/sfcCSE100Lab6/sfcCSE100Lab6.srcs/sources_1/imports/Lab6/lab6_clks.v:268]
INFO: [VRFC 10-2458] undeclared symbol qsec2, assumed default net type wire [C:/Users/Simon/OneDrive/Desktop/CSE100/Lab6/sfcCSE100Lab6/sfcCSE100Lab6.srcs/sources_1/imports/Lab6/lab6_clks.v:269]
INFO: [VRFC 10-2458] undeclared symbol qsec3, assumed default net type wire [C:/Users/Simon/OneDrive/Desktop/CSE100/Lab6/sfcCSE100Lab6/sfcCSE100Lab6.srcs/sources_1/imports/Lab6/lab6_clks.v:278]
INFO: [VRFC 10-311] analyzing module FTCE_MXILINX_clkcntrl4
INFO: [VRFC 10-311] analyzing module CB4CE_MXILINX_clkcntrl4
INFO: [VRFC 10-2263] Analyzing Verilog file "C:/Users/Simon/OneDrive/Desktop/CSE100/Lab6/sfcCSE100Lab6/sfcCSE100Lab6.srcs/sim_1/new/Test.v" into library xil_defaultlib
INFO: [VRFC 10-311] analyzing module Test
INFO: [VRFC 10-311] analyzing module show_7segDisplay
